<?xml version="1.0" encoding="UTF-8"?>
<!-- Generated by org.testng.reporters.JUnitReportReporter -->
<testsuite hostname="Oz" failures="0" tests="4" name="restAssuresTest.ECommerceAPITest" time="6.701" errors="0" timestamp="2025-01-20T20:43:41 CST" skipped="0">
  <testcase classname="restAssuresTest.ECommerceAPITest" name="login" time="2.184"/>
  <testcase classname="restAssuresTest.ECommerceAPITest" name="addProduct" time="2.711"/>
  <testcase classname="restAssuresTest.ECommerceAPITest" name="createOrder" time="0.896"/>
  <testcase classname="restAssuresTest.ECommerceAPITest" name="deleteProduct" time="0.910"/>
</testsuite> <!-- restAssuresTest.ECommerceAPITest -->
