<?xml version="1.0" encoding="UTF-8"?>
<!-- Generated by org.testng.reporters.JUnitReportReporter -->
<testsuite hostname="Oz" failures="0" tests="1" name="restAssuresTest.SpecBuilderTest" time="0.885" errors="0" timestamp="2025-01-20T20:43:41 CST" skipped="0">
  <testcase classname="restAssuresTest.SpecBuilderTest" name="serializeAddPlace" time="0.885"/>
</testsuite> <!-- restAssuresTest.SpecBuilderTest -->
