<?xml version="1.0" encoding="UTF-8"?>
<testsuite xmlns:xsi="http://www.w3.org/2001/XMLSchema-instance" xsi:noNamespaceSchemaLocation="https://maven.apache.org/surefire/maven-surefire-plugin/xsd/surefire-test-report-3.0.xsd" version="3.0" name="TestSuite" time="8.835" tests="6" errors="0" skipped="0" failures="0">
  <properties>
    <property name="java.specification.version" value="21"/>
    <property name="sun.cpu.isalist" value="amd64"/>
    <property name="sun.jnu.encoding" value="Cp1252"/>
    <property name="java.class.path" value="C:\Users\Durodaex\Documents\Dev\restassured\target\test-classes;C:\Users\Durodaex\Documents\Dev\restassured\target\classes;C:\Users\Durodaex\.m2\repository\junit\junit\4.11\junit-4.11.jar;C:\Users\Durodaex\.m2\repository\org\hamcrest\hamcrest-core\1.3\hamcrest-core-1.3.jar;C:\Users\Durodaex\.m2\repository\io\rest-assured\rest-assured\5.5.0\rest-assured-5.5.0.jar;C:\Users\Durodaex\.m2\repository\org\apache\groovy\groovy-xml\4.0.22\groovy-xml-4.0.22.jar;C:\Users\Durodaex\.m2\repository\org\apache\httpcomponents\httpclient\4.5.13\httpclient-4.5.13.jar;C:\Users\Durodaex\.m2\repository\org\apache\httpcomponents\httpcore\4.4.13\httpcore-4.4.13.jar;C:\Users\Durodaex\.m2\repository\commons-logging\commons-logging\1.2\commons-logging-1.2.jar;C:\Users\Durodaex\.m2\repository\commons-codec\commons-codec\1.11\commons-codec-1.11.jar;C:\Users\Durodaex\.m2\repository\org\apache\httpcomponents\httpmime\4.5.13\httpmime-4.5.13.jar;C:\Users\Durodaex\.m2\repository\org\ccil\cowan\tagsoup\tagsoup\1.2.1\tagsoup-1.2.1.jar;C:\Users\Durodaex\.m2\repository\io\rest-assured\json-path\5.5.0\json-path-5.5.0.jar;C:\Users\Durodaex\.m2\repository\org\apache\groovy\groovy-json\4.0.22\groovy-json-4.0.22.jar;C:\Users\Durodaex\.m2\repository\io\rest-assured\rest-assured-common\5.5.0\rest-assured-common-5.5.0.jar;C:\Users\Durodaex\.m2\repository\io\rest-assured\xml-path\5.5.0\xml-path-5.5.0.jar;C:\Users\Durodaex\.m2\repository\org\apache\commons\commons-lang3\3.11\commons-lang3-3.11.jar;C:\Users\Durodaex\.m2\repository\org\testng\testng\7.10.2\testng-7.10.2.jar;C:\Users\Durodaex\.m2\repository\org\slf4j\slf4j-api\1.7.36\slf4j-api-1.7.36.jar;C:\Users\Durodaex\.m2\repository\com\beust\jcommander\1.82\jcommander-1.82.jar;C:\Users\Durodaex\.m2\repository\org\webjars\jquery\3.7.1\jquery-3.7.1.jar;C:\Users\Durodaex\.m2\repository\org\hamcrest\hamcrest\3.0\hamcrest-3.0.jar;C:\Users\Durodaex\.m2\repository\com\fasterxml\jackson\core\jackson-databind\2.18.2\jackson-databind-2.18.2.jar;C:\Users\Durodaex\.m2\repository\com\fasterxml\jackson\core\jackson-annotations\2.18.2\jackson-annotations-2.18.2.jar;C:\Users\Durodaex\.m2\repository\com\fasterxml\jackson\core\jackson-core\2.18.2\jackson-core-2.18.2.jar;C:\Users\Durodaex\.m2\repository\io\cucumber\cucumber-java\7.20.1\cucumber-java-7.20.1.jar;C:\Users\Durodaex\.m2\repository\io\cucumber\cucumber-core\7.20.1\cucumber-core-7.20.1.jar;C:\Users\Durodaex\.m2\repository\io\cucumber\cucumber-gherkin\7.20.1\cucumber-gherkin-7.20.1.jar;C:\Users\Durodaex\.m2\repository\io\cucumber\cucumber-gherkin-messages\7.20.1\cucumber-gherkin-messages-7.20.1.jar;C:\Users\Durodaex\.m2\repository\io\cucumber\gherkin\28.0.0\gherkin-28.0.0.jar;C:\Users\Durodaex\.m2\repository\io\cucumber\messages\24.1.0\messages-24.1.0.jar;C:\Users\Durodaex\.m2\repository\io\cucumber\testng-xml-formatter\0.2.0\testng-xml-formatter-0.2.0.jar;C:\Users\Durodaex\.m2\repository\io\cucumber\query\12.2.0\query-12.2.0.jar;C:\Users\Durodaex\.m2\repository\io\cucumber\tag-expressions\6.1.0\tag-expressions-6.1.0.jar;C:\Users\Durodaex\.m2\repository\io\cucumber\cucumber-expressions\17.1.0\cucumber-expressions-17.1.0.jar;C:\Users\Durodaex\.m2\repository\io\cucumber\datatable\7.20.1\datatable-7.20.1.jar;C:\Users\Durodaex\.m2\repository\io\cucumber\cucumber-plugin\7.20.1\cucumber-plugin-7.20.1.jar;C:\Users\Durodaex\.m2\repository\io\cucumber\docstring\7.20.1\docstring-7.20.1.jar;C:\Users\Durodaex\.m2\repository\io\cucumber\html-formatter\21.7.0\html-formatter-21.7.0.jar;C:\Users\Durodaex\.m2\repository\io\cucumber\junit-xml-formatter\0.5.0\junit-xml-formatter-0.5.0.jar;C:\Users\Durodaex\.m2\repository\io\cucumber\ci-environment\10.0.1\ci-environment-10.0.1.jar;C:\Users\Durodaex\.m2\repository\org\apiguardian\apiguardian-api\1.1.2\apiguardian-api-1.1.2.jar;C:\Users\Durodaex\.m2\repository\io\cucumber\cucumber-junit\7.20.1\cucumber-junit-7.20.1.jar;C:\Users\Durodaex\.m2\repository\org\apache\groovy\groovy\4.0.24\groovy-4.0.24.jar;"/>
    <property name="java.vm.vendor" value="Eclipse Adoptium"/>
    <property name="sun.arch.data.model" value="64"/>
    <property name="user.variant" value=""/>
    <property name="java.vendor.url" value="https://adoptium.net/"/>
    <property name="user.timezone" value="America/Guatemala"/>
    <property name="os.name" value="Windows 11"/>
    <property name="java.vm.specification.version" value="21"/>
    <property name="sun.java.launcher" value="SUN_STANDARD"/>
    <property name="user.country" value="US"/>
    <property name="sun.boot.library.path" value="C:\Program Files\Eclipse Adoptium\jdk-21.0.5.11-hotspot\bin"/>
    <property name="sun.java.command" value="C:\Users\Durodaex\AppData\Local\Temp\surefire859143825623151907\surefirebooter-20250120204332091_3.jar C:\Users\Durodaex\AppData\Local\Temp\surefire859143825623151907 2025-01-20T20-43-32_005-jvmRun1 surefire-20250120204332091_1tmp surefire_0-20250120204332091_2tmp"/>
    <property name="jdk.debug" value="release"/>
    <property name="surefire.test.class.path" value="C:\Users\Durodaex\Documents\Dev\restassured\target\test-classes;C:\Users\Durodaex\Documents\Dev\restassured\target\classes;C:\Users\Durodaex\.m2\repository\junit\junit\4.11\junit-4.11.jar;C:\Users\Durodaex\.m2\repository\org\hamcrest\hamcrest-core\1.3\hamcrest-core-1.3.jar;C:\Users\Durodaex\.m2\repository\io\rest-assured\rest-assured\5.5.0\rest-assured-5.5.0.jar;C:\Users\Durodaex\.m2\repository\org\apache\groovy\groovy-xml\4.0.22\groovy-xml-4.0.22.jar;C:\Users\Durodaex\.m2\repository\org\apache\httpcomponents\httpclient\4.5.13\httpclient-4.5.13.jar;C:\Users\Durodaex\.m2\repository\org\apache\httpcomponents\httpcore\4.4.13\httpcore-4.4.13.jar;C:\Users\Durodaex\.m2\repository\commons-logging\commons-logging\1.2\commons-logging-1.2.jar;C:\Users\Durodaex\.m2\repository\commons-codec\commons-codec\1.11\commons-codec-1.11.jar;C:\Users\Durodaex\.m2\repository\org\apache\httpcomponents\httpmime\4.5.13\httpmime-4.5.13.jar;C:\Users\Durodaex\.m2\repository\org\ccil\cowan\tagsoup\tagsoup\1.2.1\tagsoup-1.2.1.jar;C:\Users\Durodaex\.m2\repository\io\rest-assured\json-path\5.5.0\json-path-5.5.0.jar;C:\Users\Durodaex\.m2\repository\org\apache\groovy\groovy-json\4.0.22\groovy-json-4.0.22.jar;C:\Users\Durodaex\.m2\repository\io\rest-assured\rest-assured-common\5.5.0\rest-assured-common-5.5.0.jar;C:\Users\Durodaex\.m2\repository\io\rest-assured\xml-path\5.5.0\xml-path-5.5.0.jar;C:\Users\Durodaex\.m2\repository\org\apache\commons\commons-lang3\3.11\commons-lang3-3.11.jar;C:\Users\Durodaex\.m2\repository\org\testng\testng\7.10.2\testng-7.10.2.jar;C:\Users\Durodaex\.m2\repository\org\slf4j\slf4j-api\1.7.36\slf4j-api-1.7.36.jar;C:\Users\Durodaex\.m2\repository\com\beust\jcommander\1.82\jcommander-1.82.jar;C:\Users\Durodaex\.m2\repository\org\webjars\jquery\3.7.1\jquery-3.7.1.jar;C:\Users\Durodaex\.m2\repository\org\hamcrest\hamcrest\3.0\hamcrest-3.0.jar;C:\Users\Durodaex\.m2\repository\com\fasterxml\jackson\core\jackson-databind\2.18.2\jackson-databind-2.18.2.jar;C:\Users\Durodaex\.m2\repository\com\fasterxml\jackson\core\jackson-annotations\2.18.2\jackson-annotations-2.18.2.jar;C:\Users\Durodaex\.m2\repository\com\fasterxml\jackson\core\jackson-core\2.18.2\jackson-core-2.18.2.jar;C:\Users\Durodaex\.m2\repository\io\cucumber\cucumber-java\7.20.1\cucumber-java-7.20.1.jar;C:\Users\Durodaex\.m2\repository\io\cucumber\cucumber-core\7.20.1\cucumber-core-7.20.1.jar;C:\Users\Durodaex\.m2\repository\io\cucumber\cucumber-gherkin\7.20.1\cucumber-gherkin-7.20.1.jar;C:\Users\Durodaex\.m2\repository\io\cucumber\cucumber-gherkin-messages\7.20.1\cucumber-gherkin-messages-7.20.1.jar;C:\Users\Durodaex\.m2\repository\io\cucumber\gherkin\28.0.0\gherkin-28.0.0.jar;C:\Users\Durodaex\.m2\repository\io\cucumber\messages\24.1.0\messages-24.1.0.jar;C:\Users\Durodaex\.m2\repository\io\cucumber\testng-xml-formatter\0.2.0\testng-xml-formatter-0.2.0.jar;C:\Users\Durodaex\.m2\repository\io\cucumber\query\12.2.0\query-12.2.0.jar;C:\Users\Durodaex\.m2\repository\io\cucumber\tag-expressions\6.1.0\tag-expressions-6.1.0.jar;C:\Users\Durodaex\.m2\repository\io\cucumber\cucumber-expressions\17.1.0\cucumber-expressions-17.1.0.jar;C:\Users\Durodaex\.m2\repository\io\cucumber\datatable\7.20.1\datatable-7.20.1.jar;C:\Users\Durodaex\.m2\repository\io\cucumber\cucumber-plugin\7.20.1\cucumber-plugin-7.20.1.jar;C:\Users\Durodaex\.m2\repository\io\cucumber\docstring\7.20.1\docstring-7.20.1.jar;C:\Users\Durodaex\.m2\repository\io\cucumber\html-formatter\21.7.0\html-formatter-21.7.0.jar;C:\Users\Durodaex\.m2\repository\io\cucumber\junit-xml-formatter\0.5.0\junit-xml-formatter-0.5.0.jar;C:\Users\Durodaex\.m2\repository\io\cucumber\ci-environment\10.0.1\ci-environment-10.0.1.jar;C:\Users\Durodaex\.m2\repository\org\apiguardian\apiguardian-api\1.1.2\apiguardian-api-1.1.2.jar;C:\Users\Durodaex\.m2\repository\io\cucumber\cucumber-junit\7.20.1\cucumber-junit-7.20.1.jar;C:\Users\Durodaex\.m2\repository\org\apache\groovy\groovy\4.0.24\groovy-4.0.24.jar;"/>
    <property name="sun.cpu.endian" value="little"/>
    <property name="user.home" value="C:\Users\Durodaex"/>
    <property name="user.language" value="en"/>
    <property name="java.specification.vendor" value="Oracle Corporation"/>
    <property name="java.version.date" value="2024-10-15"/>
    <property name="java.home" value="C:\Program Files\Eclipse Adoptium\jdk-21.0.5.11-hotspot"/>
    <property name="file.separator" value="\"/>
    <property name="basedir" value="C:\Users\Durodaex\Documents\Dev\restassured"/>
    <property name="java.vm.compressedOopsMode" value="Zero based"/>
    <property name="line.separator" value="&#10;"/>
    <property name="java.vm.specification.vendor" value="Oracle Corporation"/>
    <property name="java.specification.name" value="Java Platform API Specification"/>
    <property name="surefire.real.class.path" value="C:\Users\Durodaex\AppData\Local\Temp\surefire859143825623151907\surefirebooter-20250120204332091_3.jar"/>
    <property name="user.script" value=""/>
    <property name="sun.management.compiler" value="HotSpot 64-Bit Tiered Compilers"/>
    <property name="java.runtime.version" value="21.0.5+11-LTS"/>
    <property name="user.name" value="Durodaex"/>
    <property name="stdout.encoding" value="Cp1252"/>
    <property name="path.separator" value=";"/>
    <property name="os.version" value="10.0"/>
    <property name="java.runtime.name" value="OpenJDK Runtime Environment"/>
    <property name="file.encoding" value="UTF-8"/>
    <property name="java.vm.name" value="OpenJDK 64-Bit Server VM"/>
    <property name="java.vendor.version" value="Temurin-21.0.5+11"/>
    <property name="localRepository" value="C:\Users\Durodaex\.m2\repository"/>
    <property name="java.vendor.url.bug" value="https://github.com/adoptium/adoptium-support/issues"/>
    <property name="java.io.tmpdir" value="C:\Users\Durodaex\AppData\Local\Temp\"/>
    <property name="java.version" value="21.0.5"/>
    <property name="user.dir" value="C:\Users\Durodaex\Documents\Dev\restassured"/>
    <property name="os.arch" value="amd64"/>
    <property name="java.vm.specification.name" value="Java Virtual Machine Specification"/>
    <property name="sun.os.patch.level" value=""/>
    <property name="native.encoding" value="Cp1252"/>
    <property name="java.library.path" value="C:\Program Files\Eclipse Adoptium\jdk-21.0.5.11-hotspot\bin;C:\Windows\Sun\Java\bin;C:\Windows\system32;C:\Windows;C:\Program Files (x86)\Common Files\Oracle\Java\java8path;C:\Program Files (x86)\Common Files\Oracle\Java\javapath;C:\Program Files\Eclipse Adoptium\jdk-21.0.5.11-hotspot\bin;C:\Windows\system32;C:\Windows;C:\Windows\System32\Wbem;C:\Windows\System32\WindowsPowerShell\v1.0\;C:\Windows\System32\OpenSSH\;C:\Program Files\dotnet\;C:\Program Files\Git\cmd;C:\Program Files (x86)\NVIDIA Corporation\PhysX\Common;C:\Program Files\PowerShell\7\;C:\Program Files\NVIDIA Corporation\NVIDIA app\NvDLISR;C:\Program Files\Eclipse Adoptium\jdk-21.0.5.11-hotspot;C:\Users\Durodaex\AppData\Local\Microsoft\WindowsApps;C:\Users\Durodaex\AppData\Local\Programs\Microsoft VS Code\bin;C:\Users\Durodaex\.dotnet\tools;."/>
    <property name="java.vm.info" value="mixed mode, sharing"/>
    <property name="stderr.encoding" value="Cp1252"/>
    <property name="java.vendor" value="Eclipse Adoptium"/>
    <property name="java.vm.version" value="21.0.5+11-LTS"/>
    <property name="sun.io.unicode.encoding" value="UnicodeLittle"/>
    <property name="java.class.version" value="65.0"/>
  </properties>
  <testcase name="login" classname="restAssuresTest.ECommerceAPITest" time="2.185">
    <system-out><![CDATA[Request method:	POST
Request URI:	https://rahulshettyacademy.com/api/ecom/auth/login
Proxy:			<none>
Request params:	<none>
Query params:	<none>
Form params:	<none>
Path params:	<none>
Headers:		Accept=*/*
				Content-Type=application/json
Cookies:		<none>
Multiparts:		<none>
Body:
{
    "userEmail": "awalker@housereal.com",
    "userPassword": "All3n.walk3r"
}
HTTP/1.1 200 OK
Date: Tue, 21 Jan 2025 02:44:57 GMT
Server: Apache/2.4.52 (Ubuntu)
Content-Security-Policy: default-src 'self';base-uri 'self';block-all-mixed-content;font-src 'self' https: data:;frame-ancestors 'self';img-src 'self' data:;object-src 'none';script-src 'self';script-src-attr 'none';style-src 'self' https: 'unsafe-inline';upgrade-insecure-requests
X-DNS-Prefetch-Control: off
Expect-CT: max-age=0
X-Frame-Options: SAMEORIGIN
Strict-Transport-Security: max-age=15552000; includeSubDomains
X-Download-Options: noopen
X-Content-Type-Options: nosniff
X-Permitted-Cross-Domain-Policies: none
Referrer-Policy: no-referrer
X-XSS-Protection: 0
Access-Control-Allow-Origin: *
Content-Type: application/json; charset=utf-8
Content-Length: 360
ETag: W/"168-TGBHkvFvmAF1pizjGfFEhWC9AhA"
Vary: Accept-Encoding
Keep-Alive: timeout=5, max=100
Connection: Keep-Alive

{
    "token": "eyJhbGciOiJIUzI1NiIsInR5cCI6IkpXVCJ9.eyJfaWQiOiI2Nzg1OGM1MGUyYjU0NDNiMWYyMjA5ZDIiLCJ1c2VyRW1haWwiOiJhd2Fsa2VyQGhvdXNlcmVhbC5jb20iLCJ1c2VyTW9iaWxlIjoyNTg0MjU4NzQ1LCJ1c2VyUm9sZSI6ImN1c3RvbWVyIiwiaWF0IjoxNzM3NDI3NDk3LCJleHAiOjE3Njg5ODUwOTd9.lYB1BhbJUrU3-q2xzpBO0rjCAOe6HORAVyxZuyxKqoE",
    "userId": "67858c50e2b5443b1f2209d2",
    "message": "Login Successfully"
}
]]></system-out>
    <system-err><![CDATA[SLF4J: Failed to load class "org.slf4j.impl.StaticLoggerBinder".
SLF4J: Defaulting to no-operation (NOP) logger implementation
SLF4J: See http://www.slf4j.org/codes.html#StaticLoggerBinder for further details.
]]></system-err>
  </testcase>
  <testcase name="addProduct" classname="restAssuresTest.ECommerceAPITest" time="2.709">
    <system-out><![CDATA[Request method:	POST
Request URI:	https://rahulshettyacademy.com/api/ecom/product/add-product
Proxy:			<none>
Request params:	productName=Dr martens
				productAddedBy=67858c50e2b5443b1f2209d2
				productCategory=fashion
				productSubCategory=shoes
				productPrice=15100
				productDescription=stylish boots
				productFor=men
Query params:	<none>
Form params:	<none>
Path params:	<none>
Headers:		Authorization=eyJhbGciOiJIUzI1NiIsInR5cCI6IkpXVCJ9.eyJfaWQiOiI2Nzg1OGM1MGUyYjU0NDNiMWYyMjA5ZDIiLCJ1c2VyRW1haWwiOiJhd2Fsa2VyQGhvdXNlcmVhbC5jb20iLCJ1c2VyTW9iaWxlIjoyNTg0MjU4NzQ1LCJ1c2VyUm9sZSI6ImN1c3RvbWVyIiwiaWF0IjoxNzM3NDI3NDk3LCJleHAiOjE3Njg5ODUwOTd9.lYB1BhbJUrU3-q2xzpBO0rjCAOe6HORAVyxZuyxKqoE
				Accept=*/*
				Content-Type=multipart/form-data
Cookies:		<none>
Multiparts:		------------
				Content-Disposition: form-data; name = productImage; filename = attachment.jpg
				Content-Type: application/octet-stream

				����&amp#0;&amp#16;JFIF&amp#0;&amp#1;&amp#1;&amp#0;&amp#0;&amp#1;&amp#0;&amp#1;&amp#0;&amp#0;��&amp#0;|Photoshop 3.0&amp#0;8BIM&amp#4;&amp#4;&amp#0;&amp#0;&amp#0;&amp#0;&amp#0;`&amp#28;&amp#2;(&amp#0;ZFBMD2300096d010000dcdc0000843001003d830100a0d10200d893030007e90300cde70400866a050018e20500&amp#0;��&amp#0;C&amp#0;&amp#2;&amp#2;&amp#2;&amp#2;&amp#2;&amp#2;&amp#3;&amp#2;&amp#2;&amp#3;&amp#4;&amp#3;&amp#3;&amp#3;&amp#4;&amp#5;&amp#4;&amp#4;&amp#4;&amp#4;&amp#5;&amp#7;&amp#5;&amp#5;&amp#5;&amp#5;&amp#5;&amp#7;&amp#8;&amp#7;&amp#7;&amp#7;&amp#7;&amp#7;&amp#7;&amp#8;&amp#8;&amp#8;&amp#8;&amp#8;&amp#8;&amp#8;&amp#8;





&amp#11;&amp#11;&amp#11;&amp#11;&amp#11;��&amp#0;C&amp#1;&amp#2;&amp#2;&amp#2;&amp#3;&amp#3;&amp#3;&amp#6;&amp#3;&amp#3;&amp#6;	&amp#7;	��&amp#0;&amp#17;&amp#8;&amp#7;&amp#8;&amp#5;�&amp#3;&amp#1;"&amp#0;&amp#2;&amp#17;&amp#1;&amp#3;&amp#17;&amp#1;��&amp#0;&amp#30;&amp#0;&amp#0;&amp#1;&amp#4;&amp#3;&amp#1;&amp#1;&amp#1;&amp#0;&amp#0;&amp#0;&amp#0;&amp#0;&amp#0;&amp#0;&amp#0;&amp#0;&amp#5;&amp#3;&amp#4;&amp#6;&amp#7;&amp#1;&amp#2;&amp#8;&amp#0;	
��&amp#0;&amp#28;&amp#1;&amp#0;&amp#2;&amp#3;&amp#1;&amp#1;&amp#1;&amp#1;&amp#0;&amp#0;&amp#0;&amp#0;&amp#0;&amp#0;&amp#0;&amp#0;&amp#0;&amp#3;&amp#4;&amp#1;&amp#2;&amp#5;&amp#0;&amp#6;&amp#7;&amp#8;��&amp#0;&amp#12;&amp#3;&amp#1;&amp#0;&amp#2;&amp#16;&amp#3;&amp#16;&amp#0;&amp#0;&amp#0;�|����HO7��~�&amp#11;&amp#16;�j��慾��d�o��Kd���&amp#22;���&amp#7;(*&amp#4;�����&amp#22;. Ɔ#�'�B�&amp#11;&amp#4;-��%�]1&x&amp#8;�hG��k�ԏ��&amp#26;��&amp#21;d�\�?w"(10��{�'˞��o�>�;��^sk��&amp#26;	�՗�B�@'d�\&amp#30;{V�m�N���>i�=�[Y\��&amp#22;A&amp#18;����s��PL�ϖ<l���1�&amp#19;4_F&amp#28;S\.S9�ڨG#�x�&amp#22;�}�e'�w�%&amp#3;�B���vn��mc&amp#31;&amp#24;D~�d&amp#6;E&amp#31;=��������&amp#8;a��_�1�U, �亶�)̅��QW��:���&amp#23;�� 	��?]�x&amp#31;r��*����&amp#15;�'&amp#31;f�d��ߣ���u&amp#11;q��&amp#17;c5<�/v&amp#16;&amp#6;k��PB̴�׹&amp#22;�J�&amp#30;�/[	�"
Bj�&amp#11;w-L�&amp#12;%�&amp#25;[q�&amp#11;7&amp#21;Tʹ��X�&amp#30;��0{dW&amp#30;	&amp#19;&amp#29;S�#����ey@���t(y&amp#20;&amp#18;�B&amp#17;�&amp#26;T^�Fc&amp#19;&amp#7;�.KU�&amp#23;"�&amp#26;�k�(ڜ�&amp#15;�ٰ&amp#30;j#~�¤M[n&amp#4;Z�A.t��&amp#31;&amp#19;\&amp#4;&amp#19;⨖���z���U�]몖���|�����P�u�n��&amp#24;:a|uv�5��4x׀�e���~&amp#27;�����&amp#0;&amp#29;&�&amp#5;�&amp#24;4⧓�&amp#2;�x|�m,�a5�&amp#11;�&amp#7;"&amp#28;��B�&amp#7;��I�&amp#23;{&amp#24;���^�&amp#25;�d�&amp#16;&&amp#5;�dp�]��k4Tu}*����&amp#0;�������&amp#21;�%]�ǣhm�=p4��_aA�&amp#7;�{a&amp#18;�n��~�����&amp#19;r��ܥ���X�L�ia"Q&amp#21;�&amp#12;&amp#23;3�I�&amp#25;�&amp#20;d��&amp#30;wЬ��Eё�&amp#11;k���i���1���ߟޑ�����u�s��O�&amp#17;���5�CW�&��n��+����&amp#6;&amp#19;V&amp#25;�ke�3&amp#11;��L&amp#19;�&amp#6;���tE��~_|��d�$���QЭ�h#"{&amp#29;$�M&amp#11;���@���9}&amp#27;{�}�U&amp#4;�݂J>¤@�&amp#25;�&amp#14;+&amp#28;�{�&amp#5;`h�|]����X&amp#29;&amp#23;|�Y�&amp#28;V�������&amp#27;$��&amp#2;&amp#11;�5�K&amp#1;��&amp#1;�YK�&amp#31;Ea&amp#31;1+���e=���+���`�Ts�&amp#17;&amp#7;�&amp#0;2�fd�\͇3���^2�&amp#15;ϲ���f=BI��&amp#25;:4��,�L�-��>�V��e��&��p� KU&amp#21;�&amp#27;l�
�M�n��:b�Y|/�h<Q��k�D`��|��'&amp#31;�&amp#8;��?5���&amp#23;&��Y�WIN���_M�sV��th�[Ⱦ	&amp#14;�����&amp#26;�n-&amp#15;$�ѓ�x���x���ŀ�+Xu�&amp#3;�߮�%&amp#31;+�&amp#2;A&amp#31;�s-��Jn�9l��~�V&amp#4;B7&amp#19;[L����_�Y:�Z�3X�lX&amp#24;����r5�o'�&amp#15;�&amp#18;�:ex3���&amp#5;,�ǫ;���G����y?A&amp#0;��|�!�ʄZU
�5�&amp#22;�'��E�#��ϭ	�4&amp#8;D&amp#30;n�V0П1��;Cp2��'{��W��O&amp#31;&amp#27;�J��Kլqig��q&amp#4;'��_I&amp#15;)!_5�Ή&A4St�M&amp#17;����&amp#1;��V�9�lʒ��&amp#24;f&amp#27;&amp#17;i�=��`Iy�S���#�<&amp#1;�^�&amp#26;�Ԥ&amp#4;E�h.G&amp#16;Eԣ���3�*��|o�f��V4l&amp#20;�&amp#27;!&amp#22;*H&�&amp#21;���z�1'�	���3|���&amp#2;�VN�,�9�&amp#12;oFB<^��AZ��&amp#15;�Fw�:��X����&amp#19;�()��p��<�E?��~둎�aiu&amp#25;����{u&amp#22;Eڜ����\���$����&amp#6;Eja�s<�&amp#20;��d�a�&amp#14;�&amp#14;��n)&amp#27;��&amp#2;�uM�b�&amp#23;6&amp#28;E�&amp#26;"<��Z��g&amp#3;3�6�Nc��&amp#8;�ǐe�/�M���9�a���&amp#0;,�K|)��I}�ڍ&amp#19;$��MVkV˩�c�It�V�g3O�`R&amp#25;�&amp#7;��&amp#26;�^��$'3�N�<����K]�_K�<Mʩ�qX&amp#30;���iE5�b$�m�2�&amp#16;���d�e5��&amp#0;R�k��^P�U-m�&amp#28;&amp#16;���\�<T���&amp#24;їG[U��
����NZ�ߚ}&amp#0;�)&amp#16;&amp#31;9�]�>+���"� �'ay��y����}5�|�#�&amp#1;��<���򵠢J�����FCv��ę�&amp#28;K���c&amp#12;��a%�Hu2L�f?1㙌ꃒ!�#���li��&amp#23;��&amp#22;�x�a�&�Q����̛�hƾ'�&�)!�z@���� &amp#22;�"u)�&amp#5;�a�*�&amp#20;�{Dd�OMC�fP�ua&amp#18;ކGc�u�&amp#27;�n��xgV��ʚ�;H�&amp#8;+�d&amp#27;D����&amp#1;#�]&amp#5;#�ۥخ;�����&amp#5;5�A'x&amp#31;1H��@hH�q��(ـǖ=�Pc�&amp#24;��Ư)tS�&amp#21;��&amp#19;�	�6ףfDZ^a5����Jd~�����S�]&amp#29;&amp#15;&amp#12;x;�k>�5&amp#22;,����k�a����&amp#0;E�5�XO&amp#24;�&amp#6;�5ū���>�M���_�U�lQ�&amp#27;I���/�.�m��y�U�u�8k&amp#28;ģG�����]�m&amp#25;\&amp#15;Sa�����3&amp#31;�?>�
V�*KX�i(&amp#25;�&amp#25;}J�O&amp#2;�3��_·�б�&amp#17;�T[��<�V3<�BV+<ij�8�F�����L��&amp#3;�|ܜ|��yqM�mA/د��#/&amp#26;+��&amp#23;3&amp#18;(�S��́����&amp#23;�>E�~�&amp#30;1߈�A��&amp#31;���ƇIj^A��~��L�&amp#11;iަ4u��&amp#26;f&amp#30;%�]M0�&amp#21;&amp#21;��	5&amp#7;�[��.�9�qx���x�C%Q&amp#31;&amp#31;�Ւ¥ϠQ&amp#21;��kV�ت��&amp#12;���
�&amp#20;��*&amp#16;��R��6�/����D��&amp#25;&amp#22;���'�t�9?�vn��0��q�&amp#6;��&amp#5;��[Q�/G]���S��L�&amp#15;������%F�O��5��A3�&amp#12;������&amp#12;�%��Sa&amp#25;	if&�&amp#27;|,�&amp#17;��&amp#25;>�u�R%Ly.�[�X�-�x��&amp#27;���&amp#23;��?\Q�L�ݓJo���&&amp#14;��A�c&amp#5;��OUS&amp#3;&amp#26;�D���&amp#27;�&amp#18;���?�xY$�&amp#7;4���䋋{���
#�}&amp#3;���3H�#��N0�8^����
��1��&amp#7;hXZ&amp#3;6�chퟭ|��4&amp#28;��ậ�_�d�*���7�&amp#28;k�ԩ8Ak�q��&amp#23;Ʉ;W�0?5��!�_��&amp#6;����)�&amp#22;p��&amp#8;Ԃ2ʂ=�b�[�&amp#16;n�7�6��&amp#6;&amp#18;�s�n���شB�&amp#17;3U8�i��&amp#1;���j�0&amp#8;Φ&amp#22;G?&amp#16;ʈ���]pD&amp#6;2u$/b�a;&amp#1;�|������ö�C�^�;&amp#31;�|��1ܺ��<vg
dt�&amp#8;�Y�;)�I�" \�G� ��c�&amp#20;�aYڥ5&amp#24;��PhpN�n˹�G����&amp#14;��<���l
n�eS��C!�l&+��P�ȩ�U���a�P�2�&amp#3;��=˚A��Nl�i�֖&amp#23;"���|H�&amp#18;D��&amp#29;��'V��&amp#8;�7)��*�j�G[&amp#19;��&amp#4;?��v���?�'�W�L��#�7&amp#17;�]=%E�y��&amp#4;s\��Zk
��&amp#25;��M�A��,o[;XvdoTh��	(�&amp#11;���:SA�&amp#27;�X���Rh�(K�?5�L��G��&amp#18;�W�܈>&amp#12;O%���&amp#18;&amp#28;�ą&amp#30;e���e��e�Ds�͑�7�cF�%&amp#21;�&amp#15;&amp#20;�m&amp#14;�}G�d&amp#31;"�&amp#27;i4�{�z=Ur��~Dz�^��,�󾌆��&amp#17;��W�G�&amp#14;J�X&amp#27;ଊ>�����,2��&amp#6;�6Q��>��:苪k��*��X.Vn��鲨6��Qup�.6(7�ek~���^
��ܢ�o&amp#31;)�&amp#28;$�>;�.��W&amp#16;A)�=�;
),�
]�[P��W��&amp#18;ś&amp#24;�ߋ����&amp#30;N ���&amp#25;k$&amp#25;'��
&amp#30;`-����N�5�i*&amp#8;�1��&amp#17;�&amp#30;H�L��z�&amp#0;�:g�?I��m/�����GB�'i�&amp#20;�j4�#VV��sJ��՗�0�*>"R�-чǫNn�&amp#25;N&amp#15;)-�&amp#21;��̗U�&amp#14;�&amp#17;M6�q��v�zU��&amp#5;���H�(�&amp#18;T�y&amp#4;(����H3O���u����&amp#20;`=ZYI�n�)bi&amp#29;��J��O&amp#2;X�c(Eȁ9�-�E��^.��:��m�&amp#11;mX��"N�&amp#19;c��&amp#6;t���|��&�l���CF�gK6h`�&amp#28;<�I7�&amp#29;&amp#15;�z&amp#15;=�&amp#5;�3�-�[�C?M���ryQj�8��(����p&amp#31;��������t)ߓ������Ѵf&amp#16;9�v������5"M�q��&amp#27;��hKCi�����a�����&amp#30;&amp#19;g���y�G���ۥ��A��Tu6yS&amp#3;�/��&��9F�&amp#22;��-&amp#6;�.*�&amp#19;���&amp#0;U�U��&�&amp#5;�&amp#15;�|��s����&amp#31;fM�&amp#30;�q��&amp#30;Q�嫢	�w�9�&amp#21;�&amp#4;&amp#8;&amp#12;�p���&amp#28;����&amp#15;ʑA�&amp#1;0Er�l�v���MB�&amp#20;=��~&amp#28;eG��ڐ��&amp#15;,В�^ک�h�+T�S3n4&amp#30;Y&amp#28;%��5(���6��͖{�%�&amp#1;�?!�G�(�&amp#26;G#fW�&amp#28;�{�����%�&�&amp#0;&amp#20;��
إ!�I1&amp#23;�&amp#8;�*2d&������ޕ�3W��R�&amp#11;!��/PѳT��S6(��\��++N&amp#31;� G�t��]9 &�(� Rd*Z�-r!x�h�U2qn,���=&amp#5;�z'�&amp#15;v&amp#3;Ó��(&amp#2;s��� �&amp#21;!�)eY�&amp#17;�yr��&amp#29;w5&amp#20;`�w&amp#17;�+'dPFY&amp#21;�ޅ6&amp#6;r�x����d��*��vTEE�&W�./$�z�%kJ���KXL�&amp#21;��OW�5o���H��&amp#19;�'�_7s�N�]_�^j�~�V&amp#21;.��&amp#26;&amp#26;��*���	�9��Ǐ�}�v�%&amp#24;s���:�'��*��r�L2&amp#14;:$�x��Գd&amp#16;b��&amp#4;����z["�I=�����;X�,P��n&amp#7;5&amp#20;8��B+S�}Z-��kz�o��f�]<($L#8���l<��0d����&amp#21;Q��ʆ����h%���%t�̗�2)��!�m����dƞ&amp#26;J�E]�>��)O�ߗ��v6��цP�Va&amp#27;�hf�~�&amp#29;�&amp#0; ��\&amp#29;w
/��:����ɼ@��]���(��{�Q�tam ��e�&m=&amp#12;1�&amp#12;��Я@�c*iHK&amp#3;:��r?��R����&amp#11;��&amp#11;��q&amp#25;&amp#31;���&amp#17;���Y{6ы̓#��d�&amp#8;�.&amp#2;���S��/pr&amp#20;G���`�Q��&amp#11;�Z}�a��T��%�"��9�˥�&amp#25;�>��+�������Y��q�%&amp#12;+�&amp#26;
8V�`�w&amp#4;�y�����'�&amp#29;HzS�U����3���&amp#21;N���mL)I8&amp#2;[�v�&amp#31;_���p&amp#21;"z��9�od&amp#12;&amp#4;5[_&amp#29;�&amp#26;짳�1�oӨ���X&amp#20;:q&amp#17;�&amp#30;J��Ce�/C��?IN�v�&amp#15;��k����>{i����M�&amp#17;a&amp#26;>F��&amp#4;�#KT0&amp#11;Z&amp#11;�<��z��Ot&amp#19;�O���M�m�VX��#dَn���	I��&amp#18;���A�C&amp#23;�Ib^�	�Ѕ=O��#��ė&amp#17;��sF�&amp#29;ׅ���H�e�&amp#11;ࣳq�9�N�z@SŤH�%��Zڻ{0��x�&amp#29;���<Aa~[�+ �*&amp#2;�y�&amp#7;��j&amp#21;HS&amp#2;�۝!ͭ�&�u0��&amp#0;HD|���&amp#0;�&amp#21;&amp#27;5`���΂�ȣ!*�&amp#8;��?NS+��t�d/�&amp#24;�~ kŰQ=�d�F�&amp#16;�f$��lʤK�&amp#14;�_�6&amp#2;9,�����\��x6��&amp#7;w&amp#5;A�&amp#19;�����%�.;&amp#17;�6�I5&amp#31;��+��-�&amp#7;�N�^�&amp#31;��H&amp#11;r|���+!���Nt�&amp#6;��#� &amp#19;�&amp#0;&amp#11;˵�x&amp#1;b�<��&amp#0;B��)�rN�7��&amp#22;'N�Qw�$w�&amp#21;\�NگVb�+8Is&amp#14;8�5��&amp#4;&amp#26;&amp#12;�&amp#18;�&amp#21;���K	MP��3G����[��t��Cƭk�M�8"��#�&amp#18;��F�8[@���&amp#17;%"���3[	���4��9�?{,͡TY�^C���W�q��fj��+�Tj�&amp#11;�&amp#25;
�Ľ7��ˣR�"�bQ&amp#26;��&amp#21;d&amp#26;u^z_9xO��&amp#11;%�2�7G@�aL�S�&amp#20;挹����p8T�'�|��_E��+�b�E���i�Q.Q���a���&amp#27;%&amp#5;*R>{�U�<Z��zx/{&amp#28;A���A�*�.҉9���ş�3��0&amp#18;�uv4���eԔ�&amp#24;�H�Rp�}q�$&amp#18;e�a�Kq�:&amp#22;�r��>�oZ&amp#11;�C*wH&amp#14;&amp#0;�&amp#18;�C#�<E�&amp#29;�
�$�E�`D�&amp#8;�'�"E"�J�BNH��&amp#25;�?B�H��+}��W�S&amp#24;̰&amp#21;/&amp#30;&9�&amp#26;&amp#19;9�&amp#14;�w:q%a0�7���B�x����W�ᄂł�p�&amp#22;�&amp#27;�LV��	1w7X��W��RI=k-[\�z@&amp#27;�x���&amp#3;Uj&amp#19;&amp#31;�	��z��I�N0&amp#30;Y&amp#31;I�R �=,�+^���թ��ڞ��CTK���OA$�#��#�O��&amp#5;	N�$9;&amp#1;�&amp#1;�W�&amp#14;����+��U��]f�:��_0���&amp#14;�))d�zKd�%���1��xt�4ej@Rz��x~���sn&amp#11;��s&amp#3;�ӴL&amp#7;/���=%�g�7��&amp#11;)� ��&amp#27;��D��&amp#11;?�zY0���F�!%�V*�R&amp#8;��z�c�yLm�J�w��$#�,��B�O1a�b2fs}&amp#24;��|���j+~��&amp#30;v޳��O9�NRu��,YѥU�$H���I�tԩb6$&amp#19;�����W�&amp#1;�&amp#19;��t̺-�#g)	Z��<�ӆH�)�R��Z.xP'�O&amp#7;���2&amp#6;&amp#15;�J�p���!m@&amp#12;&amp#29;�[V&amp#1;)[��:�ŧI�O�&amp#26;�{�x=��w�{��V��/3��&amp#27;�?loE&amp#26;!1
��#��V�)&amp#24;�Ͷ�Aܘ�|�;�y����#]RIR�y���ť$�����]�J����U�O�&amp#25;�O��R&amp#22;d]�&amp#19;_g	�zůg$�2�ͽ��R��0�/TŦ&amp#16;�?@���cfL&amp#12;�r�&amp#17;�������&amp#14;Y&amp#12;�&amp#11;&amp#27;�y�ccؼ�>����H���C�&amp#1;�w&amp#24;�&amp#12;{�z�&amp#18;h��/�~@!'c,W��z+תI�&amp#31;!�lN�&amp#15;�#�
d6�3�&amp#16;.H���&amp#11;B�4&amp#20;|��&amp#8;&amp#24;��+��#��/ad&amp#28;��a�]�&amp#0;94]�&amp#5;[��e16Ԑɣ&amp#18;��	:K&amp#15;�!�٬�
D(��U��&amp#20;��&amp#30;6���Ρfc��v��2&amp#12;�FљLC?Sˍ^�}�&amp#25;d)5U,�]&amp#6;ٜ�B�&amp#28;��&amp#12;&amp#25;&amp#27;u#h�ޣ�%��$�[�}��N�&L�v`W��O3p˩�Ù2Xfk�?�&amp#25;׍R��r��*�S&amp#3;T��2�G&amp#15;>��&amp#18;Iٺ&amp#22;4&amp#26;�T���s�����c�˳
����"���<��X��$ �T����'?J�[�&amp#20;�p&amp#19;�L�6�&amp#29;{�w�:����&amp#25;�K&amp#19;5~��5Y�&amp#29;�Yr��kB�6f&amp#5;&amp#3;<�b�!q�Hn_�eI�n&amp#24;=�*v��o&amp#31;�8�V�}K;����)&amp#15;Y&amp#17;I�]�_��5&amp#30;���V��D�eH8ʮ�+M&amp#8;#K��}��Qu"[&�JsuSR��&amp#5;Х?m~:z&amp#25;�<!�&amp#11;&amp#26;��1�	��ū��_���٤&amp#16;&amp#4;��}_��&amp#29;���&amp#19;vHA��M���I�Iē���d?m#�t�ݶ�W2�&amp#21;&amp#24;�ԕ&amp#20;��1&amp#29;&E�;VL<(q_^����'&amp#23;w�L�&amp#25;?�޴D>s&amp#19;�ۋe}2���E�2�k�]��%�&amp#6;&amp#28;/W>d�%&a;&amp#17;�W>OطW*-��g�{� ��}&amp#15;���&amp#14;X��L��:KҐ��,O|��&amp#11;��&amp#19;lY&amp#4;X&amp#12;�6�&amp#16;��f�&amp#2;�dڽ�&amp#21;Ļ;M�&amp#18;C&amp#8;I�KG$&amp#21;#�j�"I�-YI��&amp#23;"�b�'�&amp#1;&amp#27;�Gt&amp#21;f���*hQ��i�&amp#16;��l�D���A�BX�eE�K�V7��I��b�c�'�&amp#18;���$�&amp#8;9�*���G'�w &amp#27;�&amp#18;$��F&amp#5;rkϑKӧ��]�[��W�,GR�A&amp#4;p &W�&amp#23;-4uk��,Y�N���`��[&amp#18;�&amp#22;��TMUs�-&amp#14;��q�9Bq�Ų4�d�&amp#0;G��&amp#28;��C+Ksn�&amp#29;�FYg&amp#24;\���r�BF�I&amp#20;Z��߀��"�f&amp#28;�57q��&amp#30;S_u&amp#25;a�&��&amp#28;��[(�쮊��{�����&amp#1;�&amp#29;������[o�ߐ�ʡv�i va�R�c�:i�&amp#22;=&amp#7;-�>&ς���nEj�%_��&amp#28;�O�܈|�&amp#8;�Y8'�C��ɟ�M���c���[&amp#17;\�p&amp#19;f�5&amp#27;h&amp#18;v7'j)4N]�������X�%ч����9{8�Ѯ�㎮��&amp#0;Ӎ&amp#3;2+�z&amp#24;�&amp#22;O7Y��KX�&amp#5;&amp#19;o%��B;yu��E^ϓ;&amp#24;G��&amp#29;�Kd�ݪ�&amp#18;��Ԧ7�<��	&amp#8;�ͣ�u4��8�&amp#19;5��	;(N,�^L*8&amp#8;��&amp#0;���o&amp#23;�b�19��a}�	�&amp#17;�%��c~n�$��
3�&amp#15;�r�>��9���|�Io�&amp#26;��{�-��9��4���.x&amp#21;�n�&amp#15;#��5�Y&amp#21;%Z_��&amp#28;ZJ�`:Κ&amp#28;c&amp#4;��>���&amp#4;�&amp#11;)
�&amp#1;1i�����7�O	&amp#4;w�&amp#16;
O���ɰ&amp#4;�Ԩ&amp#23;�}�=�&amp#3;��&amp#23;�&amp#2;&amp#3;$�&amp#22;�p.�\��M{$�&amp#21;�W]�!�>~̻�f�|&amp#23;%��h���]bM&amp#6;�|�B8&amp#25;�&amp#5;��b֤,u�hAc�͜�A�f��&amp#25;)��?ae����uwf��SfJ�V�&amp#20;�nĐV@�}�����Ύ�m������ߢ���]v�gz��j�;�jٶ��&amp#31;)�&amp#5;��A�߫�,L���L�����"7&amp#23;2&amp#5;�&amp#19;/�k������&amp#28;�B.�g&amp#29;3e��j����+Okjc���&amp#17;I��NS&amp#31;��Xɞ��=��g�!&amp#1;���/�&amp#26;��c�{�$0 �43!�����w&amp#5;uck�ί�N=��&amp#0;�}��&amp#2;�����*�t&amp#30;e�m&amp#14;�}&amp#3;�&amp#29;MF��}X�y&amp#4;m�H�&amp#12;��zB���.l�aD�@��na�Rj�b&amp#25;�&amp#26;��E%�f�$w&amp#3;&amp#16;��~&amp#22;�����П�&amp#28;h+�a��F���2!��8&amp#2;ʲVЛ�&amp#19;���&amp#4;�.������Z&amp#31;v&amp#8;�_�z&amp#30;��í:r�=�.��&amp#27;MJ�&amp#26;&amp#28;�oO���&amp#1;tܷ�|����#X&amp#18;�I��/��/���������[��&amp#22;�ln#-�Ď�{�)�&amp#4;)�`�O|����&amp#20;��3.�&���-�&amp#23;ȹB�nB
&amp#18;�sk�+U
�؋V;YZ[���&amp#27;�c�ι�*y&amp#1;�&amp#21;^mIe�&amp#29;m\��B-[En)[j�}$g/�&amp#18;&amp#23;���"�ƚZ�&amp#31;�(���&�7TcG��u��XVy�u�M�&amp#24;&amp#14;�&amp#0;7p��>&amp#6;tHl�ʌ@��&amp#25;�Zy��tf��&amp#21;�w�Ӣ��!muO�]}��x�������?�5���f9��&amp#1;4�^!���h&amp#24;q��=,d&amp#14;� �`&amp#6;s6O'&amp#12;.�ˊ�Q���{D4��0�2��BCV}�a�Uђ����&amp#4;r&amp#11;cB�7*�K���&amp#0;�&amp#29;&amp#7;$�f6&amp#0;&amp#25;���&amp#19;ٜ&amp#30;Q�����8W��&amp#27;���Z3�&amp#30;�&amp#28;G����\ޥ&amp#2;&amp#14;�:���&amp#21;s��@N&amp#30;JZ�&amp#27;�&amp#15;Dkq[�����&amp#17;�t�&amp#25;��*�T��U#^��&amp#16;�+&amp#18;��&amp#27;:��j��9��Vڇ�؋
ѣ��:�N&amp#23;��&amp#11;��Bv�	���&amp#14;Cb�
&amp#24;&amp#23;&amp#3;&amp#8;��K�q"�7m� ��S��~���#��֗Ԛ��8���i�lE��*�&amp#30;�;��šyu�lϔg��Cd�7��a���o�罄I&yvU�K&�u6<C)�
��&amp#6;�Ub&amp#5;(_b&amp#8;*�Yb���]u&amp#28;��-��6��!�jn�|�d_�:&amp#2; ԳD]&amp#31;��&amp#12;�{���w�^��Z�=&amp#22;%mbW6ϵ�V$�&amp#4;�;�&amp#28;���-}�,ѳ`O�h(����l��&amp#6;�Dݣ&amp#29;��N��&amp#8;i`-^5��2q<�ؒ�&amp#3;��fmB<Ŧ&���&amp#21;&amp#19;&amp#15;�&amp#21;���@��=�U;�a�=,tv����j��鿄�ƨ��[�U?�R�Z�܅��|����_���>�C�v0o�(%�#z&amp#7;n���&amp#20;��viL�$\�T��,����^�!H;k.܎��&amp#8;��&amp#4;!潋�]9�����&amp#26;�~�?Q&amp#20;w7�{W�&amp#7;j|��&amp#29;>ڻ&amp#31;�D��~�vm-�}Z&amp#12;�&amp#0;*)��e���\���6���K8�S$a���e�k��]�A6�.)G5&amp#23;�ι�&amp#21;�T��y g)i��l@�;?j�b&amp#7;Fn4(�&amp#18;t&amp#2;�ѓ�&amp#8;6������_&amp#18;�&amp#25;L1�&amp#3;a�`&amp#26;Ԙ�}&amp#24;��B&amp#6;<���Ǡ�8�&amp#29;U1�z�!�&amp#31;���9/;9�tu�Bg���V��c&amp#8;&amp#20;]�f�|j2�Y��	Ί&&amp#27;���&amp#12;).��W��*�&amp#27;� &amp#20;l靄������i�o{&amp#6;�/^L�p${5�=�5&amp#19;�V��[&amp#5;��bH:UC�H�C ��i&amp#12;-���E�����8UկS�>��L���΁߅Q�~&amp#31;�1+9&amp#25;�g�&amp#16;�t��_埆��{s&amp#5;<e��#�b��&amp#19;Sm�3%��{&amp#14;�&amp#16;&amp#8;\:��6D�cz=5S4��
00X&amp#24;&amp#12;�ձ&amp#8;BN�N&�qNQ�.��&amp#29;��ߦ�&g&amp#30;�&amp#12;&amp#15;SG&amp#29;E�_j&amp#20;{rL�&amp#24;�x��o�k&amp#3;S(���Y���a��&amp#20;}&amp#28;w&amp#19;&�d)/���i��&amp#3;��a�\�"˲9��&amp#1;�U��\�H1����&amp#7;�ÓwJ�_ι'������ט�_F��U��~&amp#19;��%�v��>���u&amp#0;N��C蘽#���&amp#28;Ag��9�Ѿ/TFypca��u3�&amp#23;�V�&amp#29;&amp#18;��,m&amp#21;V�EUf�0թ&amp#3;Q��&amp#29;D�Y&amp#21;���t���9 &amp#26;p�At
&amp#23;M^1�8��f
�QI�T�8(٘��&amp#11;R�q9b:&amp#19;���&amp#25;�{��~��sG/�֦&amp#16;5�#�&amp#30;ci�ԓ�fYN�1&amp#26;(�c��
�<ҷԷ�-��m��|��0�k����£.&amp#26;�A���>�l��%אs"݉��&amp#5;]A�/<z�72��'�>zC���k0Θ��90�KCiK�&amp#6;�-�*�8&amp#8;I4yw&amp#25;�/ �&amp#25;D[���p�]\�&amp#0;u��&amp#27;l����eH�"aڍI�M&amp#31;�&amp#24;&amp#17;ȣ�Y��Ve��*�rڎ��S	�h�M��$��r+&amp#14;���$&amp#14;���x���%�눛��Js�S��	^�5,Y&amp#31;8jp�&amp#1;>i�e��y��&��`�&amp#18;_�~>Yu\��-�#&amp#16;�:�Y�%�^��p��o���i�b�Ξ�[��x�r��I&amp#20;��j{kx����{��qoS����3&amp#24;��`4��N��J%�����V&amp#28;e���&amp#25;C=�_�s[\�G/N&amp#18;7J���\��b"�v�
ok�t�&amp#16;����&amp#24;��>�f&&amp#21;������n�8&amp#6;�\�-5n��6����9&amp#14;��v��=UY9l@�X��V2��-V;����,f�&amp#19;&amp#16;���jH#3�%�&amp#26;GD���$��&amp#27;�+�\݋%.&amp#25;1�&amp#0;P�ϣ&amp#20;$�]U&amp#30;&amp#25;mӵ&amp#17;�M4&amp#8;&amp#21;Y^coR6=&amp#21;��Vl�ߥ5&amp#11;���Ͻ��X�&amp#21;���ds�{Y�#n�n@�6�V\�@ۆ;϶�%켥�aS�&amp#6;���i&amp#28;�F�e&amp#3;�25&amp#29;IdD� ���5�	���l&amp#0;�5�� �`jE�&amp#27;����u��&amp#8;�}��4M�)٨&amp#6;�ZŗW&amp#22;&amp#19;ʛ|=Ū�Tw&amp#11;;믭]���&amp#7;��69�q�;���4��&amp#19;�^w�Վ(p�=؍94���&amp#26;�1�{&amp#31;;&9T�X�@�"&amp#2;[9�0h��dT:�'D��e&amp#2;O��@���~p�&amp#19;���&amp#20;�֤�`���Lӵ&amp#28;����)ɕ艥7S�&amp#7;�/zڰ��>I&amp#24;���9ǳK0MdL���i�S��09�Zѓ�%&amp#20;��Mh�]�}�r��n>3�
UΛW�Y&amp#21;fgV<2�E�?�&amp#19;M��k&amp#3;^�'�k���揧�%%*ۢ,f&amp#17;n�7��0���;sLQ�T
D�"�?S�z��pv�<�h�v�ɢ�A%�&amp#2;�d塈�m��l�]���p��ר���>����]&amp#15;F=��y\��/+�>	�1��#��+!V���&amp#25;�O��yjOʐO�1=*���yD�ǟF�~&amp#30;�&amp#12;1&amp#22;<꩓&amp#12;&amp#22;���3�U�N�'��p�Q "��*@&amp#17;IML�%�|��3�$��\&amp#15;iӈ^����߾ݱ$"��&amp#31;�c�&amp#21;�5��߉ȱ�ɫQ�x]a(�=f	;*��}g���Rs&amp#18;�&amp#23;�&amp#29;�>m�F&amp#24;�E?糱&amp#23;�Z�f&amp#27;K��{B��]��*�Nx���q'&amp#4;G�2&amp#25;�ޡ��X����ЏTV&amp#12;/C��}�����&amp#29;&amp#22;t��k��1�#���V�U'�&amp#14;	^r7�&amp#4;f��Ea>#�{��Z͂�&amp#19;1&amp#19;�![wM�&amp#12;Z���5ݘ��F� H��&amp#18;{[�NP�z��Z���.���H����&amp#11;��Z&amp#3;� n��ѩ&amp#16;f&amp#26;NU�PQƎ&amp#28;X&amp#12;F�`2T��v�+\Zϻ�&amp#2;w\���&amp#18;�u�~Z!�z����șS��&amp#2;��&amp#21;k&amp#21;����1wK�ڷ�&amp#22;��W?t&amp#31;&amp#11;ڵ�ne����k&amp#19;�K@� ���&amp#0;0B&amp#2;$p�v���!��L"E&amp#19;h�H��c�˃��&amp#2;K�U�Y�ܝ�q�G�fU�����Sk�����
f��R�d�W�;p��4��*�$���&amp#16;�(&amp#3;�v&amp#11;�A&amp#6;�ĐS�%E5�v+�&!g�&amp#31;5&amp#3;��K6��00���tuCT��~&amp#11;&amp#7;&amp#6;�&amp#15;<�gx�J��ܶ	A�qz�U%�J&amp#21;�J��[c��5U��+&amp#3;}&amp#8;E�.�_!�"&amp#6;&/S��F�Z딬YB=6-�jP6��5��>��b����:87plI�&amp#5;dF��6(΁n�{΄�/��&amp#1;��&amp#8;��Z�&amp#1;��M&amp#4;F�/�R�Ur�4&amp#30;خ�E^����&amp#29;���!�e'L��d&amp#14;!L��\�C��]�v&amp#21;��&amp#27;���s�k����v�#�Ý�b&��)��&amp#14;��&amp#26;M3��&amp#29;��]���&΃&amp#18;�
��G��+1&amp#26;�T���&amp#30;1-���I�&amp#19;J������GYq&amp#23;&amp#19;dM̼%�&amp#19;���VJMXֻL��P��&amp#22;!L磦j&amp#8;}�V���Z3:�&amp#6;��^�&amp#11;iQ���K&amp#23;&�c&amp#7;jt}����ؼ
z>�ĉ&amp#30;�&amp#7;"IwH&amp#15;�eM&amp#27;w�I`��qnT�7��&amp#24;&amp#25;&amp#19;&amp#29;���&amp#31;&amp#3;.��&amp#19;&amp#12;��B��&amp#17;I&amp#16;�����+���&amp#18;��{�{��뮚�&amp#21;����;#�0��Ȯ}�|,��d�K����:��&amp#31;B�&amp#25;Is���S&amp#1;�&amp#17;�!eT��U�O&amp#5;6��&amp#27;�&amp#2;i&�&amp#16;��MA�F&amp#1;��am&amp#18;&amp#27;�qS;&amp#28;���&amp#12;r\	�c*���I�&amp#5;�dqY&amp#16;+c�5��Y���&amp#1;�3��ͳ�SE6��G�LX�?p5�B�m|j��̔��+�2�:Ƽ��[�)&amp#28;���x��a�F[&amp#11;��M����_��&amp#31;�2��E�
ъ&amp#22;KI�91��b�F��2��8oO�&amp#2;N�!��&amp#17;��^DeRu��@&amp#14;)�!<x&amp#22;m�&amp#3;x�<[���&amp#11;Y��&amp#19;ƃ�y�&amp#22;cs�&amp#5;��)�Qi_�&amp#20;�&amp#23;��w;g�&amp#18;��m�&amp#2;P(�K��&amp#5;�&amp#31;�&amp#17;5&amp#17;&amp#25;i-&amp#5;=&amp#3;�,��I&amp#7;,@�J&amp#1;ԝ�LQ̡n�2�eש9�iS&amp#0;z.H�ťkk��i5�&amp#17;Y��X�&amp#5;�H@Y&amp#19;X�U�&amp#30;�P�u&҇&amp#18;$�h,&amp#2;��k6�� ĶY��hQ���J^�Y����V;qr�4�ˮ~�G&amp#25;��&amp#8;s0�h&amp#16;�L�&amp#20;�>3��]�&amp#27;��ߕM	&amp#29;y��*��&amp#5;�W�C�&amp#4;Ns�&amp#31;�:��P|�"�Z_�R^��&amp#30;����	��/&amp#19;m�|q�.��@@�f�*D�1&amp#15;c�,90&amp#23;%�U�E_&amp#7;�&amp#24;I�Ʋ�$G�&amp#5;���&amp#3;๵j�P��H�r�c��.&amp#22;a�ل"Մ�u%8j�v�A�M=�_OR���&amp#20;,r�&amp#12;*���TCL��	&amp#12;&amp#25;�+s�*I��`��&amp#8;�-������4��&amp#22;��366�xص�:��w_�r�jO[%ʘ��&amp#26;ާ�ͤ&amp#17;��8�Y�Hw�f�,�&amp#1;M&amp#3;�@/
�T+t��"��U�&amp#24;�e�q��&amp#6;�&amp#1;=,�ǚo�0&amp#27;&amp#22;cj�5��X�ޙ���m� L&o��c�s�&amp#24;�8�L&amp#28;Ot ���x�W&amp#5;�t��5�W��&amp#21;�+&amp#31;�h/&amp#6;k}�"�$��6ui&amp#6;&amp#23;�B�UC�KH��9&amp#22;�Q'Wos��X�r�$b�ڭ�,eF��&amp#29;d&amp#24;&amp#24;&amp#1;c�5%�R��;&amp#2;&amp#11;i�E�,�:��&amp#31;&amp#28;d2&amp#25;x�&amp#19;&amp#11;0Y�&amp#20;$ZM&amp#6;���܂�irz�qu#�	&amp#30;/L�&amp#8;L�)4�Vs��qO\�Ҏ����t�&amp#0;��'��Gj�Ϭ��29�6���7[�"2؅��7�O1;:AV�Y&amp#12;� 0�M��O�k�z''n{I�M#�]&amp#0;��0/�n���O]���
#�x����=Y���˝F&amp#27;r%ac־���&amp#14;Y�����(�SY�t��e�x&amp#7;H�C"�&amp#7;!��{b�ˁ�V�db$&amp#1;����5+� \Z���U���&amp#24;T�&amp#4;^#&amp#17;�)R;��'a@��1�&amp#6;&amp#29;2�!L�=&amp#17;%��,�<&amp#19;[T`'^��&A7j��A&amp#21;��c��kn�&amp#25;�젝�&amp#19;�1�=Fϗ����^X1Y�)w5\=&amp#22;���P�aa�BN4^`�ES�&amp#14;I���&amp#8;&amp#0;&amp#28;J9�f�[&amp#23;�u�&amp#29;1�ͦ���8�.��4��&amp#29;���2t����z��V���&amp#29;�e;�d����&amp#18;&amp#29;&amp#31;���'W/($�gk��&amp#2;&amp#0;�_VZ_7~��]Um2�sךtޮ���{[���~gw��S�)���Y&amp#23;���w&&amp#8;i&amp#18;b3�:�� ���2q�KĤ�"�TLbb&amp#18;צ�{��asV�kj&amp#17;&amp#18;�9f5�J�Ɍ&amp#19;*k�"h�Ҍ��,&amp#26;�NT5��[�&amp#2;O��Ȁ���&amp#12;&amp#3;�;O���&amp#3;��&amp#19;�&amp#12;u��5&amp#3;uf�&amp#0;,�&amp#29;�u&amp#31;cs&amp#7;�~/&amp#15;�����&amp#0;��0������5���+;&amp#27;���li&amp#3;mV~���DjX&amp#17;���-N^%��g���&amp#24;t&amp#20;eSfA-&amp#28;�Q��G��z�ka�(�wV���+&amp#31;�� :�v�ְ�������&amp#0;��wi7��&amp#14;��G�2���&amp#8;��\%+q���nm�.~��&amp#24; ;v"<8>��&amp#7;~&amp#0;o&amp#23;�\ 8e�a�8|���&amp#28;����&amp#23;���6a��^�`.	I�S&amp#22;U��Ps&amp#0;&amp#25;�&amp#15;��,�&amp#25;&amp#5;&amp#18;���T�b�-'�䛋�<&amp#16;C��ʩ5�ߴ&amp#23;@
�:OU��:&amp#23;&amp#25;B�?&amp#14;!�(j&amp#0;<ĴdLD�>&amp#28;;&amp#0;�&amp#0;�&amp#16;��O^M�ݵ=�XfF��.��՟�"}&amp#16;6&amp#15;&amp#5;�'&amp#5;P��Ü�۹��U�6Q��0K��JB&amp#28;x�l�&amp#23;4��t�&Ɋ�yž�|����N��&amp#14;[�&amp#15;/�c��=����z[�&amp#20;e[~��"-/���&amp#3;�*7�y�h&amp#28;��V�;��&amp#22;�t���$b����T�� c!n&amp#8;�c��&amp#30;��#	չP\�&amp#25;��&amp#23;&amp#21;��r>Z�#|&amp#28;�r"�	&amp#27;�J�����g_�"�������QI3ɐ&amp#26;&amp#31;ka��F�7&amp#20;���x�-&amp#30;��ҷ&amp#23;Ⱦ�:4I=&amp#12;�ӏ��p&amp#23;��|�}���&amp#0;?
���N�؝�o'{�: 7F.�'��A&amp#8;���&amp#19;�|�� �E�=!�2����&amp#6;����F�&amp#3;>7`p�t&amp#16;�&amp#28;.�&amp#23;&amp#24;&amp#29;&amp#21;�&amp#26;�.Л�����_�|�o?��G�%=&amp#3;B��&amp#17;�4�&amp#17;E=t��V�ta`��O"�c��ϔ��ϫ3 @'��8`�s�S��Յ�&amp#18;�q&amp#1;��t\ک�&amp#17;7�CP~��H��W��&amp#25;&amp#23;�&amp#11;&amp#2;��&amp#25;R#&amp#27;�f�5[
놫1�r&amp#11;�՝�#�&amp#14;�yq�I<��&amp#23;����j&amp#14;��&amp#11;Es��I�n�:ͭo&amp#7;�W�&amp#18;��칝���$lV[&amp#17;(���(�|�&amp#18;�&amp#6;*&amp#2;�&amp#2;*Q2rؿiY&amp#21;��&amp#21;�,u�0��&amp#18;BA�&amp#27;&amp#0;��-���%�&amp#3;ǳ�&amp#29;ą>�&amp#11;&amp#20;߸JgR�lI��&amp#6;���c�W�$+�r5�*}&amp#5;����&amp#22;�$&amp#11;&amp#1;��8�kK>%HY�&amp#19;�:ޡd^�#���'xM�[r�=�&amp#6;�S&amp#22;����,(��-
H�Ȧl+6��ȩ���)&amp#2;��S��O'1��K�S8�黢�&amp#7;�M�V�4�^��&amp#11;ia4�&amp#20;�&amp#29;�|�&amp#3;s�&�׽�c�&amp#19;�1g>�&amp#19;�&amp#18;tG)<��a����.��6&amp#5;m����&amp#0;�0�%&amp#17;i�]&amp#18;��7����&amp#30;��Q�I�K�|߭8-�&amp#29;&amp#11;��u�����FY7�&amp#26;LZ�Q��^��&amp#15;&amp#18;&amp#0;Ab�����^j�J)&amp#2;0J{&amp#25;�_�+��='�sfM�S���'M�7�qLu'9k��n�>�{&amp#30;usQS~�&amp#31;&amp#21;�3+<ޭs�e��&amp#15;��&amp#22;���:&amp#8;j�<�8s�Ls��
Q��3&amp#31;>׹��7�a���f|s��fY_�
��&amp#25;&amp#29;wx��&amp#29;h�w��z�ݦUfAgy����r�uU�Xۢ$[&amp#23;�n�w�&amp#11;Gч�@���K0|�*^�LZ�����i&amp#23;���ʦ�&amp#19;���V7�>��RrÙ��&amp#8;&amp#2;�&amp#4;�8�V���[�J�P9��P�l��vKB4�&amp#28;,�&amp#4;�6�Gm��G%&amp#20;����&amp#3;T_��a����&amp#0;A���{��O�z#Ϟh&amp#21;h@-�u)c��j��D*���k�U�`׀"Z�2J�1�1��oD���ھ��H��yz���գ�tu0��1�u�gTr�&amp#1;mD�1"�/�׷:Oz�����o�U&amp#19;.�C&amp#18;�<P�:�*�&amp#23;u��D&amp#19;Btw<�*zp$�o�k"kWڜCn�z�A�`<���K3Y]	d���I�����'�'�,6^ч��K����
�Wu?�<�Ӣ)����V]�:{���x�&amp#5;&amp#24;�L�*�43�)&amp#18;�H#�&amp#25;	�R}̩�*�D��Ր�+Gv �k&amp#23;�[��(�5�&��t�&amp#7;�_4�-*���^:�U��4�	�#&amp#5;V
�&amp#29;�&amp#18;#2&amp#16;�i7�'��B��3&amp#14;�羕�&amp#22;p&
�2����=�&amp#26;&amp#31;V�N#&amp#22;�ʸ��-�&amp#6;>�Ak;*+h&amp#28;RC��3�-���Q\<��A_�&amp#22;�t�$�3Jj}k.��&amp#21;��5��búg&amp#30;���z&amp#6;u�d&amp#25;7�O&amp#6;�1"@�&amp#31;�F�V���d7����Q1�$�&amp#11;<�m[̇�D�&amp#27;#Ϊ��G�&amp#6;�&amp#18;ͺ6Ŭ�m4����2�QO&amp#27;­&amp#0;g&o�&amp#31;zM�s&amp#22;�&amp#4;t�n��׊�>ܴ�� &amp#5;�s̠K|��Oi�����X�$&amp#26;�o�f�������;G�����&amp#28;WѼL�$&amp#2;)��l�zE�����&amp#14;�uE"@�nK���&amp#8;9�凣�<�d�&amp#18;���U��a�ewN���&amp#22;&amp#27;UūNZ�AZ���&amp#26;&amp#30;6&amp#8;�/RM&amp#26;��:�t"ʜ&amp#18;}F�&amp#24;ݑ&amp#28;B���T&amp#5;�)�\&amp#12;�(�]&amp#6;����&amp#1;�&amp#23;�&amp#12;t"i]&amp#20;��?�]����LD����c��ez�&amp#31;$�>��/i���&amp#0;�|9���}&amp#29;љ&amp#3;�7� �M��&amp#19;�<�c�MN�tē�&amp#21;{��a5W&amp#17;��&amp#16;<�]&amp#28;�'�"E���}�&amp#8;���H���|��&amp#28;���=�_M�����&��$)&amp#12;�t&amp#28;!^���_�'&amp#1;��U���O��&amp#24;��*ط&amp#14;��z:�M���5&amp#25;&amp#3;���t�@�K�5�]~SM�'.&amp#23;n$�Ɛq!��1�t���&amp#28;1&amp#22;�LtU�G��&amp#6;��M��ܥL�W$��&amp#29;D���륣�ka&amp#1;�&amp#5;�&amp#8;o P���'&amp#27;Վ.A��.-5�4�[�.�D�&amp#17;y׉&amp#5;����&amp#30;�H�/$���&amp#24;�dY���I&amp#6;�k�ܫm�$c�}�I��&amp#29;H�)�+&amp#5;&amp#21;�&amp#8;\�x�#�8�Vma&amp#4;���F���&amp#24;\�&amp#1;�J�vM5&amp#24;���ĤQ��J���3&amp#30;]�P&amp#30;S��&amp#0;z��oB&amp#11;��&amp#22;@&amp#3;�&amp#26;Y(�
�kn̫&amp#11;&amp#2;%tS�MX����6&amp#30;�D�ě�&amp#28;^6"��v�=�V�y&amp#22;��&amp#26;%g���Fק�&amp#6;�/Y�&amp#16;��&amp#26;&amp#28;\�NF�l&amp#22;z&amp#31;C0
�&amp#21;&amp#26;P;�ZvN}�&amp#27;��r��Ғn\����Z,��� 'X�&amp#21;u�R�������������/�N���~�&amp#20;���0��º���\9��o�&amp#31;x��}ƈ?@&amp#15;�A�$�e&amp#24;�&amp#5;}&amp#6;��&amp#21;{���i&amp#2;Y��k�=Q��C,L��m�p�&amp#25;&amp#6;&amp#26;?&amp#3;2!������&amp#0;��u��4_�����&amp#23;�3bA
�!h���,j�a$���w����I�g�ǥ&amp#29;J���*QVc�J�&amp#3;"��R͘�'�ׄR�&amp#27;Z�J�Y�&amp#26;&amp#7;%�&amp#23;҈B�x&amp#17;&amp#4;<��)&amp#17;�K3=j_��AuZB/d�f�&amp#23;�&amp#16;䞣��&amp#11;%���&amp#0;�F64ө&amp#21;s���w$�O�/&amp#27;����J��&amp#27;�u&amp#16;� -/\>]�sՊ�/&amp#15;@�^�9 �&amp#0;��Mt�&amp#24;ė�fj,�F	}\&amp#20;�ͧ�2��)�4����&amp#30;&amp#17;��zDhM�H�Ԟ8Ed�=Cu��黥]�&amp#21;]9vP�2�H�>7�­>��T{���V2z�[���s&amp#21;'�H��h�=0�_-��&amp#12;�GU&amp#29;���ZP�|f��(`�R٬Fp��&amp#21;jVi�6R���΋�kk2�<r�&amp#0;>_��&amp#6;��E&amp#20;��VۥmV&amp#22;���0&amp#21;ٯDelN\F����PG&amp#24;�&amp#3;T&amp#1;&amp#20;Gz���&amp#15;�#&L&amp#12;62&amp#22;f�&amp#5;�7?C�(�ǝ,hO�?���O颂�y7'k��߉�QTo��Ӭj�9��Zm�fkȝ&amp#12;�Z&amp#15;F&amp#12;�&��AR�&���+�&amp#16;ޘט��Z0&amp#20;&amp#31;�,Ud"��Ǉ�s�d��&amp#16;��)���v����&amp#7;�����NV����n����f�&amp#29;{�]&amp#27;��&amp#4;`�kޅ�:f-�&amp#26;$7V�i~/�J���c&amp#22;�&amp#30;��!�&amp#20;��Gu1�	�C&amp#28;�Ʈ,,�$&amp#14;Z��&amp#17;��&amp#25;�&amp#26;�9&amp#16;w�&amp#25;&amp#6;�a&amp#6;&amp#3;C#
t;U?^�&amp#31;B�G
l�L�$Qu��X��&amp#23;&amp#23;�F&amp#24;6v�k��֝&amp#22;�&amp#8;���k&amp#26;	d�&amp#16;U��_�a�&amp#12;�7Bkk&amp#18;�`qw�&amp#31;GIwƶ�|!&amp#8;�ZTv&amp#6;|S:z&amp#0;�e��;�&amp#2;�G&amp#22;���M�z	9��Z�}&amp#17;/4Ug&amp#23;�w&amp#14;&amp#28;q�Ln+/��IU�L���v~�u�
���k��ͭ��c���~���&amp#4;�Y��#����U�&amp#30;&amp#4;�&amp#14;�i�%�8
��&amp#1;˛(���3=�@r齏��&amp#29;�'�\�Z&amp#22;��*sI8İ&amp#1;�&amp#12;�dF&amp#17;��]&amp#7;&amp#4;��I��湲����yC�9&�*���0�K&amp#30;��&amp#29;Y}wa���z&N#7^¶j�z��#=!ç#�}y&amp#2;�6pʂ��a��]���,&amp#29;���pmG�5O�7�-0Vj�՚���"&amp#7;�_&amp#24;N�t�&amp#0;E��w��&amp#11;p�E��9��=&amp#16;6�rǶ&amp#31;C��YmD�Ö�&amp#6;<�d��%�_�]�k!,�&amp#18;���׀e&amp#1;&amp#4;�0�&��x+�x:�I�����Z��&amp#6;&amp#1;����=���&amp#20;�&��$Bjbr&amp#0;Ӛ�1C��<�1�(l�]X�1wS�dN�&amp#19;&amp#3;&amp#3;WUa��,s4s�&amp#4;Rdj�
��/�����o��&amp#17;;�&amp#24;!�5���M��wu'%ue+v��R��ֱ�+L�&amp#26;&amp#2;)=��vxv��=�ڼ&amp#2;H
A÷l���6x��˯���21ƊƢ�j2R&amp#26;p4�zG�M�*�5�&amp#0;���Gl:N�&amp#31;c.�j�m&amp#21;�|ܖU�^َ��mhՠq���&amp#19;�|��7&amp#8;i�@��,e���%{ky�&amp#5;}�:�o;t�?	�&amp#23;�8������?���5��P��J&amp#7;�(�]S&amp#23;�3��^\�^��-��v�D%&amp#30;��[vmiӸ&amp#26;n��&amp#29;���(�_F맖��B���P&LqF&amp#6;��N�&amp#25;_UI&amp#14;`6&amp#4;!�r� �w&amp#26;1�	46Me[�`3v՝�&�Rӑ�3hR&amp#26;�����&amp#4;޲�&amp#12;���\�&amp#0;�<�&amp#22;���&amp#25;I�O#�i+&amp#24;Nd��7�zG[&amp#5;8���&amp#2;��Y�&amp#2;s���)&amp#17;�t9c&�(�]{���_�>��?%���PJ��caH��(L-���&amp#29;��g���:�$�s5z&amp#1;j4*kt<��l�Ƿ	��J�.�&amp#8;�&amp#8;��z�T�/Mm�/�v�%��뿁s_&amp#20;�Y&amp#5;3���	&amp#14;>$�찌�c�m��	.���]&amp#20;�&amp#29;Ok��bs�K�&amp#14;;d&amp#4;	��M�&amp#15;&@W��?����C	���&amp#5;[&amp#15;�D]&amp#0;8��.��x��1�&amp#6;�Z��F����/�NT�&amp#26;�ٮ���(}�
+&amp#3;7!�\n�ӎ�&amp#25;bR��l���6{J�ȯ�",&amp#11;&amp#5;5au%�S\pS�&amp#22;4Y�b��EW2�&�Y��㮠�1�8j��.�-3�ڸ-z��z��&amp#23;&amp#29;B"
��&amp#11;;����N1�d&amp#6;`&amp#16;�&amp#17;�電[���)�
V�&amp#23;C����L������k�&amp#28;�ԞSFF�8&amp#16;��e&amp#0;KI&amp#24;(�y�x3�x3mz��D=fgZ��	�&amp#22;&amp#19;}i3�l�㛉ȡ�%&amp#19;�}e�Z�9"�ހ�<f��QM&amp#21;/:��b�S�������*]&amp#8;�&amp#28;&amp#11;�!R�ҳ��&amp#16;$&amp#31;/����v���;�ŭܖeqi&amp#12;&amp#20;w v�&amp#28;д0�b&amp#6;ũl��-��q&amp#6;/*jU&amp#18;��&amp#8;y&amp#7;*3_�}&amp#2;��Ŕ��^Pu~&amp#5;�g�J�W�;��&amp#24;���17�����'�?�&amp#24;�&amp#31;.�l� �]j��&amp#4;�y�#sҌ{(�NzT[��ߠ"��l�Ƴ��Fz&amp#4;�&amp#15;;�l&amp#3;��Tu[n�r��&������ͩn�}&amp#21;Y�k�\�&amp#5;&amp#4;���&amp#4;3�&amp#4;@�U��`5&amp#22;��:q��GLs�B&amp#5;`W�&amp#30;�&amp#25;�9^(��2&amp#20;x&amp#26;j��j�3&amp#7;�&amp#2;��Ѣ�ku�&amp#28;09���y<q��E�q&amp#18;��7��&amp#16;&amp#28;�&amp#7;4��^��R��`&amp#22;j�k][5�&amp#22;�&amp#7;&amp#0;���*��&amp#14;աd�Xs��.��iWvY&amp#16;B�� qXtre&amp#24;f�:�ة�&amp#12;!7+&amp#19;�.e�$&amp#25;��&amp#24;����&amp#12;��&amp#0;&amp#3;J�S!��&amp#29;�&W��Z����j�ݨ�F&amp#30;G���&amp#17;�͖�"&amp#12;�b#*�)��_�����*WT&amp#23;BQ&amp#3;j5-��>?�}&amp#14;�^&amp#5;�&amp#31;4��
N��&amp#26;iV&amp#4;qk�=  |3�-j&amp#23;b����¿96R���tW�~��'�&amp#8;�=����&amp#18;�W&��s��HM5�T��c� �S�������_���C�<d�	[!ɏ(�⹴kQ&amp#21;&amp#30;�厘X��pҗUW���9&amp#12;G�&amp#24;�$&amp#22;l[΍�	�&amp#3;�&amp#11;&amp#28;Q����
�K��ܘ$�`l	{���1?	��"iM��?2ź&amp#22;'���턠g��#'#&amp#30;��<轎���C&amp#17;X��*��1~�&amp#20;=�&amp#28;�Ð&amp#14;#$|ޙ�1�r�wm�&amp#30;�͇�r+}&amp#27;�	�1(qD�ҋ���r&amp#24;D�&amp#20;^`&amp#11;+�\^�:2J7&amp#2;��J&amp#28;���C9�̢����5&amp#5;��YZ5���A�uN�aa\ &amp#0;�&amp#6;�3g֖&amp#29;b�Ǝ��_&amp#20;�B�M�fC&amp#30;�#yy�Y�&amp#23;H�)�\��&amp#22;�F�uM��u�Kv�����ի�.�3N�.�i��aGN�VU8�KXQ�BU&amp#24;�@�gQ�z���J���Y�&amp#11;	~�&amp#25;0k6թ�«mtg��&amp#17;�&amp#0;Eh�P�uƷ*��&amp#6;����kE&amp#26;~䨤`0�PXJF���9&amp#8;�FHS�W^{{Q�������VQ�Q��"6�-&amp#31;y/Q�]���Â�ʧ�kz��&amp#18;ln�z��&amp#4;��^{��g�&amp#29;V��-%��"�rRWy��8&amp#5;|&amp#22;&amp#6;yb��)�EW	=h�H@��<5[:k~p4�G)@�opqY���@e�&amp#8;����&amp#17;���H�꫆��t��+�7�&amp#23;}s�D�H7"�7!&amp#5;�[�� &amp#11;�d��)�f�7&amp#29;��h&amp#5;�Ex5rn��/�@g΂Ж�ʸ�5A-j�#҂l�U�Nթ���&amp#14;�L�~&amp#11;�����hn�:�O&amp#31;�U��Yl�&amp#26;N&amp#6;*�&amp#27;&amp#25;�mף�H$|̏۝���&amp#0;3��K[�2�g&amp#23;&amp#17;c+X_-��&amp#11;T�,�7�&amp#6;m7�&amp#20;}�T&amp#14; D��hS,�OHleH>�xXd�ǅmh=���+.�&amp#25;�e&amp#28;,�&amp#7;&amp#20;&amp#31;A&amp#0;
t&amp#4;����w_d�'�H\2y&amp#26;mp��H��*�bIT&amp#26;�jɺg��jc�-�f��<½�@�4���}&amp#12;d���c�7��<�/�l�	�LԢ�.&amp#0;�`��n&amp#15;	C&amp#26;&amp#22;&amp#31;&amp#18;��~�&amp#30;�G�E�E&amp#6;%�`�����v!&amp#0;�&amp#0;�S&amp#12;4��7�=�p�w+�ڠ��BPk�
g��V{&amp#24;�;v�����;���u<�ღшS��CF�����&amp#31;S~�O&amp#11;w�!�0&amp#27;F&amp#24;&amp#24;����!*4�N�!˝[�z�S&amp#2;̄��R_&amp#11;�.&amp#25;e�S[k����4&amp#30;&amp#29;9��Ӈ�&amp#16;�*���&amp#30;Pr����"�(�,��:4s,�&amp#4;��;>&amp#14;@�6�6X����ޛ&amp#25;�Y�	���-�]/��9&amp#7;�� .r}:�����&amp#0;�;���'td�GsGb��&amp#20;&amp#16;&amp#14;U�d�&amp#29;}<d6�&amp#17;�&amp#29;B��:*��܄�*b��&amp#31;����&amp#31;��?��㽘h�6'&amp#1;��2&amp#19;��&amp#14;�}"혤-'�&amp#16;�N�s&amp#22;��&amp#22;��.r5���&amp#0;�yo�VL�&amp#31;����u�Ƶ�]r&amp#31;KQ^��&amp#21;e7�&amp#5;���&amp#8;L���7&amp#27;�z$����ǫ73�&amp#18;&amp#2;|f���S%�&amp#27;V[5��+�I,ެ
&amp#29;@�Oǆ&amp#6;��/׻�U��F�!�-&amp#4;L>ʅ�U��M&amp#27;�&amp#4;,�&amp#4;^��xE�pZ���g&amp#0;}&amp#12;=&amp#12;�r&amp#5;&amp#29;2&amp#8;&amp#14;�&amp#12;�$�&amp#17;$i'R&amp#28;&amp#4;�G2�&amp#15;d�/Ύ�Z�+ֵ�W$���B&amp#25;%ա8�&amp#8;�&amp#6;*.j*K&amp#18;J6&amp#27;zf�`�&amp#29;&amp#8;%&amp#25;"&amp#6;�k��&amp#17;�EC���&amp#11;�����R��kh��
�?�r �h���Әܮ6AI�z.������Ue&amp#16;����7&amp#21;�=-�߿?��&amp#16;��RG&amp#23;&amp#5;�h����|��H�f�q̝1Ώ��&amp#21;+g��"l&amp#22;HE��=k;\�Lް�&amp#7;!��h�~-�0��'6&amp#26;��2���v�Orw`�	#�ȓND��R�)n?&amp#28;d�T�&amp#21;�R&amp#8;��Ǧ�&amp#23;��G�z&amp#17;���Q�X�<�&amp#16;��{f���i�h�w&amp#21;2�&amp#25;s���=+�&amp#30;���&amp#21;�!��t3`T��TgjF��&amp#14;'�&amp#19;jo���&amp#14;&amp#17;r�?a e&amp#24;�CM0&amp#11;�H��J:&amp#16;�JX��q	&amp#18;��E�=�&amp#24;.�xn'�i������[c^���&amp#26;�wo����^]�*��!^�a9f�%�&y�nJHԅizL&amp#20;�&amp#23;&amp#19;&amp#14;+y&amp#12;_E4���&amp#8;�i�_c&amp#12;�W�&amp#12;&amp#26;K&amp#15;��hx�0a�&amp#16;&amp#24;�1U��-ײg���hKگz>&amp#5;#&amp#31;F"g&amp#29;�&amp#17;���{�F}PY�%jJ�&amp#18;��J/"&amp#6;�!Q��W;D&amp#19;W sՔ�+b��A�l��u��^��&amp#17;�&amp#22;�\n+д�a&amp#22;�z&amp#26;,"J�&amp#21;�&amp#7;O��)���&amp#0;�������u&amp#24;�m�H�&amp#19;&amp#7;��&amp#23;�ִ&amp#6;i`&amp#26;��c���	�&amp#1;���\{���h�e��/��X&amp#31;6�&amp#19;Ӛ9AS�0�|�H�tr�t2@/�ޤ�\�'Fb9�!��*�,ZX&amp#3;�e�M��&amp#27;��7�&amp#26;��&amp#28;���&amp#12;&amp#14;"@&amp#29;���&amp#1;��eS��F�1&�,��Ɣ�;v��Fur�)��Y�����9�{����c&amp#12;q�m�&amp#3;p�csc%&amp#0;���O�р&amp#25;�:/\�&amp#1;D^{�Z�GTV�g��3��,�M��̶ꛫ040�:2ԡE��g+ud���6��&amp#5;r=�Y�%d�g׭
��q��ȇ?�=V�&amp#28;�&amp#19;I�_&amp#11;4&amp#0;A���l�8o���gz���&amp#0;#��=J.7&amp#25;N!��&amp#28;_�`�ᯂ{&amp#31;+&amp#24;�쮽w�|H���v��/h���&amp#25;j��&amp#8;;IJ�{��&amp#21;�&amp#22;���I�5dF�f��������L�b"�kKZ^�{r�&amp#23;7;Cz��&amp#28;s(	�%;�J�3�n��&amp#18;R&amp#7;&amp#27;�&amp#24;^�?��q��D��>&amp#2;&amp#21;>&amp#1;z�� �$�HoϮ��f�&amp#4;e?"�ѵ�F�¥F�ZX���+�YT��d����&amp#17;�'8��۵�!���&amp#19;���&amp#24;���+v&amp#7;1�xF�G�vdU�B�I]*V3�ҵF�ä���&amp#19;�&amp#19;�e$��2^Vu�h��%ۓX��&amp#30;�a.�n��ˉ�L(W�;EkԬ���&amp#25;&amp#31;�žW�&amp#26;\������[B	i+&amp#31;&amp#25;��66��vy���Y�ܟ&amp#25;��F�MKO7u�uq[\�oҶH��P��6x#<v܍�ɽnXf�.OP�&amp#27;��jr�i�&amp#20;ї���_M��>��L&amp#6;ìg^B�5d�t ,<�53וm�+��f����&amp#27;�D�V���'��&amp#4;���w�f�O���&amp#28;�,��Щ.ȉ+&amp#7;&amp#25;Z���D4�)u+&amp#12;e&amp#24;]�J]X{��.&amp#17;g�vȀ�&amp#24;�L���фɡ��?&amp#4;}B5p�jQ����&amp#21;�u[��y�&amp#11;)&amp#31;0��ċt�&amp#26;��rFR&amp#22;FH�&amp#0;��&amp#12;�מ��'�&amp#24;_.��ع��8?�ԙU��G�-4��x&amp#22;�&amp#21;s��a&amp#15;��^��ȷ���~fzn&amp#26;O���U���Z���J�<ײ�FS�{}��/��_��>��&amp#0;��gB�Q�5b�!&amp#5;�g:��BC�]e6N�+�K��0N&amp#28;���}Q=eYG8X&amp#28;�Ԇ��J�K�όͩC1c�&amp#7;�������&amp#24;yk4`&amp#5;}!�s&amp#28;$��V&amp#11; '&�j&amp#12;Z\�a�Z:kT�&amp#18;�5�4zp"&amp#23;���O�;&amp#7;r�솤O\]/�)&amp#5;��.9��GH{�؏��NTB'�t��-�i�Jӻ���,�YQ�����ea�F�F?�m/p��]�g�D��zẫ��A����F��' &amp#18;�&amp#26;&amp#6;5�&amp#4;�ٔ��;���%�[Iݴz6&amp#31;�b��v�D/&amp#12;&amp#23;C����5���S0:ă�w��K������K;�&amp#5;�^�9�Ʃ~������7ɂ~&amp#11;��&amp#25;&amp#6;��#�0�I��OG�R��qL�&amp#26;=M��$�&amp#7;Ph�6C��H��7+�!&amp#24;�歱"gSAm=��d��&amp#11;�D^s&amp#17;�Պ�{썕�.��h�&amp#1;w&amp#16;��`�&amp#27;&amp#14;Y�R9b��+�)cU�Y7uE&amp#29;�´�9�&amp#8;����sc&amp#22;�u�F���A�jZ͵9��\�&amp#25;�r��Ⱦ�h��i���+��&amp#27;���J��Y�&amp#19;���#n��&amp#28;�P�vi�4j}[&amp#26;����=]�juI`����
���6
&amp#16;��;&amp#12;ش&amp#28;ԯ+&amp#22;�p��u�;G�&amp#31;WY&amp#21;��&amp#26;�G$�D�c�sh0Ђ3I&amp#2;l�-CV��ݚ7���&amp#27;bW2o&amp#26;�&amp#14;&amp#12;|#�1��b&amp#18;����&amp#28;Ģ5��&amp#26;��&amp#19;���K%PG���E&amp#26;�ybN��V&F��&amp#21;��&amp#25;�U�5g���O{\g���b{�!����=|&amp#16;D�>zF[&amp#17;&amp#21;ys�
�{�z�]P�e��z�\?�&amp#27;Y�u��I�^�n�!&amp#23;�m�RṬR&amp#1;���]�yx|�tI&amp#25;��0&amp#28;��4�4��v���l>��:��t�p^�&amp#11;�BRb���&amp#7;]��Q���&amp#27;ӈ`M�~��Ih3U�q����:E��뮚����M�Z9�&amp#2;K&amp#5;�p����/&amp#14;4�AK�\%&amp#1;Ķ�<#�#�Fo��&amp#3;�>&amp#31;��&amp#12;Px�=�lWq)��{�`+M&amp#4;g�)��zum�&amp#28;u1jT&amp#14;R�1^؋P��'=&amp#28;=e���&amp#29;��V�Ũ.�����˲�:a�U]&amp#7;G\c&amp#26;�v9���i�m�1�&amp#24;�����]�&amp#14;��]�Z�&amp#0;I&amp#8;����&amp#30;�	�<�y�Ҹ݄9#�I��&amp#5;��&amp#2;&amp#16;���&amp#1;Gфᴜ&amp#8;E�Mrm��fa!��ͳc�c2�	VZu�&amp#0;�&amp#18;���7&amp#2;^%*�j�n��V&amp#28;&amp#18;���[E{f@�n&amp#14;�~"B`�&amp#26;&amp#18;&amp#14;�&amp#30;��A2��&amp#7;%�&amp#28;�?s`�@Á2&amp#24;��"hY��i8�&{�%	�c��*T˘�M�H�Ew�o1&amp#26;ē&amp#19;1��[DF�)�i��do�u�[A�:��A&amp#3;I&amp#6;�d	�X�7�X>�&amp#24;�(��ъCg��G]&amp#12;�G�&amp#5;��&amp#21;�[D�ߣ�{�m����I&amp#30;ş[�6b���&amp#12;X�ү� &&amp#29;J&amp#22;X!I��[f�zm�ʌ�&amp#20;��Kҹ��,�'�2�d��&amp#26;����5A��3V���^
,�&:8�E*�e\�"�Wh�f�E�w&amp#22;&amp#26;��&amp#14;�4Sû1R$z�H�&amp#4;&amp#23;��c��@�3�iHK�7�&amp#18;ͧ-��/��&amp#0;!�&amp#28;\�:���g"+]^z�Ƌ�&amp#3;dܚ1A����B&amp#24;zHz�g宭�&amp#12;$�&amp#27;��>�,�V2&�W�"��|�����V��*��&S�w�&amp#31;G��&amp#22;3vU޳�U�fe&amp#22;&amp#25;&amp#26;&amp#17;lXo��aת&amp#22;<z�z�i8��&amp#18;�b�&amp#30;��c1I;:�x��b��V�&amp#17;r&amp#14;��H�F�o�D޹��&amp#22;x&amp#8;�`��S*&amp#23;��&amp#12;ۚ��L&amp#31;��&amp#2;�#�%.&amp#15;&amp#2;ˀnA&amp#19;&amp#20;���b�&amp#1;h���$&amp#28;�h�u��"&amp#22;�iC&amp#27;�D�w^65iihg�FH�K> ��&amp#22;E&amp#15;�O�ta&amp#25;v�&amp#17;e�wE�)�LciC�Z&amp#28;�����&amp#15;V��|骒UY���&amp#7;(cJ�p)�`�&amp#2;��H<J	!cmߑbD�&�D`&amp#20;�)Z�&amp#24;Tu���X�&amp#22;=�@&amp#25;J����n�GI�&amp#29;&amp#14;}3��Ā�U��c&amp#19;�GwV���+��9~��l!�~��6K;K(��&amp#29;�>�&amp#27;��k[��v�+�<�RsGZ$-St��x�Vo���q6,�ի�7���^�5Y:�&amp#12;8LFk�,�p��M����1]7�Y��&����e�n�&amp#31;|9~��E�U��
��ER�{�p���[��ī�l&amp#29;�.�٭Ի����&amp#4;�G	iV�����l9jn&amp#26;)fMȤ&amp#3;6p�acQǬ/�O�&amp#28;1�&amp#31;��0�T4�{�����_Or�Hg[��&amp#22;�Zֵ��&amp#28;��v2I�oZ��&amp#25;&amp#17;Z�9Tfʢ��&amp#15;�4x�P��g��9>&amp#19;�&amp#21;�&amp#22;���}�Zں`�&amp#7;?�&amp#26;&amp#28;,���&amp#15;&amp#22;���O\&amp#11;ޣ�E�AۙKaD�dҰ3p&amp#14;1
���
��!�#�j�5�y�&amp#6;&縹2�:�U+��2�X�!$��&amp#3;�6�/&amp#25;�O�B�i(�ՌzJ�\&amp#11;�&amp#1;&amp#5;�a-g�C��+�>!딋i�����r&amp#24;&amp#23;k�&amp#26;&amp#8;}&amp#25;��&amp#11;7\�Bg�^�|�v:�?&amp#31;�-	�i�bzC�y	��ǧ,���R,xw2�s�
���H�%0�&amp#18;Ç&amp#16;t�Y|�9���-r9A|�Vٞ���&amp#20;E̴�%��wȍ��6X�&amp#26;$����t�Ut��lw�&amp#20;&amp#2;,�<Ge1�˷�I��b\U&amp#20;�E��d��λ��o�f��u�&amp#1;Fj�{��1v��Eޢ��m��&amp#17;&amp#3;�,�p#.��Oe�xKU&amp#19;%|��hq�m�W�n'����B����#X���1�F�4��>-��i��*5��&amp#23;#���K��JUs���&amp#11;�o&amp#19;�'~���3����V��5p�Y��T���Q~v&amp#15;ӭ�Nr�[FDj�=�1&amp#19;���&amp#4;5&amp#30;�&amp#16;,���EAԊ���^�	D"api&amp#28;4.��
��2��#�����&amp#20;q��&amp#7;��Z�&amp#31;&amp#18;u|#��nw>ʧO�-�rS�&amp#21;c&amp#11;�&amp#24;
��&amp#15;���^�͔�D�&amp#2;t��Ӕ&amp#11;^&amp#21;�k$��.�&amp#18;6&amp#20;���k*+���4���[8�&amp#3;Yއ&amp#4;&amp#21;Y��x��&amp#8;�DRd���7�P򾗾-��&amp#23;~i�j&amp#23;&amp#14;
�ҏ7A����k&amp#14;σW��->�S9k���J&amp#26;����,�n�^|�x\4&amp#29;���R��b;�&amp#29;G�Ȍ8&amp#16;��� &amp#5;:�&amp#16;F,�-k�/�澠9���l���&amp#19;?l�AD�a]���r���L�ǳ�]fy�
&amp#30;be��E&amp#18;��&amp#0;9m&amp#25;,&amp#16;|�Ҭ&amp#18;&��&amp#3;&amp#26;p{&amp#3;&amp#16;��V&amp#7;�J�nΫ&amp#12;�&amp#18;]&amp#5;&amp#3;mq�&amp#6;]&amp#16;[U&amp#25;l���Zl���H9Lr9�&amp#4;k��r�!��:�&amp#17;�¶��&amp#0;&amp#20;��;&amp#15;�L&amp#12;Q�6�&amp#28;�,��l>w�鄏.�[�CB�&amp#31;6c�d���ĭ��az4��t&amp#16;f`&amp#28;��S<uo7�y��>8�d�����+&amp#28;�F��{�Y�_tw&amp#12;�&amp#12;h<V��YpTGX���2+6�c���&amp#25;&amp#24;���c!�ؼ�1F�3�j�t$�3t���S#h�<��i^Oa3h̲&Lm_P&amp#26;|�&amp#4;�NH@�
&amp#30;��-ԭ"=9&amp#29;ny`oF�&amp#5;�&amp#15;-&amp#7;W�q�{G�W-є�ә^��+�/uu���c�
��&amp#4;&�K�Vfu�GYHX7�&amp#29;@�Oy���(&amp#15;��%�ڼ�۹���s�z�DC�7�(���&amp#16;�&amp#21;�&amp#4;`����|b�@�&amp#6;oV��L5��h�e�4�k&amp#27;&amp#19;;�ɽ=&amp#25;$ć��&amp#28;(����B�C4��P�/��<I�f���I��r�k��$�Nܷ��V{��ދh�&amp#24;x��w��&amp#8;%R<Ufi�V�����&amp#22;���5|�k�&amp#22;pi"8܋&amp#2;�lo��&amp#23;SJ�&amp#17;f1R%������`cVNڦ�&amp#8;���4I�+�{g��MǦ�Wu�&amp#30;���W\����g&amp#27;�7Mʖ�&amp#27;��Y4��a$�b2&amp#5;�V�l&amp#23;��&amp#2;p�c�&amp#29;�N�&amp#4;��Jyd6�H�X�d�J&amp#6;�&amp#29;�bh&amp#29;�c��W�s�}O�跜����|�	�t&amp#18;���Ѫ����}4�:ֆăf�E&amp#0;�2�F�ш�}�1��&amp#27;ʒd����&amp#16;�&amp#18;�u)��I�j��aK��/�C˦줤4�P���f��R��MG�dd�gA��z��&amp#30;��u&amp#17;�&Rɖ&amp#0;�M� ;&amp#12;��&amp#24;����&amp#19;�,�R�n���t�&amp#26;5]�Ϫ����]��	&amp#20;�#�����&amp#27;^&amp#23;��;�5�ξ�;�����W&amp#11;�ǔ��^pʪ;&amp#31;�&amp#4;&amp#22;��Wĳ&amp#25;\BO{=&amp#20;gy��=j&amp#7;%j�ҷ�(ًS�<�u&amp#18;�Ч^�^�|���R}mHuVW�U����ڀR=����r������>H�^&amp#14;�7T��r��D�#�"&amp#12;r�W;&amp#3;@$�q����&amp#28;�8U�OeO>�m��n&amp#30;&amp#28;��@6F&amp#6;��=�_���&amp#28;�y�-�To�Q-�	�f�&amp#5;&amp#26;e�����v�S�Ô�ͼ�1D6QY&amp#27;m�x��ˌ�Z���A���&amp#23;d�ҶG&amp#27;b�7;��ŖW�77zs&amp#7;I��ޣn�.:E�&amp#30;�s�j�� H��"ǭ�$�aӳ+�&amp#17;����(��&amp#0;����w��%�&amp#20;&amp#29;���� ��#����y�)Aʄ8r��Y&amp#4;������ّm	��&amp#12;g?��rR�蛫&amp#17;&amp#23;�Y%7&amp#11;WƤD]5H�`�v3�9�NÔ&amp#28;�"�&amp#5;)&amp#22;	!����)\NcrH&amp#28;�"6�l�&amp#17;��&amp#19;1qX&amp#18;v\����I&amp#12;��&amp#0;?���&amp#21;,J�Q�cy<q&amp#7;\�j��t������7��O��|K��&amp#0;9a�L*�k��&amp#0;O&amp#20;t&amp#28;�&amp#23;�"6�&amp#29;4踆����&amp#0;�j�z�����&amp#19;��&amp#14;� k63&amp#29;&amp#7;u*#KF��	A��!�є���Z-c3�}&amp#14;��o羆�&amp#21;���%&amp#5;&amp#30;-��"h*Fƚ�j�2�&amp#5;gdv3NM��H��n���ſ���&amp#17;�&amp#3;2i)&amp#24;�E�&amp#20;��r-�'���m�t���i6' a�ؒ��;D�m嶵�$�&amp#7;m2���|�B*M_h"�¨��/:Eb6Ì��,��&amp#16;Qm�T�&amp#25;���o�P�M�����&amp#27;��G�'&amp#4;c"TŎ&`;���u�UM�Ȯ�'�r�\r��,u�ց[�֠��Fl�<�����+�N���&amp#31;&amp#3;U�GO�Th�.���P�g�&amp#29;�ڷy�WG�&amp#1;xԄ��&amp#1;V��L�~%1&amp#11;'߾"���Q^�lh�5��!!v��ؑ�&amp#26;Ց�&amp#2;&amp#26;���c��Ni]L[μ����.a�&amp#25;E�,�[�&amp#8;6�I��&amp#8;���8 &amp#0;��p��&amp#23;h���ɥ9#!��l�,Y�l�ժZl�&amp#12;�0J� ��O�P.v���}D� �+�z�W�&amp#18;��&amp#27;� �+�?P���3�&amp#18;���/��F�O?m�O&amp#12;�&amp#0;mu_��I�7��$&amp#17;&amp#14;PL�/�>�ۈ1&amp#27;$�h�X%�m�&amp#31;L�w�:����Zy�&amp#16;}0F�j��&amp#26;���L5�&amp#16;I��&amp#19;2�?:�.��.Y�&amp#1;∳c�&amp#30;ӠO�&amp#26;dG&amp#4;��ID�0/��]Ed�%�j�e��:�&amp#26;�$��
����C2#&amp#12;<��;�[LA�q����yX�z$�%��ڬ]PS!+}��]�}�Si�F�nנ�q�[��&amp#22;����;&amp#17;s&amp#22;�6�}&amp#7;���n�gu�M��ek��#*ݲz��M�4m�5ޡ&amp#14;T6{	9p)&amp#16;t�Q&amp#8;"e����Β��J����L&amp#4;�&amp#7;��'�&amp#23;&amp#22;�-�}K:�>B�&amp#12;z��&amp#31;	0&amp#22;�cN̼n����8&amp#14;q�:&amp#21;&amp#28;��ΐ�u&X&
L&amp#17;��p{&amp#26;��&amp#23;��#A֊��&amp#18;�&amp#16;�.Z^�k ��Yh.�&amp#7;-�V�;Vґ��d�H���:q��̆�&amp#25;=��Xd�<�UO<[�1Բ�\5x��D-�s�˘�V^'�L��ؖ^�UPu�&amp#1;&amp#19;�l^��1���A�����j&amp#7;Y�&amp#22;�.�t��P&amp#28;{&amp#26;r��3�*�����I�M�
�hY��&amp#14;@�c�)z����j�&amp#25;&amp#3;q���>�SR͹��⾊���g��&&amp#8;i5a��i&amp#8;U�0dF�m~Y��-���F�c��S�F&amp#26;k��'��g�4PI�FVB-�*IJ�\��&amp#16;/&&amp#17;�7&amp#11;��(�d)�_�Q��o�X&amp#18;&amp#19;{�&amp#24;�K&amp#20;n�d;�զ`�4&amp#27;蹬&amp#7;�l\*i�&amp#12;�e��d]-h&amp#22;�v�a��&amp#8;T��&amp#8;���LL�Te��,�&amp#19;l�B�R|�:8z��&amp#18;��S&amp#11;<D�������L&amp#12;�&amp#27;	&amp#20;�N`�Sn`0�(?,I�C4&amp#19;0�q�q���&amp#24;F�D' &amp#0;�-&amp#8; ��Gs���S}���7���j��9%&amp#5;�(&�n�U�E�_`�u�ؔ��'&amp#23;�姶&amp#22;_�p�&amp#11;�Z� ��L:&amp#25;a�s�ab��ج��&amp#1;iK*�-},{#!��"�	;����/�d�K"�
I\�B!(\�D�o&amp#11;"�|�d}�d&amp#31;>t�%��R��&amp#22;��*�7&amp#22;�&amp#16;���kڌ�x֤�Ԑ�#��&amp#23;�X��`&amp#19;O���Ko���&amp#7;��v��aVy4\��&��\f��&amp#31;��f��bå&amp#17;�@R��V�,d(t�-�1g#}���O�'�!&amp#25;[&amp#14;� �&amp#26;�&amp#16;i�ή��Ќ�v$�b�&amp#17;-�Q�V�C�i&amp#16;��&amp#20;&amp#5;���&amp#5;�����w��L��I�&amp#1;��Y]ogF���1_&amp#19;���&amp#29;d�{@���h-!&amp#29;���_�&amp#16;�Ɠ՚-آ�A�N7�y��#ֻ.&amp#25;�X&amp#27;�&amp#20;lU�%t�v-&amp#6;�+1&amp#6;&amp#4;�j�Ѱ��ʦ&amp#15;Zɶ�&amp#21;��Ag+ݱ%&amp#31;̢�˧&amp#22;Ls�͇�����&��l�&amp#25;&amp#31;&amp#20;c&amp#29;�9�T�!Q�禜�3��&amp#27;�z��&amp#26;ѕ�R9�،������*�&amp#20;nS&amp#17;o8�&amp#11;w�7<M9����g˰ZB|�x�&amp#21;t �&amp#11;&amp#16;N&amp#22;G���=�Kմ�E<Ba]siU�&amp#24;�9m�#�0(�I&amp#31;a:*��J��ym.U&amp#31;�&amp#6;YW�mn��:�6��R&�?��t��c�1�d���&amp#19;�G�v��{���*�k�0'��]c��'�Xk&amp#15;�]q���&amp#21;�1�ù�0]&�g���m����,X*����a &amp#26;��Ueͺ���/2-L&amp#26;&amp#19;#�}���s�LK���z&amp#15;:��)&amp#19;9&amp#18;GT&amp#23;4�5��&amp#26;0n���3�_&amp#3;�9�Z������=&amp#1;�:r�,�
!nD)&amp#1;&amp#18;d&amp#16;�^+�{1��&amp#15;6&amp#29;�ݳ���e}&amp#17;F�:�scD���H�Nh��"�&amp#23;r&amp#8;��&amp#26;z��-n��X��Y&amp#27;&amp#30;��&amp#5;HD���,&amp#4;�݊��U�g鳜��H�[�>j�k!�Y�I�:y{6�&amp#21;��kE�&amp#12;�E���&amp#2;\���m��ǂ&amp#29;�(Pk��&amp#2;+�� �^�m[&amp#16;h���E7ZB��n`��형�'{RL�u'&amp#21;ݠ�i�IZ5Izg,�ͤg&amp#28;5^Cc&amp#11;��&amp#12;dthu�nm&amp#31;`���&amp#8;E&amp#11;�4�8Wbv��X�&amp#21;	#��&amp#27;�&amp#0;��Z<�M��U��m�y��M&amp#22;;���&amp#28;0�5IoD�J���?[B�ح��S�k�׸�|�&>���&amp#31;&amp#15;�}z�|�&amp#11;=�޻�-�s&amp#3;��LZq���W,T�s]&amp#28;�k7n�&amp#11;B:*�&amp#23;�uе��|&amp#26;�k�;���wh����7e���&amp#0;a[wuK&amp#17;��h�]1t#�/\&amp#4;��4�&amp#4;bW>�k�&amp#27; .]�mgU/&amp#29;5�K[Y��:N&amp#12;���&amp#19;�6A�$�&amp#16;Gg&amp#20;0&amp#18;n��u�Mj\4ݽK�Wc��GK��&amp#27;�\d�Wzݮʶ�m���Ϙ�ڜGt�ފ
zˋ7�)��s&amp#19;$�&amp#24;�+�N����C�&amp#30;��.�fOY#�<)�&amp#28;�&amp#16;g����#�j�g��f�&amp#22;�f�&amp#16;vq&amp#20;|=�{���EW-�0Z�&amp#4;�m���&amp#22;��ގ�f&amp#23;h�ZR"&amp#30;d�s	�LP��O\&amp#14;�$��wv���u&amp#17;�/�4�d�'N��&amp#0;�t.J���)x\�-������X,�e�׏.8��'�@�oc�WmYL4&amp#30;�{��&amp#26;�����&amp#24;��d�MY[&amp#28;�r�&amp#7;��A�$5ا)����m�*�5>����&amp#16;��&amp#15;&amp#8;�&amp#28;���uXp�&�[
����Ek<�eq��EҽQ�������Au��g������&amp#29;�gouQAV��&amp#16;�KrȵnA?j�+s���yp�=&amp#28;���y&amp#15;9ת�e��덱i�G�Kx��&amp#14;� J�]TM�M�*q&amp#22;H&��E���JDw�Z_��&amp#15;w��&amp#26;�&amp#25;;�ꯖm�FZ
��ݼso+ꙒO���� ֌1j�U�8a&amp#0;�;tUӋ�ʇ�Y�&amp#30;W�� cj&amp#6;~���&amp#23;&amp#24;mq�ȭ�zޞæ~��&amp#17;(&amp#27;e&amp#12;l&amp#11;�!-U=��B&amp#6;@�L�&&amp#12;&amp#30;&amp#7;CE&amp#17;OFձb	�b���6��&zZ��)KW;�͡&amp#27;q&amp#28;�!��&amp#8;ˊ*=��t]�Ѧk#�j&amp#18;�&amp#6;��6%�&amp#23;&amp#21;�v�x�I��e%�C��c�ēn/&amp#3;�MPH&amp#4;��⼦&amp#20;C��&amp#1;&amp#19;0�	�*&amp#7;���&amp#27;}R������7&amp#5;������Cv&amp#6;�X\ͼ�&amp#12;^��yٵWUm�>������?&amp#19;���q�E��d�.����tX@�./&amp#14;���M����c��t��v��m���m��9</��mV��4�#��:�&amp#6;�c��[�-�k<��u�`I&amp#11;U��P�1��{�&amp#12;�/J�&amp#29;&amp#19;m��1���`���_�Za&amp#17;����&amp#8;�&amp#19;��_�5&amp#22;�&amp#31;+�^4�Q�g���ބ�lǪuB�=��e&amp#2;SV&amp#25;\:�t�ԩ��&amp#19;r&amp#28;�D�S Y&amp#30;턒�&amp#4;&amp#7;/\Ad��i��yd��{U|چt��G6o�J&amp#25;6k��"&amp#1;H&amp#24;���v���&amp#2;ގ&amp#28;�v���!��q��F�|�f�{�&amp#3;VM�Bٞ������WI&amp#23;�&�50�g_l'&amp#2;1DD6�܂z�-&amp#27;�MǳZ�u�ɪ�w��h&amp#3;��&&amp#25;�lƼ}�&amp#29;��>c&amp#11;h&amp#2;K�F�&amp#1;���&amp#21;3�PW�G~uh��ۚ��&amp#17;.�n�d�&amp#21;v&amp#25;[.��Pr&amp#4;&amp#25;�Qn���uI�)YJgQF&amp#24;Մ�U&amp#23;&amp#5;9j&amp#14;�~S�Sw�iȵKZ�=&amp#25;���&amp#28;BI&amp#23;/-�J&amp#28;�5�w��&amp#14;̙VQ��&amp#25;�:&amp#11;��������SS^&amp#30;1�����=��6�{:�gv��x�b���&amp#7;Z�cF��v��:�$0�y�z�F���ҷh�[�*���q�)u\&��Շ'Զ�&amp#19;��=��&amp#5;&amp#31;�[&amp#31;�K7���k��&amp#23;&amp#29;b�&amp#26;���x@�6��LYF��?ZÎ5j��{@��*Mq�&amp#29;�&amp#20;���]0��I&amp#4;	&amp#20;]��K�&amp#7;&amp#15;U�z51a��MYK-&amp#21;��+�߮y��ު���&amp#25;�!�K&amp#25;�بQ��Լ&amp#0;X�x����"�&amp#6;I�H����mS�ݦ���3r�-�7oyY&amp#31;!YI��E��m�g#q�&amp#21;&/�t�0�&amp#11;��&amp#1;�ជ ��&amp#27;��N�m�se�=®n��k0-���<x&amp#20;�,�.8�s�aDB�%<�^�ɷ�r�K��t��60���K���EWV�M�w�¾���w�F�/����ʊ�����gq�9w1&amp#0;�&amp#19;�2�vdN�l�&amp#4;�Vq&amp#6;&amp#21;��q&amp#30;\h=T4<ms��&amp#25;�&amp#23;�!4&amp#14;7t��&amp#15;�r��\���Bd&amp#1;�����3ܥ����oi�&amp#0;��OC&amp#28;����3�k�&amp#18;T&amp#2;��t��w6�5�X&amp#18;U�'��\Vp�;����G,��fY�����1&&amp#15;�`��p�5�F�1��ڗ&amp#11;&amp#4;��U佇�]n���(&amp#23;"K\M�SO,��)��r &amp#2;d�GS�$[V��&��z�}p��T��M&amp#17;&amp#28;V?��&amp#30;�/�83�u&amp#5;�P�OP/&amp#21;��n,>V�m&amp#1;) d&amp#27;{tt&amp#17;�b�K���&amp#23;Au�2�������q��C]�t4B,���`�wc��4odB9�	�&amp#31;&amp#20;Tvo&amp#24;�b8�5�!DI03��:B$�&amp#0;N�&amp#20;���5!���&amp#31;&3&amp#14;bi�@J��&amp#15;N�����&�l&amp#24;�ZkZ7Ԋ��f��I�Z&amp#17;h�욾iF&amp#5;�,.n&amp#4;a�F�&amp#1;$��&amp#0;Jx�'Rz�0��RZa��T&amp#28;l�y'9ۻ}��,�,3�x���\n��]�e���yY��&amp#28;&amp#29;Y��DGbCu�~G�3&amp#31;9��&amp#8;�&amp#6;�&amp#17;i8�y�F&amp#20;&amp#31;�;ϒ�P'N�wt�,��⇍(��Uo]˹�.f&amp#22;��������&amp#27;c
$�⬭�ɟ�\����\x�oI��8UH��ϣ����Wt&amp#23;�{d��QMJE&amp#25;�kI�Md)Rc��}Z^�EMa��J:���&amp#0;���{L�Q[lbB`v&amp#20;O�����3t�4:?�`��&��{�&amp#5;)�ʳ�D�Ѩ�Ԑ��]<�V��0`��&amp#12;�f6�m�a��5�U�&amp#14;EY�c�s�k�j&amp#11;����%om�m�����1�e��&amp#4;����Ʌ�a�4,U��RF�CBS�;'��4}&amp#19;�&amp#0;'��UA��%��[&amp#25;�x�F�W�~x�gsW.&amp#26;���hܫ{Q�9([&amp#5;&amp#11;2F��#��ܝZ����]�&amp#22;���ǵ&amp#11;�qT&amp#26;b%ׅ/B,��#�Q��U��S}H�>��óu����N��e���xl�&amp#12;�&amp#22;m&amp#8;6�&amp#30;P\0	&amp#8;�&amp#16;&amp#0;i �&amp#12;:&amp#14;[�&amp#26;{T:&amp#28;a����m����5�;�YN�7���W��n�ig���*Ӡ����%� �m�Xj&amp#11;�L24�&amp#26;�J��&amp#12;�Rx��7*�pu��a�&amp#8;XI:kw��&amp#0;��9.-�'�&amp#23;��s�{N[��&amp#30;&amp#8;kB&amp#14;6of.&amp#18;�&amp#20;浞K ��ζ�d&amp#31;���&amp#16;���!�;�ܯ�j�&amp#0;uP2�j�����&amp#22;��a��+��KR&amp#5;��&amp#12;&amp#15;&amp#4;&amp#19;x@hЛ5�K�:�Mg���v���� �&amp#22;&amp#4;`��n���4h&amp#20;�&amp#15;��&amp#12;6r�R&amp#26;:J6���'1��{�&amp#23;,�J�����&amp#2;+�&amp#30;�.Pt4������K&amp#29;�,�݀&amp#8;D8أ4^��rO"���DԖ�K`�J}&amp#27;�s��)��&amp#17;'AWVʅ ���a7��L�e�%&amp#27;��@g~�����=�%Z�&amp#11;��a��&amp#27;r�t��Y��ѩ��&amp#8;�%5r�&amp#17;`[K9&amp#29;$Q��X*���&amp#21;��}&amp#4;��&amp#26;�S|����-(ナ����&amp#29;K�v	�z&amp#7;e�&amp#17;��fk�&amp#21;��>9�&amp#30;c�&amp#6;/VA3.\�|o�d�rk3H*e["�&amp#29;�I7�Ad��&amp#3;�3�&amp#14;&amp#14;t]�&amp#31;&amp#11;!&amp#22;ZGG�n��#g&amp#15;&amp#11;J�7&amp#14;��\����T�&amp#20;k�]�&amp#25;&amp#14;&����bI�I�&amp#1;��YPz׍��9�W�)`�&amp#29;�v&amp#22;�Δ&�#��D�UO#���F&amp#27;�u�.��&amp#12;ܳM���Z���ϣ���&amp#31;&amp#27;�9�-Ҝ4�m�g�Rb/^�K&amp#16;���&amp#16;3k&�(�U��F609C�������*U�hc	�9�{��0z]	�p�8I�U�[�QnPj磆[�&amp#31;(�7�&amp#22;ʯ,L�3&amp#0;OgA�&amp#16;�g*&amp#31;��X��&amp#1;�~*6�E&amp#24;�&amp#28;6L*�w�|��I�td�&amp#7;5���Eu&amp#19;("�.���&amp#21;&amp#27;�q��&amp#22;:�8ʈ&amp#31;Z҉V��Z�o̵lOq���&amp#3;��ET��&amp#0;&amp#7;q��7���{yT��I��&amp#12;�Y�WW&amp#6;;g&amp#3;tUd)�<r����M�&amp#0;vpOtپ��&amp#19;&amp#24;���ڞ�f��x�ݼ��r���U7)>��rE��y�5Lv[�&amp#4;�녮�N�R�L&amp#14;��V�"Hh�OH��b&amp#8;@~4� �*&amp#15;��6��?&amp#3;����ҾZ�V��?4��[������S���{^�V��yi4X&amp#27;��#;�MC�L>�B��1&amp#27;D�&amp#6;&amp#18;^$&amp#28;h3q�@&amp#7;&amp#28;26Q�����sX�h��!�[+��&amp#15;��&amp#11;ܫ��U&amp#15;)i&amp#5;�&amp#22;j@��]���G&amp#24;��ۢ.�~LD���a<,�	��-`�P�&���m���݊B�q��=�铐p^Y��m��S��z&amp#17;����#g×dF��.Ⅴ�)&amp#17;�� ��s&amp#23;��&amp#31;8�&amp#11;-��&amp#7;���^&amp#5;�}i++�&amp#30; %�A��,��{Q��&amp#26;O�&amp#14;�*p�&amp#15;&amp#21;����֜�]�&amp#27;&amp#12;�jߋ)n&amp#15;."��L�&amp#31;�&amp#15;�=\�&amp#12;&amp#6;f�f&amp#3;�V�&amp#27;׌��6ֽ���S.W��;�&amp#31;��?G�z��M;*��&amp#20;�KF&amp#31;&amp#25;߹Tl~��ṗ�$�m�Q�Q&amp#25;�����&amp#14;f('&amp#26;Z&amp#18;�!�L&amp#22;�9}��{u�m&amp#16;q��~������z�%?&amp#26;pƣ�B�8I����}2Ɉ�&amp#27;���+<m���MT���&amp#17;�?E���!�3�}��&amp#11;X�ׅ��&amp#28;BB�&amp#7;D�cb2&amp#30;l4&amp#12;�w"*�&amp#25;]Y��ʷ&amp#19;�Fײq&amp#25;w�=<_�q&amp#25;&amp#12;o�_%�&amp#25;Ã��&amp#28;w�&amp#23;ƞ����a�^m�>�&amp#19;�|��F���?A�w�.f-߰&amp#17;D48�&amp#28;&amp#11;*&amp#14;X�1�&أ{���:�\Z��6�d"���&amp#16;�&amp#15;u�,�&amp#29;-���(���F�[ժ;m�j�K7	4o�b�Y�qN��&amp#30;�lŅhsx������&amp#29;D�u�ϗ&amp#30;@r��3�<�ؒ�&amp#30;"���&amp#15;"H&amp#26;���^3\A�&amp#18;m�.J�r��J�tU'Z,���?)�N��Y�6�&amp#22;&amp#19;uc&amp#26;����&amp#3;�`3#�&amp#25;V ��Q&amp#17;A2P��&amp#27;9|��x͏&amp#27;&amp#1;�&amp#14;��:/&amp#15;q�~Ӈ��^��5-"&amp#7;d&amp#6;&amp#28;J2��}o>E�s&amp#5;��&amp#27;>T����&amp#19;Ȩ�������L���SE��g�%_Df0O�&amp#22;&amp#31;u:��&amp#21;&amp#31;�f�8>Ɂ\]��&amp#28;��#aEtۈ�{�V&amp#29;5��?ͦ��}a�
���AX��P׍a�n�&amp#15;��%S}&amp#31;���&amp#14;3}&amp#3;�8��?Jw��&amp#31;��ފsqU&amp#22;G��������j��#o}7�{%ꊂa&amp#20;bN�w&amp#19;jǻy��TV&amp#4;�����z�6�0�y�A��P{&amp#12;��ډ�l��^zB�&amp#0;��S�&amp#21;��+~ŉ�_�&amp#14;(�?6�T��o��39����Źk���$��Z��g>c��т^wx�����y�&amp#26;�����&amp#12;4a��ѱ�q���dRpm|�&amp#22;䳾;��=[o��G+�?t��$�_`[^�&�����uϦl$�&amp#2;&amp#3;y��c�I$&amp#29;<��'#R��&amp#26;8g��"W&amp#17;F�2�&amp#15;	?u5
�=-\&amp#8;�V&amp#28;�U&amp#29;r���&amp#7;�����@ּ�ٜ��&amp#24;�*I)&amp#5;?U'q
�ԓ@w��&amp#14;���&amp#18;B�Pߔ�e~j{&amp#31;��(Y(O5&amp#7;d��U��{&amp#22;[^NȬ���&amp#12;ul��5&amp#5;�=�!�����tF+yr�y6{*��P��p~aA���x&amp#18;W���U�eM�ڂ�/&amp#30;���&amp#16;�42h�ȍߙ��&amp#3;}>����Mf�ƕq-1��Z��f*��Z�&amp#21;=��&amp#30;��N�&amp#27;�us�.�&amp#28;�E�Np�qc;��)�+Hn_h&amp#2;�&amp#14;MH�uN	�&amp#16;ìO5�|G<����7��&amp#31;�L&amp#15;@;m���Ce�7&M&amp#7;��B��L-
2��c�N-^�GK�qG��Z�V�P�����ޣ&amp#25;h��&amp#24;X4l��&amp#27;��a)�Rٱ����WY�&amp#30;����l
瀼�0��j��=���1����>��5���}&amp#22;�~�Ϟ�	��|�&amp#6;���VF Y�&amp#20;c2C&amp#8;A��&amp#4;%Xh���db@��B5�*u�ηۦz &amp#17;&amp#8;���s[Dt���Wn,e-Ђr�&amp#7;�r%w�w&amp#12;�!J&amp#19;g� #��lERIOD�ǖ�FH��s���&amp#30;�&amp#8;H�j��&amp#4;i&amp#29;3RzEYZ�r|��&amp#5;���`q��n�d��ҝ&amp#11;Y���&&amp#2;8�]�[gH��d�@�:�=�-9g��_&amp#21;�&amp#29;	K���T͞��8�"�&amp#25;&amp#21;�X�#T�Я)���/���֬(&amp#18;T�x���YIkuw�Fz��&amp#27;&amp#14;���0yn,��~-е&amp#27;9p�8	�h��X��i���.����y&amp#4;vZ��&amp#18;S��5Z@�����yR��-��*{��9t�;&amp#16;&amp#28;�N�t�s:��xO�W�9�g&amp#18;�̝$e*�s��hc7��Y??���o��&amp#14;u�I��;��&amp#23;&amp#29;�&amp#20;]�w^��/�_���&amp#5;&amp#24;�&amp#5;��e��GAL;#��1��Ս&amp#24;o&amp#20;�g6&amp#20;$�0[�=�&amp#28;k��pt�^�:_G�&amp#2;�x��O�&amp#26;�|D*ઍ��NȐ&amp#19;p�v���o밢?&amp#23;��|6�g˫��6���F�	��&amp#21;���&-�N�[vZ�&amp#14;}o�&amp#31;���羅�o���'��&amp#22;�EfjIA&amp#8;Ҧ@&amp#28;���&amp#16;
�&amp#2;X�&amp#2;����&amp#1;�&amp#5;�h��j�&amp#5;\�&�&amp#22;醙w���8�r^_��o��	��HR	`�S�&amp#7;�]&amp#12;���&amp#25;�s������R(�G
�>ս���w�h���`���&amp#0;��&amp#30;&amp#25;e��e�ٳ��E��ɯl@��;3�9�Ճ�Ws&amp#17;:&amp#18;�!�!�&amp#14;z�>VU��×a.=�߲�&amp#0;#=��j��&amp#19;��P�R��,�e�&amp#22;@��\C�.렃���F�i-�·&amp#27;�&amp#6;��':0��&amp#29;&amp#20;<&amp#29;��>�M&amp#12;����*m&amp#28;&amp#26;�ͪ�&amp#7;&amp#19;&amp#29;&amp#19;��ڹ�:G�z	&amp#29;&amp#14;��A�ikrE){��V��m�&amp#23;�\����o!���&amp#0;�(���i���c/�{��;�]3ʵ�&amp#24;&�[�&amp#14;�&amp#23;�>���[8�&amp#6;�m�'<�G��� �:&amp#19;�F��6&amp#20;�%��31����T�&amp#31;���w�&amp#23;&amp#15;a���&amp#29;��\� �Z��&amp#26;���%Vz��Ơz��:sM&amp#31;�g���&amp#1;�= &amp#29;��Cg���mcL`%\k�wD �dQ�ʾ6�f�&amp#31;�����ٌw�uV�΍&amp#27;���eѤ��`���RD)�	�i�3���4���^�̺��17�l��]�,�0n��&amp#27;f�F�7�y6%&amp#22;g�UbQ���9&amp#28;(�Km��_]��v�o��SW&amp#17;&amp#8;��>��i�&amp#29;&amp#22;
;f��E&amp#21;u�G9җy�w�&amp#17;U0��o�ź���Rj�M&amp#7;^��8w&amp#21;M����q�8�"9(��غ,7(&amp#8;?P�-�Α�
���kqy�D�����&amp#23;�&amp#19;�B��u0&amp#11;V��&amp#8;����&amp#7;�_�~��,�q����r#"CT�WB�PZmrwg���&amp#2;08d�&amp#0;�o�&amp#12;��@8�C����Cޯ$�݋u-��ݪ����&amp#22;�mG1�*=��&amp#18;�);�=>��A&����E^T�թ��|��L'.�cJ�����TV�9ar&amp#21;=p�-d]���=����{k���q&amp#14;�3��*X��7���t�R$Gx�V[>�k�{J�_b�밸���OC�&amp#14;Gl\/f�[3&amp#5;�x;Hcp% ٭�Y���X!'�X&amp#21;�D;�Y����xO�⃳�?@4P���<ߏ��&amp#21;&amp#25;��J�%4	���6�"�n�9,&amp#5;3&amp#11;࿡���o&amp#0;&amp#12;���G��A�&amp#17;�*Ȩ�-YI&amp#8;y��lCv%�2���V�N,�O�\�kaƙbnχIc�����o�A��24�]�&amp#3;
.��&amp#8;�am7-S�m���j���AOb�k&amp#19;�m��&amp#16;]>��9�&amp#17;"�v��&amp#21;$��z)�_�F&amp#23;�<Ԃ��t&amp#25;Z�X��*9�]��ܻ�l�IU �	D:_J��H�E&amp#18;o7�HN��k�vD~���>&amp#16;&amp#14;������4���&amp#0;���&amp#17;R�v󤡕��&amp#7;���&amp#24;?&amp#7;Dv&amp#15;&amp#22;��&amp#0;���U����]E�m&i��zQeW6&amp#30;{�H&amp#5;�\��z9&amp#22;�.�#2&`~9��UL�ݮ�"�3�.
�K&amp#2;��j;E��q�LkK6/oS�&amp#26;.��	a��̔gA�WZ��5���&amp#26;������;�R۵y&amp#5;�5E�S7�e�&amp#14;���[?^F�}�}�S&amp#24;��J�w=-d*��7�z�Y&amp#20;c^I�w>&amp#24;�&amp#29;��"Ĝ���_�yރ2&amp#6;���9IQ��mvE7&amp#16;�>&amp#8;&amp#22;v4<��&amp#11;&amp#5;�&amp#4;��)�&,Vܗ�&amp#31;/�&amp#22;oI�`�K�&amp#0;S�&amp#27;�jk&amp#7;���L�&amp#20;�\&amp#12;�*�&amp#0;Ds�DMY>ҷ	&amp#19;��f~YDz����*ڻ� Z�5�R���&amp#11;�>^&amp#8;�%�4C&amp#2;�,�ބA{&amp#30;������v�׼�6��0w#�9E�fM�l&amp#25;&amp#2;&amp#3;	&amp#25;&amp#7;#&amp#2;�Ds�,o��&��z�	8ֽ���&amp#29;��/�w�Kd�׈Z`B&amp#19;�&amp#5;�?&amp#17;&amp#26;h�#�(�p&amp#19;B���D�z��b�5+-&amp#29;��.���&amp#1;E���2��$�&amp#7;`���&amp#24;L֣`%[���D�b���	|P��&amp#28;mu��"&amp#18;&amp#18;�"�Fe�&amp#14;�<N&amp#23;�A�Pֆ.ȏ��X��_���輇�9PY&amp#31;��Y�-�0�&amp#30;x��k&amp#6;&amp#5;a$�&amp#26;��*��;6O[ϭDͰ��z6�Y�.��f՜��o��ˬt�(�B��
3�%q�<�ůYYK&amp#31;��J��Sg�9��y��P�E�u�&amp#18;&amp#3;�&amp#16;��&amp#4;�]\%ܝagU�&amp#7;&amp#30;�V�^�D���o�y�&amp#18;}�VM��-q�T��G�
5M�y�bxdf�;&amp#14;j�R�ҫ��X���D0���o�����'�9�����z6U&amp#16;�C,�&amp#19;&amp#30;]\&amp#7;�ha�f3\��&amp#26;&amp#23;4r�MQ~�&&amp#29;�&amp#28;g�N�˚�f�&amp#0;�^��N&amp#17;���&amp#21;ӯ�&amp#27;����
S=�+��P.7C�A�&amp#23;�_��X���3+'�sT;�)T�y�hFQ��;�k�SPr&amp#2;&amp#2;�&amp#25;]!&amp#30;��ޯ��6ϛ�;�&amp#14;&amp#5;$��j�����G���ፌ���J&amp#7;��n(�)��dW�1�[��#���&amp#17;�g|R����GM�뗆M���2-J�fx{�e����&amp#26;�&amp#22;l����dgO8���U&amp#20;��M�XE���Y�&amp#2;嶱C}&amp#27;���&amp#26;���PO�G�f�n�4�&amp#20;��{�����nd&amp#11;��'+� `&amp#6;��+��ë$.j&amp#26;BΣ&amp#7;���&amp#19;,8w���&amp#20;l���_��&amp#26;I܄�)���4�g��5�O�mK�HM�PGٝ��z&amp#5;�֣0i��Nt�U}�Wia�V�Gk�r�&amp#7;�if��Z��]�����5-�7��&amp#23;��&amp#1;�|&amp#15;�!g��l���Km"��v5~Pq�]pU�co���tu�j8�Xo&amp#27;��*�u&amp#15;Ӵ9&amp#19;�	ƴ�{v&amp#3;&amp#24;�!^T1	-�F�c.���!&amp#6;<7���&amp#29;�&amp#11;�&amp#0;`�&amp#6;�x�&amp#0;N�t�9���M�v�s���l��p��.�(�������&amp#14;v�&amp#17;�F�zԴZQ�}#d�c���&amp#7;z�Z:f��&amp#4;�֙���&amp#7;!��&amp#11;��b�3~�p����)�efz�&amp#20;�	`�I:�+�;�<�~|3��eD��&amp#27;&amp#16;�DҿqK���T}-����E-���xl�6N�4�Ѻ7d����͈�⥙��3��:m����Ǖ&amp#25;S�}&amp#29;�r�Ȇs�v2��g d�&amp#20; �c����3&amp#18;�w
�$E&amp#23;�&amp#2;5���/���ڦ���^�]0����(��&amp#25;b�C���*H�&amp#25;�&amp#4;�z�I���o>t���&amp#25;&amp#25;&amp#8;�&amp#22;�0���b����5��#�*Y[��r��	���3Y��&amp#8;�O&amp#15;T��&amp#22;�2y����&amp#0;��2|^&amp#5;'{*@�N"&�zf�&amp#1;Ѩmj�/fŵ��-v&amp#30;G&amp#30;&amp#1;OY9T&amp#14;K=aI!�&amp#14;������c�S�&amp#11;II�����&amp#21;c6�I�5�NҪ���?�:/���&amp#1;�&amp#23;��&amp#0;�&amp#0;��[&amp#23;"��Y)kj&amp#22;+&amp#16;��&amp#12;&amp#3;�*K���Ì}F����;X����ѭe�z&��nt2�h&amp#24;�&amp#31;#�Dn�w&amp#24;1&amp#31;����&amp#30;J�&amp#5;&amp#14;^_&amp#11;�8q&amp#28;&amp#22;v:S�����&amp#7;�u��9&&amp#14;�&amp#0;بO�=.�ש_�&'S�~�&amp#23;�@�Q�o��6�>�S��y�l&amp#1;c�$w3��.&amp#31;��g��g�IM��^Kәz1�.3}رs�T&amp#28;�[��Va����^=�&amp#29;WPobp�&amp#24;�>�&amp#0;��ɑW��]	XgM�f&amp#21;4&amp#3;0l�ʔ�����sJ�&amp#15;/=�&amp#15;�?K�m�%�����Hj&amp#5;c�����7"mVh[0,&amp#20;�Y���&amp#1;d��+�O�S�|{p�?m�����&�yjΎ6R�"��&amp#30;&̮{)��&amp#26;
(����;��,f&amp#21;]�s3�(�&�a[��&amp#3;����&amp#11;�&amp#31;��$,pj��^Zz�������&amp#31;�L`�.�|&amp#12;�n�Ҍ��]j���gx|�&amp#29;&amp#2;�k����H�&amp#0; �-&amp#26;&amp#6;��U�s&amp#16;K!��ʚ
�~��r&amp#6;�&amp#27;K�:gx͹T^��Z��h��'`Tӵ���S
h���(1�-W'�/����j�se�E��g�&amp#17;q�u��M�VFn�E[�]���Cs�L�1����{�'��-d	h0FC�4^n�ηϪv�&amp#31;�&amp#11;�����`9>��Ĕr��Z㚺w�l&amp#14;*���>Cu�dQ'?�*ΙH��&amp#19;$+��uuE4&amp#1;S&amp#3;�E;j�+e���&amp#28;�.��&amp#18;Z�����&amp#14;�9�&amp#25;���<s(&amp#20;������=-7���*^�Q�����o�&amp#15;c|��&amp#11;�_��&amp#24;�V�7flZ&amp#15;42�F�&amp#3;,�ԏ��Q�=&amp#23;V:7F/&amp#24;Teqi@B�&amp#12;����~��5&|�^o����Bt&amp#21;e˾��&amp#4;���$��&amp#26;�%�2���K��&amp#15;3�Mg��$&amp#18;\&amp#26;zMZꛣ���&amp#31;&amp#4;dr&amp#26;&amp#14;5IrS
c1&amp#27;gU&amp#4;lyM)m�S`�.5uY�R*���1&amp#31;2(�s+6E�h���q�|>��f��U��~X�=O��&amp#11;j���6C&amp#7;X)c#�Q�E�&amp#28;Q�&amp#24;�/&amp#28;.<S\\�.�;�a}��s}&amp#7;H:��&amp#4;�z&amp#20;|l�̂&amp#14;�S��k/\�̾��n!+�n&amp#19;r��h@�i�&amp#27;x�)�W���|��6�DhbT	Xhߡ6)�ôg��&amp#27;��m��&amp#31;p��1 ����K�&amp#27;�O�:E�68pF�&amp#23;0Kb���]��)q.l�n	p�&amp#21;g�J&amp#7;y��;'�n�#�&amp#3;�{ڥK^�|�[C�D�!j�=)vS�
��7��&amp#0;��=ǳ,�7��E+&amp#1;��oBDQ5U�L��@�6X,=��`�&amp#12;��J43�QQi�&amp#15;TPx�#{@&amp#27;R\Uɟ�e�=O?&amp#28;S)0��$YM&amp#16;�j�#?�Hk{&amp#22;!��k9P�ڟ,�ٵ��
ϊ�)St7�ߜ�&amp#0;F>i�Ũ&amp#27;����p�&amp#6;�g&amp#21;�A1�,��$:&amp#1;���&amp#23;�O��M��&amp#15;�l�Ɛ��<]��DL�CW��c�&amp#23;�����<vR�g&amp#27;���&amp#11;]��)wәQA�X&amp#31;�&amp#30;Y&amp#16;y��<ž�}$�G����&amp#19;�ْB�R��y��&amp#30;��&amp#28;{7s�����Tr>\q&amp#1;������I��V���t;j���&amp#8;��x�2&amp#3;Rh&amp#3;�&amp#28;渋�Z0����&amp#30;&amp#1; ����A}��'љ���4�&amp#17;�]l���oQ�&amp#11;cܫ-Ԭ�^6��^R!UK&��QL힕����&amp#7;�NUZI�׬&amp#16;F
c�J�*�&amp#24;��&amp#16;%�&amp#18;��&amp#21;�T�&amp#6;CBŀ��ޱ$��ch�����U���&amp#7;�&amp#31;%��&amp#0;Y�1�壪&amp#30;w�xQ�&amp#23;EP��3R��&amp#6;�OF�`m�z���>��c&amp#7;Hk�s&amp#31;g�z��,�Bp���/��&amp#26;*:;�8��&amp#6;�ѽ�ŝwB}&amp#8;9�&amp#30;��?y�qcqkw&amp#18;S�&amp#29;F.�~�|w��K^:��u�Mdҗ�^����4-�Bx�C�7dj�tD�K��:�l����Uf��&amp#8;�l]&amp#26;&amp#29;a;����&amp#14;��u��&amp#5;��z�$&amp#27;JO��U�d܈�s�o�s�=O�+g�`�|o$��r�����^�&amp#28;O�}����ɾ� ⎸�=��M~@}Uw�&amp#20;��Q�5�,T|�F��W�&amp#31;�~�&amp#11;O�?&amp#14;>�4&amp#4;&amp#0;����
ron|����N\��~��&amp#7;ӝ&amp#23;[�o�܉ԝ&amp#11;Y%~qd�O�<�}ϽL�o&amp#24;���oi��O�]=���}&amp#1;�w'���&amp#12;�jq}�z<�:�&amp#4;<@&amp#7;0�Q�fłgi��M�5\�W�Ö���_&amp#14;�]V��&��3P�&amp#3;�&amp#12;�!I�~��j�F����&amp#27;�H�w�G�_����Km�&amp#0;G`�w�+iUp"�&amp#28;,����uo&amp#25;&amp#26;eJ�<�5x��֋&Ma�5b&amp#30;��Ŵ�
�����~��^���:���:�v&amp#22;��&amp#22;�,F&amp#14;Զ�&amp#23;#�I۔�qB(G&amp#30;�и�W�h{�ދ��g���&amp#5;�~gj<z�
s�=tO>&yoh�^�&amp#18;��
w?V8&amp#24;��u���s�b&햿��n��^���C1C���$��&amp#21;[ͨ&amp#14;E�&amp#30;A�hn��.�&amp#1;>���r��*{n��R�3�GN�4�M&amp#23;���րM߶��!t��F���_N!!����<��=&amp#14;�&amp#18;١���bղ&amp#28;�RC��\�ƂJr�E��8��:U�&amp#31;���t��}ȝ7e����p�~��9&amp#27;JZ��B���y�M+*��y�ѫ�&amp#20;&amp#15;Eԓ&amp#31;���/�˾����V��&amp#30;��>�|��=��Q}@x�at0OC �Ϯ���n&amp#6;�W�&amp#15;ꯠ�&amp#23;�I �&amp#1;��&amp#19;���o��U�@il6Y�|'`uo�;&amp#7;�z��4�-���À'=���Ֆ�m)q�}iՐi����&amp#23;V�v�9ϐ{�:7�n��}�y�&amp#29;M��&amp#18;z�\@Q�))�v�&amp#7;Y��ͨ�roJ���&amp#21;�[:�I"{��s��ˌ�v&amp#18;e&amp#26;�j�&amp#17;P��Ä5�.�&amp#1;&amp#18;�����(���ȢސH�`-ڕ�_���5�&amp#28;�&amp#19;&amp#17;&amp#11;l8|A���&amp#8;0����u&amp#20;Nd�&amp#0;��f��&amp#12;&amp#22;�n�f&amp#21;=?��t&amp#6;�����������&amp#3;�`d^V&amp#29;r��~S�1IEYv?U��[�&amp#25;����&�S&amp#17;u&amp#20;�.ڠ=O��hu����2P&amp#29;&amp#11;Ag2[��&amp#19;���^��*Dt��r�G�,9�U��6[g&amp#11;�z�zr��2H�����}z��f�&amp#20;�&amp#30;v&amp#31;&amp#28;�(~��ޅT�Fe&amp#16;�K"u��M^&amp#4;|*g��K����&amp#0;�/�?�#�Ij9W&amp#22;mE��qc�br؈,s�����w��j�� A&amp#11;j ��<�z�&amp#19;+��&amp#23;���cˠ"�Z?{�&amp#22;�VqP{&amp#28;s1&amp#31;�D��%���������"2�0�FY.`l�e&amp#14;&amp#18;!m~B�&amp#21;�F�ȡ�_+����&amp#0;��&amp#23;>���&amp#0;�_�I�;��@��H�b��C�Ngp&amp#15;ѿ��B=ǀ�!$����<���&amp#31;��&amp#0;���7`W/>��3J�wۜ�t��&amp#4;Z&amp#0;Z�⹕E���N^tt&amp#26;o�\��&amp#0;lQ�>��&amp#31;!ia&amp#3;��&amp#29;F~�tG�r�~��:����B������&amp#25;Hd&amp#28;MM&amp#30;E��}&amp#18;W"�XΓˌ��Se�")8�n&amp#25;}&amp#11;�\�����&amp#15;�/�I��&amp#25;M�׫^�&amp#19;~��lbl&amp#26;�-�"ĭ��_zݼ�����/�U�&amp#11;�J�*�k�����̯`��n&amp#7;��&amp#21;���bW6O��&amp#14;���&amp#26;�&amp#14;.=C	&amp#17; &amp#16;&amp#18;B2�Cw��-���!Pˮ;&amp#7;1Mxe&amp#26;�q~'YXծ�&amp#0;�&amp#4;��~���S�Ή紙w��c��d&amp#5;=iQ��cle&amp#23;�	*ԋO&amp#12;&amp#11;/����/��&amp#21;&amp#20;�	 );�4�ֳ&amp#12;�"�-Fq�l�h�F�&amp#20;�Ϋ_G%&amp#17;�^�m|��&amp#15;�&amp#30;�-�4'M�:-s�ԏ�?Y��&amp#21;O+��2���� V]�N���&amp#26;��&amp#29;��&amp#0;֩����[F��X&amp#18;�;��n�y�f�.#��J;&amp#17;�:&amp#5;�߀(��&amp#6;�Ғ�^�Y&amp#6;&amp#30;=�5x�)0&amp#0;�C���y/M)�����&amp#22;��'dL�q�����/���&amp#0;2��&amp#30;���c����@�þ3��g�=��j\&amp#5;�\&amp#17;��Ž��&amp#29;��<Ww2E����F�������1�&amp#16;W�&amp#11;�5�A]�yx%�&amp#27;&amp#15;+t	�h�0&amp#11;��}?�9�&amp#0;��?����&amp#3;�{Mv�;`@l>lT&amp#25;&amp#0;�<tI �5wR�-�jV>&amp#3;���_&amp#27;,\�[���	��'l5�;&amp#18;Isb�&amp#24;#�[s�K��N>oF����]��ĸi&amp#29;���-��V�&amp#2;]Ƥ&amp#26;&amp#7;&amp#6;?�U]�׏3&amp#26;�ܴ~[�֏�Π�PG
/�����/UQF&amp#23;p�g$�&amp#8;6t&amp#18;��&amp#22;Q�LcU�z����_�'g�w���&amp#25;VTv&amp#5;RB�?���Y&amp#17;�C�/��)<&Ůq�,��Nv�Y�e܅&amp#5;&amp#21;��C&amp#15;�q���~H�~RŐ���o�n|�N��:�N��>��&amp#6;TV�[���y�&amp#26;��&amp#31;
AX&amp#15;F����&amp#7;E���p�&amp#16;��� �W�,2I�}4�&amp#20;w/&amp#17;��&amp#5;�V�+1��o	�us&amp#5;:~�+l���r7%��&ejs���&amp#31;Vb:��&amp#23;z�y'{V�&amp#19;���D��v�&amp#0;&amp#20;��׾]�&amp#25;���"հ&amp#2;�F�H]p(&amp#0;&amp#23;&amp#23;����l.�,��EtZc�7���EWﮖ&amp#29;'p��=�����&amp#27;�z�t�+e@�&amp#3;u�bVV&amp#12;\�&amp#21;&amp#1;����Bx��&amp#20;�}=�>b�&amp#7;�~�2��So&amp#23;�q�\qF�&amp#7;)��*\C����8��~��&amp#28;�e�w�X�/����t�Ҹ��bԞ� &amp#14;DbDң��\��3u7-I���%�e�h`$�,�fU��&amp#16;&amp#4;�8a&amp#26;���|&amp#1;�"@d�i&amp#26;k<!Y&amp#14;ì&amp#17;Ԙh�&amp#28;&amp#22;w# &2��&amp#21;&amp#15;KT&amp#6;�Km��&amp#0;`��&amp#26;��&amp#27;�Q���e�r+H��&amp#14;y���%�sz�4#��F&amp#7;�ךG%1^��y��pC�&amp#27;e�w&amp#22;E7+V�j���J&�&amp#23;yVZ�е�c�"��r�=@����&amp#0;&amp#18;���O�8&amp#20;�$��'�;&amp#15;��&amp#0;=�~�K�׫�'��K�0[7P�&amp#18; ʍ�z�&amp#1;&amp#21;�ݕ̾����f��������&amp#26;V&amp#15;ټo�&amp#14;�&amp#2;��:�M�&amp#18;I&amp#25;̭z���(r��&amp#7;;�ţm��ϐ�'�׳�\�{"���]&amp#27;�U���&amp#15;��&amp#3;'��Q��SnO���=��9�:Q�+.Q&amp#20;)�y��s����_���{�y&amp#14;-9���$x̷&amp#31;��(|%f��oؼ��`&amp#31;&amp#26;,�������\{��5&amp#2;t&amp#25;�c&amp#2;K�wn�-��һm��.HA&amp#0;�����zw�lr�Cr�&amp#2;`G.uw)�^m&amp#6;��;&y\�Sb"Md��0�X�P&amp#18;�w�d��"7ru��?�*��/�]��5Z�l[�x^�%M'罌9���&amp#5;��ƴ2��G�'�A�&amp#0;�gY&amp#18;Np��t�J�vµ(u�"��~�|��&amp#2;�@%�T��֘Ny&amp#24;� '^qͷ�&amp#28;&amp#3;�J�6ip�5,&�IC��[9iұ��+s��7��ZO��km&amp#26;&amp#30;�Y����q����_&amp#26;�-&amp#23;U��&amp#30;\eN�Jl�
&����L�H&amp#6;Eн&amp#24;9`Z!����d����̳[���1N]oyr�6&amp#6;ٽ~�J�!1ڲ&amp#30;�c<����=&amp#11;g�&amp#12;&amp#31;�&amp#5;e��㷲��8�Zk�&amp#14;��g�����&amp#1;&amp#19;��&amp#0;�&amp#0;v�G��J顚&amp#14;-a����W�.H�&amp#11;q�;t�6$h?���H�m:�몠�-Q�dk&amp#1;�K���[j{\�52�&amp#11;&amp#14;��l&amp#31;�6&amp#19;�7���L�&amp#29;��&amp#16;O"��]Sʙ[4M<�1�/g���g"�VD�IѨ��'Bf��C?>o�+���}L��U�&amp#21;�tI+�Z��|�v�~?��I&amp#14;4�a��ts&amp#19;&amp#23;�=.&amp#23;��&amp#26;[nX)N猜6�!�7��'-��A�����eq_zyM>=���!&amp#23;@r�Z����f�&amp#27;&amp#1;�N,�řBhL�䨰�(��-�-��ùij�}��&amp#29;b�����ӓ��L���k��%�i&amp#7;&amp#21;)`�0J#��Q�[;4��y��#hV�gU�<�:�*�Y�!�m�&amp#28;?n�v�=��&amp#26;&amp#3;��Uc���Q�R��[��^��N&amp#2;��Am	�&amp#21;�7��5"�p��&amp#17;�&�8B�]�&amp#22;u&�&amp#22;cդ�Z���n�\�&amp#6;�e�&amp#30;�?.�v&amp#4;&amp#20;���&amp#4;�&amp#6;b�f|I&amp#26;ٰ�	w0��>�xs�p��c�*�1γ_&amp#23;&amp#31;��&amp#21;��r�U&amp#7;tɇz�Y�0�&amp#31;锞��y?KX&amp#1;�z�&amp#29;�ٖ��&amp#30;ѕ�M��&amp#28;���q���g�k��W9>��$�xߥh�9��&amp#15;�s���SS4k��|��Va�"��qS�9^}(���s=eU&amp#27;��՝_#�q7��J#&amp#19;0�B��ؕg^�?F���u��z�*�$I��L�&amp#19;T��#���<ϥ���&amp#31;�}&amp#1;�&amp#29;U#��o��� �ۏHu&amp#0;&amp#28;mJ�����R&amp#31;G�{E�&amp#3;���o���|T1^ū&amp#0;^X��Nw��.&amp#15;�OA%��<&amp#21;��,�;걓&amp#22;`Ya&amp#2;,HD�A��&amp#3;|�N훿G���T�w��o�&amp#31;O|��8�ם:��~b��b�Z&amp#21;bS&amp#19;�T�>͡��&amp#22;��U[T�e�U�&amp#24;��t��+ڄ�`�8&amp#31;J�c������M�B&amp#28;�'&amp#1;M��a�&amp#30;�Q�&amp#5;K-�X4&amp#27;&amp#19;���`��h�j+kנm�~�Y��}pgO_v�ej��݈��-H�����Ő�!�"&amp#29;Љ�o��^�y�7�4�&amp#7;$E�s�b��&amp#16;�&amp#20;�5&amp#14;y>�L^ϫn+�MV��Q7**�&amp#21;&&amp#28;�&amp#20;M���.� �&amp#31;y?'Y[MW�0i��;�&amp#26;NΊ+�[fK�ɲYn�n�J�tj��m&amp#30;5ޅ&amp#29;ټ�9o�&amp#22;&amp#0;#�&amp#23;�&amp#11;���&amp#31;%�t���`ä�QB���_@62&amp#7;�m���fƌ&amp#14;&B���(UG/&amp#27;�?�D�M&amp#19;���&amp#6;�&amp#3;S������^��S�/�ۧ��&amp#27;cC���s��&amp#17;'Ʉ�ID^A����&amp#2;&amp#0;ޟEN�&amp#4;�&amp#26;�'Y���+�1w&amp#20;�*t�1��ъ$&amp#31;&amp#11;{��ު�}ψ��J&amp#20;&amp#17;Tg���������c��3XoS&݂S�_z�%O�&amp#14;���Zz���7�No�>V��B{%�H&amp#4;���(�:��K#&amp#30;�%&amp#17;慚�H�)Z�QL֬&amp#26;&amp#22;eҚ&amp#14;Z^��/R�]�����7�μ������<�дC�%�if�&amp#22;��YY&amp#21;,�����&amp#24;�s�&amp#1;��m����f9�ݬ'&amp#4;_��6��:y�.T.�z��B���ר̊^�uT\�ؽ&amp#23;&amp#30;U�5)��&amp#6;4W]_1&amp#27;Sl�o{���l'&amp#28;Y���R��Gq6؍0=��{�n���F&amp#28;1�&amp#28;kn`SlG
�d#��G�q���1��:u~����_j>kQ�t��q9h�&amp#6;�Ij��&amp#14;��&amp#30;�P�J�=�S�m&amp#19;R�q�^���r�����N&amp#31;��1;���&amp#15;5ºw4|�U&amp#8;E�&amp#20;��S���&amp#15;�9���ao>w�G,U{��3v�W&amp#6;&amp#3;G%&amp#17;_;��4Ï�&amp#30;7B�1I'���$���9Zw�x�\�y��hS&amp#12;sa�&amp#16;�]b������j���R��7r���኎���&amp#12;�����N�E&amp#27;�k���1'���&amp#1;?�g{�&amp#19;�u��Ѱ&amp#15;V�&amp#12;	�<ٕ^v�&amp#31;&amp#27;�F1�>�Y&amp#21;���<{��6g&amp#5;��o�X_&amp#25;��2`�*�����IϩF*&amp#3;���؎k�Ĥֳ?&amp#3;&amp#4;p"v_&amp#29;|��q�B���$�s�,^;$��d(&amp#24;�SQ�Pd:&amp#15;l1�X���&amp#23;�$-W4�	��&amp#11;7Yk~#}��z�䎺唞&amp#1;K�u3!��\BS���a��&amp#0;�i�%�b�&amp#0;��(!a�	����B��*�&amp#0;g9��(?7��z���vd��?��a��J8��&amp#22;���+�~��&amp#29;�^ysf;���~րkVssV����G�,ܝt&amp#2;����&amp#22;'�4&amp#0;���mx��lu�l���J��B��&amp#23;L�g;�^���߹&amp#7;-7��l1qK���ruE�&amp#0; ��@���k�&amp#14;����&amp#6;_�&�&amp#21;쮚�۪,�vY�eӰ�	t0��&amp#16;lX�6�|�Q���n&amp#27;?d�&amp#24;#���㳴&amp#24;F&�&amp#7;��&amp#31;�|&amp#15;M*U��&amp#19;�x�o;�_bMU�&amp#22;��M�&amp#18;��ʯ�>:&amp#8;Ǆi���ߨ4�ϸ�Y�B��u��|;�C�d$�&amp#30;����&amp#14;~��\ƪ&amp#14;��&amp#14;�]��&amp#19;.�&amp#28;�z���<�&amp#24;&amp#27;&amp#19;&amp#2;�gRx�O&amp#2;��M��&amp#29;�4�f[X��q�&amp#6;ZҺt:L۲r�5�"qY$�Y&amp#28;�s�y�-�&amp#2;�$%���h=%uSy;5l�$A&amp#29;&amp#14;�%Y&amp#31;��Rd�&amp#30;��=����j&amp#14;<�^@�&amp#31;A�i��uM�{��5"��g�&amp#18;�c4&amp#20;HY&amp#30;�'�&amp#28;��id2`�Z��H�-gY��q���į�9��<���s���+n�0�.V&amp#14;U���ۣ̇�����F[�gh˧︃&amp#20;(ҽ�0�&amp#2;�aO����Sy�&amp#14;Hb`j��z�K)�ήw&amp#11;����*V���&amp#21;ϝ9L�&amp#2;�VtG�yzR/z&amp#3;%b�J�m-?|K_7贎I�M&amp#0;���hQ����"�a�f��&amp#19;=�-G�ݫK$�D�����X2��VlU���Q�:9��jN&amp#18;b=-��&amp#8;��&amp#12;�M��r?��&amp#21;�wi�o���[��a�����L�&amp#21;z&amp#0;&amp#22;n4��a
&amp#0;uyYH��&amp#17;��g�Վ6	�ƍ�M��6(�>;ٛ\9�?��tw�;&amp#8;�&amp#23;&amp#20;}&amp#6;
&amp#30;�N�&amp#2;|�ֿ%~���&amp#6;��
&amp#19;��&amp#0;-v�v�ۖ�Ep�&amp#12;]6�g&amp#27;�X��\s�U�Ί�����&amp#1;B^&amp#11;�ڄ�.ؘM?c��Z�GI&amp#21;Y�n���5o^�U�	̧1Yζnc2&amp#24;��{v&amp#17;�)U}O�į?U��]��*��)���\���-L�:=&amp#17;&amp#19;z�i�,S/V�$9�&amp#15;v\����?12��%M&amp#4;�&amp#19;�&amp#6;^P���&amp#31;&amp#11;�j�k�&amp#19;+���Q�&amp#28;A=�&amp#20;`���A�T����!-�I&amp#20;��M&amp#20;�"XM_jՅ&amp#27;&amp#15;�&amp#21;>Ȩ��?ޜ)��&amp#24;��&amp#21;���&amp#31;l�\&amp#23;U&amp#11;qq�H��֨&amp#18;.%&amp#5;�N���&amp#19;&amp#11;��ꚙ�i�%�&amp#26;&amp#8;~?��ɂ&amp#22;|�&amp#23;&amp#4;���� &amp#1;ȵ���Ń�&amp#18;В��&amp#8;���&&amp#30;�����5uj����&amp#18;s&amp#2;������z�&amp#0;5�Fi&amp#24;d�{"�2p�&amp#2;c&amp#24;�®2oD+[1U&amp#20;�C���7��+v�:y&amp#28;0�Ek-�w�x;w��+��cp&amp#12;�w�+���-ܟ�!܊�縛w	w$��&amp#14;��u$e��9N�&amp#4;��By&amp#27;2)<�B1&amp#25;(��]&amp#7;�:&amp#30;j&amp#25;B&amp#14;�&amp#5;��&amp#0;H���D��&amp#27;�&amp#4;�g>�j�w��&amp#2;�4s�/&amp#0;���|Y�3���?2�h����g�&amp#30;���3ط�!�^�&amp#24;Z&&amp#26;�B�u�&amp#16;$�Z��z&amp#15;���P۵&amp#21;��=��%�&amp#1;S�&amp#22;%M�� �a��ʖ�L&amp#30;É��%vu�yD2@�&amp#8;DIDN;c��;�&amp#8;&amp#14;�狢�5(:�̬p�$)��&amp#16;v�ǟ�:9�"5����jW��i&amp#18;��3߽f���+�Gͮ&amp#24;&amp#23;Y#˥�i�-�o-y/UJ��.��ڄ�&amp#3;m=Gɘ�&amp#17;&amp#7;۹�&amp#25;,�jϊ�|&amp#24;�fP��&�U7&amp#5;_jD>����x�}#����<��3�&amp#27;_�����e�m�J�h�}r�&amp#18;��`�C���8n��!��\����U>���Kp���܏Y�V&amp#21;mp�&amp#3;O&amp#29; q	v�%f�E�М&amp#11;��j��g��&amp#25;&amp#24;���֭&amp#21;q�&amp#7;�%Y�&amp#29;�Xp��u��&amp#2;���Q�IFw��&amp#30;oj&amp#11;w��x���G&amp#11; ��v�4޼!��T�<�&amp#1;�EY-RA�)&amp#4;��5y�&amp#27;&amp#30;�ϣ�f�'��f�ϴ��s2J�$0��WF�@%��p�d�e�&amp#29;,�,�6]v�3r�XM;�&amp#8;�Mo�&amp#6;�ǲ~M�<ף�&amp#18;�U��ã��t3�&amp#30;cbY �&amp#15;����_��,~�������&amp#31;���7i8I����g�M�V͋ q&amp#6;��{_��7���ˣ��8�-�VX���&amp#14;P!��5G^�F&�p
�&amp#23;єX�%��&amp#24;��ɮʵ�)J��̪�7�f���.i{j(&amp#28;$�&��*l�6&amp#17;	�H*�ԍ6Vf�M&��~��V$&����ݐ9��<�����dT��g������&amp#7;g�2��ku4[�Qf`l+-b?b	������&amp#7;'0��G][2^�J�&amp#21;ckU�X�ҏ�B&amp#21;k�~s�*����A�&amp#28;͹�).�9�f��G&amp#15;4&amp#24;�K5��zO[!�/��0���9_��m�>�YT�Պ�"&amp#7;/&amp#14;Q�/O�&amp#29;~z
	?�����uOR�)�;Yǭ��t�E&amp#1;N��h&amp#5;&amp#22;�W�z&�'�[/��&amp#16;"_�kռ&qZ^ �9&amp#12;x�&amp#22;���n&amp#11;eB�K͌̊r�|K�&amp#19;֖�5&amp#21;��&amp#25;`w��&amp#30;&amp#4;��Yh�&amp#16;�&amp#18;�`6��۠��u�n9ۥ&&amp#21;&amp#12;�	���{j�&amp#15;������Ղ��j&amp#22;�m:�R�&amp#23;�̯v=&amp#1;M�?V�u�V�%�e=&amp#14;�pȗ���&amp#7;�<�tusk�&amp#18;f=V�rt�*��c�N�l�|�>��n�&amp#31;��]�8F��鯶|���H$�Vu�#u��J�-��(yFv�M&amp#31;���9ϣ��&amp#19;S��4�&amp#7;{��Y&amp#17;��ޏ�L�j�$�g9��UZl�4��ل�.ય=���&hh'&amp#4;g`'Z�0���U�~���܍{&amp#30;g���e���ը��{j�G"�G�f��m��7��p��}&amp#2;��dJQ�;q���^���?��m�&amp#15;��.��s�Z�ʖd[Ȁ1��&amp#30;&amp#18;7"%��m[�dv��O�7�
�O\ב��	�uX�'���췪�"��nf�Y#�r���Zbͤ�(����&amp#23;��F&amp#23;&amp#25;&amp#29;�6&amp#29;&amp#16;�b�.raN��Z����*&amp#27;cCs]�z��z��b6�s&amp#22;�+�UO6ao������4>��D*�&amp#22;�W���Mf謫�&amp#24;;s&amp#2;�<?�x�aa�&amp#28;X�p��Mi`¬���Wea�Tf�&amp#19;D,X���&amp#22;rb0�7�*�	��g4�͉5�ָ��&amp#28;r�A�Q�_p2(A��惝#=��	ތ�ԝ�ّ&amp#0;�&amp#14;cΆg;&amp#31;f��"(�mL��/�&amp#20;zmN
�MP�ϱ&~�bz���M]9�D�g|G[&amp#1;?�/W��O1�&amp#28;fS&amp#31;�a�A��&amp#11;�;�&amp#30;x�&amp#30;[�u+uӿ�~20��Y�tgfqwjk孮�24�=kj�&amp#30;M��Y�K�j���&amp#5;%��wJ �Hj����k?Z�u ���l�F%�`ե�Y���w�>t^�z��E!���j&amp#30;��j0&amp#18;����_&amp#23;Z���s�},ШH&amp#17;�H&amp#2;2?Ea&amp#21;}�K��Y&amp#3;���zFW��o&amp#22;�gg�`U�ZHV�:*������&amp#1;����&amp#29;�w��AD(&amp#4;
&amp#14;~%r �^�IGL�&amp#19;dY��zx&amp#2;j�E*뎻����N�%I���;��1�h&amp#25;,p�&amp#26;�&amp#16;r1�q�7&amp#20;���u��&amp#18;
U&amp#28;H˖&amp#19; &amp#25;&amp#21;t��EO�}�Ȭ&amp#3;��&amp#3;�;?)�i�Mk|��n��G����&amp#16;��&amp#27;�&amp#30;����+���kn��t�Yg&amp#14;�&amp#16;j�ہ�8��o�qc���	�I+n�&amp#16;�&amp#27;&amp#8;5v���EWr�W+b�"������v�	V�l�����b"N�Xw,�Hwe��=�&amp#19;5��g-�Hkbn&amp#26;�&amp#1;�:A�I6��=&amp#14;�@���O6%&amp#19;��
2y��9�&amp#17;�"����,	i�&amp#2;�.*�F�~%ꇘ�]���G�{Nq�9�@�Ä�&amp#28;j��&amp#28;-f�Rz��&amp#4;(-IxU��ѭXZ�����R��&amp#31;��&amp#0;��M&amp#0;9��G�v��O�l�ʺA&amp#4;�]��N�&amp#31;6��4+jcl1���Ӣ�X�EWn��&amp#27;	K����24ț�&amp#0;+[F�q&amp#14;��Ne�Ǖ/��6�L;͠]=x�Q&amp#20;5-s�9O]�{�=��h�mEXl��&amp#17;�3�(T�P�'0,�Nղ V��&amp#24;�&amp#24;��	��wP���O�&amp#31;Ò�&amp#8;U�\$�fO��k&amp#19;&amp#21; ���K�-!�K&amp#22;f&amp#27;�Y�<^U&amp#23;�MGB'&amp#16;.�:&amp#23;�.���&amp#15;��Ö|��1�d[�VB�P?I���[Zw��&amp#5;I���&amp#7;C&amp#20;%�Q�(I%5&amp#29;{֌q�X�;&amp#11;tOv���#��7�WUI��&amp#21;kQ%�Ac�ؗr԰��n&amp#29;m �E^5%׵�E�L�&amp#31;�����&amp#26;_�&amp#3;Ua�`�2�N#4c�&amp#26;�X&amp#21;aj&amp#28;KQ����H&amp#31;78&amp#29;&amp#24;�8����&amp#17;d�:J�p�.`�}�&amp#8;m$^t���&amp#17;&amp#7;7hS����uj��h�\�&amp#23;�&amp#4;�_v�/X���܈��&amp#26;b���&amp#0;�eX1&amp#12;�BPq&amp#19;��>��A&amp#20;��Z��a&amp#11;&amp#30;.&amp#28;�&amp#29;&amp#7;>���Ciy_��goq/mM��&amp#23;�:�q�bp7�&amp#18;&amp#2;N8���&amp#20;�F�v�&amp#19;��ѡ�&amp#31;��aW�տ��&amp#0;��$�Ns֗i��klf��m�]oi�=�&amp#14;c�>\V����s�>�Ib��%[C^t�>�d�F�ϧ��ne!Xڵk�ޝE�=T�gp��
;�J&amp#20;��Q�s}9rT&amp#25;�Z�������yί*�U��*&amp#7;��U�F�'�<�>ⷪk�k&amp#27;M���&amp#26;*�i�_�������Ђ�S�]f��Ԃ&amp#8;T���&amp#20;�&amp#1;&amp#19;&amp#14;&amp#29;&amp#2;zN0�=-�Yl&amp#18;l:��O�����We��^9��i/3���E���P�6+貢�&amp#20;rt^�&amp#17;��r�&amp#17;�e�+]&amp#31;����+!1Ţ���&amp#5;����'�?�Yƨ9���%�:��jS�agy�Si\P�^��mQ��&amp#0;���3nԷ&amp#31;��e��MLݹ��h�፲�-�&amp#28;I�&amp#4;ј��ŧj��&amp#2;�&amp#20;��Fh*ӡ:0�&amp#21;i#&amp#28;+E����&amp#30;��S�z&amp#28;���u~&amp#18;�2&amp#0;�I�A��r�>���iܘ&amp#25;<F8�͞��
Q&amp#26;�3�&amp#31;&amp#20;o�.�&amp#1;M�&amp#8;��&amp#20;�{{��ѕ��U&amp#26;�<��y-&amp#28;�X&amp#19;��!��9��cu+&amp#12;�?W�{����/�$F�M(Ҩ!��(t��U&amp#20;&amp#17;{�c
&����^��{�mW�%u����Ҩ��3J���&amp#22;��eG�����O�i�&amp#23;徬�ԯE�f&amp#16;��/��(%���&amp#5;9|�y:�uS�M&amp#7;&�H&amp#29;�&amp#25;WZ�[��&amp#15;Zr&amp#7;]����˂�v�r5M�VGr�CqT&amp#25;�O�뀾�&amp#30;��}tTG*�"@�_;.JB��*&amp#28;�&amp#14;��龔�͌bH��	U|Z96	1�y��K&amp#8;l"Z
9l�;&amp#19;(��C$�&amp#31;W`nF�d����2���'&amp#16;��j�&amp#23;>�^��ѩP��z&amp#19;1�y�>&amp#18;x�Z��y���+ٹ�	��b�����'rN�;�;�FKH&amp#31;��W�o�&amp#31;7&amp#14;�&amp#23;�&amp#7;��*^��n��,��M�Yl�&amp#11;����&amp#28;�&amp#26;�J�F��*v�I�ν)&amp#27;��-��0�_XBz9�eOZh4F����7&amp#6;�O&amp#4;ؕtb�&amp#28;5 ;4++�w�Mc�&amp#19;~�&amp#4;�k�L�Z�2߸V��M&amp#24;�|&amp#4;&amp#22;�<&amp#0;g���d���&amp#4;G��L�Xđ�pM����'&amp#21;����0&amp#8;&amp#12;-&amp#28;(�`�@&amp#28;I�g�[�&amp#4;v�){��G}Th�g&amp#24;:HD�+"������#��|�&amp#15;�9�O�]Z,�F��y-�&����O�e�[�'��22&amp#6;C����&amp#17;�&amp#6;Q�&amp#7;�A�_2�Kr����*Y&amp#20;z@��~��������h/���F驯t{����ҵ%_�U�~��&amp#27;���4т�weG��Q&amp#4;����c'��;5=�V�eY}�ƽ�Ғ��Ůw�ru��\�r�Cs�i1%�+�W�}��&amp#22;Y���U��&amp#25;�&amp#30;��5��t��Ld�}&amp#15;�>B��D�&amp#18;�&amp#23;&amp#22;�m&amp#22;�q�ZO&amp#27;�z��&amp#27;�G��ʺoӹ��X&amp#11;݊:�Z22h'�>gW�Νl�3h��&amp#21;&amp#31;&amp#30;��V�\��8#�&amp#6;�q�����G5-�bW�&amp#25;��$����&amp#0;�ҽhөK��0�D�`+��u+�&amp#0;��Q�f��9}���\c�9��y�+EY�2�0n"�[a&amp#8;ei5�(H��L�&amp#16;&amp#15;��&amp#29;ud����_�&�&amp#25;&amp#31;&amp#31;�e�X(&amp#28;�u&amp#29;����v�.7+��&amp#24;�&amp#25;&amp#20;u�Tg&amp#26;&amp#15;qI��&amp#1;r�\h��\�����^�����0g0&amp#23;&amp#23;lkA��'���&amp#17;�&amp#24;�rP{��bN=���,Z��GcJ6&amp#12;$�z�rdG.|.��sQg����5KG=p�@:���g�%a������&amp#23;��*�&amp#20;&���\&amp#11;�~�h|���k�g�_�?O}_�67�<&amp#31;�JY^Xyn�P&amp#27;=&amp#12;�&amp#28;��g�~g�u&amp#7;H��>kFJ&amp#3;&amp#24;U�~p&amp#15;�4�ymt�O�kݜ{���{���[Qխ�Vf��/D�OJi�&amp#23;�m�g/j�&amp#15;�{&amp#15;�.r��h�ʪ�F��Ś��&amp#20;v�JM��vğ��w�3�?w-S&amp#23;�&�&amp#17;���$~����m�s�Y�w��w�(�&amp#23;��K֒���&amp#30;��n��Q�j�ھ���q|~D&amp#15;�k�Re&amp#11;A�WI�&amp#19;2���
d�#&amp#26;	��c.�T�.�b�,~�#5�&amp#14;Lu�e#jz���RU&amp#27;���e�F����=��&amp#28;��,&amp#8;{�&amp#14;&amp#24;��N�k覛Z&amp#23;�%�yS;�b:~��&amp#3;
�O�ߒ�X�p&amp#14;n�u����]���&amp#11;�ԋY#��@4���9���K�a&amp#27;��e5���hG6�&amp#21;�&amp#21;���&amp#21;��xJ&amp#26;2�&amp#14;ט��6�9��A�qFG[�m&amp#0;�+%Z���L&amp#29;L6��W&amp#11;� ʨ=3&amp#12;�!��!s&amp#19;�K`�8@%~&amp#2;`��^&amp#19;8&amp#0;��&amp#26;����$�8tdʱ���G�Q&amp#26;tٔ"{YT���D�0$[NS&amp#23;�޲&amp#22;���&鋀2�a�޺����e�^�v�=�&amp#0;��=&amp#4;�j�*�Ǿ_}4�W�0on��o��j;-&amp#29;�&amp#29;�&amp#26;Q&amp#22;&amp#7;��F�M&amp#30;�ƛ�<��&amp#29;�����T&amp#5;c�h$��O�&amp#31;�:Iȴ�M%&amp#20;�Owo�{�w7�>&amp#2;�Eqӹ�&amp#29;��<���	DiK���٧c���zt'����G�&amp#11;V���R>��>�i[&amp#23;e�4!{&amp#24;ش&amp#31;
�#�&amp#28;sI�&amp#21;&amp#14;{����&amp#0;��V&amp#7;yb,}���T�j�Q[�Z��*/�(l�&amp#14;���K��&amp#20;�l��ɩ�łȈ��&amp#28;�&amp#3;��&amp#4;&amp#30;t��+�&amp#20;~շYқ\�&amp#11;W2y�
tII0�T
&amp#14;ÐMƬ�����&amp#0;D&amp#30;!&amp#2;&amp#12;"�ř�w�[\"-�$]�;���&amp#0;�v��M�p���^&amp#27;���/���&amp#20;�ր?:~�|� x;��&amp#0;�?�&amp#16;6���<���M�&amp#3;3&amp#21;O��k����҈���{\�&amp#29;&amp#22;d��Ο/���&�	�&amp#6;�_�&>�AlVXەI�1��H��&amp#19;V���
���AX&amp#5;K8�@�&amp#31;G�l(Vc�	�}&amp#22;��܉�Ow&amp#3;ke�&amp#8;���&amp#7;�=&amp#18;*H�u:D귔�A	���&amp#12;�j�AB���(�H&amp#22;�+&amp#6;d`e&amp#12;��|�I�`�(�l&amp#19;�F��&amp#2;�PU��&amp#6;C&amp#21;h&amp#5;d1��p~&amp#29;�&amp#30;Q&amp#3;&amp#8;��������@3s�o%칇�&amp#17;�M�zK��|ެ�#&amp#26;򀔍���&amp#31;���1y��P&amp#2;�W펪���m��;&amp#22;������&amp#0;=>�j')AD��ʨ�ݿ�߸e	�&amp#20;r��t��Kf�u�Wr'\<�b��it�9�|�O��B�q�;��
�έ�|�.����i[9}<�K��&amp#11;A&amp#8;��3<�O�T�ku�ԟ��&amp#0;OBYv��c;_m�Cz�ͯ&amp#0;^q�/�7)����I�&amp#20;�Z��&amp#23;_d7�qxb����!U[�&amp#18;.��G&amp#21;+�f��Z~�-&amp#17;�A2�&amp#29;�L��};AV�L/���Mu�ף�;4&amp#31;@۲��&amp#23;�&amp#24;�|&amp#7;3F��&amp#5;�Z&amp#29;��8�g{&amp#1;+��&amp#26;�i�&amp#25;@�YV�ތ�'��v������Չ�'7ug2�&amp#18;�JF�{�W�v��@�={��A�]ۻn�%Et޶Λ�5�/�&amp#31;J�h2��&amp#27;C�{�&amp#27;n?&amp#19;���`��"���%�f+&amp#24;&amp#5;�X&amp#28;pZ�܄�&amp#18;Ӏ�Z�e��Q�rj0���
&amp#23;!��&amp#4;Д,&amp#17;��X����t͑n4E�&amp#27;�U��ͪi�b@g�8yˈ��&amp#3;e:��Dc+XZ&amp#12;^&amp#0;�$l]��ܳl�dC�&amp#7;ZG"�̢&amp#6;R���z��^&amp#17;���~_�3~7�=��\&amp#25;�Cn�QU�!e�&amp#18;���	��7$&amp#24;lᅁ&amp#11;����X�p~&amp#28;�^&amp#22;��V��+I��&amp#23;�&amp#15;�_@�Q�h�mE&amp#27;,�;����&amp#27;H^T�-δ��J�ҽ{�}�ꂪ�ڽWS��v�&amp#23;�z�aք�H�{cW���i�\'ڬ�u"�G��'&amp#30;��"&amp#7;6�:~�Pj��a�K��	d�u��{�5�M��'=P]	Ac��=Y�]N�2|ym&amp#0;ceqh⠄�y�����*&amp#4;�It7�=�DND��}�խ�ZL:�s[&amp#4;WLer��j�-�o�
3ӳ)&amp#3;�^������+�&amp#17;r궹��-l��&^��&amp#12;�&amp#21;0��	
'4q��n6{��Տ�&amp#31;uqwGʟ�&amp#31;0�����(�_&amp#27;�&amp#22;����G�4�w��o��i��q��&amp#0;v�̼\{���1�W�>^}]�Ja��W��&amp#0;�Mܩ�a��>��@&amp#22;���P��uQtUƥC��9�`&amp#21;�I�h(�3D_��E�'&amp#25;�˙�@&amp#18;&amp#8;��&amp#24;D�|����l&amp#18;�
&amp#18;A�H&amp#4;~-zD���8sءj&amp#16;��ךZٔ�]�4i��M�%�˭R�Kg&amp#21; )v�S&amp#17;��ΣɌNO1����*�&amp#27;e��&amp#17;��L�t�6�&amp#5;�q٠	+�U�&amp#26;��Ib�5�ߎ�&amp#14;&amp#27;Fb�&amp#8;�R&amp#23;�&amp#31;C>|��3B&amp#27;&amp#20;Q���7��6T���l%�{���V�&amp#6;ӗ�@;s&amp#21;%|Q9�tt��t����ā&amp#1;�^����&amp#17;�`��M�z&amp#3;b��W���_٭&amp#2;�]�ﭪ�d�P1`�/8ӗ]1�j��w��&amp#0;��f��jlen�;Li&amp#7;���z:��i\]&amp#27;S�9���&amp#19;����*�ٚ�R����_P���Z&amp#20;MZ���&amp#14;b�e2��52�OF&amp#6;���&amp#25;���T��(�&amp#14;�>�{�␩�y"�
�أ�j���&amp#0;��S�Y�ya&amp#7;��� �9�����|)ݝ��s&amp#30;<�>Q�~H}&amp#18;���u���&amp#30;���7�[j��	����>�Y$&amp#21;&amp#15;�z@�99窦�G�������X��H�l�4P����}t���I�����N;1&amp#3;֊�6�ԂQ=&amp#23;G����_�&amp#25;&amp#21;�&amp#3;.�¨&amp#20;&amp#14;�N��K[ףZ&amp#26;ej�v�[qo4y3��؊r8�U�&amp#27;&amp#21;��&amp#21;� ���ꐝt���k�5�z&amp#25;���3ெ�i:���2&amp#3;I �&amp#0;(�5��#�E&amp#29;IS��;�Y��&amp#28;�E���~��9q&amp#28;11�'�&amp#18;�&amp#28;�rI�p�b��I�K��X&amp#1; a��o���p'�o����P9�7&amp#21;5��/�,��ݛ�t7~��C2O&amp#23;&amp#29;&amp#5;S��5N�Z&amp#11;�y�;B��^	�6�+�I���nD<'���M�ڱ��˭=����W&amp#23;�;K��X9�S|i����&amp#3;$�E5wSY�R����س72��������0��0w�)kʔ�гzO��I��&amp#5;�Ί�a&amp#4;�dk��{^���&amp#26;A'Ǫ��+��O���	��i�ؚ �5�q昘R0r6N&amp#2;�B&amp#4;�H����/��S��S�Tt�կ�?QKN�w��U�[���ڱ�&amp#20;�ryYKp�a�j�����k��&amp#14;��.��&amp#12;MHĺ��&amp#22;k��e�&amp#30;8�&amp#17;��2-�<Q`o��!,�Ӷ�V3&amp#2;�a��&amp#0;&amp#2;�\�t�:&amp#0;�G�7���=s �>�N�1bJ6�&amp#18;�3&amp#17;�@⤡�lSJ���N�S&amp#4;�{�I��&amp#22;�&amp#31;x&amp#4;���9ņ]�m�Dڻ&amp#30;&amp#6;0�@� &amp#7;9LD�qOО1y"��?t��]�&amp#8;�l�&amp#6;���k�ȳ2��T~������.*iu&amp#27;ԘxȖ[�z�y&amp#3;E��"'�r��&amp#31;X��&amp#25;3&amp#12;ʎ�<�l�d:v�-X,�&amp#14;&amp#11;1��~��8>�����g�ژ&amp#5;����8��&amp#8;;u�nvs�&amp#21;&amp#0;��M��Շ�-�[��Ϟz/��4'������%��!RE����&amp#0;�=�&amp#22;3`C����ҭ=���v&amp#23;&amp#31;��K^·>�Ooi�/��&amp#3;���b��Pr��&�4Z����y:m����fQ1ږ��JO%�I�&amp#15;K�+#&amp#26;m��3�f8%�&amp#6;x:�&amp#26;"�&amp#0;��|f�ޅ�����ͣmƔ3ุ�`;���I�&amp#0;�a��qT��&amp#7;](��>U�C	�.I�~2�{��4��&amp#18;~�:j�W��e_8����&amp#22;��>�pnr�w����&amp#28;�v@>���T��>�.��&amp#20;k鴂&amp#15; �&amp#25;%S&amp#6;ȝ%J :m+�G#U�� 1J�.楑�e�I��9ZZU8K��H�t��&amp#24;;�&amp#18;n#&amp#27;3&amp#12;�t&amp#4;l&amp#21;��&amp#21;֞�CXN���hX���T��+�Ր#&amp#29;&amp#28;z��KR��3����+���&amp#31;�9�D+`&amp#25;z&amp#28;E�&amp#15;zW���)���a7&amp#28;E&amp#12;M12AE���)=uO1z�k�6Dif��ŞR�&amp#30;��
���r���&amp#25;�&amp#25;Cj�oL�$5�ɉl`��4�¥&amp#11;&amp#26;ٞՖ�&amp#7;�as� cb&amp#2;�U$3��/�>���8&amp#25;D[m	&amp#23;rp�r@��Wk=-VŻU=�sz�Ł��˟z;��ޑ�����h3�y&amp#4;@,�O�}�&amp#26;`W�x&amp#21;odמ��םO�=B���&amp#1;�5����&amp#1;��Y�UԵ�J��=�ǽn��1����f{X��(;S4��N�S��_��K&amp#17;\:�Q5�Z{�X�&amp#25;��&amp#21;�z&amp#19;�Ppr[�,n�n#��_��ҚH�ز�&amp#24;��)2�қ۲��X��&amp#6;�d&amp#18;g{��&amp#23;�ݳŢ�3�}�Ĉh��&amp#14;	����&amp#23;��m6��q��åz��,�v�S&amp#29;�y�&amp#0;�(����>_��8t&amp#21;&amp#23;��LI��&amp#5;&amp#31;�&amp#0;j�1��%c&amp#17;16&amp#21;
	&amp#29;.&amp#5;&amp#31;ֲ�=,ۺ7 �ɦj�&amp#7;��&amp#5;�(�z襠���_">� �'lA|&amp#18;H��"�b���A�Z�59�&amp#16;-�׮HiE�E�z�I�F4�ےO��3l�E1�3�&amp#2;m4`3��#�c��n&amp#2;&amp#2;�I�T��Ҝ�Ӟ�&amp#2;B���4�~��.A�E�_-&amp#8;��&amp#20;O&amp#27;P� ���ٶz�*��َrtOŋ&amp#8;&amp#11;&amp#8;3z�9��&amp#19;��Ȣ%�YĦ3%W�9�&amp#26;s�Օ&amp#1;�a��T^M[@�y�&amp#6;�Oi���#>�k"S�xϬ&�R�.6��طg:���4�&amp#28;>�&amp#11;�(,�&amp#17;�&amp#14;��V�*(��LA1?<�к�u���Э}���z{��e��&amp#20;���9��m�<4|Ϧ���jk=�r�Z����|�����)hB30���UAqT�.��2�cR�u��)�d���r��6��z7��m����+9Gi'�~��&amp#14;����L�zyM��#�&amp#14;/Q,�&amp#12;z`&amp#14;�bE-0,�N�]��n"ќ=��`�^��#�X/�&amp#18;&amp#26;&amp#18;i&amp#20;�����՟s�B�����2�k���i�}|殘��m&amp#26;P��*h^e*Iֺ.�r\�
�ЯL&amp#20;���DIܟI���N�ӊ��XN��/J6
��O�>��s�)��&amp#24;&amp#27;��&amp#21;;�W1��(�����-@&amp#11;�>������d&amp#31;Eߎ�=���&amp#8;�q<������ӽ�j#l��&amp#21;��Uͪ&amp#6;�P��j
&amp#11;��v��e�x�h����.��g5����&amp#25;t�L�ZY���ζq���y&amp#0;�,mf��W�P�~~8j"]?��&amp#21;"Ԟ@���&amp#16;	� 2��',&amp#29;���]�¾��s�Fi&amp#22;�E>��&amp#14;���&amp#26;ﳚ��^[T5�^+"�V(z&amp#15;�����W	��e�&amp#16;J$�&amp#5;����E�hh�&amp#2;�����x����ˡ[W�L&amp#8;5���wܔM���5�9sR��CtG<�&s}��W��I]u�T�H�֜�P�5
�=��}�j�&amp#30;�}D�W;��S�k&amp#12;}&amp#6;��Ҽس&amp#1;}��qu�_��]���B&amp#30;�IU��p��Jn�}��#��W&amp#26;&amp#23;g~��lXrߐ�3��ܱ�����a�S��AP�q^��e3���&�@��\͉&amp#28;�"���A�:竄ã�����_��6tm��&amp#23;$E�&amp#15;ܶ<~��J8M�
=�l؜�!&amp#1;&amp#24;&amp#12;�,.&amp#19;zY&amp#17;��&amp#28;+�T��&amp#17;Zҍ�h[U�Y�ogd���a���7&amp#8;��tMA�e�&amp#12;�Na&amp#5;�'�iw&amp#29;� &amp#22;/�K�&amp#17;X*I�Dx�E+&&amp#21;&amp#24;��&amp#28;8۹���&amp#21;�2t<&amp#6;�e�Xʉ|��\P&amp#29;M�Z&amp#8;�S�ҩ�d�1p�c��WHЂ�\EH>&amp#31;'�hfܫ�)6\�&amp#28;�+Ov&amp#14;[A���ߡ�&amp#18;B-CfD��f�&amp#24;���p̫�_-�TVE&amp#27;&amp#20;�@y&amp#25;�&amp#3;��W�}���!&amp#22;5{��}'ϝ!YꭐSo7&amp#26;k�;m&amp#18;׻p&&amp#2;ש�2�&amp#0;��Y���&amp#16;v�oj�&amp#26;���f�~y�E�&amp#17;��&amp#20;������v��������[�z��Mtq�ꚏ���X�/Z>�����&amp#17;ݞ&amp#17;FMS�I� �ԡ髮�\�&amp#15;�O�B��0%���@:'�)���H�{�&amp#4;%���Uu˖ob�����/�&amp#3;�)R>0�s���=��a�Wح!%,�0��N���\�&amp#29;�_?�낆f&amp#22;�S=�?l&amp#22;�Ը,&amp#24;�.'&amp#17;#�X�o9&amp#18;fEn�&amp#30;�$t&amp#29;r:�&amp#25;&amp#19;�2&amp#25;hU.��^����w�q�&amp#6;�h�&amp#21;�F[~�,������;&amp#5;�K6t*���^���4�#^��S_?�i'M�Z����&amp#7;_)�&amp#0;�o�_G�=&amp#15;J+&amp#14;�g2�&amp#12;�&amp#14;�L
&amp#15;h�&amp#15;&amp#17; .C�&amp#1;�"�aFNR����}̟3t;�d_J�;�^���ݰ�ԋ]@s�U�db�'A�%&amp#3;�&amp#17;b|�ּ�`ZR��z�w(=�C�&amp#8;,u�&amp#28;�M.Hc�ոH����7�&amp#19;�s�&amp#31;?&amp#21; �}���3G{�p�&amp#12;_I�$��&amp#31;X&amp#18;X��%�-��}�y�:Y&amp#25;&amp#25;6zĴ֟����k�&amp#26;�ů�[[�/j_�\&amp#11;w�������o��&amp#11;,6�P���&amp#11;��y�<O�5���|Z�&amp#24;�o��&amp#3;&amp#27;&amp#18;��&amp#21;Ց^{?&amp#31;K[&amp#21;}��]�&�J6r�Su�=0�=�-	м��4E�ZNq���X���a?�?}&amp#18;�G��c�5�Z�h����GC�C�v&amp#27;&amp#1;#���ų�&amp#29;Aɛ٭��ʑ&amp#17; :������_����o�0����B.���[�[F֒&amp#26;�n*&amp#23;f�:��P@���j�h	�[���ĕ�'����җ���0��%3T����W��w&amp#8;~�8�c&amp#7;��6)������&amp#7;&amp#21;*�&amp#31;B�&amp#24;Q�n��fS��93&amp#26;껣�ZР�HI/'&amp#20;���&amp#27;=�,@�E��t����jd��z?��M�V��kAmg'��fݵ��~sm�w���o
�a�&amp#21;v��&Nx'|t�Q$b�_��9ʈ�&amp#25;&amp#27;&amp#21;b:�s��d�'�
�V���[]�V�X;&amp#1;&amp#18;�z&amp#2;���.
&amp#22;�t&amp#6;w�=$Vq�&amp#4;ɑ6u�&amp#18;Q9�&amp#0;��k�_��i����&amp#27;̷�&amp#14;�G�Λ�&amp#18;�]Uc<`�^YԘ�b2�&amp#24;��Z���1&amp#16;�.2?x0�EYÝ��>��A*&amp#27;��p&amp#24;�髂��&amp#7;m&amp#29;��c��ݝ�S�Af&amp#5;ש�B�2٪{K�{6��v�s�H���&amp#31;�f%�e�&amp#17;&amp#5;�ý���f��C���*�Kv�&amp#20;v��ƺ�)B�\�м��T�A�����&amp#5;&amp#21;Qw�&amp#11;&amp#14;@��<�&amp#21;�qiU�ډ�.p�s�郡�L&amp#4;vp.hÃ&amp#27;�)�n���TWI'�"=����E�&amp#23;�{
&amp#18;�`�&amp#6;@�&amp#25;&amp#26;��VQ���.�	Y�os��K�1S���*���	�&amp#30;u�*L@%����}3� �]Å�mxr��v���G�$�&amp#25;3T�Y�t���m�BX?X&amp#14;A�|GyS;4��և�y&amp#11;k(�;
���簽m�9nPj�`�=5�Ypm�s&amp#30;&amp#24;Lt�Q&amp#19;��)��yߢ��3a�q��F��Z�/�׌��|�c�&amp#31;PgIT'��&amp#20;�&amp#19; �&amp#12;V1'bX��w3ѭ��t&amp#23;��&amp#26;L&amp#20;&amp#17;��&amp#24;��xнn5fy&amp#17;&amp#30;m��*���/�0&amp#18;<�J�&amp#12;�|P����U&amp#4;flO̟H�5�n����k\8&amp#22;W{&amp#30;�d�9&amp#26;N&amp#11;&amp#6;q��&amp#4;����&м�s�&amp#22;�٬._z��9�'�nJ���<H�#B2�&amp#7;���8�����y&amp#8;5?tҎ	��RX`'u�&amp#18;cw7&amp#27;�rF��)᥇�S&amp#20;��Dg9N�g&amp#24;�8�~�D�&amp#24;X��~&amp#19;�2&amp#30;e&amp#5;Y��lJ��y*T�x��=�.�˶�٨�$�[/�&amp#22;�羑�䘪#�h�[�-)�MQp<R���.&amp#18;��JVφ&amp#22;&amp#25;�J.ӫ-,�/�)*� ��&amp#11;&amp#22;���?64��ucWt5]��I���'����?��^�9�^&amp#17;&amp#8;���u�z�:�&amp#0;�.�wƻ��&&{��g$i15��tPܟ�<�4�(E��ݯc�v.�y�BG�&amp#19;M��x*;��tO֍�&amp#21;&amp#11;Y��k�No�}Y�).���&amp#0;�&amp#17;���U&amp#14;�ȋ�S&amp#31;��B�#T��h��fGY�n���&amp#17;aF�!E�|9�&amp#7;Pȶ&amp#18;w&amp#3;(���O�ҟk�i�:�r�{�9&amp#20;��/o&amp#20;h����j2�&amp#17;��߅����u�p)P���L� �s&amp#2;c���0H(�K͟.V�
*&amp#3; ]�p&amp#17;a�X&amp#4;�wi�&amp#11;�����pE	�}z�z��.E^���+'�ö�a�&amp#22;�<��&amp#7;&amp#28;&amp#5;pڲ�e��&amp#11;f퉆f[&amp#18;��L��&amp#25;�Ŷ�jj��f&]�p�Fl,��Aq&amp#31;x����f��^&amp#3;9t:J�]�h&amp#17;�ܼ��&amp#23;����+�2����&amp#3;�y�=�W��߰Bn�l��C�&amp#7;.&amp#27;�{,��j�&amp#6;����W���&amp#0;}/�&amp#18;���s7O;-j�}%x�TW&��&amp#24;�j�&amp#19;a@�&amp#25;�	 �1�y&amp#18;�&amp#11;I��&amp#17;&amp#21;&amp#21;��%6��,����r��@f�^b�R,���#�7� '&amp#0;�A�j�a&amp#22;&amp#8;��&amp#3;�W��B�qv���p���l���t �ܗZ&p׺&amp#16;Y�&amp#27;AM&amp#0;kjț&amp#8;q�iGt&amp#29;$���&amp#2;��z��j�&amp#19;�e9m��S&amp#11;"�s���s$&amp#30;!�ڸ�j��&amp#22;�K#U[��O�^bhq��\w&amp#31;FWY�y&amp#15;["�R��"�&amp#8;ʧI�&amp#5;�Q�v0�j�\���&amp#31;o@����&amp#27;�h,&amp#15;K&amp#29;$,��)<���&amp#21;�������&amp#17;byݔ�<f2����aWLm�X&amp#17;i&amp#23;�&amp#18;&amp#25;&amp#20;�&��H=ЧT�&amp#8;a�Y�.�&amp#12;�<A0�=�T&amp#23;T�w*0U���NT�E��#�&amp#11;t#�z&amp#23;{�W�6�&amp#21;b��&amp#2;��W��ų&amp#19;Ƹ:�Z'�-e��_�&amp#31;�sqn�a��D����e]ي&amp#22;��i��&amp#17;�Ij�r��Q�=+P�_Џ�@�!�;�4���B�9�6Q&amp#27;��䢦��n���r�V]��&amp#1;zP�7Ou� ��&amp#15;�l�d0��hw��/ۍIV��SX���Na_��՛&amp#30;���Η-&amp#27;&amp#31;KLBW5�&amp#26;ǹ��&amp#22;&amp#22;�avF�z�d&amp#8;��up�t}X�d,�&amp#17;&amp#28;g]T�i�&amp#6;�E�h�rY�&amp#17;xȝ�||��1��s=�
q&amp#20;5)��&amp#26;!���#��C�k�U-��6���Y&amp#31;<E&amp#17;m/BCE�8��`�D�qdo�&amp#30;6u0ƭ� &amp#25;g��G&amp#31;�rٕ������=MT�N�s�}�&�1n-S�&amp#5;Z�&h�����/�غ&amp#28;�&amp#30;�E�4���&amp#0;wq&amp#6;�}v��k����hV&amp#5;��Xz�����J�7���ɅX&amp#23;).}�~�^�&amp#25;!�&amp#27;�3h*���[����7Ѿ����X���%pa؜JI&amp#23;�ȇ,&amp#2;{	+�\JN&amp#27;�^�£&&amp#25;=V9&amp#7;▥�6jV�d��&amp#4;�Yd�G���TĲ�5I�>�W�&amp#1;�=&amp#2;r�U'᧊�W&amp#22;&amp#11;1D"n�&amp#24;�i[�g,�Hќm7��l�&amp#26;
t�\{U��(�Y-^&amp#28;&amp#15;& �&amp#19;�4�&amp#18;Z7�&amp#21;rb�;�V]��x���&amp#5;����'��@yϡ��]&amp#28;=d�N} ���&�^�(��^���r�ߨ.{��tA�+��[�Uo�G&amp#23;`��(\�&amp#27;�}x�߷U��&amp#25;\3�y��&amp#21;:��'՗�&amp#26;�0Aբ����&amp#5;�2&amp#30;���c�&amp#16;�^V&amp#5;K�Th�>�E���H&amp#8;G�-�&amp#8;�lKm��4��j�T��&�<G!��c�&amp#12;Zָ�~K��&amp#19;&amp#24;�G�&amp#5;2Ȁ��-޲{K��7���&amp#22;��*�&amp#30;�C��&amp#21;XM5b�%&amp#26;*���g���\vkvp&amp#25;&amp#4;I&amp#11;�&amp#6;�&amp#19;��&amp#27;rЬl�C��|��Sq�{�""&amp#16;��mU&amp#24;��&amp#25;-,�1�@&amp#14;O&amp#25;�u��ϗ�R���&amp#26;�ȭ1uHp�s�é�[�&amp#23;�������Ƿє�jX����%ZOu&amp#19;^\na��L�=&amp#25;Ϲ���QDLF�$�z/8��D&amp#24;&amp#28;����&amp#24;[�&amp#17;&amp#23;.�3F ���H�2,��4"η@T���&amp#7;�HV��*ّQ�;��Ewn�&amp#21;	��\&amp#2;0��g.�$o�z��Y��o4!�&amp#8;��r�&amp#16;&amp#2;@%&amp#14;�Ats�_4&amp#23;Dj���T��	1x�&�k��q�&amp#30;&amp#5;�&amp#12;-�&amp#22;�&&amp#16;�&amp#29;�O=�̑5�k��&#Q���&amp#18;��*aN�|��I�k��H�&amp#1;М������&amp#23;���UM�������϶[�4�#=K�Ps�F�^���'�e��[QTD�&amp#16;o&amp#15;밂MV6�	}�<�6��*-\�z!c�u�����i��&amp#23;6�@X��Ӛ�Gh����U�!&amp#3;)��#&&amp#15;*dC�L�S�&amp#11;�EwU��&amp#2;]��Ԁb9�&H3�&amp#23;��_�x�LP��X�f��7-�u&amp#20;~9�&amp#21;�&amp#0;pq&amp#15;e�]&amp#4;�&amp#19;yUٮǠkg�*����&amp#15;���1�9�y���&amp#19;[�,j�&amp#19;TVE_5�ҿlz���|�;&amp#8;��:�T�5k~�T;j�� �S&amp#5;�@/�I�h�x������6+��\�&amp#16;�=Myk��U�*m&amp#8;�o&amp#15;&amp#4;�"AlG�t3&amp#17;~je��_�na�n.j&amp#26;&amp#22;&amp#15;!瞋����Od&amp#12;��(&amp#27;��Î&amp#1;(�rK��&amp#4;H�^c�ƽ�AG2,�d&amp#18;���G#T�r7m��#獪On�q&amp#29;\4�����Q�0����&amp#21;)	&amp#28;l�	A^��j�U��}��&amp#17;&amp#6;�&amp#23;�&amp#30;eW�"s�yӦ4Q[E&amp#16;�}�U6I��.ˬ1&amp#15;hZ8&-{�ܮ+'�%3HL�<�=�O٘�&amp#7;*(¥u.�ʩя��H�q��%&amp#27;�~��}�&amp#19;Km&amp#16;��F_;Y:���&amp#18;+�n�$Q�u&amp#29;νW�j&amp#31;�z&amp#6;��st~�G�������OӴfᨈ�:a&amp#30;�^~���&amp#26;c[&Z̝���D*�&amp#6;��--X�(&amp#23;�y��5T&amp#31;M��&amp#11;E--&amp#5;$�jM>�OG&amp#11;����b7&amp#25;�½&amp#2;&amp#20;�w�9{�Y��-��G}u9[���]&amp#24;@rL&amp#28;O�RY&amp#28;�]ݍ/R��&amp#14;H�&amp#11;�&amp#25;�jү|���;&amp#25;#i�&amp#18;�&amp#30;�H�r>�ATq&amp#28;�+m�+�&amp#0;��BeXβ�- .��\�en�/��&amp#8;&amp#17;��l�-
�	d=�H槕b��Z/�&��/�c�&amp#6;#��&amp#0;�)<M&amp#25;�&amp#0;8^T�+�ʠC��%�&amp#14;���O�z�����kf���nh�N������j�:&amp#2;���To�Ug+���&amp#19;s&amp#22;�91'{G��p�&amp#29;_z��&amp#0;`�h����m�=�/&amp#28;@�j&amp#17;t|���r�VV~�վȨҼ�"b�?3v"+��Bv�7z�
>d�s��nj�&amp#4;x&amp#28;��
�&amp#27;]���n�
�]&amp#8;�͜t�:t&amp#27;J&amp#17;O}s4�Q�����#��&amp#15;I�&amp#3;L��2�H&amp#15;!՘� &amp#22;Fk���)'�y&amp#18;1�r���+4��8;��s�~.7��&amp#11;Ϻj&amp#8;���i}&amp#7;�~l�}���$ �G$�� ��oK��QڜT+s]�^Y��&amp#29;�&amp#26;q&amp#24;M��6b)���&���K��P�R��vq��&amp#29;ҹ:5H&amp#11;�>&amp#27;ѣ�T�*	5�^hg��+>�dv��&amp#18;�&amp#31;�_J
��M���ih&amp#21;yoS�JԯQ*��&fl�s�����Ե�/{A*鷼�y�����ޡ6��&amp#0;x��&amp#29;��V_��&amp#1;�=�v����C��M��&amp#29;&amp#27;����`�������7�y�!p�{m&amp#8;�/z&amp#14;�_{�̓������
N&amp#19;�"�&amp#15;���&amp#30;�=R��&amp#22;�zC�8j�_��������Z�������������F����jݽ槧i?{&amp#11;r�w�,�7�ld*o�&amp#27;+��&�^����"��#U��Ѿ�˦=�ݖ��[M��]��z��Oz�5ox7��x&amp#6;ξ��#��&amp#18;�O�[s�&amp#31;y����pƾ��&amp#16;�����gC��]�o{;Am}��&amp#22;&amp#27;މ&amp#26;S�8_i�2������O���L&amp#20;��&amp#28;L�������&amp#4;U��Ӽ &amp#26;&amp#19;�f����?����kf��Z����@��yk�\��X|�a{�5�&amp#30;&amp#29;�)�FŽ�m���Zp����&amp#23;͞��?_v'����&amp#23;�j&amp#15;���"�u�R���חO���]/�&amp#18;�&amp#8;�ŀ<��h+G��8�n���c���{I_��&amp#0;9&amp#17;&amp#0;&amp#2;&amp#1;&amp#3;&amp#4;&amp#1;&amp#4;&amp#2;&amp#2;&amp#2;&amp#1;&amp#4;&amp#1;&amp#3;&amp#3;&amp#5;&amp#0;&amp#1;&amp#2;&amp#3;&amp#4;&amp#17;&amp#16;&amp#18;!1&amp#5;&amp#19;"2A Q&amp#6;&amp#20;#a3&amp#21;$Bq�0CR&amp#7;4�&amp#22;������&amp#0;&amp#8;&amp#1;&amp#2;&amp#1;&amp#1;?&amp#0;���W���x�&amp#29;��Z��A"��&amp#28;�Σ��*TR�j���s�(�qx�&amp#18;欓g����&amp#22;7&amp#18;Djɕ�m&amp#30;ZŹ��M��&amp#30;'�C���&amp#18;�m7���i�&amp#23;����$��O�;�2�f�l������=�/imdY&amp#6;�[��(�Qk�*��`�+&amp#18;f�D�9(�R�%��v�&amp#14;K��#���m&amp#15;r,�<�&amp#28;����&amp#0;���O&amp#7;���+M�%��V:��f�Cɴ�W���\�~1���k_C��'&amp#29;��_k&amp#29;��!y2&amp#23;���ߟ�?�R�LUY�(�%+IL�c(��R�&amp#21;3&amp#24;�WcH�O(�Ol�n��T�qo��7X[Kj�*�&amp#20;j�]T�&amp#5;t�.�ゥT�y&amp#27;}�-�F/�&amp#14;�EI-���4�'F%O/&amp#31;�����ZSb�'�XY�&amp#12;Ȼ�X��Zc��p�,&amp#21;,�&amp#1;C&amp#21;�:q���:C9-&amp#17;Eൗ$���0��L�E(pB<&amp#20;�&amp#11;f^��.��&amp#16;������X�_&amp#30;"���.��"��g\24d�E;*���&�(��&amp#18;&amp#22;��l�(}���I�JK�������K%[��^M��&amp#24;�͍&amp#18;�J�8&amp#20;Y&amp#23;�[�-&amp#30;&amp#15;�ҫOs<�:K�\�K�g�]��&amp#3;�&amp#16;�|&amp#21;&amp#26;H�k&amp#5;̶ȳ�)�������{pN�Y฾��&amp#11;�>˺�'�,�g6M=���IO��*"UZ��x�M�����0M(,&amp#21;�V~�<7&amp#21;
��7��T�&amp#0;&amp#22;&amp#11;�nb�*k젔z Y/q^{i&amp#30;G��&amp#12;&amp#16;�&amp#2;�&amp#23;E	$V�q.񒞔%�����&amp#11;�Ɋ�gE[�U�=G�=B5�R�H��#�bT�&amp#28;&amp#21;|���/%'�;�~�]I��*���)�C��_D|<�м[D|v&amp#23;%�%&amp#6;Jh��G�&amp#24;������H�F�]�-&amp#18;�i��G&amp#28;&amp#17;��q&amp#19;��pZ�`�Wr�p�Kȶ�S���W~�U�*94(�Iȣ�K�&amp#29;�&amp#22;&amp#8;�l�]q&amp#2;�&amp#0;�\�.J�ox"�&amp#11;��T��&amp#8;��+&amp#21;�oO&amp#17;�&amp#0;!Q�&amp#23;&amp#30;ڹ!W؋�G%&amp#30;�K���\��h�&amp#8;ÑpF�&amp#7;[�F���YV���&amp#11;6+7�62�%JQD�}��R�&amp#28;�6��b��s=)���.8�(�9i&amp#26;�I����&amp#24;�"��1�&amp#5;ji2�K��e=0��Ӵ&amp#31;����K��&amp#23;zei&amp#24;���*B��VB�i�/pF�&amp#19;�L��tTO%)゛�%<"����(�&amp#8;�[_B�F����&amp#17;<�&amp#31;Nm"�ɕ#���93��l�W�:�r�}Ǧ�&amp#23;�U��������r� 4�C��&amp#11;F��&amp#23;���17&amp#25;f�̌%'�Q���%;&amp#31;�S���^�W#�n�E{�&amp#24;�^�蹬����&amp#8;����K�N]"����?�?��sC&amp#5;X�&amp#31;�k)���?ʈ�����&amp#21;:/�D��k�G���&amp#25;{�7&amp#18;bb�'�&amp#5;Ύ���B&amp#6;ߡ[I�R���fW%ݟ��l��v9D�\%��	8��H�gReK&amp#25;����p亓q������h�����C&amp#16;�Iˁ<&amp#21;VQ*\��&amp#5;�1Q2\��E�	(��p������)�հz�X+�r蝬�G��&amp#31;ב<ArF�1��b�#�`�&amp#3;�������Rg��J�lu%�g�T�J8�(��\�<_���)$\[�1�I&amp#25;E�E^��E&amp#31;��UVEQ&amp#23;�Qq%�R/i碥<3`��&amp#11;E�#���`�	`�^�86�v@]i&amp#27;s�*PHK�Y�n�"&amp#22;k&amp#4;m�F�Q}Oz�MӑiR2�q&amp#5;���[IQ�Eo&amp#28;&amp#19;��I��"��l�am&amp#21;&amp#22;���&amp#27;&amp#25;F��H�&amp#21;<��'��(Zm'��&amp#5;y��;�sɘ��!&amp#12;�S���6;{&amp#21;�O�ǲw4WeK�&amp#29;"��1�q[$�FlrF�7�7iom�����#&amp#31;v&amp#11;[&amp#21;*y.����F�o,��H�U�A&amp#23;s[Kʣ�pʽ�gH�x&amp#25;�&amp#11;�&amp#11;�����Z<&amp#23;&amp#17;��(�o&amp#5;�����&amp#20;�'O(���eJ{t�bY)�k�&amp#21;�h�\&amp#22;�2�z[Q&amp#20;J�a�l�^ZmYE&amp#11;����o<wĐ�J|�U��?�G0x+G�B�F�GQ&amp#14;��&amp#20;�C�.��+UeěEJ�&amp#29;Vo#W&amp#5;;�&amp#30;�^RI&amp#11;�>��fl����'y&z��!C"�L^?=&amp#19;��VJ��&�ТE&amp#30;*+&amp#5;�!�,1�A{ͦ�&amp#27;Qk&amp#23;��h$\�e`�y'&amp#18;�x*@�L"�Y<RJE'�]>
��%&amp#12;�V����&amp#26;&amp#12;t�[�oG�K�H�=2�_�e�GM��2&amp#20;�,&amp#15;�&amp#0;CM&amp#24;�%�_��&amp#8;�H��5Ɗ8+SR�&amp#11;�M��![&amp#18;�x՘�=��PS�&amp#19;~һ?�?aZ&amp#25;�&amp#4;���7i&amp#7;�ޞJtHQD�C&amp#5;XA&amp#23;n��&amp#17;]����$�"&amp#17;l�k'��,&amp#19;�&amp#20;�*Ckҏ&amp#12;��&amp#8;`���y&amp#28;E�=�&amp#19;���&amp#4;8�a5�ྊ��l#&amp#2;�0�&amp#26;�0I&amp#14;�eNF��&amp#21;b�&amp#20;��4x�&amp#25;&amp#25;a&amp#21;�K������O�dI%�T�B-K'��t����&amp#21;��d���;?�&amp#20;�_�^>X�v3_B��_Q&amp#23;���&amp#0;�&amp#18;�2�<wȂX0��&amp#23;�D�wj�&amp#30;
��*��[Qs"��݆o�J��MI�&amp#28;&amp#19;�{ʖ�oEk9����)(�Q��&amp#31;�&amp#30;J�]&amp#15;�/������&amp#0;T����M�������4m&amp#20;&amp#8;R䷲��&amp#8;�QE]�EJ���&amp#30;&amp#11;i&amp#20;Yf�E�}���&amp#30;�<Y|�1��g<S/;&amp#20;Q�,d�)�KE���&amp#6;&amp#17;Z$С�Q�&amp#30;�XM!]SK���>��+��K�W&amp#25;fr��&amp#20;&amp#27;&amp#29;�!h�4��G��">2r�#����&amp#0;��]�&amp#22;� :���&amp#18;���S��]&amp#18;��LO(�+�&amp#30;9�P�QR;J�p�U�%W&amp#4;+�)&y4�'��K��S�S�N�R#Um+M&amp#23;���kP�,&amp#21;��.��N?E��xEJ���СP���&amp#28;��S�����-踦�I�)&amp#20;e�<lS�W�
�&amp#21;
�A&amp#22;�)�2��U�Q{Dt��H�O&amp#23;&amp#30;Kؒ\�Oax�ƙ���).Qm�F�X��*��p#&amp#12;&amp#18;�&amp#7;.Ju�=vz��� ��-�9q�>9㢏�l����VT�(Џ��ҏD��8���r?�����K�M��&amp#18;�,�z���z̃�%��ఞ%��k&amp#5;đRy�R�:��3�"��<��V
7&amp#14;��$N�8��R�&amp#8;_�V�Y<����6y*�*KvJ����K%:&amp#11;&amp#5;;x���K���H�YA8�0Y<x/�K�('�&amp#15;&amp#25;U*x.;+�0V�V"�N�%%�3)�,���(a�&amp#11;&amp#2;�'��콤+v�&amp#22;��`_�ݓ�L2�JU���#[$���g��*Lt_�����&amp#11;*��>6���x�}�x�k��X["4�r�&amp#29;&amp#18;��QS�&amp#12;WC�F���^b�~Z�%}Q���%Q�ٸ�7�7!�%4�m<T-���u�D�c��wi&amp#31;�B�mpJ���Г*Sbn$�%�&amp#5;[�n?�"U[<���WE�&amp#6;�R�ҝ�H�<�K�|&amp#21;��_X<s��+���E��m(��x�J�+"qȩ�&amp#0;�1�&amp#21;�@��(�+��&amp#19;;&amp#20;O&amp#28;�Kڋo&amp#5;7���&amp#28;"��c��9)ő&amp#18;�F��&amp#20;��&amp#8;��~�^:&amp#31;�3�6�z6�%^�&amp#29;"���&amp#21;�[̯�J�]���)>���~�����;鿲wRc��&amp#26;��#NR蝼�$����`�QJ�S)ި���k�y��ⴗD.&�j��B&amp#12;��&amp#5;[v�&amp#17;V�X�Z���q&amp#12;>&amp#8;�[���#���~�%�&amp#28;Q_�q&amp#14;z)G�ۆ\<��q&amp#28;=#�<X.׸�xenu�&amp#11;+y��>&��X&amp#31;�ڏ��f��I&amp#21;���Q��,�&amp#0;�&amp#23;&amp#23;�-&amp#20;r%�	a��V�&amp#21;){�K&amp#29;&amp#16;�P�ҧ��4_�&amp#29;&amp#25;���M�&amp#31;���/&amp#23;!x���&amp#22;TWأm&amp#15;�7&amp#22;�^F�=&amp#15;��]"���&amp#0;�'�%��������D��]6z�&amp#27;&amp#20;[&amp#21;&:M&amp#18;��٥.�x�(�9e��c&amp#30;&amp#17;u&amp#28;K&amp#2;D��H�9�J�&amp#2;��Dg�Ֆ0U�92��C�x��K[<G&amp#4;m�+S�E:i̝�v�J�&amp#11;��<��~�&amp#23;L�0_�x<�qU��l)�&amp#5;8&amp#20;�Q�&amp#11;��&amp#17;&amp#24;&amp#27;9,c�.鼖�۞&amp#11;�8D����ֹ~�x�&amp#0;�t��Uy(�B��,
&amp#28;&amp#27;ELT3���&amp#12;*S�Mr;Z���X2���N_D)9!ط�&amp#31;&amp#25;'�)x��&amp#30;+&amp#8;^>&amp#17;�2P��+y*4�&amp#16;��&amp#18;�&amp#19;�����	�����c�g�#Ց)���7&amp#29;��'�)x�菊x����[E&amp#23;1Ip<��OKu�xY�Ò��k&amp#5;�>x%�$m0�޳��<��
x�
qDiģ&amp#24;��8�RY)V�G�QqY4S��&amp#21;T��&amp#18;qཧ�&amp#17;�&amp#7;���"�Pg��+4VCY!&amp#2;0)��'����"�&amp#20;O&amp#29;&amp#30;K�	�YZ"���&amp#30;;�Jr�W�[�ӧ&amp#21;&amp#24;,"&amp#17;#&amp#20;a&amp#17;�6�E&amp#19;���%eK&amp#24;�y?��&����&amp#0;�~&amp#14;I�$<.&amp#23;,����e:4�.	�Q��?3N="��d���D�Ժ�?'6���z��&amp#21;Fo�2ͬ�&�&amp#27;I2&amp#22;�#��J8D��Q���d��&amp#24;���V&amp#31;E���E����&amp#12;���&amp#5;j�et�T\�Z.�#&amp#11;F�l1�VH��:#}�+�
���#�E~�g�W��O�>C����^I6%�[�&amp#5;j�&amp#0;��y�&amp#25;���&amp#1;[rR�)X�t+&��o�.�H��菏�谰k���?趵��)[E���$�6��&amp#18;&amp#23;�]��,�a&amp#21;�,&amp#21;�&amp#21;Ӊ9>����^�EJ��؛&amp#28;^&amp#5;�&amp#22;ҙV��q��&amp#18;Ȣ�<u�g�+XC�&amp#20;��&amp#26;�
�x&amp#28;G&amp#1;�.�&amp#20;�ȩ<@�Brx���ULQdi6�D�C�P��pT�&amp#25;[8*.L2&amp#20;�C#��`�4J_��5H�90�!�p�rrUO���m�e��;��&amp#18;�r�&amp#15;�M}&amp#17;�2��F�j蕺&amp#29;��/&amp#30;�C�$B�%;x�p�&amp#26;Y����а5��&amp#25;-2��&amp#4;䊥�&amp#24;�tJ�2��M&amp#21;|I[�5�'�d�o&amp#22;�h��{`N�&amp#12;����t6�	�L- �&amp#14;���V>��&�QD�&amp#7;��W�&amp#21;Vc�T�I�&amp#17;&amp#11;Fʶ/&amp#24;�?&amp#22;��^&_H���菊�OƤR)&amp#23;t��G���)��/���%�S�}`~;1��侇i%�I��&amp#6;x D}�;���f�:mC�G&amp#31;�PD�&amp#12;��&amp#19;���&amp#18;o�R���&amp#30;&amp#23;&amp#31;�bf�H�>H�&amp#21;�ڛ&amp#25;'��&amp#0;D�&amp#30;&amp#15;N'������~�vQ�.�&amp#19;�W�e�6&amp#27;&amp#17;�,�&amp#21;�&amp#28;^0zG�B&amp#7;�����Y*&amp#30;��,&amp#21;i�'�2&amp#11;���W�&amp#15;�Ie�萠�&amp#29;%�ӈ��&amp#17;�Hْ�ݿ�TZe��e�-�#&amp#24;�	�E�&amp#31;Ђ?�&amp#30;�J�&amp#18;�&amp#4;�$&amp#31;Hl��`\i�;���V��>�M&amp#25;G����&amp#8;k&amp#7;�[\�v���D���p��R�O&amp#4;jpy9�j�,�}X'�E����&amp#18;&&amp#17;(�&amp#14;�(�Eղh��D�R�?��<;�G����Rܫm�Z�����y&amp#2;Q%O�&amp#20;��&amp#30;"�&amp#21;)p*\��&amp#27;F�l&amp#20;&amp#24;�zdi&amp#16;�V��*x�V;Jtp�&amp#29;&amp#21;��Dm�=$mKN&amp#12;1w��J�7���
��U&amp#29;S�d*���hsf�of�z��F��L�͆�,&amp#17;Dz"JZD}�&amp#27;�&amp#20;���Y"U6&amp#30;O���<%l��Y.�p&amp#20;&amp#8;�ۃh�)�L�rz+�*&amp#11;�B�~��H�J��.��&amp#28;p\Q��+FFɷ�&amp#22;�&amp#19;<�v
�:\&amp#30;�=&amp#20;��&amp#0;��L��?�z"��a&amp#26;Dh`�&amp#16;��N
&P�z�=S�=mv��+h��3v�� R薒%#,�A
&amp#2;�&amp#5;X�H���KG޵g�)�������"��Д&amp#15;&amp#21;7
�&amp#19;�&amp#18;)tm$��k&amp#8;�d�&amp#24;�<`q0���&amp#26;m��
�7"���^?"�Y)x��B�	`��&amp#15;���� *qD�4ؙ�D�M!.Jp7&amp#17;�Qro&amp#28;�&amp#5;'�BY6��c?��v��&amp#15;�#�9��C�֛G��ߤ&amp#5;л)tK&amp#6;�H�5�"&amp#8;�&amp#0;B訇&amp#1;G&amp#4;z����6���&amp#18;�W����mͿ�rql�Wm�J�wRO�&amp#30;6xn,��+�&amp#16;}3(�K�>��$J&amp#4;��ś&amp#27;G��둷6`�a&amp#27;y=<��&amp#28;��&amp#21;8��(ܑ�z���To:A�n*,��g��)�j*Ǔ�G��&amp#3;�F�tm6/�7��.�N��N9)WY%[�TD_&amp#6;Ң���(��&amp#23;e"�&amp#26;E&amp#27;G&amp#20;%�&amp#17;&amp#26;&amp#23;C�OI&amp#23;3�(9���S청)�R��H�Jx%sO�wT�	�L�o�n�&amp#6;:�4pTY��[{�P�(V��8�L��DQC���&amp#16;���W�⾍�)#z7�(�eiO�Tѽ9�B�B�%&amp#2;&amp#17;6�&amp#8;K&amp#29;&amp#25;z�&amp#20;YM{QS��6�~0�=&amp#22;�6�.��&amp#18;7M�j"傝v�	]�)_�&amp#30;��&amp#31;bY".�л)5�Qȩ#j�&amp#24;�8��1���5�<�q��(�չ<}�7B(RM�uƗ�\c�U�8�O8's8�N�_ek�
�+iC�Kk�F8�&amp#27;�&amp#27;���F����q�'��C��&amp#29;AT�>��&amp#27;f�&amp#24;cL�#&amp#18;I�D��&amp#8;�W��,}h��">��ߦ&amp#25;�F&��6$�t�����&amp#27;��&amp#14;K����P�MrP�G��&amp#25;E	�T���58'&amp#25;&amp#20;���v�dQ&amp#18;Ȗ&amp#5;��Q|��
&amp#6;�lD���&amp#2;&amp#12;��Uq��&amp#25;G�����&amp#3;��Yġs(a#�������*�SO&amp#18;%sI�i:���P��&amp#28;T�.`�I�Q�EaU��՜{&amp#28;�&amp#7;���ʟ#��&amp#30;�&amp#31;h�&&amp#17;��&amp#17;�D�&amp#20;O�?&amp#18;�Ȥe&amp#27;��r&amp#19;Ѣpf&amp#25;&amp#6;.��m#�&amp#20;�D]&amp#23;=��u(F=�.#&amp#17;_ེS�&amp#5;��Ov
&amp#20;��E;&amp#29;�菍��|!,�h�&amp#20;GM���&amp#21;����1&amp#19;1'�2I�Cy&amp#20;�3*P���6]K趦��<JĈ2�iG&amp#7;���&amp#0;6&amp#17;&amp#27;�}1]ͮ�U�50U�!�F�&amp#5;����n#w&amp#7;/i^��Ñ��&amp#12;�p8�&amp#26;ᑋ�&amp#31;�?�1hq�#&amp#18;Pb^��"_��&amp#0;DL�(p&amp#29;&amp#23;�&amp#21;&�I��
�7&amp#20;�&amp#4;_&amp#5;�z�bz�ݭ�J��N�QF;�&amp#11;KLġi��J�#�ǂ�x&amp#31;&amp#12;]i&amp#20;Ap&��b�u0��!�=bU[�8&amp#29;Arm�J\&amp#31;�-�%4.�<ul&amp#20;��_UK��Sn�Hţ,��d�&amp#20;�a`W�9LWҜ�<d�K�/&amp#8;U"A#Ӊ�&amp#15;�tO�tt9�FY�+(k�&amp#4;�&amp#18;�~1&amp#18;Ɛb|i��ʂ��t\~1�ة��h���9͢����#�%��&amp#27;_t�d�ҜP�C�W&amp#5;y�i&amp#29;"g&amp#6;�pR\&amp#11;��xG��kq��&amp#26;UxC�%&amp#23;ΐ_G���H�������,�~�&amp#18;^�g����"�R%&amp#6;��-��A>���&amp#6;�T�C��-���&amp#25;ܐ�+<
�%&amp#25;6�=3���I>
�9-�e&amp#20;��&amp#30;�7�.˃&amp#8;�0��X�&amp#11;�0x1�&amp#12;�qQ�M�(�踗�O�
0����&amp#31;�B�&amp#5;��Mp/&amp#15;��g�&amp#26;-)�&amp#17;��"\��H��v%����]7�,�ѮD�8nX%j�T�d�.ˊ&amp#14;��O'�7J&amp#17;�qh��#�kt�<3�T�Y�e�$I�<r:�&amp#29;"�INY#�P�0�JY�<-����.j%�&amp#22;Z�@O&amp#3;y&����+<2�DYHk$Q(�]�&amp#15;��&amp#20;a�DW&amp#3;��l*.0M	`�G���C��Z4W��F���&amp#29;&amp#25;˳��\��&amp#19;���&amp#4;�&amp#20;�=x%�Z�}i��&amp#30;����&amp#28;#&amp#12;�E�z2�1���#��N;�ҝ5�&amp#31;EZ�.$�&amp#15;/I�qlU��&amp#8;�,�I<�K&amp#8;�e7̈�ڸ%Ec,���&amp#18;X*1�&amp#16;찡�&amp#22;1�AgJ�s&�O&amp#5;��B��N�G�S��o��e�&amp#2;��&amp#27;��	.&amp#15;���]�\h�&amp#8;�"�ѴK�I��zS��pU�
E.��"��&amp#14;&amp#22;H˂�L&amp#23;��*�&amp#30;2�&amp#5;J�&amp#23;W�Do咍��.��&amp#30;��&amp#5;�S�z���&amp#21;��+&amp#8;ؙ��=&amp#30;^����h��&amp#5;N
���E�&amp#20;�(��\8Dd�I����&amp#18;�>O&amp#11;m&amp#25;�E�K&amp#28;&amp#15;�vV�2U9-�&amp#11;�c�ī&amp#28;��&amp#4;
?&amp#18;_&amp#29;~��&amp#11;�&amp#29;i":.ȿ�L���O(��_� /�S��K�,&amp#18;/i�9"��&amp#22;&amp#25;N�(�]༌�W(�ɩ,�c�uM�&amp#8;[����UIq�H��&amp#4;VG&amp#28;���&amp#4;�Z>��&amp#24;�&amp#18;�&amp#17;�FK&amp#4;f9"�S�&amp#15;'l����2��\�d�&amp#28;&amp#31;�qo��[�&amp#14;բ�v�m�&amp#8;���&amp#5;���F2�%9I�&amp#18;%�4��&amp#12;!��B8d:*�=$I&amp#16;D
O&amp#8;\��&amp#30;Q^8&amp#27;#.&amp#12;�#�:��pzk&amp#6;�*(��Eh�&amp#23;&amp#5;9f%U�R�֍d����&amp#12;K&amp#8;�Ǣuj5�*\�6�܉�1.)��(�\&amp#17;&amp#23;dY&amp#2;%4CZ��Q&��
o��C�J����&amp#14;L|�^�5)g�&amp#23;&amp#17;���%��\&amp#14;�z7��&amp#25;^�"���K�&amp#22;����]I�>���%�&amp#28;�fYU�)
E"<"���&amp#29;�)�'�<�E8�&amp#23;xHo�&amp#29;�ܑ&amp#26;�&amp#14;���!s��`�h��{�#q�N�>&amp#8;MiK�U���)u�^b\Ane&amp#26;[�?�L������&amp#21;�T�*x�CiN�Ղ"�M�)�&amp#23;FҢ&amp#20;J�&amp#26;'�5pz��K%&amp#24;�m�pMa�O ���p�bX1&amp#29;&amp#28;�:��X�6F�O&amp#23;�%VXE��iSPFRX*K(�l��>�)7�J�j��+�&amp#29;gH�)�I�&amp#16;|&amp#11;�<&amp#23;�x#.J}&amp#18;*����1]&+��R7),&amp#21;�&amp#18;\&amp#18;��������d�&amp#12;�I{J�-Z�&amp#7;�E�e�gh��$Zp���*�(I2&amp#26;H�&amp#26;&amp#23;B�)&amp#16;&amp#23;ZTDJ�H�&amp#7;�A&amp#17;�&amp#16;.Vٙg��(�]�Zg��l�S�O&amp#29;f�UP�([ƌ&amp#20;b:�G��9�)&amp#17;|&amp#18;YD`�Z�X+5&amp#21;�	d���&amp#15;�c"�3�"��&amp#6;�.�x&amp#21;2/&amp#8;��+��V��JW�Dn�J�wek����[�H.�z��9Eh,&amp#15;�v7�&amp#23;�)t%�"^��g�`�ĩ&�g"�������&amp#5;�&amp#18;���&amp#17;�|&amp#14;B\&amp#21;P�&amp#18;=!R),&amp#16;�&amp#17;�&amp#23;��O;]F
&amp#8;}&amp#15;�5�ȓ6�&amp#8;�T�&amp#11;,�Lߕ�9&amp#26;&amp#18;)��p}���\&amp#20;
�i=bFi&amp#30;�=x���B�ȩ&amp#28;�!�H�<&amp#18;�K��I�_&amp#7;��j��E<&amp#18;E
ye�&amp#20;zF�=io�&amp#30;K������C�R��&amp#31;B�{/qA�?�V&amp#28;��&amp#16;|�$�%�&amp#26;&amp#18;"�fp�u1�&amp#14;�&amp#21;$��&amp#5;U�.�&amp#20;�Ʌ�7Ⱥ.z+ݪh���Y�&amp#27;%"��z���[�F�'�����V?d��"��HT�R��d�&amp#14;Ke���F&amp#5;^��%�I.&amp#7;��%��p)pUh�"�$���Z�k&amp#4;�J&amp#5;�?q�,&amp#18;��Er[!ǂ}�D�`��ҽ�z!Rr�&F��te��Z\�`�%_&amp#8;��̋I���	���rG��I&amp#18;ZD�M���"�r@�&amp#22;O!~�,"��S즸.$����
i�Jl�9$R��J�8�L����&amp#20;��U��&amp#8;�&H�,"r�7&amp#25;z)&amp#30;&�d�Jw谼udԺE�X9&amp#16;�Z�&amp#21;4F�="TH��:k�q�8�&amp#30;�:X:�}&amp#20;c�F��R�$:k"�EU
��	5���V��V�U���&amp#5;�&amp#4;%��%&amp#26;X唰�>	��m�Z͔i�l�e��F�G�4�$A�(܇$\ˎ&amp#6;�,�&amp#20;`�&amp#21;�)QH�&amp#18;D����&amp#25;d��&amp#22;.�&amp#16;����Ĺ��"��S�&amp#28;�&amp#20;]��	Ue;�BE&amp#11;�mrJ��钾���ĸ���&amp#27;�&amp#15;!8Qt��85�*�ć#`�	ᖵ��&amp#18;T�m&amp#20;�0�7��k�&amp#14;&amp#8;�x��&amp#18;)�H�˟:��&amp#20;/�&amp#19;l���?l�\A�i��&����o<&amp#17;�V�'�V|
�&amp#24;��!X�S�&amp#21;�R&amp#25;6!R(��#L�&amp#5;�	&amp#27;ʓ*�(e�v�&amp#28;&amp#16;����9p9
r]&amp#27;�of�W��&amp#8;��[ikz�\&F�&amp#7;�:���_�N�&amp#6;�&amp#4;�D]��	�z�M�Fbz�G��Q��V�&amp#21;����W�+�WX&�D�)�rˈ���4V�����/!��B#����O�F��E+i��Xʍ5S%;��[d�=�$��tS��&amp#20;��8�%&amp#11;�y.&��SH��t�e&amp#27;���&amp#25;)pI{��&amp#18;�L"�l��*T'W&amp#12;w(��S�&amp#26;W�|�&amp#25;&amp#21;2&amp#20;�&amp#18;1'�&amp#22;ncy&amp#26;D{-�8&amp#19;�M��c�63i���N&amp#24;%K%&amp#26;X�&amp#22;���фm&amp#18;Ȗ&amp#8;�&amp#20;ϡK�&amp#15;��B��^�&amp#17;Z�d����S&amp#8;�J&amp#21;~�U&amp#21;A�EVPy�%VU&amp#30;dB�e&amp#28;���"�BJM`��NIK���&amp#31;�RYD�%���pyHwҗ�+��
�&amp#31;&amp#20;J�r=G.�pX��&amp#12;�7��&amp#15;&amp#3;��e(<d���G(�Z�%X�������VM���&amp#21;�(�&p��(K%(&amp#14;X!.HȉP��7���x(&amp#17;F&amp#17;�&amp#27;L-0�`�!�&amp#21;��)���p�ۑ�&amp#20;p(�P6
&$Dϴ�%.�̫Wj*W*U'P�:��N8=R�dYM�&amp#19;6��&amp#14;&amp#7;/n&amp#7;Zq�����_~;*CgeF��}&amp#27;Y�D�cx(���SN(���$���dj<�&�i&ND�9i(����Щm!,!�f�<�8EN�
b�)����&amp#11;�C��&amp#5;:�f�a��F8�(�&amp#18;)&amp#29;&amp#27;�!4(��&amp#29;2&amp#20;�&amp#3;h�4]��>�SE��#�e[��Nd�7��"R�+˂9�k�&amp#14;�v%�&amp#24;&amp#28;M��x'&amp#28;2����&amp#16;'ZSy�*K���D�Ȣ%�������t'�Lq6ඨ�4�g]T���D�L�t�&amp#7;&amp#28;��&amp#5;&amp#30;��k&amp#14;9&�D�&�&amp#8;�)�LOo%:�&amp#27;ȥ��&amp#7;,&amp#20;���3�)�1�&amp#27;&amp#7;&amp#4;5�#K&amp#8;�6�Vy#S(���Nl�>&amp#12;�rm�Wc��f����~��N\�'�'��9(�T���J�&amp#0;&amp#18;&amp#8;��&amp#22;Jk&amp#8;�&amp#30;�cd�&amp#5;^ǒO&amp#4;�&amp#26;%�@Q6�"CY&amp#31;E�m�G��M&amp#20;��ʋ�&amp#26;��&amp#7;���&amp#0;č2TD�&amp#25;�VNɱX�6�.-�&amp#0;D��(�L~��&amp#5;�l&amp#21;'�pl'�(�ɔm��:8�n�S�,��&amp#30;&amp#15;N]&amp#20;���v��䠰�"�Х&amp#19;16�&amp#2;��slB�&amp#12;�1�L�h*8�
t�&amp#0;c��O&amp#12;�.��QEe�7&amp#14;s㡿�Z��&amp#20;����*K$&amp#22;	��&amp#29;`�O�&amp#30;0G����t�2�2�&Mi�KH��ݣ�k&amp#2;�&amp#22;��i=&�&amp#21;-^&amp#18;,�m�,kƬ&amp#19;&amp#18;F&amp#17;��ba&amp#30;Ҷ
�"�$E&amp#21;VH~��.
�&amp#5;�ȡ�V&amp#8;QX�&amp#26;+<&amp#30;�J��&amp#5;��+�`��'�Q��TUO]���3�F	�4�.�!�&amp#20;F�SZ.�eI,&amp#19;�:Jx.����Nx*U�&amp#4;�H�9`�P\�&amp#12;�_�&amp#18;���Bddo&amp#27;��T&5���e&amp#17;�1��F&amp#17;E��	�)q�k&amp#7;BJK&amp#2;{Z<M��$F�f�y�2Rd��*�}&amp#21;+}&amp#17;���&amp#30;
��#&amp#22;%�U���&amp#22;�B���9�Sh�&:����6O,ه�P�|
/&amp#6;0.��j�G�
r�R&amp#25;!G&amp#12;�P�F&�1G��H��KG�{_o�&amp#21;*c��Q�&amp#6;�qV��x)[��+M>"$�����&amp#23;�2�&amp#17;dd�o&amp#26;��&amp#19;D��4��&amp#11;&amp#31;��B�&amp#30;�G�&amp#14;[^
u>ʉq�˒��K�;1$Y��&amp#17;kW|&amp#19;&amp#18;0ưp\�$W�ɼR-��ٵ&amp#21;&amp#31;8(�#O&amp#8;�&amp#2;�&amp#4;�D�'�F�&amp#26;��I`ے6�(Ya���;n8&amp#28;p'��I&amp#20;�,&amp#17;���ru"&amp#23;��]I`����7"K�m�q:.n�&amp#5;��Z�^YRY$��o&amp#4;pJC�JtQu[&amp#11;j!&amp#30;Ls��{��KH�&amp#17;dx7~&amp#18;\��%�q0̈́a��Д�&amp#8;V&amp#18;�x!kN=�z�*~�S�&amp#20;g�&amp#24;�&amp#21;&amp#22;&amp#8;�&amp#4;*)�c&amp#20;\%��r���}&amp#15;��]ˌ&amp#18;�IG&amp#5;(��-i�U�&amp#28;&amp#21;#�(D��_��~�u�0#O&amp#4;P�:f�&amp#30;�$id�@Q]&amp#11;��V����S�L�W�P�&amp#17;��B�&��h���M��2�"�Ȣ�M���%���yeI&amp#19;�8%-&amp#20;���<B%I9H�&amp#31;nJq̰��;ت.�&amp#29;`E�\�o:O�H�&amp#12;3&amp#12;��M�ljϤGť�Fl���'u�&amp#0;�9���&amp#8;&amp#19;&amp#23;&amp#28;&amp#22;���&amp#0;�_�&amp#5;�	���k<�2�ʸ(�1&amp#27;$5��&amp#29;õ*[��&amp#22;�E:{F�*�(�&amp#3;|&amp#23;&amp#4;%�&amp#22;S\&amp#17;�&amp#26;$>	
?E&amp#26;HK&amp#28;&amp#15;��I��d��_&amp#31;Dp��6�&amp#18;\&amp#16;���)XN\`�����"&amp#22;b��dm�*1=4m�wq
0r+�u&amp#30;�U�D�!��#&amp#12;��\&amp#27;F�+ͱǒ�qL����=5���Ƿ-�&amp#28;$�h�F8�&amp#26;ɵ�&amp#25;*r|`V�B��&amp#31;�+&amp#29;�&*PD&amp#21;&amp#21;ثQ�H���H�w)1;&amp#5;&amp#28;s�&amp#22;L`k%U�S�
�N(]���>�-�<um��7	��&amp#28;&amp#16;��A24�(�q&amp#28;2(`�\O���(/i&amp#23;ƊH��1M&+�.&amp#17;/!&amp#28;pJ��ד=Y�s&amp#20;d�I��^
�&amp#20;�u�:B�I/j"��%V1?���F�M����4�Yyq*��"�T�&amp#17;9�&amp#21;6F���&amp#27;ƒB�Y�ۂ��B�O��U`�V��dk&amp#17;�&amp#31;�5i
�/�;�/�!q&�5$�"�	�ei&amp#19;�7&amp#14;O&amp#3;#&amp#28;�BߎIG&amp#28;
��	&amp#20;h(�Im&amp#22;&amp#11;�\e	���$G�Fxi��/q�0���HW���?������H�#�G����q6�i6+Y>�v�vS[Q��#|��I�&amp#15;I&amp#30;�#B"���PH�&amp#4;�%�*�#PsI&amp#23;WX��lW8-��Dk����ӏ�..\�dN�z&lb���M&amp#16;�%H�>�!���&amp#25;f%�ਇ�&amp#17;!u�5�E&amp#5;З&amp#5;^&amp#11;��&amp#28;�f�B�}&amp#20;���p�C�:�t6�&amp#26;m���P��:;JOi'�&amp#6;g&amp#4;&amp#30;`�o=��U�F�&amp#26;��#^B�ٚ�"�+~�R�F��e&amp#25;blّD�6�cL�/L-a��7
�5�:�&amp#28;�����Ud�O&amp#12;���*2�=oJ&amp#28;�V�lrl�i~;t�0�
EU��<QEJm<��F�*�J�%&amp#18;)�B��Q)�(�=&amp#21;�+�x)R�c�b���%&amp#30;�Uo��$�&amp#5;�b(�"�^'�&amp#17;Z*Q�&amp#22;P�"%����H�&amp#20;�&amp#29;X�D<g���Z�~�&amp#8;��&amp#20;�&amp#0;D`�zLTOK&amp#2;��:9&amp#19;��&amp#0;B:ǃ/L�,OH��&amp#14;�&amp#28;��R�F�2�ki^�߉R��d�/֒\��&amp#23;_��&amp#20;&amp#12;$M�D&amp#22;)�O�n�%�&amp#21;"N8"�č3�#H�H�2)`�&amp#24;��!Avz�\D�s/D�#z&amp#29;A���Nr�&amp#17;��J�*&amp#27;0G�"[���*{���&amp#21;#ш��a
)&amp#24;C�Ih��u�&amp#16;�5��G8��&amp#27;=&amp#6;*&amp#12;�%&amp#20;&'��9��)U���K��x�ؗ�&amp#30;J�&amp#28;�I�&amp#27;to:>�юM�&amp#17;�a�&amp#18;|��&amp#8;�&amp#17;U&amp#19;|h�&amp#5;(��?E7K<�:"�&amp#20;z��s&amp#5;�%z��+�1�z�:a&amp#14;_��Q&amp#26;CD(J]"6�]��&amp#6;8+S�F��	�<ikޖ2�U&amp#20;�W�&amp#23;Z�H]&amp#18;2��u�mf&amp#25;F�^&amp#25;&amp#27;E�Z&amp#11;�F�&amp#18;Ƶe�>�,&amp#30;�+b�7&amp#30;���ԅM&amp#23;�K&amp#4;�&amp#31;&amp#29;&amp#25;F_���"n��n�&amp#8;�&amp#5;(g	���&amp#5;l&amp#21;">���&amp#19;"Ń&amp#8;��d�l6-_F&amp#17;�4zM�҇=��o�)�E����aed��QU�y��Xc��Jl��w�F&amp#25;�m0��q&6e�e#�({�ا�&amp#27;8��(�0>�&amp#15;&amp#18; Lޑ�/$�U�$pN�Cq��P����1��&amp#26;'$�N}�=&amp#17;�7Эg�?��;yG��Py�I�J�$���]�bz>��&amp#6;&amp#17;�&amp#0;���a�������D�6r���Gj&amp#19;-$�M��&amp#20;��5�S�&amp#26;t�.�R	�&amp#19;i&amp#28;�֦嵞�&amp#15;&amp#17;Sk�n2�&amp#0;&amp#21;&amp#6;�Hp��U�&amp#7;<�-
&amp#29;k&amp#18;Bxy)T��\M��V�x(�
�IpJM���a&amp#21;.&amp#25;A�5��$F�z/&amp#22;y0��v��x�'�^�/&amp#17;(�<&amp#25;��D���+ԧ����F�n2��Y��j��%�[�J�1�Y�	��&amp#23;��0�&amp#0;�P6�ٺ&amp#8;�O�)6g���Y���E:�*)&amp#23;� �"U&amp#20;�"|`K�)T��	*�RE&amp#15;d�D&��I&amp#24;Z>���Ə���E`�e-$�W*&amp#15;��M�&amp#17;�N��&amp#27;d���sΑ�T�R�o��>���&amp#5;�-��&amp#31;a5��z�1�_]m�&amp#0;&amp#28;z)��H"Q*��+&amp#8;��o�&amp#0;D�'�B{z!R2&amp#27;&amp#27;��O&amp#23;`�+%�P��8�C�\R�&amp#25;q&amp#28;2REh�-k&amp#18;1�1b�=$%&amp#4;=��z�Y�ah�&amp#31;d��H�u?D�eZ��c&amp#20;�#�O���#�bx#!v�5�M�z(�SY,^�&amp#15;�0ͦ$�1�&amp#28;&amp#21;V����%�T����&amp#26;ī��<�E&amp#1;@�DU��l�.
�&amp#19;,�����ʯ蹞�2u7O%��&amp#11;jYd�&amp#4;\���&amp#21;+No&amp#17;=&amp#31;�&amp#0;!щ8`�&amp#30;`��_��XzT7>ĉ��/��m&amp#23;&amp#20;0�*&949dS&amp#20;�&amp#0;D&���e�&amp#27;tI�&amp#27;F�i�.�,&amp#27;��'Q����K�����}&amp#20;%�`�5p��c��&amp#11;�(�(�F�Į�>Ĳ[&amp#22;�&amp#17;��&amp#21;�JZ�&amp#20;M��2ȘD-k?�E�˗�oa��^?g����!F0\&amp#23;2�i���"�E�w'��}Ų�E�P�%������i'&amp#26;k&amp#8;�6��2=��0�5��������&amp#22;�(��}&amp#30;F��(��L�����4.�&amp#11;�&amp#18;�ZΟGC��}�V�D�ZS�$���`]��&amp#4;^&amp#26;(T�%&amp#18;�M�Lh]&amp#11;�X a&amp#19;+���&amp#20;�1�&amp#11;��&amp#4;��^_D�ٴQ&amp#31;&amp#6;V���:zX�T��T⻑*�&amp#23;��h�#&amp#18;w|a#�V����{c��<��X�.��[J�0�-V%���J��mMT���&amp#21;<��&amp#24;H�w5���px�V\T�^+w�����-ϲ�x���T��������Qh��HE�XZ�0�?�8D�69pn7�D�(��S�D�	�<p%�E�iq��.�&amp#27;S�&amp#15;�&amp#29;&amp#16;Ze#��+�Uɤب�"��F	i&amp#24;9t+I%�T�a&amp#24;d�]��!�������֘zy&amp#26;��&amp#18;�C�K/&amp#4;Z�&amp#2;�G'�t�H�&amp#0;��<pT��+W��=LfK����*ש���N�(��.��&amp#3;��Vs��^�&Z�N��F|�zUY�&amp#11;����C�&amp#24;�T�&amp#6;.887&amp#27;�ɶF�e&amp#27;F�*�	pm0͢�Eٹ#w%n2�&amp#11;�&amp#12;�����&amp#0;D#�|=�}����ͮ�Q�����&amp#30;&amp#6;�%u&amp#24;�
�+�&amp#21;�x&amp#19;�i��*��i-`.�ؙ&amp#15;����]�&amp#15;��䷦��\��*K&amp#8;�v�]�&amp#23;=�i��୚�&amp#27;d�&amp#29;8�O�K���&amp#5;�wV{��<txK�IA�x�f;H"�J$��=�w�b��*�&amp#24;.mp��9����,�&amp#11;q&amp#4;�&amp#3;i��?�5�\�D����Ur���tC&amp#29;&amp#20;�!6�=V)dQ-�:SRE�uR	�&amp#31;d����&amp#28;3&amp#24;2���&amp#6;��k���K��_B��]&amp#18;�Z�]&amp#15;�&amp#20;�	#,ݮ&amp#25;VX�L�Ne^YJ&amp#28;�W��&amp#28;"u2��&amp#20;&Y���\�O&amp#5;&amp#11;&amp#26;i���o�I*ic&amp#4;��Ϋ��&amp#7;r�Kp���^X*ԓX&amp#19;�3�D�$��_S��E&amp#20;(�XeE�0��&amp#30;�C�\"&amp#29;"FW౦�*����g�I��H��8���&���,n])c<&amp#22;�T�K(�'��&amp#30;&amp#15;D�O&amp#6;0O�l&amp#18;�K�/�i&amp#19;"�4.���{���������OZ+��b��&amp#5;�M�b�&amp#3;�u0W�ޟ$8&amp#22;&amp#11;1'&amp#30;3������0U��c��G��א�?I��D��I��Sl�&amp#30;&amp#11;�[d]RS��P���D�G�+�&amp#8;��&amp#15;�\"=&amp#15;�BfX�G$�Pr&amp#30;_&amp#7;��&amp#0;�JQ�"�O�&amp#31;�G&amp#6;Q&amp#25;ॉtX޺/&amp#12;�55�袝$�&amp#2;�$�&amp#6;�%��R^�/ig���V&amp#26;&amp#18;���X!�D":Do��Y�>�7�	�&amp#4;��1��]��y܏&amp#31;&amp#28;���I�[��)R&amp#18;��t5��&amp#21;!���5�ֳ�5(�&amp#30;&amp#30;��B5&amp#23;�R<&amp#24;�&amp#29;ς��&amp#28;�'����&amp#14;%j~�R/=k(a�4kG��s�"�&amp#27;$�&amp#18;x&amp#28;�&amp#0;F^�d�N8)�8���z&amp#18;J\&amp#18;�����(VQ �&amp#30;.�l�H��0�~���_D�{2T�E�O��J&amp#15;&amp#12;R�>Ⱦ
��`K�5Ȼ�&amp#11;�i� ��%&amp#4;���tT�%I��$����O�~�I/M`��C&amp#17;�&amp#30;J��V5�&amp#8;�<��&amp#2;Y==�G�&amp#27;��lEב�&amp#8;��೒�(�-*��&amp#5;�1#�S��&amp#22;�1Z.��E�0ƴ}~&amp#23;="&amp#15;�NI&amp#25;e>���lL_��YP�Z��<��J*P-�sp�
��&amp#0;�DmW&amp#5;hǤ+tZ&amp#31;B��&amp#4;�Z�ۂ�LpQ���b�M1�&amp#11;��K�sJ&amp#24;*a�O��&amp#0;&amp#18;��Qର��C��cx7&amp#20;�#��ᑗ:@�(Q_���ѱ�:V��8.��=�}��&amp#18;֜r��&amp#29;o5&amp#28;�7�.&amp#15;*��ٸ��&amp#12;m�]s�CO�U�&amp#0;��~�yiS9H�o8�,������,�h��Q/�a���`�&amp#29;�i&amp#20;%�H��&amp#26;>�ޯ�qs�	&amp#18;b�}&amp#16;�&amp#17;>ĲF"�&amp#11;/&amp#11;R��S�[�v�&amp#14;�2��&amp#14;�&amp#16;�&amp#18;�&amp#28;f���F&amp#16;}��&amp#4;�8�&amp#17;!&amp#7;�OFX��&amp#5;����.O&amp#26;�&amp#0;HO%��&V|h�J}��Y�,p�+���C��&amp#12;s7���F}�L�!&amp#18;1#&amp#17;tm)�H��	2�<��&amp#30;&amp#21;�����&amp#16;�?&amp#8;�&amp#0;��&amp#30;�%���&amp#0;L�=���Q�#�hSYQ&amp#21;<p�R�\�v�ڭ&amp#17;|�
2�`���&amp#2;��Ʈ�+�J]u�&amp#0;�&amp#21;�e&amp#2;��o�F�L�	mN%���� ��}�*�,���䈑/�n���K��&amp#2;4̨��.�&�&amp#17;m��Tx�,�=:i9�H�_F�(��e��Q�=�MǨ���&amp#21;9!_�7+8*\�D\j&amp#30;�R���i(��J�+&amp#5;H&amp#19;�&amp#3;��S"�,��:�&amp#5;iw�:+��b��R�_&amp#19;jdb%�tS�Q����E&amp#22;�Y&amp#21;E�)L��:y*���F��]��&amp#20;�N9&amp#29;<&amp#21;����)Ʈ$S���xY-�8.�8-�jT�&amp#8;�O&amp#12;�-��&amp#28;�L�[F&amp#21;>I&amp#21;n�U�J��
I!G&amp#29;i}&amp#12;�(�]Q�&amp#14;>�=`QD��.&amp#25;&amp#30;��a����b&amp#15;���F&amp#27;1�����&amp#16;<�py�Q�&amp#8;�&amp#17;��mƳg���(�&amp#15;��&amp#28;�$N\�&*�qR�&amp#28;����.!�E��*Ǎ"M&amp#19;c�R8zS"�)��u�$�lD!�ne��=&amp#21;�&amp#26;I&amp#31;X)����8(G�m<�3&amp#4;Qn%*����	�<���0H��\��ɜ�Id�-���&amp#0;�<E&amp#21;+�/�yj&amp#24;�(�&amp#22;�{�]/v&amp#15;�����ޝV��v&amp#11;+���X��7&amp#19;�AJH�i�B�zF��kr.ץY��EFQ��?NxDz&amp#18;�O&amp#4;_֒���8�i_�C��B�]��E:[�H�P�M<rz|	4m&amp#27;K�$����.,�X��'E�㸊{y&amp#29;&amp#30;OME`I'��L���R��`��p�Qk]T�Q&amp#23;�O��#�\܈vA�D�&amp#19;?�m�&amp#30;�2���!O�.&amp#7;�j��&amp#17;wIJ$m?�oe�M(,!�䳙�z�&amp#23;2S�T&amp#18;�xXD&amp#18;hmE�˥����{�b��.�&amp#26;�K鞿�[r���&amp#17;����Io�����&amp#7;���qB5$�k&amp#24;я&amp#8;�&amp#30;b��&amp#8;�x���i6Qy�d��O�y;&amp#21;W޻&amp#22;�2Ċ�O�E}&amp#11;��s&amp#18;&amp#29;�6"�G�s�B&amp#28;&amp#17;�x(��O&amp#17;E���Rr�Oi&amp#28;"�x�&amp#19;20��4�B�J(�B5V&amp#26;'l��q-�I�W&amp#18;H�_p�#�&amp#14;h��h����~�jѫ�'&amp#28;"b�&amp#23;&amp#18;ґMp}�pp��&��U�2�dP�&amp#24;&amp#31;e��H�K�[�F1EE����I�g���*���O&amp#5;&amp#23;�T^���&amp#29;�r����&amp#27;�/�(�T���S��o,�7Se�O�&amp#20;��U	��$ݷ�&amp#0;#�c���J���&amp#30;+�T���&amp#16;I,!��'�*�B}����&amp#0;�'	A�&amp#31;%Xa�C�D���q,#z|&amp#21;i�%(�Qie:�a&amp#22;���&amp#28;.����r�g&amp#28;cH���p�pN&amp#2;X.b��/;�2�"�|&amp#20;%�&amp#3;�J,�[i�*���9q/S�l�M&amp#21;;��&amp#24;+�(��Mpc�1F�(�O�D�(&amp#19;좽���F�[��&amp#26;o��&amp#29;̾��əbfV���L�Q&amp#8;�,�9�Ɵ��\�F�WE��F�j~�����T�?h��&amp#23;	#�sw&amp#4;����&amp#0;�M���&amp#17;�&amp#0;���&amp#0;�&amp#11;�"�K&amp#5;W��oJ���&amp#23;&amp#30;=ǘ���&amp#24;'�&amp#5;�&amp#2;�8*>
��
�&amp#25;�S�ĳ�){�Q��J(Q&amp#22;&amp#14;&amp#4;�ʿ!!a&amp#28;�?�&�&��Yf&amp#12;�^�Q'&amp#19;�E(%�	�̮�W�&amp#8;L�3�&amp#0;�C��3&amp#28;&amp#23;<&amp#25;e'�K��.�&amp#5;�&amp#18;&amp#20;&amp#7;&amp#28;&amp#21;S݂�&amp#30;�06&amp#21; �A�>�K"��H��FG�K쇎K���#&amp#30;
�S�&amp#14;���&amp#19;.�Z��.�q�*ʷ���y�&amp#29;)��&amp#8;}/�&amp#0;�&amp#17;q�$]Ǭ~���&amp#0;����9�$�ⷞ�����z�R2εW?�^��!>$��&amp#21;Ǵ����&amp#29;9.ѵ�֓'�*7�&amp#20;�l"��Vt��&amp#20;*+�1K��&amp#20;G&amp#28;&amp#15;�#,��o���92�&amp#4;�%Z2��&amp#20;G�V�k&amp#5;��&amp#26;U(��'��3^���Jt��6�/�@�&amp#17;�(7[z��]&amp#11;��&amp#15;H�&amp#22;�&amp#17;�%�$m&��ȧLTY*&amp#15;&amp#5;�q"��(�܉g��}��x!`��e;:k�&amp#24;/�A&amp#24;D���W�*2&amp#29;&amp#22;�`}�*<�h�;O)�rT�z�^��&amp#14;3i�� �x�3M��I&amp#16;�&amp#15;��K&amp#27;7J+�ǂ&amp#8;�䈻&amp#18;*�&amp#23;��"��8�T����
�&amp#7;&amp#4;�E&K&amp#31;�FY�O�
87!���D�&amp#4;i�{O�&amp#8;��c$�W���y�m�9�&amp#25;��l�g���&amp#4;F��-�I�ph}&amp#20;�K��M��&amp#11;	�:&amp#23;̄H�=$V�
K5R(�X&amp#28;R%(��jU8-ZU9&amp#20;S\&amp#14;&amp#4;�-&amp#26;M���[�L�Z'�&amp#17;5�u&amp#31;�2&amp#29;&amp#22;����&amp#19;��J���<t�\K��<&amp#23;�p��%�&amp#0;��s&amp#6;�x�1���t��B[^&amp#11;X�d�R�R�!-*�7�&amp#2;��!��H"�&amp#28;	2�ȗ�L��e"R(?vG��{g��_�V��>�G��(�&amp#8;��v�0�&amp#22;F&amp#31;�#���鋂��-iz�P_e��iSP����5��r\�4E&amp#15;����Bݲ����6y
[&amp#8;��WR�W��
��|&amp#16;yY?�D[�^�P�̟&amp#5;%�N	&amp#16;�H���,j�}�QvY>�&amp#11;�tGH�B�&amp#21;!��MG	&amp#27;~�S'&amp#14;&amp#8;ǔZ<D�&amp#20;y H���3�&amp#2;?��E?��&amp#26;�[��Y&�&amp#29;j��&amp#0;A�>�&amp#21;'�=�a&amp#25;O;�<���E�4F���l��&amp#30;?�ԧ>&amp#22;&amp#15;&amp#23;��R�S<���kw&amp#20;��s�1k��[J�U,p�k&amp#11;&amp#3;�[|��&amp#15;�(|J)���%<`��j+�,�D���E_&amp#27;�
�)���lX&amp#23;ȧ&amp#23;�%h���=/q(&amp#17;�&amp#20;>+L/���C��q6�		gK��1�H�q+&amp#17;-&amp#30;Q&amp#24;�DF�����.�f�v�hֲ�&amp#0;��}ॣ�o&amp#3;y���I��{Q{Q��&amp#18;����F�&amp#27;�n�&amp#0;&amp#5;Z3��A�?�x�$�,&amp#22;է(m�Ƞ�4�IE#�X�z*8��'&amp#21;���o�\�&amp#23;e�ĩ��&amp#5;��B�D+ɞM�&amp#16;x��mQmC�pT�Z/�ς֖��26��
�92��I&amp#15;�Q6�R�-&amp#27;�<��&amp#22;&?�g�D�&amp#5;֕���q&amp#17;�z��&amp#19;�QO�����%�M�&amp#19;�)vC�&amp#18;&amp#31;�W��_6�&amp#31;Z���k&amp#18;Zϭ<�R�Q�;#-�+GӬ�쵹k��<g��$�A񂕻���&amp#25;���U&amp#21;i�&amp#17;&amp#20;5�&amp#24;+�>E^�����O�n��*����&amp#0;"(|&amp#12;����<ȴ�+"�D*�+�5�S��J%&amp#23;�Z��R&amp#29;R3<��:Y���tQ0���4���G�4�.	�j$V$Z�E&amp#27;p.�#SܢS�"C�=i/�Cy�&amp#4;��&amp#23;G���k&amp#8;}�.�G'���&amp#0;�.�Q`�&amp#16;�*%�����IJ�&amp#23;���dP�PM9&amp#22;��i��}&amp#21;�(|��&amp#19;�&&amp#25;k�%�E&amp#14;&amp#17;�u�Q�O�&[��
f���Rx��>�G�S�%�ǂ�{u�D�&amp#7;�I�ˡ�[<M!�&amp#12;�3�v��"�ďķ^�J��0V���r�̢�H���-�]� GG޻�&amp#8;p�^?���Ƒ�&amp#15;�h}i9�t�2�{�K�4\�?����&amp#4;����&amp#6;�}WT���&amp#30;�&amp#31;&amp#5;��+����a�W�}�EN�G&amp#24;&amp#27;���^	D��(T�	�&amp#15;��O&amp#21;&amp#19;-�&amp#27;�K&amp#15;��_&amp#2;�K��C�D�o&amp#5;�֔��7�&amp#19;+U�*v��[���C�&amp#23;TKu�"27�s�&amp#2;X�&amp#24;d_�&amp#2;&amp#3;kWч��E��+�&amp#0;�7�S�kۦ&amp#16;��뿄F��V8{g��i8<&amp#27;p$�N?G�&amp#0;���r�_�.��լ�&amp#5;&amp#15;�	�ir�D���&amp#21;{E)&amp#27;�]�&amp#31;&amp#30;
ȧ"���$�Ȋ2X&amp#20;�:�J��hO�nZ6I� ^a�i&amp#14;�>J\��(�ઽ�&amp#7;�E�HȨ�D)rS�&amp#3;�x��$c�"$_&amp#26;$a�-\�Yf9GFW�Y�&amp#20;��O���d�y�U�����&amp#0;踶�j{pV��X�R� �����&amp#0;���&amp#0;���2�_㥷&amp#20;ѻE�s�I�d���#�k�S�P�&amp#6;�A�Te�J�&amp#2;Mps�}�^┞�&amp#28;��kC���Y
�c�$��u��vEd����eiK�T^�I��2����&amp#17;���-&amp#18;x&amp#18;�&amp#22;E�G�u�&amp#22;�X%!v.b�-2��t��d~(�&amp#18;&amp#23;E�E&amp#8;&amp#18;�d��J��1*ߺtڏe&amp#27;��n��.$�1��&amp#3;_��iW᥻^�3�&amp#20;���bx�R�&amp#22;
�R&amp#22;&amp#11;~ʋ�Z�&amp#15;M&amp#24;Eh�\&amp#22;��&amp#19;=!��&amp#12;&amp#19;�"�>&amp#7;M��ʋ�t6S��&amp#18;�V�脲c&&amp#25;s&amp#31;h�&amp#23;x(Qx����&amp#12;3&amp#12;������S�[�f&amp#6;��&amp#14;�Ep4]��&amp#4;%�`G�2��&amp#31;d��k�k�WzE&amp#15;�w<�E�q�&amp#25;,&amp#30;N��D�\LUq�.�&amp#17;�Ǹ�x��&amp#11;YF�)�Vc����&amp#0;&amp#26;ZGK���&amp#0;"�h�E�ݕ&amp#11;J�p)����\&amp#22;zh���p?�(�m0�&amp#4;U�&amp#11;�&�}&amp#20;�(�&amp#5;�=�h�E��h��]kH�^�&amp#21;{-Y��E�D&amp#31;&amp#4;���&amp#18;��&amp#12;� ����I�o��&amp#17;�����M��&amp#16;�E&amp#14;��q&amp#17;|K���H��.QqUŒ��5�i&amp#18;����)�G�&amp#0;oK?�&amp#20;M��]&amp#27;}�~��&amp#30;&amp#11;W�P�|&amp#27;�&amp#26;�*K0+p�&amp#31;�Z�&amp#18;�H���Z��u�ĲS��!I!S��&amp#4;�]��ƈ��&amp#0;�&amp#19;�]��&amp#18;��T-VQ���K���O&amp#5;
ۑ�V�Vtl�&amp#20;E�&amp#25;z>�o#X�&amp#31;CX&amp#18;ȢE&amp#24;�Y�G��y&amp#23;E��V�&amp#24;+�G+�&amp#0;E�TV���	pU{`��?�Qr��$�O&amp#3;�Kؿ
��"�x%&amp#28;=-J��Z��\|Qc��<&amp#23;&amp#28;���&amp#20;_�&amp#11;�*|D���&amp#28;�
�="16�"�.#�c�e��&amp#0;Ɖ�,O&amp#26;�|�X�Z<ఏ-&amp#14;%�7�t&��MG�?�.��&amp#8;2$�&amp#8;�ei��&amp#27;���&amp#31;B�#&amp#28;�e�&amp#21;�P#�\��i�Q���g���R�&amp#8;6O�&amp#11;��&amp#15;�&amp#3;�W�%E�d�c��.	|���qM!/�ۂ���Y|pW��&amp#22;\@]i_�����E�d�V&amp#15;�-�_��>
�ۂ]�KY{&amp#17;'�w#yE��ϑ_�Xv��S_d� �N��&amp#26;�X&amp#28;��&amp#18;&amp#11;&amp#4;&amp#17;8b)��&amp#27;M��&amp#0;�+�&amp#26;ɴ�Ip��T��&amp#30;�+&amp#28;��&amp#28;��Pq-�U#�Il�y��.|T((��d��ʲ�`q?�AƷ��9f&amp#26;X�&amp#11;�_"��&amp#23;be�*�Ko·�&amp#5;��&amp#2;xҺ���W�D&amp#27;o��_f�&amp#19;��5���~�o7���>E��2�Ȱ~�&amp#24;D�ػ�,�bMa�)��%O0�t��&amp#23;F��6`�"m&amp#18;ȣ�<&amp#18;h��$��&amp#11;�S_D�(�9��-�&amp#0;����W��#��nMǣ�ѕk�B'�ܧ%���&amp#0;��W,�r����oFu%����פ�
&amp#19;�E?�}&amp#22;=~&amp#21;��Qa��&amp#8;�X2�^ʿ&amp#18;ۯ¯E�(�һ���i��/O��&amp#7;�F�Jh�?F���P�&amp#30;t�֑�&amp#12;�(|���+.K>&n�h�&amp#4;����,&amp#18;�e7�&amp#12;�.0V����,&amp#16;�OH�O&amp#4;�΄�6��7���%�����S�:R���&amp#30;rj4���?��br�.�<���$�ʱ]21��&amp#30;6�4饂��&amp#30;=�&amp#0;ۡ�X��W訹(�a|tZ��5���zhp*�x��&amp#14;����z-�&amp#11;��kH<>�P�&amp#5;�(x%&amp#4;˚XzQ\	dHK&amp#2;��J8e��U����&amp#17;�&amp#27;P�&amp#19;By+C4�?Б&amp#2;��&amp#25;`�D��
o�H�E&amp#19;�&amp#29;T�m&amp#23;e'�
��9gH�%��ҌD�(�qQbE,o��Cw�{Q�U��%q&amp#27;[eoH�7>�O&amp#31;:��8-�M
~�I2�G���c�&amp#31;�~��&amp#15;��x�)rY��'�-�і7�UpX����e�W�����%�?�zG�&amp#8;ۧ&X�&amp#4;�WY%&amp#30;Kx�l1�,�ZD��ڊ�-��_���"�,����&amp#0;�tD�"�R�&amp#5;�tO&amp#5;vG:�&amp#4;&amp#27;�W��8��N&amp#27;Q_��&amp#16;�&amp#23;&amp#6;?e&amp#5;�Ee�&amp#15;���-e9�&amp#7;��&amp#18;Y�O�&amp#11;�&amp#31;Up�o7��E:0�&amp#29;�\&amp#18;!�	}&amp#30;&amp#25;�&amp#0;ے\�?�~����/W&amp#12;�=�,��#�-Y�h�&amp#5;C���&amp#30;���P���k.$c�w��gM�*An(/Р8
&amp#6;�`�ς.&amp#11;�&amp#20;M�F��C��Q.馄�D]���h�ai4B&��|&amp#25;�
K&amp#6;�ޟ%��'�)�dQKK�.~E^�N�&amp#14;Y�&amp#20;&amp#22;0l�d�&amp#3;�&amp#20;�<
�&amp#22;IrY7�&amp#2;yѲ�ĩ�&amp#11;o�{�.�E��)|&amp#11;>�&amp#8;�_����֕z*&amp#22;�&amp#17;u���&�ąغ�v��'&amp#21;��+8&amp#18;K�a&amp#24;F&amp#17;�I"����&amp#20;~h���D���bR�D�m��6ȋ"C�&amp#11;��Cx&amp#22;&amp#7;I3�C�	|I��q&amp#8;&��&amp#16;�q!�Jq�Z&amp#29;��$Ƒ���Hh}&amp#20;�?��&amp#0;��vZ|�޳��->%��K��-%�&amp#20;&amp#31;��j�"���X�&amp#22;��4.���S����P���2BY&amp#23;Za�H��(&amp#19;X%�C�bz>����],&amp#20;��)�t]�X"V�E�3Α�&amp#4;M�D����V&amp#28;�$ɒ$YK���pc�
K�����*>?
�C�E/��~-&amp#19;�&amp#25;g�&amp#23;z4T^ҡg�/�&amp#5;���G�E����&amp#16;Z���#֓*�2�]i�
�"DH���&amp#1;Dk&amp#6;&amp#22;��&amp#3;E&amp#15;���o�_�2���&amp#12;�֍`�$��E�b�{La�H&amp#15;�&amp#26;�&amp#8;�&amp#31;G:6>�yb�#�2��.ȏ�-���Z.�&amp#18;D�IiO�&amp#29;�*��_�&amp#29;k|J�����&amp#0;&amp#18;�&amp#0;�X��C�[�qj�8�.��X����1�[�؊|#&amp#12;ۣYַęK���_�+|DB^�p�����&amp#0;"kl�U��i&amp#15;�i��m0���D�,�&amp#19;�>
�>������T�h]鴩�&D���8�E^�U�#�^��&amp#30;;�y&amp#15;�{�-_���&amp#22;�&amp#0;2�Z�(�C�%�_���.�]&amp#21;�Ƌ�&amp#18;���4e&amp#11;&amp#26;7�}&amp#19;\��&amp#11;�ʧ�e_��z_�Y#&amp#15;�N8+vW\d����"�֍&amp#27;��Z�(��z[��X$���#���*��>��2��A{���&amp#25;&amp#21;�E�̎��Xt_�&amp#25;{�-�e����!��R�&amp#0;��&amp#8;�L&amp#27;�*�Y�.�4�}&amp#23;&amp#11;�h�#��&amp#19;����,��&amp#15;�&amp#19;v��n2�/����&amp#15;���!&F�Y
&amp#6;ĉU�\&amp#20;�2�V/�mE	�D]&amp#11;�_F��m�&amp#31;&amp#4;��&amp#23;E���&amp#15;�&amp#23;Z}��&amp#22;\}�Z�Ң������q&amp#25;&amp#21;�E&amp#15;�!��+�Y����[��&amp#31;�O�S�Z��{jd�_�R� ʝ��QD�&amp#22;	ݤS��LrC�[ƙz/�>��&amp#27;��RX2���ʽ&amp#24;E�&amp#28;�G��1_D�&amp#5;�j<&amp#19;r,[ފ�&amp#7;���eQ�Xd&amp#30;P�&amp#23;Zm6�t�H��&amp#31;d�-e��>�ޒ�&amp#7;�i�+tU�u��+�&amp#0;�t#��c.~E&amp#15;�#��+&amp#22;�"�{&amp#11;�
&amp#29;�;�S����\���F�&amp#7;��~J�6�&amp#15;Vo��e��E��F�R��"Ǉ�fX�1|��N&amp#12;�&amp#21;6A{0V\ia?�#9!لU����8�V[=Ȭ�(��s-���j=&amp#23;Vr������+Y&amp#15;�}�.ɔ&amp#30;&��.��"ce��
�^�".��E]|&amp#23;�L��&amp#20;~H�Zȫ�h�"��_�qE&amp#22;&amp#31;&amp#28;&amp#20;�e>��7�l��&amp#19;h��K��ȥ�&amp#4;�&amp#2;�E~��ֹ��6o �>���Ę��4H�B����y<{�&amp#26;'�&amp#2;蜿D&amp#31;#�&amp#29;�+tx��G&amp#24;��Gj�&amp#21;X�&amp#16;"'�r���ZH��(�&amp#12;O:�d��L��"&Q&amp#31;��8D��&amp#14;�&amp#7;&amp#31;�p]|�_$S�/Jݖ�"��_�q&amp#5;���H�S�J��y�	�e&amp#25;E&amp#31;�q�&amp#25;�9)tW��N&amp#8;�&amp#14;_�/�o$YRxEJ��ie"4Q�#?�M��S�L��뿌&amp#11;��R'&amp#29;�o��e���5��yJ�TZ'&amp#28;K�tEi���J�&amp#24;��$�9t)	��O�"��$.�غҲ����&amp#22;�<&amp#23;�&amp#0;�.�(��&amp#20;���&amp#31;E~�g�/>%��]�+�.*"�%4��E4�E��S�M��V&amp#4;��&amp#31;&amp#18;�?�
�"��U{4H�2��܍�S=3���3�k/j�p��U{�.�&amp#25;,�&amp#14;H�&amp#2;�&amp#28;�&amp#22;؎J��x�&amp#21;G�&amp#23;u��&amp#26;Ɍ	��M��o:M&amp#15;�	�	��&amp#18;^ȳ�12��&amp#15;�H��&$�غ&amp#26;+q&amp#18;�gH�g���,�\"=��+\pW��C�\�&amp#11;ϑ&amp#19;��pT�D.V8*ܤJ�&amp#22;�<�J9�N&amp#14;,�Ȕz.̣,�}���&amp#26;>��1!Sdi
�&amp#8;Ĝx.aƖ&amp#5;�F�/K�&ʝ�:XzNX)�,��J&amp#20;�ˬzx+�Q�&amp#21;7p]Qm&amp#18;�&amp#30;&amp#7;&amp#18;(k&amp#26;�gG�2L����I:(�&amp#19;Ҋ����Y`}�"���+p�л?�K�M&amp#23;]&amp#17;���tW���.����&amp#17;<3�&amp#23;=�ٔ%��9&amp#17;�|&amp#23;��&amp#18;��"�2(��/"��&amp#26;Z�I�4�&amp#18;�&amp#4;i&amp#17;��&amp#20;��d�V\&amp#15;���&amp#23;�H�^�}�=��Ųއ<����Kdx.n�pˎ�}�[Q�S*S�/�����&amp#4;�k-$>ɒD�$�&amp#15;�~&amp#22;�&amp#18;*�"�}��"��+�W^�i��s�&^tG���k�
�7��������~˕�+Q[�(�\&amp#22;%��N�R&amp#28;���M��.P�6�&amp#15;2d�&amp#3;�J&amp#31;/�?�h�&amp#6;����&amp#11;'�%���CDK��_�X��&amp#2;�&amp#24;�Q�B��Ie���	�bN�J;��ċz�jG����Phk&amp#28;j��Z>��.�tL��EcU�h�+K�V�X�&amp#26;��
�&amp#0;!�i�v8��u�&amp#17;A�W�X�$\��`��2'�~�粯fQ#�&amp#23;D��K&amp#5;g�9zo��]��Ĺ�}�e�&amp#20;e�2ZP�i&amp#19;a&amp#24;�L���QpTX<dSFԇ�h�&amp#5;Ж&amp#11;��.&amp#23;,��&amp#0;�&amp#24;�䢋�-
&amp#8;���VG��Z�m&amp#20;=:8�Y�K���&amp#17;&amp#28;�K�J�n�L-e���2Dѷ&amp#5;>&amp#30;4�Er[�&amp#21;_�&amp#4;�]&amp#17;B�%�X�&amp#18;D~I&amp#30;&amp#18;&amp#27;m�r��t[�h�&amp#28;��<�|��*��F&amp#7;�X�q�T\��=?�Y.K���^�d&amp#22;V	۩&amp#30;6�R�&amp#23;=
<���E&amp#15;�2_-)|���0��tT+#�I��)<~W�"�l��&amp#31;G��(��+U���x�)Md����&amp#12;�&amp#23;O�O�?E.��y%'���}i!�H�-&amp#23;�&amp#18;".�&amp#29;&amp#21;�'�舺$V*�H��G��Tc����Q�&amp#18;d���&amp#21;;*�	�E&amp#30;/�\�&amp#18;��6��)K��b�-{+��&amp#22;HE%���&amp#0;:&amp#17;&amp#0;&amp#2;&amp#2;&amp#1;&amp#3;&amp#3;&amp#4;&amp#2;&amp#2;&amp#1;&amp#4;&amp#1;&amp#3;&amp#3;&amp#3;&amp#5;&amp#0;&amp#1;&amp#2;&amp#3;&amp#17;&amp#4;!1&amp#5;&amp#16;&amp#18;&amp#19;"2A Q&amp#6;&amp#20;a&amp#21;#3qB$0�&amp#22;R�%C�45�����&amp#0;&amp#8;&amp#1;&amp#3;&amp#1;&amp#1;?&amp#0;�&amp#0;U���gS��v5��y&amp#29;7]����3�Q�xL��k&amp#8;�}�&amp#15;�&amp#17;r�&amp#26;?���/&amp#7;G�AD�S�£��,Z�����&amp#5;t	]&amp#21;�&amp#29;F^&amp#17;�M���5zD�4�><�CG&amp#28;l*&amp#20;K$�&amp#29;���N�nO�e��O�"P��ױb����t��G�H��fXO���5�X4��&amp#18;X#&j&amp#31;��&amp#15;��]������K͙:{�!�&amp#30;�&amp#29;ų���!&amp#18;�:�-�K94�e[���1X?�&amp#2;&amp#26;�&amp#17;�$,OdWRg��6?���"R?��$W&amp#8;�Il:�F&amp#16;�,��%z���&amp#27;6<�%��%��}����f��(��bM�mo�4Z�<&_��檯&amp#29;�`k+4&amp#20;{�-&amp#28;�64�&amp#25;"�%&amp#12;`�v���9K�8K<&amp#21;E�#�F�&amp#18;�-��A/��&amp#2;EPP=x��~��b&�X��!/%��B^1�V�3���Fo�:s��bm&amp#26;�,&amp#22;&amp#26;�
�&amp#0;�:[�IOaȵ��h��@�b4�^%���������i��#���&amp#12;#O��D|R$�єH�0�4=DW&amp#4;�&amp#25;�~R�&amp#11;Kc�!��)�̯B�^�&amp#12;��&amp#20;�&amp#28;�M&amp#17;�&amp#21;�荈�&amp#31;%��:�S���'C��f픿i�y&amp#17;�w�&amp#20;�>E%�ĥ&amp#12;�O�W%��ɦ�$}Z�~��[�i������73[&amp#21;t�xnW��C�Apih����a&amp#2;���:j�&amp#16;E6�"5�&amp#30;85��&amp#2;�i���K&amp#23;����Q�:����&amp#8;�8bܚ;�H��蕍���Xf����h#�&amp#19;�v���٨�J"ԑ�ฏ%�N&amp#5;�<�cOF&amp#18;Hzo4G���CH�&amp#22;�'�"N%�BZ,��#�?e}6&amp#11;b&amp#26;(.&amp#17;�%�F��F��&amp#4;�Q䖾&amp#16;ؗS�.�&amp#18;΢��5�D`V�#&amp#18;e�&amp#0;&amp#19;�&amp#15;����7��،E&amp#21;ݴ���H���Q/&amp#19;��s�W�ĸ4�(��v(�&amp#23;P��ƫ��&amp#21;�"��4#&amp#23;���IkR�&amp#11;u�li5�%�h��Ȣ^�h��Q��v)��GUX�H�L�M<x4�&amp#18;GR_��iF�`��L�?�@�.,5e&amp#15;&amp#22;�Y{O(��&amp#19;�I�#��k;#Oo�'�X&amp#22;�d��мd�F)&amp#21;a�,!A	c���J(��Ԉ�D^M���&�:���[�,�&amp#22;�\�m\�Fo&amp#2;���&amp#21;�l	`rcy/���?�G@4���I��JXd�z�&amp#21;q=&amp#8;�ԏ�����,�O;"�&amp#3;L���i��/�2�Ŕo�M[��&amp#16;.ϑld��NMe&amp#23;��&amp#26;mg����+Y4�Q+�H��puk&amp#19;�&amp#17;Ui.�~J����N��&amp#0;&amp#25;Zņ�&amp#30;&amp#6;��i�$y4["�MD2�V�SL�&amp#18;]�!�$e
i&amp#30;�D�17�B��nOr�K&amp#27;�z�Ȗ?&amp#8;�&amp#4;��,��&amp#5;�R&amp#24;�}A3����˲x&�?�7�2F��pWɠ�&amp#21;�G�&amp#31;%�&amp#22;u�&amp#0;�&amp#17;Ѝ2�leq�/��v������&amp#11;��X56��&amp#20;�%��&amp#24;,�A!�&amp#25;`��Ց52Q�]E)a���5�[l"�#l&amp#30;�&amp#26;��CY&amp#6;�M��&amp#6;�����Q	a&amp#30;�&amp#29;�"���ӴB{&amp#30;���kbx����97,�I"V&amp#30;d�&amp#2;u&]-�ڊ�،&amp#17;&amp#26;�* �?��f�at��&amp#14;���d&amp#16;�q[$-:�&amp#17;�"�Q��Kc�ˁq�F���'W�Y&amp#27;|ri�R�ܦm�[�^
e�簤��&amp#15;�&amp#27;ӱ(?Ѡ��]OČ0hg�Uf�Y�y��&amp#15;�&amp#17;�&amp#0;p�����y���2�$�Y��JX�&amp#30;�&amp#27;�nm&amp#22;�-�~��a&amp#19;�K;&amp#15;U'��y:]�&amp#27;H��dv5�8�(�����sO$u&amp#18;g�e��\���l�P��V��C���}&amp#17;�=�;B�&amp#29;��G�Y���'�܍46��#V8<&amp#31;���	<&amp#14;g�;���|"&amp#26;k���w}��$�a�&amp#12;���&amp#20;,}	�X&amp#31;&amp#27;&amp#26;�W��N�͎^�S��D��(P<X�5&amp#21;�pu�1~Ǝ&amp#30;�M&amp#3;���*���&amp#20;�9�u��&amp#28;&amp#19;�D�Ԋ�&amp#6;��%�L���,�E�&amp#19;�&amp#4;���ҥ�&amp#26;&amp#27;=�{�8��G�t�b��),��&amp#27;&amp#17;�f�S�&amp#19;S{�%!Y��#�N&amp#15;c�u&amp#15;'�j4�2����Յ<pA�ث��&amp#15;�S��[b����&amp#28;2�IeX�8&amp#22;&amp#12;&��Y(�&amp#21;�GI&amp#21;��ȕ&amp#17;���,�NG�b#Ӡ��i"�B�(U�i$OS�&amp#7;����Dz�d��llK��\&amp#29;b_GN~�7�5��#@�&amp#5;!�Rh�k&amp#7;Y���K���T1���NTK�&��&amp#8;�R~%��fU$��K&amp#6;����X&amp#29;Ȅ��^'\�åG�i6�&amp#6;��&amp#30;�pYtpN�"��R<�&amp#26;#&amp#3;J���$�[=�1KrR��4ڗ\�4&amp#26;�8(�Ҽ<�֭Qm&amp#21;Oȥ&amp#24;�&amp#5;K݂���[ا�Y&amp#23;&W^&amp#17;�En4����&amp#7;��Y/�T���<%��,"&Q&�9�Y��&amp#30;��W�m�O�v��j��9�ݶ&amp#29;��E�&amp#22;;K�����o�kW�&amp#26;&amp#27;0�j��<�_=�k����.
��G��䣂Bi&amp#19;k&amp#7;Q[&amp#24;EP�&amp#16;X[��&amp#12;���nD[+�ضq�&amp#14;����I�P{&amp#21;Z�pCS�=f8'�ؖ�&amp#18;�C�=\&amp#23;��ȏ�<`�|Y�~%�İFh��&amp#22;phz��I&amp#26;=r��d��~M�i��F6&amp#20;s��&amp#25;���N��Xew/&amp#18;�&E"5E�J�&amp#4;�/&amp#27;&amp#19;�˂&amp#29;7<���/�&amp#26;&amp#24;��:h��"�G�Dm�&amp#3;y�e�(��x'��&amp#22;�L2�rkbQ�&amp#6;�.	-�N��?y���&amp#20;�K��-��Ľ��8�4�lp�2&amp#18;�.5����)�&amp#25;L��a��xF�t:�
)��/&amp#2;�&amp#7;�C�&amp#28;�ؐ�&amp#24;'�E��G�&amp#4;s&amp#28;&amp#31;ܑ���l&amp#18;�&amp#31;ب�#��\&amp#21;��&amp#31;$z6������վ&��yE���Ig&amp#2;Ye�lK1��6NX�պ{q�	�	pQ�F��ie>��[�&r��:f�롟��&amp#4;�#*�&amp#28;��C�pz��
�[�&amp#20;p>	���B̚��M5�B��.�c��lX)yEe&amp#31;�Na&amp#19;��rJ&amp#27;&amp#23;Q�M~&amp#18;43�&amp#5;4+&amp#16;�u��t�nU/i԰�4�"]��k5?.˞�&W<"w~�Q�l�&amp#19;��"F������"OP�Ś�}&amp#14;�&amp#30;��HUI�&amp#17;�X��7M{d��C&amp#25;h�&amp#0;N�膆+膙#������5�M,H���e&amp#29;En�&amp#26;�&amp#21;G&amp#27;���
#�ah���4&amp#30;2M��&amp#23;�f����&amp#30;�(σM�~	�����ON�&amp#29;'�y]&amp#21;��&amp#18;�&amp#21;�"�&amp#25;pF�j&amp#31;�سP��&amp#12;��/cH�y#�#_'&amp#25;li&amp#31;�&amp#29;Gh�:[!q��uj���P�ٕ��&amp#5;&amp#19;H�K-/{&amp#18;E�Xf�Dx&amp#20;�)lug�:}�d.J&amp#6;��)&amp#26;9/&amp#20;;&amp#12;�Z�ڋה�zH��&amp#22;&amp#8;�#�G��T��&amp#7;�&amp#19;�1&amp#30;��&amp#0;�+_&amp#4;����GMc&amp#30;��C���G�"="&amp#11;�L��!��-$W�&amp#26;R�&amp#20;pa&amp#24;_��bE\����:�MK&amp#6;�J�&amp#14;ȏO���L�&amp#0;&amp#2;��}&amp#21;�a&amp#31;�G��U�3҄�.�&amp#6;�&amp#26;X�Z8���&amp#20;�:_��R)�ƎO"��U�Y�ܲ&amp#24;F��L&amp#26;X���>&amp#14;�ɣ��_&amp#12;�&amp#6;���ݏVE�x5Q����&amp#2;��y��cM`|&amp#22;ni&amp#8;�a�XGRY�&amp#17;���q����&amp#20;�J&amp#23;�Ǚ�z��l?&amp#20;y"SH��-�l�Rײ&amp#20;.d4w&amp#21;��&amp#31;%}5}�h"�&amp#2;�E&amp#31;ӈ��Dh�=&amp#8;���&amp#4;��'|b-d^�SO��<���&amp#14;����&amp#16;ܲ�*�j�[��:_Gx�&amp#8;���d�i`�i����	�&amp#24;��W��V�ri��x(��|&amp#21;�&amp#4;��D�k'O�ޖM&amp#11;�Xbe�ص��i�M+�v�&amp#7;Q4OcT�*!&amp#31;��`��&amp#8;�z���&amp#29;f
����%=^��&amp#4;mR^�Ș�H�Wѧ~$mX&amp#29;û&amp#5;�REMG�߰�ص&amp#17;���#�h�$�(��T\�G��?�i&amp#30;�c�H���qL�O��Z$�B�$B��&amp#5;&amp#4;a!�#�(���G��#ı���[�4Z�J[�ie&amp#30;DV�&amp#16;�;�&amp#16;�$�!�D*X�f��,��+�~�)l�a�Y��N�2,�3Kk�-��&amp#4;u�V`����&amp#25;D��C[&amp#29;j�/&amp#20;t�?�&amp#8;�2�h�x{&amp#30;�Ŗ&amp#19;ܱ&amp#21;��i~#x&amp#20;�:�0h��k'��i�#%�S�j���T�{-�u�g�<�2V�C��[ą������&amp#27;���Y�O]�Z��&amp#24;��&amp#18;�[&amp#21;t�O�=&amp#29;}��0E}>&amp#17;�&amp#16;Ү&amp#15;��ZX����R<R&amp#22;&amp#12;DH|��;�&amp#30;K:�q�'գ���&amp#15;.	jdQch���#&amp#30;ץ�u���49X4���|&amp#25;��y�]�r-*D�#^&amp#7;&amp#29;�VS�'9"�M����,l]D��ZY�M<�ܾ��Zf�t�(�&amp#29;:�($l�uo{41��#�K��T��I��	IrF��i/X%,��G�E<#[{�4�᚞���Y?�$Ǔ,�d��&�,&amp#16;�&�U%��e&amp#18;��CS|&amp#30;����d:t�&amp#14;��#��Dzd&amp#23;&amp#8;��+誤�&amp#15;N'��&amp#27;����Z�-bD��=v��d,ɝ�>N�ڃh���&amp#2;��g�Pa&amp#11;���V�)�;�&amp#5;Q�&amp#27;��&amp#5;.�(t�P�K�n�ȟL���.��&amp#15;���&amp#31;H�&amp#0;&amp#7;�O�!ҿ�gL~<&amp#15;���i�o��45�G&amp#8;���R�F�+<��%&amp#24;"�D�D�H�Q�+�X<�M-�&amp#31;�X&amp#22;�#_�X�F�&amp#5;��%�C(���)1��&amp#18;��FX(�M�`��(D���S&amp#17;U&amp#20;F�{R&amp#29;��R؝�&amp#28;��T��y&>&amp#15;-����&amp#23;����D�+��Q&amp#25;�W&amp#16;�g��W��܂حvҔ49"V�e&amp#23;j#�]bl�����,X&amp#29;�&amp#4;��&amp#30;�&amp#15;잢&amp#20;���(��&amp#18;��l!/�V�M#�G�=8��F?���&amp#6;P�&amp#22;�%&amp#23;z{&amp#16;�X�&amp#23;R�&amp#0;$���ڌ���*ո�_"Z�&amp#31;&amp#4;��DS\	�v!<�i&amp#18;]��LP܄pU$�K&amp#8;��ŕk����!�EzՃS�Ili����ʮN'T�&amp#17;:]�Q ��Xцu�_&��&amp#15;c-q�?��p}&amp#29;Gh&amp#25;܌�&amp#11;&amp#18;D�I&amp#20;kR#�&amp#18;&amp#31;T�-�&amp#31;WH�Uo��T�(�%�Wb$��_g�W장$GZ�*�E��}��,v|��K~��۷���D�O&amp#1;@�0�.��',��X]��oL�0��R&amp#29;J/ah��S�&amp#24;�F�`�<�&amp#27;�&amp#30;&amp#15;��Sh��<e�GP^85��%���<J5	�1$��3���A��&amp#31;���T���؃�*x&amp#20;��R�2_!K&amp#7;��;&amp#25;&amp#27;&amp#24;�x&amp#29;�r�4��(�ɨ�&amp#11;&amp#8;�P��+�C�3�b�8���sD+y<{��g��&amp#0;G��&amp#5;V>�M�&amp#12;�x<L3&amp#12;K&amp#31;���&amp#4;�%��O����0�/��i���t��&amp#26;
qu3�i}&amp#27;0@ԯa&amp#25;	�x-g��S{5&amp#19;x4ډE�^��!�E�Q>��gP����&amp#8;^�����i�FElV{N�o����fWd�'���D�F�&amp#20;�]��+&amp#19;y&amp#20;�&amp#0;G������av�&amp#26;��&amp#20;H��<EX�=3��&amp#0;&amp#7;��&amp#15;K�&amp#18;�;F&amp#25;<;x���&amp#19;�=A�Fy<�K�&amp#23;u����&amp#28;~�&amp#30;��&amp#0;L�\<�&amp#14;�/KT��iϼ�&amp#0;�&amp#18;�c�8b�$zɎ�v�or�[�+Xe/&amp#11;&amp#2;�&amp#28;&amp#14;�N�~�K'&amp#4;J�FE&amp#22;�P��(�[ԒX5Z�%�9
g�y�g�6��JD��&amp#8;͙l��&amp#30;2<&amp#15;&amp#3;���2�@\w�L�<{H\&amp#18;�8���]���������*y1�r9g�8���#�&amp#7;��&amp#8;��t|}&amp#26;%�.��Q&amp#25;&amp#29;Qyi�Ga<�j}�%3Ȕ�&amp#27;�K%o&amp#4;��or�l)���&amp#18;f��$+Q&amp#11;�-P������P��&amp#18;�#fY_&amp#31;�}�磱(�&amp#17;L�{�zg��x&amp#30;�=#��&amp#0;&amp#7;�z&amp#7;�:|H��&amp#29;�%���&amp#19;&amp#23;"E�&amp#0;!q�&amp#4;fF��b�y&amp#14;X)�&amp#7;�&amp#19;�_C]�?���cIVvE�l(�G��UNt�%5�\�:�=��&�M.?��x ka�{}&amp#22;�.E$�I&amp#22;c&amp#27;&amp#16;x&amp#21;�G�;&amp#15;Q&amp#30;g���=��I�bߓ�G����&amp#30;�=,&amp#17;�&amp#17;��&amp#31;���F�D�&amp#4;�(&amp#23;&amp#31;��E}&amp#15;K&amp#12;���&amp#3;�"��[��ŋ&amp#7;��X�&amp#15;.σ쌶5&amp#6;Y�z��Bde�l�1�z�&amp#30;��5KQtj�٦�-R�9G,�4F�D�&amp#14;&amp#17;&amp#8;�[�CCt��&amp#11;�_&amp#29;�&amp#19;�K��&amp#14;>v�:|�8+ڬ&amp#26;��{f��٧�43Ι���&amp#25;&amp#19;]�Y�&amp#27;�l"&amp#15;&amp#7;�e&amp#22;$a�&amp#4;bx�D�]y{&amp#30;�=&amp#22;*�zH�&amp#17;␢�8��p4%���&amp#8;�rE��o��J%�\&amp#22;jW&amp#5;V�K&amp#5;��H�"�q%R�&amp#11;)�V�v|�$�&amp#6;�F[&amp#23;�i+	�z��&amp#21;�pFE�k�oq�cs��&amp#23;��&amp#20;�T�4�&amp#7;R����6�&amp#6;�����De?q�UDWR��E}2����I�&amp#11;1*��<��񌼋+���_E�R�I��Tc�&amp#18;���+&amp#6;�bM�{&amp#26;���<&amp#15;Hu`P#^ǠzB�U,&amp#30;&amp#29;��<&amp#22;�����y&amp#19;<E�l��"L�&O�M�&amp#0;���fN3��~���8d%���d��Mgc,�&amp#7;!�Kc̵�I�&amp#18;}�DdBh�D&amp#22;GI:p�=6t��:�M}&amp#18;�]�N?��i�(壪ҡ&amp#28;�|HG/&amp#6;��Y8yA�鷨�GOte�&amp#29;&amp#26;�a�K�Q��V��q�Ye�gO&amp#25;����R���Udr��&amp#8;��"&amp#19;X5&amp#24;k&amp#6;&amp#25;��|&amp#18;�R�&amp#1;,w��&amp#19;�pLӬ!����e�}��&amp#19;B㼾#x�/�m7���Y����Y[e&amp#30;��v<�Iو�Y��c���Ƚ��&>&amp#11;&amp#31;f��$a�,Q"�E�/�a`K&amp#6;&amp#17;(�&amp#21;�&amp#22;&tmZ��1�&amp#0;����u�&amp#19;�e֑�lht�S[&amp#29;+�ⅱ=&amp#12;V�&amp#31;ҭ}&amp#17;�0��&amp#12;_&amp#18;��G��t[�G(pK�\�H�Ӯ�~&amp#31;&amp#19;�W([��D��vo&amp#6;Q6�Me�T��_&amp#4;��7�2,h�G�&amp#14;{7�4��`�&amp#8;ذy�̓X&amp#26;�i-�nic��4a��trB��x1V��jx%<2V�Y�#&amp#24;)[��|��-�q��4*3��i�֑螉&amp#21;�&amp#25;&amp#28;g�&amp#16;�F&amp#30;�&amp#27;���&amp#15;�Ji��u&amp#24;p��3�i|���
��D�+&amp#25;%QedjB�u�&amp#19;�����BѨ/j?�ҕ��&amp#0;�&amp#18;�<��&amp#7;#��*��/�F&amp#24;�&amp#18;�o%\v�=�&amp#4;��{{.?&amp#6;ȏ��M�g���+&amp#18;=d+��:�t�}&amp#21;t��.�_ѫ�~1�5���|
��zEU��`|��v=�X�%�My&amp#22;�&amp#5;�$x�Iv�&amp#22;X�'�m��j�M�r�&amp#6;�娎k5Դ��|1#��Ii��oK&amp#8;��&amp#24;2�|�OU&amp#20;��&��b&amp#21;!ҋ�&amp#6;+K�$�<6,��ca-ʗ��&amp#31;g�"?��|I��&amp#8;Q_B]���d�4FK&amp#2;h��&amp#4;N>њ~�&amp#7;�-�lYf�&amp#29;���&amp#30;��GԿɦ���N�.&�yf&amp#24;�;PHk&amp#29;�$b�&amp#11;��K&amp#30;&amp#12;,&amp#23;s�o볖&amp#5;j����&amp#6;'�]��t��(W)Epi5�W&amp#23;)r�N���:J���&amp#17;�&amp#20;�;653�+��,�Q&amp#8;E$Z��Ic&amp#4;$��km�Y��Y&amp#25;�&amp#5;,3���&amp#23;,v�>�U���pKa�blS&amp#28;�#&�2�&amp#11;�!�v��)��&���)	�)d�g�#Lx&amp#11;�ȹ�j&amp#30;&amp#25;�D�-�F0\��Gdj<&amp#18;�Vű&amp#26;���&amp#26;dW&amp#6;��o&amp#18;Bت�i|�{&amp#25;E&amp#23;$�z�r���0�&amp#17;�&amp#6;&amp#25;&amp#4;D�&amp#20;׋4U�EnRgB�+\?g��,�{b� ��	x-�5�K&amp#8;��2&amp#26;�pCP�)�&amp#16;��N�&amp#29;SW��u&amp#27;�K��&amp#31;#�"6d�s�k&amp#6;7)�&nL\�o%R���^����iK��>�e�!�/���i����_�5&amp#28;�d�N��G�&amp#20;h��P�:��ElB&amp#25;e&amp#26;t-$p]B����{�&amp#4;�$�&amp#7;�
#�&amp#27;&amp#27;D�,`x�&amp#19;��)3����"��؁D��E�O&amp#5;M�&amp#6;�M),��[	�F�&amp#30;����&amp#11;&amp#7;_��5�Gnd�7�9�K�q&amp#20;	�&amp#8;�K&amp#19;���!�|&amp#19;{�$.G�&amp#2;<&amp#11;��pM�C�l�2��h2&amp#15;l&amp#15;tx�����&amp#7;%�&amp#22;�i��+(�*�L���Klc&amp#12;&amp#29;NI�૒�0KR�ز�"Q�&amp#26;�g�y�L�ܮ�$9����/�=�	�&amp#2;��Y&amp#26;�j���&amp#26;�u+���E$�;��$�7Nӽ�Hi+��Qn�2~L�i�����jn�&�_��%&amp#31;���M�Y.�?��)���8*_}����>H�g�୐"��&amp#19;&amp#24;.�&amp#24;�&amp#3;�|��&amp#23;&amp#4;�!"�E&amp#18;��&amp#24;&amp#23;'�⋟��rg&amp#5;2*�
��h�&amp#29;��]��Fxd,#,�&amp#19;�&amp#31;=�,۲}��ة���j#�Gbv���X"�Cc�j&amp#29;W�p�e�'�&amp#8;͕K�YGN��5�e}"q�&amp#28;&amp#26;ˠ�F̾�,&amp#31;Ⱥ��_�&amp#30;X�{�䱟�R�1��&amp#17;૴Ʒ&amp#23;�-ّ�&P�!!-��&amp#11;b�4�6&amp#28;Gɟ�&amp#27;&amp#17;[&amp#18;�&amp#24;�E|�_��ljV���[&amp#20;�Y,#�g�&amp#28;��)`Z�&amp#11;S�<����&amp#22;.�fY"�m�Q�"N�-�ʹ+&amp#28;^J��>�>X�&��
_d&amp#26; ��S�؎�Ķe��&amp#31;�6�ܕ�:�T��?��j%���bY,��v<�"&amp#22;,��6%jC�;"<&amp#20;c��l"Kr�E��1��M9&amp#2;#��)$��b]���x�.��\
(��y}	&amp#15;m�2�J�"�D�){&amp#23;�H&�ձd0���([&amp#16;��\��X}�&amp#31;&amp#3;e&amp#15;,�&amp#26;%��ŏbOa�h��Z&amp#23;&amp#7;N_�E&amp#21;���&amp#18;�U&amp#1;pX����:���L��&amp#26;�L1�&amp#23;a-����rE��E������H�&amp#29;��-�<G��ڧ��&amp#17;�`�c&amp#31;&amp#7;�w#,��&amp#20;@�ے�&amp#12;V��)���䷃T�3�G&v)-૒��^��p9&amp#17;�_���o&amp#5;��&amp#2;͖Ĥ�P���'�)&amp#19;%���N�&amp#22;&amp#4;��)S����!�V�d��'��t�Y&amp#19;�G�&amp#0;M$z�ؕ�&amp#22;��|&amp#15;&amp#31;CDP�5{&amp#26;U�-���	�&amp#4;D�O�K'�Y�K�:�)&amp#21;K�ؤN]��L|���DH�>�O&amp#12;�{�g��Y�����K�&amp#5;�&amp#16;��V�&amp#22;�$Ʋ$E�?�����$>
�Gb燱C~D&amp#6;�[�o&amp#18;ň�4Y�ƗK;ZH�i�0�&amp#8;��\
�����N&amp#7;\��M&amp#26;�&amp#12;��I7&amp#23;�˞&amp#16;�y"O�e�j^M;�	I�&amp#5;}��(�DpG&amp#6;&amp#17;$�x&amp#28;
D�&amp#11;;5�${8�;vO���=TY4�O&amp#2;�&amp#4;nY&amp#22;�`��`�?'�x&amp#21;"��x.��~De��"\��\&amp#16;䯳�R,}�84�G�	-��4&amp#26;kl� �C�j�ωn�p�"��&amp#14;&amp#27;
����&amp#16;��d�\N���l4򎝪�F<&amp#16;!�DvD"�$e�����p�.��un���&amp#19;U��x'�3!�����6Id��L��`��A�-&amp#28;ʭb�-�&amp#29;�DK&amp#3;�&amp#17;�,�"D{e&amp#18;}�&amp#12;1-��x��bBX��O&amp#4;F&amp#6;�&amp#11;��%���&amp#27;x&amp#20;����&amp#12;`��&amp#16;�',&amp#30;}�ȮxE�ȨvIE&amp#29;&amp#23;�F���������о�&amp#22;�_C�Ae"=&amp#27;R�Dz5��U�k�&amp#0;��談�&amp#16;�&amp#11;b�&amp#25;\�ErO&amp#20;�f��)$�)��t3���Q�#(j���oM�XF��Sb�n���b�+'�]�j��:�I[&amp#31;+&amp#30;&amp#5;�B�rk?�Y&amp#5;�^�Cm/&amp#18;X<f&amp#24;�W&amp#4;&amp#11;Q(��H�I@pܕ{&amp#19;��E`k#���y]�%�D�]�&amp#15;I&amp#22;C&amp#2;y�a&amp#30;(�G�0�T&amp#18;�$YN�&amp#14;�&amp#30;#��&amp#12;l8�]�=�$�zf&amp#17;��5�H����L����ȣN�:&amp#5;In�1��<&amp#15;L�\1�&amp#24;�G�imU/&amp#27;6)��s&amp#19;,�K�a&amp#19;���&amp#4;-\&amp#14;�c��D&amp#18;���MՍ��j�^PC��&amp#29;
�'�|&amp#22;䴑��5&amp#26;D�0h��&x�J&amp#12;���]&amp#29;��:\�c�z�&amp#18;%�+،�)�ظ&amp#20;��٢pC�;>I,v|�#�&amp#17;p8�(�v��Q�y�}��y&amp#31;�G�Ey;	��<�3�&amp#2;�
G�{6��y�i��2�nh4&amp#11;
SF���Eq�w&amp#28;�&amp#30;�e$��u&amp#16;�&amp#7;&amp#20;�i!5�"&amp#26;XԽ���&amp#15;�Gw��&amp#11;��k/q�����n-��􅥌^O��Q�!ӡ&amp#30;&amp#8;�T>(td�		av�2����&amp#28;0Fcy&amp#20;2u&amp#14;�&amp#27;`�&amp#14;�����>&amp#5;"�$�G��<�23܌�,���2\&amp#15;��C�&amp#7;&amp#17;��O&amp#4;a&amp#24;D����;OP�&amp#15;#�&amp#7;���<��ew��;�s&amp#21;�G�&amp#5;i9���v{OQ���&amp#18;��y��.V�Y?�MI-�T
�x�&amp#0;�1߃���.�	�h\����&amp#0;&amp#2;�d��$�5:�Պ��i&amp#31;�� ��!�i3/��K&0>{HQLU�I,`�K�T��_E��E\&amp#17;��b�y&amp#30;h�B�E�%,
���&amp#31;=�&amp#29;�@���)v&amp#18;�I��G�z�+�&�1�d��&amp#18;�`�o8&amp#21;rO�&amp#15;���C&amp#8;�&amp#6;pI��C�K$c����'kVZ�&amp#19;O��"�+���&amp#17;I	gaG&amp#7;�&amp#15;���Y���3(�&amp#20;�5Z&amp#24;�~F�O&amp#26;�QD6$�%/���-���".Kv�;�k��qg�&amp#14;��_��R"p9��x"Ԗ�X0�ǒ&amp#12;��;�#��e�.;���dKa�͙&�#̄�)�P�G��>�(zh�zt�]&amp#17;H�K&amp#4;�&amp#28;&amp#16;��C&amp#4;&amp#22;	w|&amp#11;�G����nt��U)J���&amp#0;��K�{&amp#17;��&amp#5;�E.��v&amp#22;rH|�&amp#11;�,��<r� �>�F_l�n�d�,2Q�&amp#17;"<&amp#22;�$�+*�\�K&amp#4;f9��+�v,&amp#22;nx�&amp#27;&amp#24;f6&amp#20;EH�eq�&amp#21;�p�-�&amp#23;&amp#29;���e&amp#25;FP�ue�nz�ie�Vd4�L�`�߃ą�'�������B�>0;�L���&amp#0;�&amp#20;x�`�&amp#31;&amp#6;�Cn��]h�}2�$<q�&amp#8;��6�l�I%�&amp#11;%p�<HG&amp#5;�&amp#18;d���&amp#20;Y&amp#21;��&amp#21;�q�+��2�#��~����g�&amp#23;�v��&amp#7;T�ʋ�|~8c��&amp#17;�H،H-��&amp#18;���lY&amp#29;�6����&amp#12;Y<&amp#31;�v'NO��GG&amp#17;h"��R?Ӗm*�N�<&amp#25;F7&amp#26;ر&amp#15;�$Q�&amp#17;av�=�}&amp#20;i�l�"�gK���W��a�M@�&amp#17;#&amp#8;�82�&amp#29;��,�2R'#t<�H�h&amp#21;���&amp#8;o#�K&amp#8;R|&amp#30;&amp#12;��Y��(nX}�o�D��&amp#15;�=?ԫ�.&amp#7;RG�<&amp#15;LU��*�C&amp#4;�d*���&amp#29;�&amp#17;[�bpm&amp#22;T:�#Q�&amp#14;�4���Q螙��&amp#22;&amp#8;�em۫pɿq�y&amp#18;��'�&amp#26;��&amp#4;�<���&Ṿ�,�&amp#29;��{d�誯�M�#ZC�ؖHR�c���C�&amp#20;���!��1�g�[~&amp#17;���l�(�۶P�E�O=��e���'��d��(��W���?k5�|��Tz78��"$�&amp#26;<&amp#8;E&J9<&amp#15;&amp#17;@�!�Z����≄<"�&amp#18;&amp#29;˃�+���&amp#0;D���V�v�^G�J��x�&amp#18;����x��:�&amp#20;H�[&amp#30;&amp#12;�&amp#29;&amp#21;���M=&amp#17;�Q��&amp#26;z�ep�&amp#3;X&amp#31;Č	Y��_&amp#6;����!�a�c&�&amp#0;D���.&amp#12;m�?��d�	&amp#17;by<��3+�&amp#30;&amp#15;!���/я�K���K���ӆQen��R���E���3�pG�Y0�~��.L!��I&amp#17;Gb�&amp#18;XfQ��W2/a�&amp#22;Y��&amp#12;3ȃ(�����ԑ~�y$O&amp#3;��<P�x�&amp#24;&��##���^~S����&amp#24;�El��i��#&amp#20;�"xD��bS��&amp#8;�<&amp#21;V�p��ō(�ԧ�-��$���{%�&amp#4;^&amp#4;��I�FX��,˄GId��I|��&amp#21;��,FpE�d�s&amp#17;�q����JqٝgM���_&amp#7;&amp#25;`��2���~	�l�&�l=��&amp#22;��{l$A��&amp#22;Kb�	1HPl�&amp#26;"�M;�%�ˁ�d��I&amp#18;�2���y&amp#30;C�hQ:v�WY�i�Ѫ*&amp#8;�&amp#12;�����K&amp#7;�Dؐ�E~$Y6^���&amp#16;�8�V}����&amp#29;���'�>��y
D)��?�g��;&amp#8;��&amp#26;�)�+��!A"O�.I=�8�O�&amp#4;IC|&amp#30;�&amp#11;&amp#22;6/X�iJ�&amp#29;sK����o!�&amp#4;&e&amp#25;_���i&amp#5;&amp#28;�W�lw8&amp#31;#Eh�5�KI&G@�#��y#��c�H�H���&amp#7;���z�&amp#25;������Z&amp#21;-�*&amp#31;�T�&amp#0;�ՁA&amp#30;(��es�4:H�&amp#31;&amp#24;�P�*�&amp#8;�)#�#��&amp#0;&amp#29;�O.�`嚥�&amp#18;�&amp#21;�T&amp#19;!���Dzu_�Η[�&amp#15;�����������t����:�&amp#30;&amp#11;4�'�&amp#29;qOdUZEPG���&amp#28;&amp#17;[��'gѝ�;"�;?F�R�Y�X�#&amp#29;�/���U��?���?Q&amp#19;�%���a&amp#17;�`Z�i&amp#11;T�z=T+&amp#16;�m4�E�I&amp#23;_�$�*Q�$xD�hs���P�,��&amp#29;�fdƛ�&amp#24;0��o&amp#2;&amp#16;%&amp#1;C�&amp#20;а=:=$YQ�E�w<�&�Ab(����,&amp#30;b�l��,&amp#11;�=ȢO&amp#4;t�~(P�&amp#28;0Q-ʦ@K'�쑄O�\InA&amp#26;h��2�4�e�&amp#0;�͙oaC�/&amp#20;Ni&amp#14;b��&�I2��Y&amp#28;2KbK&amp#19;�ִ���QF�2��e�e���d|��s�!��?���q&amp#14;�?�CI�*R<b�(�v���=o�;^&amp#15;&e�F&amp#17;�x�&amp#18;��|&amp#16;�[
	��G&amp#4;�z�i�G��W�%�F�1XH�)&amp#27;&amp#30;Dg�&amp#28;�BK&amp#31;��`���Z�V��&amp#30;&amp#25;l
�&amp#0;E&amp#12;�"le&amp#25;B�'"�8��ʰ�9��&amp#29;�[&amp#30;�*�g���<��V��1ձ[qَk�S-�[��5U��(��puދ�T�x&amp#23;E_dz42G�T���j�СR&amp#29;���b�?��&amp#7;{g��E&amp#19;��K'���5��?&amp#15;&amp#19;�\&amp#15;&amp#12;h�&amp#15;Q~�?��X=6�&amp#17;��p�*�1�&amp#17;&amp#28;���.&amp#5;Ȟ&amp#8;&amp#11;�8��9`�&amp#15;U��R�E�&amp#0;�6C�?�&amp#11;r�"��&amp#22;e}&amp#18;x$Ф�7�Jd�'�&amp#19;�&amp#2;�ϤxI�F�&amp#24;B��0�&amp#17;@QC��;#&amp#21;��e��9���&amp#23;�"[�5�&amp#17;:���z���+e�z���O��x�b㿏y�z��;&amp#25;[�(/&amp#17;�2�8�J/�U1/&amp#19;�&amp#20;G�I#GV&amp#18;Lu��U&amp#14;,�{�2&amp#27;	��۶牆V��&amp#11;�핑EI&amp#21;�6x�K�͟���6&amp#30;�ӛ�T~��D�Q����Enx�8��&amp#19;%bE�?�K9#�#<&amp#23;_��(�Ԃ�$k>=��*�&amp#26;-����W=�0�&amp#0;&amp#23;$)�H�bW}3�&amp#29;�&amp#30;c�&amp#25;2��Ib#��y��Wk^Ó�&amp#14;�V�l�����&amp#30;&amp#4;�b&amp#28;&amp#17;�,���&amp#8;&amp#24;߲Y0�F90�Y/&amp#24;�A`O&amp#4;&amp#25;Y&amp#4;%�&amp#11;l&amp#18;X�c�<&amp#27;v�6&amp#22;2a�2���&amp#3;��I(�K~&amp#7;/&amp#22;�.��m��ů&amp#31;�C&amp#7;&amp#26;R�b,pX��ִޖ��F߆&amp#25;�E#&amp#8;�v���G���-��r[��x������6i啹&amp#5;�51&amp#31;&&amp#17;&amp#24;3�g�D2U&amp#21;�ωd��x�-�H�&amp#30;/'JX�
_��A23�&amp#4;b��&amp#24;�i.&amp#15;���S�X0��[��,�&amp#19;x�&amp#12;"%o����E�F&amp#24;�С���|>�&amp#11;�zm&amp#28;&amp#30;F[<&amp#27;B�C�&amp#17;9��6�>�k��6��dՔ���Ӥ�b�,梣!�N9X5Ux{�ye&amp#31;���U+&amp#23;ч�ra.Җ&amp#5;h��V&amp#26;hd�&amp#11;&amp#4;�F��T�Ö�f���N9X,�&amp#2;�\&amp#16;�D����&amp#16;�D���&zh�$�.	#�'L�:�]��.K��&amp#16;4�$���獑7�22E&amp#30;x��O&amp#24;�~����:�Z�K�oѣ����&amp#17;i�%H�a		`�&amp#28;&amp#15;&amp#19;�P�&amp#19;&amp#11;��<��Rg�&amp#24;���&amp#7;��<�$L�%O�&amp#7;&amp#19;O������k��=,p(�P5&amp#20;�,&amp#22;'\�ML&amp#21;�83S[��&amp#3;�K&&amp#16;��7��&amp#27;�&amp#22;i_&amp#5;m`|��Y�j�&amp#31;�&amp#1;G%Ԓ�&amp#4;^&amp#7;f�`�+�Ǵ�,�X�Lg�Pk���gL���&amp#18;&amp#28;��a^N��ϾE�l&amp#22;�ǁK讗#M�L���&amp#18;���K��G]����ܗ?F�Z�Y����c$�%��SDr��&amp#20;����,&amp#24;�/&amp#19;�!َ&amp#15;U�S<��e&amp#30;B��y29&amp#18;&amp#18;۳x%"da���U��&amp#29;M�lElKg��2id�i�4[S���j�?B��666J]�ɦd%�m\65��v��G�@M&amp#15;�ړg�z"���=BS%�(�E�Dc�n�Iy�"&amp#16;Kr�yI"������<Q�f�M�F5Խ�֥�D5�dl�e,&amp#30;Q&amp#20;����^�:���&amp#27;"2��B��P�_E&amp#22;璹!W&amp#22;��&amp#20;(#&amp#24;&amp#31;#��2�&amp#0;&amp#12;#�P&amp#20;Q��}��p�&amp#30;&amp#2;X�Uh�&amp#26;�%�K~ڪ����G�U侊���&9lre䉦\&amp#21;�nڧ��<
�4��&amp#8;4��&amp#19;�G��&amp#7;k�&amp#25;f��du����&amp#5;�=t~���a�Yf0�RR��F�ڣ_&�L�&amp#4;���&amp#21;8Y���.52nXF����5��̧,��&amp#17;خ[�{�ʐ�:ֽi��&amp#28;�&amp#11;&amp#27;�lO&amp#3;���x^����I5��W��"�5���"��x#&amp#11;��x��g�$�&amp#19;�&amp#24;H�&amp#19;[��X������D�R��H���&amp#11;�;���E��Q�"��ܖ��e&amp#22;霘�;�Ҩ��]�s��1T��%�&amp#29;����b�_�.�|bF�C|&amp#11;Ek�Ez&amp#20;�L�8�|��V�&amp#26;}�&amp#7;<D�۱���Y*�65����&amp#25;$��OQo�O�?௧�?&?����ɩ�C�&amp#0;&amp#22;z�ܿ��z��.�&amp#8;���^6&h�x�D�VȐk&amp#29;�?&amp#15;#�&amp#25;_�x&amp#18;0���1�hO&amp#6;p9��&amp#28;&amp#22;��q���	���Q����O�V"=��ql�b�(T&amp#17;�&amp#4;^8=y%����}�b�#�G%wy	d�)�r$V�x&amp#22;�L����&amp#30;�&amp#18;�"���*^��)X���'b�&�"�x�
N&amp#15;&amp#12;Ե%�9��z�=8�&amp#21;��&amp#0;�&amp#26;z)�8�a&amp#26;�{�׋�5&amp#26;&amp#7;�i��&amp#0;�=&amp#26;����5�p�����ƙ5�z�&amp#14;������E;&amp#21;�E�#���I~5���t)��7&amp#18;إ�%��|"I�6K�&amp#19;&amp#26;�״M��88���3҉&amp#26;�&amp#20;Q�HQ|&amp#21;��Kv�E2�,!&amp#29;�&amp#26;��&��&amp#6;Q��&amp#7;�G�k�>�_�M���%O&amp#4;^��6��*؃�%&amp#12;�2�(�Xi�
*P��=���k&amp#18;{�-/�Z�y��t�^K��U�Y�7���I}�K�&amp#15;&amp#7;K�R�&amp#25;)Ԭ&amp#16;�h�pE�M&amp#11;&amp#12;�0����H�+'�&amp#3;&amp#8;�&amp#6;p>O&amp#19;�&amp#6;pi�&amp#11;����M!��zd�5�UB�8:��t��[&amp#15;�"�%�|Qn�p[�&amp#30;��dj�UO�&amp#24;F�&amp#25;{�	&amp#18;��|{jb>M?&amp#8;��4�w�{E�G�k&amp#22;ű��2��&amp#17;�L|j�J��ۄS&amp#6;�&amp#24;�lC�p^��������*����C͋���J&amp#7;�}3�����$HH�ѵ>��&amp#15;�Q-�&amp#29;��&amp#24;�&amp#8;�&amp#18;��ܖ�n��&amp#23;j9'�&amp#7;�e&amp#19;�m`|���l�8�.���-�B�VQ]�q�G���$Igtu.�L<Z5�&amp#25;�l�&amp#25;a���&amp#5;�~�˓IԼ"_�c�j&amp#30;&amp#5;=�j߷���	�ӽ�&amp#17;�i���w���p�K���a�&amp#12;P<N�O��G� x䪼&amp#28;	x�K&amp#8;�ݚ��C&amp#12;�6�&amp#31;9.J���D��p��oM����\&amp#22;l�&amp#19;$�g&amp#4;-�k�隕eJF��	��,vM��&amp#0;��O=�ɦ�$9&amp#23;$�%ۓ�K&amp#4;V�&amp#17;#�<cr�x|M��|&amp#25;D�&amp#0;�պd55�&amp#0;�W��3p��;Z���#t���V�d���&�`�|O�&amp#26;Ş&amp#5;&amp#29;�9&amp#14;	5�M�ߋ#�(^����c�赭��&amp#0;��+�&amp#8;"&amp#11;&amp#29;�����'&amp#19;S���Қユ9�)�`�h��Y��6���:΋��αA��ylJB���X��)&amp#21;�4S?(
X&amp#19;D�� �&amp#15;&G��q�M�5�� �dĲzLPD��&amp#12;o&amp#12;�R��pY��X&amp#20;�[�h��<�0�-�Md��&amp#23;O�*� �E�&amp#12;�Y&amp#28;�h�?&amp#18;���4�N#f�^��E�&amp#31;%&amp#5;&amp#18;|�g��&amp#8;�P���൙FO?�&amp#17;�#��&amp#0;'I^	���!�&amp#19;��&amp#16;�<��[�y��Q��|d�f���}
8��%�-�/(�(�FW���#��n���&amp#22;l�$E&amp#26;+};c#Gb�S4��ŋ&amp#12;�j�OfFI,	��࣒k�Ev�&amp#29;��'���I�u&amp#30;�]5峡�g;\'�.���M�V�^L��Ī�8�J����4;���y�f�&amp#30;PqgT���>���ȯ��۞M:i&amp#30;F��&amp#15;�jx$i���ż�o��0˗�\�g�8$�.g��Q��f�C�[&amp#20;�ꗓ)�3I�\�G���p;#��My�L�:4��RO-l�����&amp#19;�&amp#3;X+��Ĕ?G&amp#15;&amp#7;��hV��WQ�K&amp#6;����]^x#T����(��gA��ԓ�(�&amp#18;yI�8�&amp#7;�q��&amp#7;��&amp#25;pR��1�0�r.&amp#4;�p]z��:��8C�O%��.���L����U�n�d�4��+R�&z�Kc�l�&amp#27;�Ip�?��&amp#31;&amp#22;F̭ɿi���&amp#0;�����U�hႶP�J共�_�/����&amp#21;�Ѽ��&amp#5;��ar$\��k�i��NCy,}��(}&amp#26;k&amp#20;65:�ᱢ�3Ӭ=�O�Z��&amp#14;�m�5�"έ���C�O&amp#15;&amp#31;�g�+��a�k�x����F��XGH��җ$c��c&�&amp#11;9ck;&amp#22;�<4u�#�謮?��&amp#0;�f��n&�S�JͰh�&amp#15;,3P�{���&amp#15;��ٕ<&amp#26;i��&amp#31;���FX�&amp#30;��`O(��&amp#28;��Rg��&amp#14;��i�G�K�]���h�M��^(躌���&amp#12;�&amp#18;<=�&amp#4;��ܕ&amp#27;&amp#31;�m��q'b�gPq��k�a&amp#14;9+�
�+eOn�/ig'PY��j4�&amp#24;!�gɚg�Z�z,�5���W=�3ț�&amp#14;�c[n[&amp#12;pWg�:v�
�&amp#29;CU&amp#15;&amp#22;t}&amp#20;n���=*
�(�<2&amp#23;��j#漍%���!���&amp#18;+����?�U�'����&amp#30;&amp#14;2���{3��7���&amp#5;��&amp#0;��?�؜�Cy0a&amp#29;&amp#23;T����ȳK?	�X}��#�^ݗ#�&amp#24;H�$(�$a��]TG�Ǆu?�~I�O�~�vK�L�<��/�tM6!�<&amp#17;�#&amp#18;�<G&amp#20;�=4�&amp#26;ב�ӧ�~�R����U�i�%�x��&amp#17;xe&amp#15;&6�ı��]&amp#5;4-2D*Q����� ��P�Gb�刞���fX��\��&amp#18;QHS��&amp#29;,e&amp#29;�]>���d���m&amp#31;��y��5pS��%���qddFָ?���H����Y�i'5�47�&amp#7;7�X�[H��&amp#31;��k�t�C�M&amp#11;?h���j�:}e&amp#24;�/&amp#22; ��赓��e.&amp#8;i�?�?�mKrZw&amp#30;O&amp#18;/&amp#27;���em&amp#11;Ȍ�Wo�&amp#17;,�Rh����]���rT�>&amp#7;!I.K�0�\��:�S���o��&amp#28;�q�y�	dK$RGM׺e�
����'���L��;�"�I�PGR�WuN2GQ鮉��qBX*&amp#30;��&amp#30;;&amp#23;�b��������_�.����&amp#20;�<&amp#30;�e�E&amp#31;2&amp#19;J&�fY���5�֞pY��>��#�l�9�Hj_D`��.��1_��C\c��ht&amp#18;�� �G�TR�UY�ƿ�&amp#0;O�����z5&amp#31;��P�&amp#7;^�ߧ�J�ɨ��l=Y��h#
��UQ��&amp#26;��&amp#14;x<���eL|_&amp#6;�Q&amp#11;#��Ij[&amp#19;&amp#27;�T�Ǻ�<�T��&amp#18;�I��<&amp#26;�Ut��7�u��;���%���G"�{v�&amp#19;�&amp#20;��&amp#6;�W:��&amp#6;�Y�,�̄�&amp#22;�.I-�&amp#22;z,�b>'Q��.&amp#12;����[�ϵ\&amp#24;�4�&amp#18;X5+bߐ�ǐ�3&amp#17;�&amp#11;���rH��y�<�<��x&amp#29;�
O%r��;nY�=&amp#4;(�&amp#8;�&amp#28;{A�s�U�zo&amp#15;�֪r�ڟ��'|n�G&amp#31;[&amp#30;1*���;���/�&amp#31;�n�S�&amp#0;L����sg��+�&amp#0;�&amp#20;�&amp#26;{�=}n8l���"�|�F��U,"�T��,���+��[&amp#26;]mZ�)A��(����'�&amp#29;����T�&amp#24;�&amp#21;��ğ&amp#7;P�ia�=�&amp#0;GR��꥙q�$��IK&amp#4;wY���&amp#23;��		�	���H�&amp#27;&amp#17;bcy&amp#27;X<�l�%Zg��&amp#28;U*�&amp#20;���"�i�2�f%�"Ka��2�&amp#11;�S��&amp#17;戼�<&amp#14;FP�&amp#31;���W���B�'��&amp#19;&amp#15;�]��,l>D��&amp#26;���&amp#18;|���amR������J�/�&amp#0;k�Qe&amp#19;�&amp#25;��ؽ&amp#5;��&amp#12;���Q�&amp#0;&amp#5;1y?��&amp#0;�b�&amp#0;�&Bm"�Y'�&amp#28;d��<�4ڻ*��&amp#30;&amp#14;���?e��&amp#0;�M��՘=��&amp#15;(�܇�0���"��vlJ�T��������U&amp#11;�&amp#0;��L��7�9���~;��k&amp#8;O|vR!-���,F���&amp#16;�荘!"d�&amp#12;�&amp#8;�OZz&amp#25;&amp#30;?��<&amp#26;Q�&amp#22;Gb�7�9~�#͞L�&amp#0;���1L��X&amp#28;�1O#\~.ć|	j��%�H��M���-ً��;W-5Ѻ<����E��ϒ㏿�?�uXǩ��e-��&amp#0;"H�q#�O��M�&amp#0;��&qZ�&amp#23;�+�/d8�y�K�&amp#22;�p�[�d&amp#7;Z]��E/��\�}m�K0�&amp#15;�+�!��E(��W�4�|f�}I|�����d��&amp#0;(���5�ʮ��$�S���&amp#30;Gkh��$-�!,&amp#19;dP�0�=�?�DuUԳ'��)�ƣ����F&amp#17;����t��m��Uj���i3&amp#27;&amp#14;x%3�N�CM�}��`��7�I=�Y�`�{��G�m��O&amp#16;'j�w`��&amp#19;�L�_�(X&amp#20;Qz��'/&amp#21;�Z��KU9l9��&amp#8;|&amp#21;���&amp#18;�E���6�W�%w�MM&amp#29;&amp#3;�.�SB��ė�&amp#0;͊���G�Yƾ���G�{�WQ���%)'䥄u�\5:�4�5U#Q�,{&amp#19;�&amp#15;�
y���*�&amp#24;F&amp#17;�)���Lv�Vc�_�&amp#24;�/�&amp#12;|��H�c&amp#12;� ;<&amp#23;�薪v��e�����ɷ���&amp#0;"��&amp#31;�y���=b�m~P{��&amp#19;X$(��j&amp#20;&amp#23;��@��=�=�Kb�&amp#0;�?��&amp#7;3�)�%���&amp#27;���H�&amp#26;X��L}�&amp#21;��&amp#22;"&amp#18;ؿ~��I&amp#16;��<�k$Jߵ&amp#17;y5&amp#17;�O��h�&amp#11;&amp#28;7?��&amp#26;5z(�[���ìBk�t���D�f�?��X����+��tk�%�9%&amp#18;K&amp#5;��$�>�~D���&amp#23;&amp#29;��Ob�d�&amp#31;&amp#31;�������&amp#19;U�&amp#0;&amp#30;&amp#17;Ӻ3���z&amp#5;x����/l&�/�YD�<���2�&amp#29;[��G�&�uꚝ���k%u�r�!<�/��r�cb�)xĻT�����t�<�%�`�&amp#11;%zh��&amp#28;&amp#7;&amp#21;&amp#29;��`�U&amp#17;!���&amp#4;Y�&amp#31;$	!,w����&amp#28;&amp#26;����#I�����&amp#16;����&amp#23;�B�2=��^�;&amp#18;!�Elk&amp#27;&amp#18;?�O(���V;��&amp#20;H�&amp#18;<(�\&amp#11;�5��pi��0X�Q�5i_�X�&amp#0;&amp#23;GOo�#_��n�#��	Wk�v?���*�9˄��s�=��z�N��<�|�Y&amp#8;ӽ���&amp#28;v5&amp#31;"��W�_	"rf�H��,x�%��H��`��"���O�&amp#0;l��p+�W��!�{�K~ϟ��Q�!��["&amp#12;��.&amp#4;�A��&amp#18;&amp#18;x4�r5�&amp#29;B&amp#24;y$�9�+[��&amp#17;��D��V1���&amp#15;�#&amp#11;����&amp#23;&amp#29;�a&amp#29;9f^&�M&amp#15;&amp#19;�U��4j�3�^t?�&amp#22;��Xk�K��zl�&amp#0;�t���b��� �����e�����H�K/�4���v5_"�}���y'DIS��,&amp#22;����$nBrL��5�:��&amp#30;��Z�S�ܣ��O�}�=�
�%|&amp#26;�&amp#16;���{5�&amp#31;!rG����D1<&amp#21;�&amp#19;�C�ā#G&amp#15;)�XD�%��;%��m4V���&amp#8;�&amp#0;�C�EI�sM���e��&amp#19;�5z5/|v����&amp#31;Fņ�*�k�9�&amp#31;�z�#S���&amp#27;��{i�&amp#23;�&amp#20;"���5�"����d�4Q�%�٨��*�&amp#3;��||�d�c���L��L�-���?�/�U����B�K�&amp#16;�8�_�&amp#15;��*�^�y��(���r2�&amp#29;>�Cȓ�ĸ$�0���q�§�~+��>�[��&amp#26;���D�'�Q\_��?�N:{#{��){E&amp#26;��6N.0X/�R�r�('�E$$ylk>D>&amp#5;���zQ*�W&amp#6;3&amp#12;&amp#26;�w���Y�X/_��$�$�Dҋ�&amp#18;�,�>ˑ�.&amp#7;��&����&amp#0;��У��Bg����&amp#0;"�H������&amp#27;13KnV&amp#14;��&amp#25;$a���QD&amp#23;�&amp#20;Q#�&amp#0;&amp#30;�&amp#11;�,���&amp#31;&amp#5;2^&amp#24;�W&Wd�$�&amp#18;&amp#28;�x�4�z�x�O&amp#21;&amp#4;QdJ&amp#7;&amp#28;���&amp#23;�&amp#25;4�暷
�W�bCූ.M��U�k�JlE&amp#15;'��9"��jߴ���+�QV�ᑎ�`�sSH�&amp#7;�&amp#24;�^���e&amp#11;����7į���#�|	w��#�&amp#5;��&amp#30;�&amp#18;\��]���IDP4�I紏�H|�b�P���)�~o�&amp#28;�|H�H��D���BQ�"ʣ��iZ�&amp#26;�.[&��٦�U�%�~��2��/^ҧ�h�ݵ�&amp#11;y�b(ٔ&amp#23;G%���E+&amp#7;�&amp#4;�%Q]F����&amp#29;�&amp#30;�}����&amp#23;%�&amp#29;��aq�&amp#8;r}�[��&amp#15;�Q*��sؓ�a6iwY82�&amp#4;�5��/�K#��^�����o&amp#7;ظ&amp#23;%x��M,T#�U&amp#18;&amp#15;��W
��z�G&amp#15;<�z�|1��&amp#0;�6���ʾC���&amp#8;�)[��V�4[#&amp#12;�&amp#28;�-�$z��L�&amp#22;v(�{�vq�&amp#4;G���<&amp#5;&amp#18;��{�FX�&amp#31;&amp#29;��iĲ>&amp#6;�&amp#19;X�&amp#31;���[�&amp#18;��&amp#28;&amp#15;�a���7���|I14�<�g����a�&amp#25;b�l#ő�&amp#7;��y#�&amp#8;k��T�x&amp#31;%O10Ι�s�?�A}&amp#21;A&amp#17;�<H�C�؜�5&amp#26;'(�&amp#31;�
��g�
��EO�H�{�&amp#14;�{QU&amp#25;4�x�F�$O�y<�D���53���ݝ�f-�e�b���+~���E�&amp#8;�&amp#28;{�$��Y�&amp#23;��;>�Eܕ�b&amp#4;��/��&amp#15;	�m�h�0N_���K��(Q<E&amp#28;���&amp#17;��&amp#27;ɜ&amp#17;Eqx/X]��&amp#0;��tX'ShQ�L0N���K&amp#29;̼��)��C$���k����j����&amp#0;�CEc�tkwD&amp#11;����ze1�4��G��&amp#14;�m�&amp#6;��/��&amp#8;Y��{�&amp#28;�5���&amp#23;�8�_"��'�&amp#5;�2�Y�&amp#28;pZ���Y4.{[�8�x���&amp#31;�&amp#28;&amp#18;��k&amp#29;�&amp#2;Y ��&amp#26;؊�\v|v|����5<&amp#26;q�&amp#7;H��N��k���MNH�<&amp#8;�ɤ��&amp#21;-%��&amp#24;Ļj_��&amp#31;&amp#2;y!Ⱦ&amp#6;��&amp#3;{`�pW�Z��&amp#20;8~�&amp#12;&amp#26;sT�ǉ�N�f6e�/�,w��Ϟ�&amp#23;&amp#5;\����&amp#3;��Xb�	|K����e�&amp#7;�&amp#16;Y�Z&��Z�Q�[�h�$��&amp#29;��82��DK&amp#11;���T��5&amp#12;|�w�4t�q���&amp#0;&amp#5;��"�&amp#27;(��d�7+�^IGs�&amp#20;�4V?�C�ccS��"$y&amp#23;Ħxx+��f�����X��5+���R���d�0�&amp#20;C�c(��&amp#25;��"�rD[���c[&amp#30;#�k(�`����j&amp#15;3I4�&amp#11;`�5�M��<	&amp#16;&amp#28;r8c�y0�3&amp#12;��㿑�E���&y&amp#11;��p�j;S��^v�&amp#8;��T���&amp#18;F���M(<&amp#16;�h�q&amp#28;�&amp#31;�����$#S���"G�/i&amp#25;��i��ݵ�b&amp#5;���Oȗǵ\����q�v\�Fp�x�e�&amp#4;>$K!�&amp#24;c��/XY*�l&amp#26;�l-�ͮ&amp#8;�f�	X��8 �v�&amp#4;�������-�&amp#12;�s�ȲD~DQ^����+��:Y[w��&amp#18;+��&amp#27;����O�&amp#29;�&amp#14;�լԫ&amp#19;�&amp#18;x)�&amp#22;�&amp#21;�[�H�ar��Tg&amp#18;��Ƨ�٬�`\��&amp#28;H��&amp#30;&amp#6;�;&amp#16;-��&amp#21;}&amp#26;��	?��=�V��lp�x�'�>?&amp#25;&amp#17;�&amp#26;�pD�߲��8v��M;�+��-�@\wl�dBD��؛���26'��&amp#17;���&amp#5;!�s�a�;&amp#16;Xb�$�$�&amp#8;p&amp#22;�K]_�M#�"����t�o�hiMnu&amp#27;U&amp#26;Y��#��\(�vl�;&amp#23;5⢍U�B>�$u�J�Y��,^6�#U��#�&amp#15;�/���&amp#30;;&amp#26;��&amp#16;-��&amp#21;n�j�'�h��T�C߼V&amp#5;�#&amp#31;��b;&amp#24;g���,�X&amp#19;"Io�p9$9v��i~%Ob���&amp#6;&amp#16;�&amp#27;��ڇ��&amp#11;&amp#4;�6�4Y&amp#29;�W&A�NL�<�h���%��bYG��&amp#3;�,�-�8�a_&amp#5;����������ii�G�ڍ&amp#11;��i��&amp#17;K�W��,��C,�Z�Y|�ؗ&amp#6;�k؍R�_�~���=�h9B[&amp#29;F�h�e���_�L��TK����s�&amp#11;�G�[��x`��&amp#24;f�&amp#27;!"%�&amp#12;�2�y&amp#25;e��(I"���2�#,L�&amp#26;)����id�&amp#30;�3\&amp#19;��F����&amp#18;0��G�,��G�� ��X��&amp#5;o�K1H�5�ti�����9c�J��{�D&amp#20;Q�z�Zhx����ߴe�&�3_&amp#28;^�|MW+�_$C�ߑ���-��&amp#31;h׻&amp#5;�{&amp#27;&amp#17;E\�S�>{C��Q��&amp#30;&amp#17;&amp#18;�`S�2�(�&amp#8;�&amp#28;Q&amp#2;&amp#18;X.����F�y�त�{&amp#5;ɔ9"{KcKo�0�,>�C�5�
��Z���CY�%&amp#18;-p.&amp#11;�"B[�E`����أ�A{��uU�	��!�?�U���u�<�������r��d����fݺ�qq_&amp#6;���D��K~GO�&amp#26;)�&amp#26;��F��i2K&amp#4;q���G&amp#8;|��Q=�&amp#3;��.K�$&amp#18;���d;<-�����g��y�2�(䤻�?�n,��i��,�^&amp#7;���%�\����D��y.&amp#5;&amp#20;lcs8E����A�&amp#22;HM���U�&amp#7;�!��!�&amp#23;���)�FY�Kw۪�&amp#0;Ȉ��R�=�Ȳ��w��7�i>&���v����Y�Uɩ^�>{W�_&amp#6;��]�&amp#5;?&amp#30;�����22�2�&amp#21;��_/i�'�4R�),���P䇌&amp#19;e/b��&amp#18;K&amp#2;�|�d&amp#22;0.&amp#12;!I��g�&amp#23;&amp#4;&amp#12;!�����
"��7���>���#��'����&amp#31;8������ގ&amp#11;�F��?��Y�r�&amp#0;q�P��&amp#6;Uɩ���ھH|Klk&amp#6;&amp#31;j�=�ě�0�&amp#15;!�c(r"�p]�&amp#31;"X&amp#27;<�!�Rߑ�%����&amp#22;
~%&amp#18;�3����$jK��%IᏢ1&amp#18;#�m\|wD�H��&amp#22;=�}&amp#23;�&amp#21;rE	�N&amp#4;�E�>&amp#14;��诃S�>Ʋx�nT��F��hW�&amp#26;��f��_��Y����%|&amp#22;$>{����I&amp#14;_c��&amp#30;�Օ�X���&amp#6;&amp#24;�}7̧�>&amp#7;ȹ0�&amp#18;;v���&amp#12;%�#��>E���DO&�9�k,�lY�.��j>��!�e�"$d�C��u��+�����Y&��h�&amp#8;��MW���&amp#21;ټ�����&amp#28;�&amp#22;s�i�=�l,&amp#24;C�w�%%�&amp#19;���j�&amp#20;��8�x	c�䴣�G&amp#14;8*��/��쥱�)v�<��h��'&amp#28;�&amp#3;�%��	pH\���r���1s�ď�h���u~Q_���&amp#26;�5<�/���&amp#26;��5�&amp#22;&amp#23;�I�\�-�&amp#0;�|��%e��\���ھ&amp#11;>O���"a�9!&amp#28;&amp#21;&amp#19;�~u��O˵��l>��sE�&amp#18;��F�"O�(�.E�&amp#14;B�&amp#0;t��}��j9*+��E�y&amp#17;&amp#23;&amp#29;�u�QO�&amp#23;�&amp#15;��Q�4\�O�/����&amp#11;�%��\�%�&amp#0;&amp#24;���&amp#26;28x��KD�F=��&amp#31;hpO��c]�&amp#7;�Q/�<E�o&amp#3;��&amp#18;�&amp#21;��kW��sX'`�O&amp#23;�,�l�sO_�,��&amp#23;&amp#31;�R��/й&amp#23;&amp#2;��Gݒ�}��Q�)���Q�>H&amp#11;����&amp#15;܊~&amp#5;�&amp#0;&amp#31;ƮMQ��#G�E�&amp#19;�/�&amp#11;~%���&amp#5;���~"�Rر炵�'Vx?�!i���Q�e�,���O���x�&amp#7;�0�3ŋ�G�.K�ďQ�d��iғH����&amp#21;&amp#7;�Nt�&amp#29;��L&amp#19;�i'�l��\&amp#30;G�o!s�pG�S&amp#31;jb����&amp#7;�̧�k�&amp#29;���~H�|K�?��A&amp#6;��hW����|�|	��Fȶy죞&amp#8;���#8"�b�g%&amp#28;�\&amp#23;l�!3&amp#11;�c�@��Wl��ᘞK�c�C�F�/�[&amp#18;��ĥ��qyE��&amp#18;�]BS���&amp#25;v��^H�&amp#0;_�ri�Q�&amp#30;�L>��/&amp#12;O"b�Ob��p4<&amp#11;�e�&amp#0;2��&amp#31;�䯂&amp#28;&amp#11;�\&amp#29;[�E�&amp#0;F��]��h/��O��~�X�:��&amp#15;�O�q��W�&amp#0;&amp#25;-�&amp#28;�&amp#5;l�Er�Iɦe���>]�ػ9죑Vz�&amp#17;�k
�&amp#23;��!��;&amp#15;3,��^�5�&amp#12;��B������[F�t�O%<�Y?Ga��&amp#30;�bN�.&amp#7;�u�u�h~��&amp#18;&=�*�x<O&amp#18;H�^��&amp#16;�.�pA�&amp#31;X&amp#31;&amp#7;U���4�c&amp#5;�&amp#17;���ڎ&amp#11;�&��h�(��H�&amp#0;��#&amp#12;�c�%+1�*"����\&amp#26;%�&amp#23;&amp#4;��^�E&amp#31;.��%��,���&amp#22;&amp#24;�'<<&amp#25;}��Gr'PْD"�B;&amp#30;~$�?D,R(��p�;
�Ν[���y����&amp#23;&amp#4;9�&amp#18;&amp#8;�&amp#17;&amp#8;�8��f�ةp.?&amp#4;�@�v|&amp#29;W�cHY���z8/��O�������p���j�l��O&amp#12;�f8D��H�w�""&amp#11;c���&amp#0;E�E?.�����9�&amp#16;絻K&amp#31;��&amp#21;���+t�&amp#28;���&amp#17;}��4h��`���0�&amp#29;:ɥ�$-�3���"C�s�&amp#29;��f2Ic��&amp#16;�dT.?&amp#4;�A�&amp#16;k�[&amp#29;f8�Ѥd�&amp#30;���&amp#23;�M7��?n;u�J�&amp#22;���J**�95sO	&amp#26;I`���Cy&amp#27;$U��(~�Dq��{%�8`�2�4�3��2ʘ�/�&amp#0;���&amp#22;̯�W�k��#&amp#12;
%�&amp#17;5��-��'�4߲ŕ�QQ��ܳ�c���".{���i�p5��&amp#23;4�&amp#21;�S&amp#19;&amp#23;&amp#4;���&amp#14;σ�|ѥ'�%��W&amp#5;���X{�$q&amp#3;��Q�&amp#20;|&amp#11;W��&������R�&amp#26;�e\�ѧ�cs���$ѧi&amp#30;K�/%�&amp#21;Kt.&amp#8;�Y<l;G�0�>�`H��<&amp#23;��&amp#0;&amp#15;T�>ʾ%\#]�&amp#20;�j5:��&amp#17;��%u�KsODbQ�>]��&amp#5;&amp#22;���j�/i�)m�q�˲x��d_g�yH��HrW�q���&amp#28;����&�).&amp#11;9�*'�4��e��־�:�&amp#4;�(�(�u[**�ǉ&amp#29;f�J&amp#17;P4|&amp#22;lF9,�&amp#17;'�Vݡ�j�ED&amp#8;r_�q�FY�&U�#����]����z�)�&amp#26;���;1�t�����Dt3����M;&�����zO�M\�$�=���&amp#23;&amp#31;���ĉ&amp#18;+$�p>&amp#7;��௒�%�p=���
�&amp#8;��?�$iy&amp#31;&amp#4;�?�{	f&���&amp#22;ݺ�}��pB��*bN��<��^&amp#25;*�Y!&amp#28;&amp#14;
F���y&amp#20;L#U?iY&amp#30;&amp#8;"�Җ&amp#15;2R�t����5��{&amp#17;�dQ�Ia���T��Q�&amp#0;���|&amp#20;�eg�V�&amp#21;G�\�ܭ�[�B�-�b̊�B�[&amp#21;?j&amp#23;�O&amp#2;x�{��&amp#23;�D�"�X�1�H�YE\�&amp#19;�&amp#31;&amp#4;��e��B]����`�|��bݣ��&amp#24;=#�ć&amp#6;�nT�$u_�4�{!�5&amp#22;j����pK��&amp#24;��U&�
93��H�p���D�|~I��C�\S{�)=�%���+&amp#4;J�%?&amp#19;��L�U&amp#23;�\TVƦmGcYd�=�,W�*'�׸�(PD;.;.&amp#5;�u�j�.O�p>;ZC�@\��+௴�5���i�]��&amp#16;&amp#20;P�a_&amp#8;�|��$��?�4��?&amp#18;�y2�������mA&amp#14;F�&amp#30;���&amp#0;K&amp#16;&amp#0;&amp#2;&amp#1;&amp#2;&amp#4;&amp#3;&amp#5;&amp#6;&amp#4;&amp#4;&amp#5;&amp#2;&amp#5;&amp#2;&amp#4;&amp#7;&amp#0;&amp#1;&amp#2;&amp#3;&amp#17;&amp#4;&amp#18;!1&amp#5;&amp#16;A&amp#19;"2Qa&amp#6;&amp#20; 3Bq#R��04��&amp#21;$Cbr��%Sc��@�&amp#7;&amp#22;5s��D�T����&amp#0;&amp#8;&amp#1;&amp#1;&amp#0;&amp#1;?&amp#2;����G��+b�N�f212�O�#ɏ�y��&amp#1;&amp#12;��Lr2܍"&amp#16;:&amp#21;
�&amp#25;Zg&amp#11;�k&amp#24;|I&amp#28;R&amp#30;2&amp#11;�W�E&amp#21;x��V�U}IV��du#J���x&amp#5;�W���3&amp#7;��P�9�&amp#11;�O��t&amp#22;&amp#1;"&amp#24;K&amp#16;�*B�*&amp#7;gc)&amp#17;&amp#15;�Dec��<L�u%%�D�d~&amp#27;&amp#25;L���H���H�����r%!̣!H�Je	&amp#17;�?�&amp#21;&*'��PB��.R*�އ�(Ȏ)&amp#30;�b�,R#�!�d���{����b%b�&amp#20;.B�
&amp#23;=��E�<&amp#20;|�q���&amp#16;�%à�&amp#11;�G��&amp#8;�&amp#11;&amp#4;���^Dp�h&amp#17;����e&amp#23;�&amp#0;Kc�Y�,x�{��T���(��>]&amp#8;rENQ&amp#22;Ċ����b��T�Rd%��&'!C���%��J]N�0�&amp#18;�ě(Rl�@�&amp#18;TJ��N&amp#31;30�4QáRGf�&amp#4;$$E&amp#22;&amp#26;$E���|	&amp#22;&amp#25;"����x��+&amp#22;�c)��&amp#30;l�"ń�&amp#12;c�&JE*�fv�J�&amp#14;y��2&amp#29;��
�&amp#21;4e-��a̕TW��&amp#24;�!&amp#20;�'��=������%�&amp#25;ﬆ,�,��8�8�b&amp#16;��r�Kr�&amp#8;@�vh��ٝ�;#�;#�2&amp#25;K&amp#11;��_�&amp#0;�d�@�G�L�CDX�q���1&amp#8;�\�&amp#18;eB�3���Ǽ�&amp#20;K&amp#16;��؊s)ԑ&amp#23;6B3!	&amp#17;�&C&amp#6;C&amp#6;R���&amp#4;���ЧçUݔ�nC���"&amp#25;Q����H�5Ɍ�l��˓�&amp#23;%�\�"�.t&amp#25;&1r�rR&amp#28;��2L�"H�s��А�e,�&amp#11;���x�x�.�^)J?Q_�яR��K�1&amp#28;n�M������\����q&amp#17;#���&amp#26;u
t�&amp#17;�28y
�)Q�J&amp#4;W�m��hd�F����&amp#0;�2B @�(-E&amp#3;�$���&amp#27;.\�"\�#9&amp#25;��J�9�d_����e�&amp#8;�I��`\�<4�&amp#1;"84�ᐨ
���&VVyL5>�We*I#"*�Bjϒ��HR&amp#27;*r��>V2�&amp#12;���Q���Ls��KNY������fbR ˗&amp#27;$�2�b�bR&amp#28;��&amp#25;D�&amp#30;�T` S&amp#16;�\��$K&amp#17;&amp#21;Ԟ>&amp#17;�U�&amp#20;�ԭ�&amp#12;V�h�}%^3���O&amp#29;R[Ȗ!���:�fj�NL�&amp#30;L�
o�&amp#14;&amp#31;?"&amp#28;6D8a&amp#14;&amp#31;n�0KȆ&amp#11;&amp#12;{��&amp#17;�F6�&amp#27;&amp#27;/�sdʄ&amp#8;&amp#11;�&amp#0;��J$��E&amp#16;""&amp#17;!&amp#19;.�T6\d��!!LuJ�IU&amp#21;S�&amp#30; u�U"�$d2�&amp#12;�fF��&amp#14;����KB�&amp#5;�vH�ё&amp#25;Kr�F����&amp#5;�B�Ŋ�&amp#21;�\�)&amp#16;&amp#23;)��vb�*'f���1�gbuH˼Rۓ.!s����sll���hh�I&amp#14;:�`!�I]�^�	&amp#25;�1�%X�!�j̩:̝*��K	"�&amp#5;���'��<&amp#21;A�y&amp#30;�P�&amp#2;r!���&amp#20;xG�K�Gȧ�`�&amp#20;�tWB8(�ꅇGb�D�d,[�˗�~W.!&amp#12;c&amp#16;�͒*&amp#20;�&amp#11;�o�8�C"�D��
d&amp#11;&amp#21;�7f)&amp#23;&amp#25;s0�v��&amp#19;�9&amp#25;��rc����	&amp#25;L��*B���0�iX�`t�XT�Ѱ�nl�ԋ�r1&amp#15;�a��0�3A&amp#25;�2���)&amp#16;#�e�t�&amp#3;*,�|7D��TF"�%�Awy�Ȳ���2���&amp#29;�l�$N�E��J�C&amp#24;�LD��R�##8�ɣ(钢��t&amp#7;�&amp#30;&amp#21;y&amp#18;��#�c�>&amp#31;&amp#31;#�:&amp#30;Dp&amp#17;]&amp#8;��&amp#17;äF�#LPFS)����H�g3	�.f.&G�,e�Y"e2&amp#31;&amp#18;\�$%�9&amp#19;�(�H�L�@r+ȭ=HLLd��h:��2�BC��p;&amp#22;S�B$bd&amp#20;&amp#8;�&amp#21;#��&amp#28;&amp#15;
�J,�&amp#27;.S�UjX�$g�{����*Օm&amp#17;J�Z�O&amp#15;)&amp#21;��&amp#25;&amp#17;r��b�s1��&amp#7;T�	͎EV\R��OB�ޤy1�B��&amp#26;&amp#18;d0�T&amp#8;�Gf�&amp#20;T�++&amp#29;�;Dv��&amp#29;�ڎ��BB�9&amp#17;܃"���b�S)��vh���L�e�&amp#20;���k25nE��Q&amp#31;��&amp#28;���!�&amp#23;�?&amp#5;˗3&amp#18;b&amp#23;$D��&amp#17;$�C+=H2&amp#15;�DT\�D��@��&amp#29;�&amp#24;&amp#17;�&amp#24;�D��&amp#30;�&amp#6;��F%7u�eNrE}&amp#14;!]�c�ҕhv���&amp#21;&amp#18;�w�+o�>R G���BB��s333%!��g%31VC��S=&amp#5;2R/�&amp#27;����6,0��#��&amp#21;4�X�92��1��&amp#4;�~G���x���Ư3�=E�=�� �tF���&amp#16;d�[|h�T�x�&amp#4;Hs��nG�r&S܇�.Ll�r�hg&amp#20;�1L���&amp#19;#P�I�*��B$$"Q'Lp�b���Č&amp#7;Lq,"/�bd&amp#25;6p�[����)����1r�����U��:�'&amp#8;�A&B�ٙl1��.\��&amp#2;&amp#28;�H�"�X��2s��&amp#14;�u&amp#7;2��HR0��B����Dh$*hʋs�q�&amp#14;�%���T�ӏS&amp#23;�)Eh�o&amp#20;u]��>��?1��R&amp#22;&D1,X�8�B�!Y��&amp#20;��H����&amp#0;&amp#21;�.M|H�T�>�@L�/˯$G�r&S܇��&�&amp#28;�s�;R&amp#21;.FFqW��B�/3�	�%R�ddS�)D�&amp#19;nK�2"�&amp#28;�ˉ�fb�Y	�f&amp#2;Z�:Dv�1&dd�b�`���;0�J"CD�&amp#18;�Q��&BD&)&amp#18;�6'�&amp#17;r�&T���+1Q��s�[&amp#11;$����&`�&amp#2;�D&amp#5;ͱ�&amp#14;�Q<m8�*�Z0����R�R���Eohk�fU�؉�D�s��u��33&amp#18;�#Fl���#��&amp#28;&amp#4;�`_�&amp#12;	&amp#12;%�a�Q!&amp#27;	|is�f3&amp#25;���3
D^���"�[�P�&amp#31;�&amp#17;�o��"�&amp#15;ᯊŹ>T�&amp#17;��Gk#���&amp#18;;f)&amp#17;dJh�&amp#26;%&amp#2;t̢��Z
Bc��\�&amp#25;&amp#25;��hB��&amp#24;*��.��OaD�d2�&amp#12;J��H���L�"Rd��r&amp#20;�B�&amp#26;�&amp#18;�N�	&amp#16;b�$�FLX1`�&amp#28;,Q&amp#26;1C�+A&amp#24;�J�&amp#20;�0�&amp#18;!T�]&amp#16;��Z#�A&amp#19;��u*q8��&amp#20;�B�&amp#17;�-���O�%F��eL&amp#20;��O	P�&amp#18;���u|��*>�xl��\-�xT|�p��&amp#16;�Et#�K��Xd*&amp#2;��M
"B�&amp#3;�#1*�er$V��l_Q&amp#16;ۓ�,[��ȯ�(r�>����r��&amp#25;&amp#19;)�C�L���&amp#27;&amp#25;G&amp#17;��"2Hq2&amp#29;����*$)���8��J&amp#2;�a�HHhh�nW&amp#17;qH�a%�8L���͕Y�����b���b����FgFq�'39�&amp#16;��W%Z�vS�&amp#20;&amp#12;�C�&amp#20;&amp#12;��I���q:�Q;mJ8���&amp#17;�"�ԇ&amp#25;h�&amp#0;&amp#23;�&amp#31;&amp#17;�.��J[�H�"�B��a�uC���&amp#31;���&amp#27;&amp#31;!p�y&amp#11;���X&amp#21;�G&amp#6;�&amp#28;9&amp#26;6;!S2&amp#25;L��s���'�shh��JDdFZ&amp#23;&�/��{&amp#8;���;r�+#&amp#16;�("�&amp#17;a"��s1��r��#1rL�Kr<��W'�I@��p&amp#20;y2�)��*$i
&amp#2;B��LE�@�e&amp#28;E&amp#18;0%&amp#3; ������P&amp#28;&amp#12;��L<u8S�&amp#14;�&amp#19;.gEJ�&amp#24;�]�&amp#19;�Yݔab��)��ȓ'"�S�&amp#7;�&amp#30; �s�#P����,�0�lB?�ÚC�&amp#20;K&amp#25;Mu*�:Q��o&amp#27;���1|K���n{�=�^g�ɐ�H�%��"&amp#21;d��BM��&amp#20;����&amp#25;&amp#14;����&amp#29;���(�~&amp#11;��nM��b5������4M&amp#21;݊U&amp#5;T�]&amp#14;Д��&amp#19;(�&amp#8;򱔷�"�+B�&amp#18;�Qb���&amp#22;��e�&amp#18;e'�&amp#2;�g3����>k��:c���&amp#11;&amp#18;&amp#26;#&amp#6;S�F��e2�C7$@����D��E&amp#18;C�&amp#24;�&R0(GS���E��!̯X�<�H�lDL�"l�2�RU&amp#24;�3;3�6S�Lf&amp#18;&amp#5;2%�è�^(�2(���&amp#18;�&amp#26;���ƫ�*�lT��1�弙*�{���1B�#���x*��O�H�Ù&amp#14;&amp#30;G&amp#3;b8B8b4HB�_&amp#21;�6I�Ȳ�EM
�)Ty�,��ʆ.D*��N���f&amp#16;�&amp#27;&amp#17;�&amp#31;;��	�J|��È����&amp#31;����"�&amp#22;\�"UHT�&amp#1;s|�&�j(�&amp#12;�ِq&amp#26;,De�&amp#2;0!&amp#17;rC&amp#25;b�bEr|��D[s�!�Ј��8w�&amp#20;��9Y&amp#21;kX�Z�&amp#27;�`XH�E&amp#1;�*S�ż�I\e���&amp#24;��A&amp#12;�J�&*��&amp#14;�%Rd��T����O&amp#6;��.O���C�,\!�&amp#20;�G�O�/"&amp#28;6+�&amp#12;&amp#12;WB8E�G&amp#14;*&amp#2;�vB�*b�vfA����	&amp#21;&amp#24;�x��&U1&amp#5;&amp#31;�a�񲩍z
z��B�""�e����\�"��H�"�Y&amp#23;���˒�����s8�9��&amp#20;��e"<�&amp#21;&amp#17;H�G��&amp#4;F&amp#7;dv(T��&amp#25;y1��D`F&amp#2;�+	&amp#18;C��(	&amp#11;�&�"",e&amp#18;$�r�$"�����F&amp#30;��g+�ЫV�)ԑ�´�Q��
���&amp#12;�k&amp#28;Fğ;�"�Hl�"&amp#19;&amp#19;�b�S!َ�&amp#29;&amp#4;<2=�&amp#30;�u^B¡a�DT���X�(�(�a�'"2&amp#23;'�ŹX�T^"�ܙT�&amp#20;�a�؏+&amp#22;-͕&amp#17;��qQ&amp#21;"�m���"��##1�u&amp#7;3?9=
���2␧fg.NFc9R�ꑪv�n*�j9��d�*dyM&amp#19;�N%4.V,X�&amp#17;>w.f&amp#27;&amp#27;&amp#27;&amp#23;(�S�bń�"���$��&amp#16;E���"|���7�����7c6�"z&amp#24;z]���&amp#24;x�&amp#16;H�;�%"�e&amp#20;q&amp#28;Zz&amp#18;�v�n*�F�&amp#26;�k&amp#29;�Be2?&amp#29;�&amp#25;&amp#12;�AR&amp#21;&amp#17;P;&amp#3;�&amp#28;m�1&amp#23;$ʓH�2�#�ž	�&amp#15;����U+��a�؉bŋ&amp#22;-�h�@�(	r�~TfBFaȹ�\�T&C�c0�X�L�.9&amp#21;&amp#24;٘�V�ZW#6E�&amp#17;�&amp#24;����OQD�8&amp#14;�&amp#24;$D���g;DF�&amp#26;�U���x�"X�.�ⴗ�f.>HBE4/�&amp#18;ے�,XH��&amp#18;&amp#8;�nSةʟ+�)K�`㙣&amp#14;�&amp#18;V����&amp#22;�!2�&amp#29;dK&amp#23;&amp#8;�'��G�_�Q�S&amp#23;�3i&amp#18;�-�ݳ�;c�lND3�S!&amp#25;��"4&amp#25;F��h��B��� �a���v;[&amp#30;�{��Td�$�,��$TGR��T+��;���&amp#0;&amp#2;E{&amp#26;&amp#23;3&amp#25;��&amp#22;(�+�3rL�\��*2Dy2�&amp#0;&amp#11;ؔX�vd�6G
�a�&amp#26;&amp#12;�&amp#18;4�M&amp#25;&amp#17;�	"�̇Q&amp#14;�;TvǼ&amp#15;&amp#20;��D���%ĩ����(�?��N=I�Q&amp#5;�*{S�O�J�ْ�U��&amp#18;�U_��E�ȱ&amp#16;�Q-�/�&amp#22;�3�&amp#24;���ʣ*��&amp#25;r�b���&amp#1;�
u4'WC&amp#21;Y#&amp#5;�E&amp#28;Dl<\&amp#23;Rx���&amp#18;�*�j�b��&amp#19;�U���VT�U'B�&amp#29;
�p�&amp#25;&amp#12;&amp#4;�B��)��&amp#28;9.�p&amp#11;Ȏ.�p�
�&amp#26;V#&amp#17;/�\�&amp#25;&amp#16;�YSo��:�:&amp#19;$Qd6�&amp#4;��R��T+��&amp#20;6"&\��\��9&amp#24;��.T�&amp#25;&amp#23;%"�&amp#4;�&4A&amp#25;L�C�gc"8i�8)&amp#11;&amp#0;{�J�8��*y&amp#25;&amp#24;܅4vh�43&amp#25;�Q&amp#14;��!�&amp#16;�H�1y���̗&amp#17;��K��]I��'�
�j~eN-U�%��.��&amp#21;dg����&amp#21;9��Q��Tg�T|�HD&amp#25;&amp#18;���d,&I�"��\L�&amp#19;,I&amp#22; "C.M�&amp#25;r&amp#15;�&amp#27;)���b�Jx�[r�>&amp#16;[��ݴ�0�&amp#26;!����LrbY��#�&amp#30;&amp#21;&amp#18;��"\>/��&amp#27;&amp#31;!p讄pIt#�K���*GdvGfe"����v;b�[���3&amp#18;�a��#R��|S:�:&amp#19;$Q \��D�jQ�ʅr/�Q��d\��q>L�V�n&6A���9&amp#23;�&amp#17;	&amp#18;�:m���O&amp#11;"8F,&amp#24;�hXX�&amp#15;&amp#20;*I
(�"�1I&amp#17;��T;DJ�&amp#30;!&amp#15;&amp#20;�ǌ��,|&amp#23;R�&amp#19;���8�&amp#23;R|m&amp#21;8��'���K�T}Icj���"�X��b��XI28	>�xd����C��Џ&amp#6;�!�c�C�C�\:&amp#30;\�.Q S!&amp#18;0&amp#28;	!�&amp#18;�����&amp#25;��&FB$�E�c$2D�&amp#16;:&amp#12;b&amp#21;W&amp#17;�g&amp#29;�,Mj�&amp#8;��&amp#5;+&amp#16;R!	&amp#17;�S�B���&amp#17;٣�Gd���ѐ�X�Ĺ?��&amp#17;VN%*��a�wQ���?�)�ɏ�d��"�hJ&amp#3;�S��f3&amp#25;��˗&amp#27;&Υ.L�W>�&amp#15;�&amp#1;rhh�&TE_��&amp#19;&amp#25;&amp#18;&amp#28;�*l�	&amp#17;�H�&amp#29;���&amp#30;�A
�2��&amp#5;˗%"�D���&amp#11;r�&amp#17;ԇ&amp#17;��.)&amp#4;�*񘮥N7�O�K�%Ū>���GԖ.�;Z��Y���Pr�Q���)��)��G��ȏ&amp#11;��&amp#30;&amp#27;&amp#21;�X&amp#8;�&amp#17;�/"8D�&amp#30;셇B��Ǜ$��&amp#18;&amp#5;&amp#18;�"�"�Q��r&amp#15;R�&amp#14;C�Ne6E��)��	r��I&amp#22;"��%&amp#18;H�&Q�ʫ0�'K��&amp#11;��C&amp#0;�B8DGaQ#H�&amp#5;&amp#6;dfF*Gb:cV�o͙��U/�X�1(���>�&amp#19;$Ϭ��&>V��єK��ЌÑ�R&amp#20;�˙��HRԤˍ�&amp#25;]��&amp#24;}�&amp#11;�&amp#25;&amp#30;sEe͍3+"vm��"&amp#20;��&amp#17;��N�#J"�2�4�s1��&amp#14;�&amp#15;&amp#17;&amp#20;K&amp#25;Mu&amp#31;&amp#18;���8�&amp#24;�E_hh���{D��Y��2��c�&amp#15;&amp#23;"x����͝�+&amp#21;1Rb������&amp#28;$���e�G�Kȏ&amp#11;~E&amp#14;&amp#21;�Q�[�O	aaE�G`��T�L�e2�-�I&amp#18;"@�S&amp#17;-��Q��BD�I��*��*���J��I����b"$�!�F&amp#25;�c��RI�0ȍ&amp#11;&amp#29;�2&amp#25;E&amp#18;&amp#20;��Gf��A!�H��&amp#24;�c�&amp#20;�2c)&amp#11;♉#�0ϸ�����[rc�&amp#11;&amp#24;�:��AHL�;�D�)jQ��r*L�PN�0�&amp#5;Ɍ\�&amp#22;T�6,&amp#28;�&amp#30;&amp#31;"<7��&amp#0;&amp#14;�*���t�H����Y&amp#26;&amp#17;�&amp#25;
Fc1��&amp#7;Y&amp#15;&amp#19;&amp#21;Ԗ6&amp#11;�>'Iu*q�1�T����U��te_h�=��s&amp#16;���ե��c�>����;V���3��&amp#22;&amp#30;o�&amp#28;&amp#5;GЏ&amp#12;��G�Oȇ
��&amp#14;&amp#19;�C�/!p��&amp#16;�ȇ&amp#14;���||��K�&amp#28;2!E&amp#17;�eE�&amp#22;-�r$E&amp#17;)&amp#20;��*�G�'BD�r�&amp#26;��N�*�!2�R5t&amp#28;��U&amp#12;�ȱ1�&�&amp#27;C��`0&amp#29;�r&amp#24;T��X�np G�C$ɿ�D��&amp#14;S$S�lX�
�n,.�(�E�#7x����=K��e�#8�I�c|���9&amp#23;&amp#27;.2e�2&amp#20;�U�Z�R��{�r&amp#2;E�͝�#E���&amp#29;�;$vHQE�$UF&ɐ���;RU��6!�����%�)����%�&amp#21;8�&amp#24;�EOh�-�S�_"��5����!�D��"]X�&amp#21;�^�;*��
�?ê&amp#15;���&amp#0;&amp#15;�&amp#30;&amp#29;?"&amp#28;.O�O��"<&amp#21;���.	&amp#21;Џ
������&amp#24;�&amp#30;漅�K���`�E
��Ȍ�\��X�Ĺ�k&amp#20;�I�&amp#25;T�L�&amp#22;fД�HS;Q�&amp#28;��23)���NGib5&amp#12;�g%2r��k&amp#15;&amp#23;&amp#21;6P�HH�*.q#!M&amp#29;�%U&amp#14;��'�f3ߕ��bܧ�)&amp#18;Z��&amp#20;L����e&amp#26;%&amp#19;(�2R&amp#19;�&amp#20;&amp#31;w��RZ�&amp#19;�r�c��H|��&amp#12;Ll�ʌl�!&amp#19;Ex���0�92�&amp#18;ȍ&amp#11;
��eFTX��r�bS+�I&amp#28;K&amp#28;��)q4�#����8�5ԫ�&amp#23;B�&amp#28;}&amp#7;�*�g��#̟&amp#24;�O�%��Ky3�����^FY��&amp#22;r)p��)p��G�G�\6>Dxz]&amp#15;q^G�G��&amp#0;&amp#14;���||���G&amp#8;���Q&amp#12;2&amp#21;&amp#20;v'dvgf���[�_Ĺr�ԍ3�$�S(�ǱY��T��&amp#17;�g'2S3&amp#23;�&amp#20;d2�L�"䆈&amp#17;2�B�7���!d�a�Љ&amp#21;>&amp#11;�u��U�3&amp#18;dޥ!|,�ԧ�&X�&amp#18;���2r%!&amp#20;6&amp#20;�H�Ԉ����&amp#15;���(�&amp#4;$2��N&amp#12;�YF�#Lt�<4H�a}�t�"��r�c9�&amp#29;�&amp#29;x���p]Iq&amp#26;k�./F?Q>=A}Eoi)-�����H�����&amp#21;/2U�Ǚ�$*2#��#���G�Oȏ&amp#11;��&amp#14;&amp#21;/"&amp#28;#Ч�&amp#23;�K�Et)�R�G
��G`v'bvGdvB�(!D���X�+&amp#22;,[�,�b�a2�nB&amp#3;�P��FD'�*�j�"�:�r&amp#12;�"DyX�LP%&amp#2;J�&amp#25;F�&amp#17;@�&amp#19;!8��r�#&amp#19;��T����y�Ժ&amp#27;'�2d9H�H��ɝJ|�b&amp#28;�\�g%PuIU;B�E�O&amp#23;B&amp#30;)�����&amp#23;�Q�X&amp#27;|���.%���փ�	+�I���&amp#22;&\���$1�L��&amp#29;��&amp#24;��r4&amp#25;�&amp#29;����D��""�&amp#19;FdfB��f�3�C�&amp#17;�ຒ�&amp#20;�R|V����n�����S[2���L��,�&amp#21;x�yl��LD��K&amp#25;^]X�&amp#21;GZfj��U��U��ԑO�M��&amp#12;�&amp#7;~D82�!�"�&amp#11;�Et#���&amp#12;&amp#20;|����,"&amp#22;&amp#24;TEM
%�|K�,b&amp#18;,X�o�[���z�bE&amp#19;+2&amp#18;!T�bU��
�K�E$*d��J�&amp#21;6*L�&amp#18;&amp#20;���:dh������E!&amp#21;6+&amp#16;��N����&amp#27;�)��_&amp#3;D�B��t��"�"�&amp#0;&amp#3;$=�|�r33��38�g'P��&amp#28;6&amp#31;��#&amp#19;�&amp#2;��^�1^��j^8zY=d�O&amp#30;����_�&amp#4;��i���=yu&amp#30;x�7�!W&amp#25;&amp#4;�)�
^�.%�赓&amp#17;+y\�{Q��(�&amp#25;��0<N�)^,���#b�͐±a&amp#5;�B�D�Xy&amp#21;0�*Q��v"�t]&amp#25;��&amp#14;��&amp#30;��{G���x�G���(}G�&amp#0;�hG�[�zIS�YK�O�חR\W&amp#16;��X�����%�v5�A`��pگ�&amp#14;&amp#17;6G�1pC�&amp#21;y&amp#31;�h�&amp#5;^Dx<<��y&amp#16;�]&amp#8;`b�&amp#11;&amp#7;&amp#31;!aW�&amp#28;:;&amp#20;v"�*hP2&amp#25;K&amp#6;Ź6\��!�#�ط¾;�%�̬��1U;K��W'L�"�!R&amp#29;!�&amp#21;&amp#1;P#HTƉDT��;3)$"23�&Uw)"�L&�&amp#15;}�R��,e2�G&amp#1;D��Q&amp#8;E�&amp#6;I�)�&FBe�\��!��<>&amp#14;U���g&amp#18;��&amp#19;��0k����&amp#21;�b1&amp#15;5Z��͎Yt�%7��.�LRԼ��~+v��/\�&amp#11;2���ʢ�f&amp#7;��0�&amp#20;��k����<|2��[Ĉ��L�&amp#20;F�&amp#20;Qnr*3&amp#19;5&amp#18;&amp#21;�&amp#26;î<J&amp#30;.>d���ԩ�i/���i���'�<�񙽘��g�x�L��3�=ּ��&amp#30;&amp#31;U�d8\�B<!���d84|�p�.�xt|����&amp#12;&amp#4;|�s^G���Q����u�{��
�&amp#21;$vfC(�X�o�1��&_�B-��_&amp#4;�&amp#16;܏+|6�"ܢ�D�'-J���H���؎�&amp#26;&amp#5;*B�vc�*gf(&amp#12;�$��	"EFg3��:�we&amp#4;SF&amp#31;s&amp#3;�E&amp#31;&amp#15;&[�|�7�r\��Hrԥ12r'P��#-&amp#11;�F;��p4�J�Q8ǵ��L�,&amp#23;����T���OW��&amp#28;��ЕM}G�+��/x��o����r��:&amp#17;���/?66�͊�̧&amp#15;;���ط��F�kez�8�	ӄ�Q,�x�&amp#0;&amp#14;ϗ�F&amp#23;&amp#21;B��&�&amp#6;��3&amp#29;�;DN�WS&amp#19;����8�oh2�&amp#24;����H��&amp#7;�W�M����.#^}G��.�j��6F��&amp#28;$��X	K���>h��a�.&amp#25;&amp#15;!p�����"8E�{��&amp#21;&amp#1;Q&amp#21;!R&amp#20;&amp#12;�S)����b�Rž&amp#11;&amp#22;�9&amp#19;�c�&amp#16;�\���>q��X��"Dw E&amp#22;&amp#26;/�n�T�1"�Kb�&amp#28;L�i��B����*b�F"�.f&amp#27;%�$FI&amp#21;G��2�PD6(=L&amp#3;�"����r��1Աڎ�)�����2D�Fb��R�:�9��s��M���Ћ�W�kc&amp#29;�1&amp#24;���v9y&amp#25;���R�R��7�zɊWї}&amp#17;u�&amp#29;X���V^&amp#29;&amp#7;���
j봓#*4�1�+&amp#24;^ �[��N�YY���&amp#0;ab�-{����&amp#21;J���q�~&amp#14;jtj85�&amp#28;'ێ����/5�)q�&amp#21;a�&amp#19;V&amp#31;&amp#20;����r�?���M&amp#21;ԭ�m�&amp#5;j���W�X��Ȗ"Rz��/6vu$,5FG&amp#1;Q�!��>�8<�B<&amp#18;^D8/�O��Џ&amp#11;��K�F=
XD�&amp#17;�aS;4d2&amp#25;&amp#12;��&amp#22;�&amp#18;,X��ʦ&M&amp#17;�l�QE�K�&amp#5;�ŋ|2$Gr�&amp#20;X�&amp#27;&amp#19;3&amp#23;�~v,[�E6)&amp#18;�&2ȁ&amp#18;)&amp#26;&amp#23;C���3&amp#23;F����&amp#30;REX����R��&amp#15;S&amp#2;��þ�.I�9&amp#25;��r�BUEP�9&amp#17;b|�f%!Ȩ�2�/�Q�d$*�1�ݒ8ߵ�ͅᚽ�^��T�ۛy��li�n9_H��M_zd��nF6�v(��$�G��G�s<��u��&amp#30;.���i��CH�
4��Q�͢-g�_6�<�j~Z&amp#17;��Y�ِ��OS&amp#5;���ٝ��O&amp#25;V[J���oVe������tdp,�îR�e>&amp#18;��\*>D8tWB8&amp#8;�&amp#17;��&amp#11;&amp#12;��B��E&amp#29;�&amp#20;K|6,[�r3���1&amp#23;'�2��D#�)"�9s���"B)&amp#17;�2{�&amp#23;3
D_ǜS#PU�Xu&amp#12;�&amp#26;�j��۞�v��X������U&amp#7;$g&amp#20;��;A�&amp#19;�&�$d&amp#18;"��R���]&amp#24;y�Q���OS8�&amp#29;�*�%SR3/~Q&amp#19;3&amp#23;3&amp#14;C�9&amp#18;�!P�R�%P�.4�/�k�N�|���R�RR��'�Ե�-AC7���Cy��+f���&amp#0;ظ�ȷ&amp#24;[��&amp#28;���&amp#25;�K��M��&amp#3;w���iS�㯡�M&amp#23;pz���Q=6�J���[&amp#20;�Yf�
"�F�&amp#28;2)�XTSâ&amp#20;&amp#8;�B�(&amp#25;&amp#12;��bŹ\�¹>RМ�[R3�&amp#23;�㑜��ɖ-��F(��%�O��򀿄�"�&amp#29;�L����{&amp#17;����1Vgj�ٞ��ݝ��&amp#30;�{��g�&amp#30;�{��B�&amp#30;��z=����E�BĞ�{��"Ğ�{�*èE�&amp#25;��,*�1&amp#26;�<]�0X��&amp#22;%&amp#19;ū&amp#15;&amp#18;��G�&amp#30;�U�v�&BE�#�;S�C�"X�<R*b�b��=�Ԗ(�����1�Z+�c����V\���6V[����&amp#23;��7�ضke�j��o�x�i&amp#15;�H�~�X�r�#;I1K��6~���I>�k;��%il�aݗ��U��L&!Җe�TRq��&amp#17;$E"&amp#17;)�&amp#20;�!b6&amp#16;�f3
B|�ٞ�]��/�E]&amp#17;9��RЃ�!&amp#20;�&amp#16;�&amp#22;,[�bHx�;&amp#17;�"��b�r�&amp#0;&amp#27;�L�)��r�&amp#25;��*
E��&amp#17;�&amp#23;�.˳333;3��$v�&amp#21;Y&amp#29;���Gn�]���zg��ވ�.Q��2l�Rı&amp#26;��,QC&amp#29;��^-��&amp#30;1�>)~������,w���<E��ԧ$F�C���D�(x�<j'��'�^d�����bŞ��yf'&amp#25;�7�+ה���q�:-��v&amp#20;m�d������YI?�>'�&amp#8;�k/
����&amp#0;�&amp#23;�����n-���&��w�I�&amp#17;\���r,��&amp#27;u"�&amp#0;tFV����_KdfFd&B�&amp#26;�k��
����ꝱ&amp#26;�f&6JEJ�&amp#30;w&amp#23;�~YID��W�Q)�&amp#17;"X���"�ʬ�L�-J&amp#18;Ѓ����[.>t�&amp#6;\�$�è:�lv�sD�#��O&amp#18;�&amp#26;��&amp#12;�nQ�&amp#23;�&amp#0;@���;)�{&amp#21;Jۗ31M�&amp#24;�D\BH\FDx��(.&C������U�x��Ib��lT�������2X�<T��ə��Er̔�(�Ez��f�n��&amp#0;�l�3ߧ�&amp#21;e���g�dtY���&amp#0;a˳W��Ŭ�����!���2(���[&amp#15;L��&amp#19;���{"�	k&amp#18;�H�&amp#23;�N���{�̡'&amp#6;`�v���E&amp#17;&amp#20;�v��C&amp#16;C&amp#16;G&amp#16;,A<@�$1&amp#26;�j��9�NeJ�&amp#22;d$.w�H�lU�
|�"&amp#4;H|&amp#12;�+���$��(&amp#16;�qȔ��&amp#17;�n\��7���eɲ��ձ,I<Z=��X��	b&amp#7;�!�)�&amp#8;b��&amp#8;��(��B�&amp#0;�#��QܠRd�*���+�.\��=b�!&amp#30;���ı��M���w�¦*b�vgfK-8摉��/C��-��_$}���Sˬ�ߗص�%ޖ�!y������w��C�_�'��貭��&amp#6;��҉+�G�&�Q-m	t&amp#22;�FN�%oЗB�>֔��MS4�L=L��?���ȃ��ê䪓�E8���+&amp#18;��ԅb&amp#21;��&amp#21;buL�)�Q�B�*�&amp#21;k����R�)���rL�KB���C��E\�I��&amp#31;�����&amp#21;�B:�V�G-	Hs)�"�&amp#29;��b&amp#19;Ԅ���^v+�*�Y<C&amp#22;!�Ğ�K&amp#24;<Y&amp#12;A&amp#28;K#�h���C�D�&amp#18;_&amp#3;�*�
�ò�-��'�D��JE�ZFFvgfvgf*B�*Gfd%h���K���(�M�o_"s^&amp#24;�o��E:T�L���)ǡV^_aG�WV�/�&amp#28;�.���?4��&amp#0;SwdYl5dX�O�o�O�%kEz&amp#21;>d�k��]�O=&amp#12;^&amp#29;�M�ܫ&amp#27;w�JY��&amp#31;��U����G&amp#15;��ы�P��E�B�؊e6)���R��&amp#20;*&amp#20;�&amp#16;�*����f;Bu
�
��&amp#20;j&amp#16;�v�s5�<nB&amp#6;Rܯ�|�Wb� �)-9H�#1JD$\���&amp#29;A��g#2�M&amp#12;��bfb$U��f3��&amp#28;��f*�jg��|�.R��.o��loB���&amp#18;(��&amp#8;�;&amp#19;�;#�;!R&amp#21;!R;3 ��kd���|��#��^�V�K�2��D`����&amp#12;�n�&amp#22;��&amp#0;DK��^o���{�;����&amp#0;T�&amp#0;�&amp#24;�ܝ��&amp#18;�l��&amp#23;��SW�-����K�ΣW*�%o#y��&amp#20;&amp#27;�X����ЍI*����^��;&amp#18;�B�&amp#17;�V#�L4�<��d�X�����$!	&amp#17;D&amp#16;��T�R��fR�&amp#26;�k&amp#17;�*�lv�lv�J�z����UH�;b5H���GbĆ��˒c&amp#25;U�Y&amp#7;�I��l��-JuHV&amp#21;aU&amp#20;��&amp#6;�L�C8�J��&amp#16;�NgjT�W�V�U�;������&�t�#���&amp#18;&amp#22;&amp#2;B�&amp#17;�&amp#17;��"␥��r3&amp#25;����Q2&amp#29;��&amp#11;&amp#14;,1���Xp���7��Fvl�"�h�t&b?��0�&amp#2;02&amp#25;&amp#12;�C ��&amp#2;��h�,���C�֒��&amp#21;g
P�&amp#30;����$�O�"�?ԨNY���R�˙�4���*J�-}&amp#22;ȝ�=&amp#22;��_?�%�:�ջ滛-z����Q�&amp#12;����,?N�[k�mr&amp#17;�4��j2�Q����1!<�&amp#19;�8g��&amp#30;M�3��v�����&amp#5;ܨ��U/16��=���/��#!��[�H��*&amp#19;DQ&amp#1;1L��PUN�u��'�*V��R&amp#21;&amp#5;T�&amp#8;L�#&amp#3;-&amp#8;=&amp#11;�d��˙�Hr%4U���u)̥#1REY&amp#19;�&amp#26;�&amp#22;&��&amp#16;Ĕ�&amp#16;��/�l�!��)
DdBFbl�&amp#27;��q�.{���>�pK�X5�,"&amp#22;&amp#21;&amp#30;�wB�*&amp#2;�g;AU;S�;C9��f ȑ��d&amp#21;1S%&amp#18;�J��b�bF"�vD`%c�"�.vgfvfAR&amp#22;&amp#29;���ub�1a
4,R���qr��#�U�%�Gˎn�y�d&amp#22;if�Ȕ���&amp#0;�!%������6�&amp#22;��92��g*;�svOĢ[KtG��I���F�'�Օ{�_������&amp#20;���2���l��%N�d�������f2�eE��S&amp#15;��S�1�B9�uy䊑qg����H���t?	�-J��+��&amp#0;ܧ�7�&amp#0;͈��O��{&amp#12;Be
��ܜ��󹘌��L\��DH�拙�ĦN�*��r,LR)��0S)�C19&amp#18;��c0�N�*�J�Z�J�&amp#25;��)��Q�Y�u,*̅fQ�R�*�lvĪ&amp#15;Q���:��r� ��2��أ�B���&amp#29;�;4vhʌ���4L�c9�&amp#25;��s9�S)H�A&amp#11;�&amp#21;�تL�bŌ�S!&amp#8;&amp#17;�&amp#24;&amp#14;&amp#6;Q�YIS;&amp#19;�&amp#22;&amp#24;Xb&amp#24;R8Qa&amp#15;t=�xk&amp#29;����9��ڐ�ȋ��H�u�|d�,4+NU&�&amp#23;��wh�Ж�a�H�uȿS��d5h�lWw�k���zED�i��x���)�Sl���Y;ZȊԦ����&amp#30;y_��ӿ�Ivt�U�УN�S��R󪊑�ᔯ���&amp#0;�[�8�{>�/Μ�&amp#14;�-��Q�j�O�y�q
=�f�KU�8%kU��X�c�����&amp#3;&amp#25;&amp#27;i���wL6���֒�)=cP�Փ�k��:�s0�9&amp#14;d*&amp#20;�C��r�;�.\�$��	���l���*�&amp#29;�R�穜�9�*&amp#19;�T�U�9;�[)2-��8��&amp#24;�I&amp#22;bv)ֱO&amp#18;,P�Bđ�q&amp#18;*J�z�ܧ2����)!4+
�h��v�;t<J=�&amp#15;&amp#22;<`��&amp#30;��&amp#27;�(&amp#20;�/�M�&�&amp#25;L�C!�T�S!H�&amp#19;�&amp#29;&amp#18;t�&amp#17;D��;&amp#19;�&amp#21;2&amp#20;�Q&amp#21;&amp#19;�;&amp#18;TI���&amp#20;�ȕAVԡ;��&amp#18;2���q&amp#11;&amp#15;���&amp#12;E]2���&amp#0;aK/ߡ&amp#25;e�����u&amp#30;�r&amp#31;�&amp#5;�T���<Y|��;^v]
��r�!�����ɔ��3woܕ�}� ��L߲�{�B&amp#14;��&amp#0;~����}4�dգ&amp#24;���^�m&amp#14;&amp#5;��:5�R�8�/&amp#23;'�&amp#0;�o�%?��)=�S��x(��Ũތ'��p�vX�mki�V�2~�>���[&amp#21;&amp#23;��ȡ&amp#31;��؊�I/4asJ��Z�2�����v��)��"R �,���9&amp#25;�H���D�%�&amp#8;�)�YJ�ڒ�9&amp#25;���wd��J�Ǆ=̧�H�&amp#1;R&amp#29;2tʴ���G&amp#18;���Ǽ4{�)�nP�r��'#&amp#19;Z�jڙ�u5)T;RU�,Q&amp#28;Q�~��z���<g�����&amp#27;�<o���z�&amp#30;���&amp#23;�������"&amp#12;�%&amp#22;(�&amp#5;H&amp#19;����e2&amp#25;&amp#8;�)�)�#H�IR*��F$`F&amp#3;��[R�!&amp#17;D�bh�U&amp#17;2���aY@�,Xh��������Ý��x��)9w�ħh"��o�íst�嬤�"�~�Զ�^z�T�&amp#15;M&amp#7;&amp#28;�D�;wc��)�L�c{�>&amp#11;�m��V�&amp#18;1�SR�_Η�eJ&amp#17;�*A���&amp#29;?�D��8-%&amp#7;&amp#24;tXh��Z�^��Պ[K�3&amp#15;ݯIZ�ve7���������a2��:�d�Q}�(7֚�&amp#0;�G&amp#20;WͧRQ]�^�?&amp#15;٣�*o�ha�������V�F�D\���&amp#5;.Rd�6\����,d�.HB S Fb�~V,Xq2&amp#29;�ٝ��F%���VERC�&9&amp#18;��&amp#29;�J��&amp#14;�
�&amp#21;j�b꒕٘��)�C�+װ�z�,b�=�y�����W����&amp#31;&amp#18;^c�~�����&amp#31;&amp#16;c����&amp#15;&amp#23;1�ddfFdgd�͝�23)���(FH�r&amp#23;!&amp#6;�t�E&amp#29;�(X�&amp#18;�&amp#5;&amp#17;@P2&amp#25;&amp#12;�`S�N&amp#4; (&amp#21; W�ԉ&amp#2;;�bGR�H!"�$V*��*!��&amp#25;@���h�;�u�u<��Dw�-ݷ�AeV}53:�Dt�&amp#0;���}>���%���4m֣+�~&amp#26;��&amp#27;�&amp#18;��&amp#20;s~�ie�_2�D��w�&amp#31;z��)SoH�-?Cyd�a����W�g��bt�S�k���V&amp#26;���&amp#0;r8b�j�{w"�c&amp#31;K:�����&amp#18;�U�&amp#31;;��sR�7�&amp#23;dB9𺯢�u��^M�8EHU�/F�&amp#0;�8�u����h�yɬ�hT]&amp#26;&amp#28;?&amp#30;56�E&amp#8;��	=w-�&amp#4;Qb\���)�&�X�E	&amp#25;YٱRb�#�c���%&amp#18;Q-�&amp#16;�NDd)���/�CCA�9��Q�D���&amp#18;���V���GPu&amp#7;!�D�ȽL%k&amp#16;�N��&����B]�Г1�&amp#26;D�n,��&amp#15;&amp#27;#��{̏x���3�gh��s1��&amp#12;�dvDh��&amp#28;&amp#12;��&amp#31;3ܤ{�)��ជ�w�O&amp#1;b8"8K&amp#16;�*bC*&amp#18;d��P&amp#20;&amp#12;�S)&amp#24;&amp#16;�&amp#4;DD�B&amp#30;�)�&amp#8;�t&�CR�&amp#8;.Ld�T�"eDe��$,Q"�X�&amp#15;���^�)��r�e��&amp#21;�&amp#0;CV���Q���Y�&amp#31;2��O�i�n'�����r}dA&amp#16;�&�K�"i���Qr}Ӳ��7&amp#20;:�&amp#19;_�U;&amp#24;9�Y�"`�J+<���(Q�&amp#15;���_�SRq�u�&amp#20;��b��F4|��ݘZ}�Dp�{�J���;Dc�vX�Em&amp#23;c&amp#7;>Μ`�տS&amp#7;&amp#21;S&amp#1;8I�&amp#28;F&amp#22;t_]b�g����hq&amp#5;w7�b��ʣ6�#/I
_�&amp#25;}���&amp#0;&amp#18;��R!�&amp#25;&amp#18;<��;�r&amp#3;%&amp#23;r4�,9�p�p��!aŇG`v$�"TD��1
�)��v�k"5����&amp#17;�(��{�&amp#30;,x�K&amp#26;O&amp#28;<y����z�&amp#27;�K&amp#23;rU�Jw&amp#27;.7�)(&amp#25;JR�
���U��Hs)˼Rz&amp#18;1�&amp#22;V�|�f.\��,Xx3�QC&amp#6;�&amp#24;%���U��$�&amp#12;)&amp#11;
G
{��ؒ�����&amp#28;���HQ2�L�bB$"(���%��H�I-	"&amp#16;)DK��&amp#21;&amp#25;VEI	�d�pԠ�S&amp#20;��'&amp#30;�����և&amp#8;�C&amp#19;�i��"~�G�ӽ"���&amp#29;�^��&amp#0;C�p\O
iTjt۲��&amp#0;��&amp#8;5�&amp#24;G[#&amp#15;&amp#23;�E&amp#21;e��Ԣ������S�����T�����Z'/Ч|�v)w&amp#31;ܾ��(JiZ&amp#26;�&amp#21;+C$i[/�9���&amp#22;&amp#16;̛�?�0T&amp#30;Xݮ��8���8mV`(��J9��(�&amp#0;��)�G�&amp#28;&amp#26;�jߥ�&amp#23;�jR���'݁�(���n�VS��8[���&amp#19;4�R���j�Zr��&amp#21;&amp#14;	S�m��f2&amp#29;�����+��7�I؍��i���^���Z)�&amp#27;���I� X˩&amp#8;&amp#17;���
&amp#4;`(#)�&amp#22;F�K&amp#21;�U���9�c�:���J����,X���&amp#30;��<w��������&amp#0;�> ��q&amp#5;�O��2\D�&amp#0;&amp#17;?�G�X�͐�qHl�\O�FQh)��Nd�&amp#14;�J}����J��X�bŋ&amp#22;,X���bt���a��Q���+�i\�Q&amp#26;G��X_C��&amp#29;2�
��P�Ԋ&amp#18;&amp#18;&amp#18;,e2�D&amp#17;&amp#8;��P�Kr&amp#5;&amp#20;$Kbڐ�Msd���"s&amp#19;&amp#25;$Q�N6&amp#19;��jR�&amp#3;&amp#31;�����t���&amp#21;���S�&amp#29;!&amp#8;�>'NO���{b�j�eb�܍;u#��0��s��Ef��F���*��5#߭b��/"P�F���&amp#24;\к!��j�&amp#18;��&amp#0;&amp#7;�:��5�vԫ�q8=&amp#18;v&��KV$�m&amp#18;��x������0����)u���&amp#0;N�&amp#4;���k����c�~����C�QJr��&amp#31;�a&amp#19;�&��&amp#25;�8��%&amp#26;u��?K��b�"&amp#31;W]&amp#25;��S[�(蟩�kQ����S{�}N&amp#15;?�&amp#25;/e��L�Jn��)VJ.k�zi�a�z3^�/��M&amp#25;Q놕��ٔ/���C&amp#17;qȓ.@ò�.\���&amp#29;�;Tv�&amp#22;"'����<Z&amp#30;5&amp#21;1�\MʕnNc�v���)�Q��r�k"X�3�@|H|L�&amp#18;c�,|BG��x�&amp#15;&amp#21;#��ڿ3�&amp#21;QT)̡-&amp#8;�R&amp#28;�&amp#20;��ˍ�&amp#27;3&amp#18;�R�R��&amp#24;y��3��xJ��)bŋ&amp#22;,X�c)��X�D�(���8�{�+╇�I�I��&amp#26;WE&amp#12;&amp#30;r�&amp#15;EN&amp#31;��"���V&amp#4;�\XF��	X���=�I�&amp#17;BBBE�&amp#17;D&amp#17;&amp#5;�EB�-�h�ɱ"&amp#8;��2Eb�&amp#27;ԏ+&amp#20;�&amp#20;2;�H&amp#20;��c7勱Ū9U�_��.&amp#25;N�H��&amp#18;X�&amp#24;�4�(S�S)��eFD��,x)�y&amp#18;��*���l�&amp#0;�F�zސ_܄TV[z&amp#20;*F&amp#17;�Kw�/�&amp#0;�E֏~4�&amp#0;r}��w&amp#4;TU%.�%vvXj�)��{�&amp#5;?%��K&amp#5;��P�+��&amp#28;ު�Q��{�&amp#7;&amp#30;����1X&�֩��U�w��ú&amp#16;���Qc/g&amp#27;3&amp#19;�Q�z��H����_C'~�
&amp#15;,۵�UTզ��&amp#24;J��d��Q�C�m)�s&amp#18;�Ӓ���O3����۳�J΍��D�<,��&amp#22;C�&amp#21;�|&amp#18;,D�"&amp#21;&amp#7;X�*�ƣ߽G��?�=O�&amp#31;Qq&amp#15;S��G�=G�=G�=O~�S�.9���g&amp#28;�#>�&amp#30;Z���+ͩ��9�9��r�˗/�6Rl��D��e��R3&amp#14;fq�u	�*L���&amp#21;�f&amp#23;��&amp#26;��e�,X�bń�&amp#22;,X�bĪ�c���&amp#5;N/��S���G&amp#27;)�&amp#28;&amp#25;9E&amp#24;ZZ#&amp#7;�YS&amp#21;4J���p�tV�&amp#26;7)��N&amp#1;y&amp#21;0v*��Z�HHH�b(�#�Q'&amp#3;&amp#17;&amp#18;{�JK�Q&amp#17;&amp#15;�&V+�H!@�S���&amp#21;�D�N_�y��&amp#0;C�G-e/3�E��}����.��Z&amp#26;�lǇ�&amp#21;����V�����VҊ�&amp#27;���b�ȽlV��_���o��&amp#0;b�.��&amp#0;S	&amp#11;G?Z��&amp#0;��4�&amp#2;	�]��Gqգ	�Z6��&amp#28;M	.�5�Պ2U��5��v&amp#17;z�܍5}Q&amp#24;ݫ�����ЌRԝ&amp#4;��*F6q�Ԕ�*ʗTUX4�(���fS�$�&amp#26;�&amp#21;8,r�*_���ѓ�N�Ȟ
���r�uM\���C�}h�+Bi��Y�Cє�%�&amp#22;,8�%�L�J����g�&amp#31;�&amp#8;|Ey��>����(��F>%!���{��X�2�C6�I�z�����0Ϻ3&amp#17;�*�s�,#*aY*n&S+23)���g��t�,X�Ks&amp#12;D�.y�2U&amp#14;ЕC9)&amp#19;d�`�a����.�Z=�)c)��e,X�ś�ETb"X�&amp#30;�8&amp#20;/&amp#8;�X�a�us�&amp#30;&amp#2;�Gr�1RЭB��a�M"�m"(HHH�&amp#20;A&amp#16;�&amp#26;gbT�b�UܠR-�,LO��2�XkR&amp#8;�Ň&amp#11;r�Ԥ��K&amp#29;�&amp#28;C	^^&amp#11;����-&amp#21;*J��[�0J�*V����G�}
��&amp#24;�'塋��e&amp#24;��&amp#17;��I�{�ì����w��Y��5ܱ(�w&amp#29;�,F!w&amp#20;�&amp#2;�6rl�p&amp#28;N"=�i�T�D����Tj[��q�R0�)U����HB�2&amp#28;&amp#22;�&amp#18;��JJQ���.�&amp#26;��ޤ{��{�&amp#16;�[.�&amp#27;6��z"���u%&amp#11;��~��3\�I+��&amp#5;F���}Nڦ&amp#26;_����]�]ai&N�T2�b�8�5&amp#8;��D�h�Jխ��(t��&amp#26;̭�"&amp#27;|6��ll��!6��^gm#�fs1��)��ڔ%�BZ&amp#25;�*KA�QH�؞�&amp#19;c�Z&amp#25;�K&amp#5;wr8&amp#31;B�&amp#3;M�V&amp#4;X]H`�r�=̎
�8�,&amp#29;��R�;>p0�!!�A�&amp#12;�&amp#28;�"��J�(Y�?�a<+�/�U]�ŋ&amp#25;L��&amp#22;,X�bŇ!Hr*&amp#21;�&amp#18;�{��~_�&amp#19;���tL��q&amp#26;�X�"��#&amp#15;SB2'k&amp#24;�b�Yw����&amp#22;&amp#17;&amp#4;S�N&amp#7;fU�����Ô�1&amp#8;�c)(2�&amp#25;T��&amp#20;�B��e,e"�	���d���
��!��3�*W��&amp#0;���w�d_��i&amp#20;�/xP��ј�)�.�&amp#26;~�&amp#30;�L]X���&amp#18;у���<S���&amp#30;&amp#27;ȧO5XG̯������SS�O+�&amp#24;&amp#28;F/&amp#1;&amp#30;�&amp#23;&amp#7;V�榿�q(�X����/&amp#26;�KX��F�*���O;��g��&amp#29;��ҭ^6�^�H���x�;���S&amp#7;(֍��Ezvy�&amp#15;�AlW˱��ݑB��&amp#0;&amp#18;F.P��Q��s&amp#17;�eJ��&amp#12;>�W�n�x�&amp#19;�&amp#30;"p}�=,�0��F:����&amp#14;�&amp#31;C�X��qt&amp#27;z�&amp#20;e��t�ŗSW���&amp#21;�Kˡ[蟩G�]H����0-Fs��&amp#6;\��r�bR)�R�&amp#19;8��nv-ΉE���&amp#7;-D�Ð��0o��S�B�

�\2�����U}��Gd{�&amp#26;&amp#2;��T�b)�b"�&amp#22;&amp#17;BDj&amp#29;���&\eBC"�@��S+@«T0~&amp#21;�&amp#20;��E�,e2&amp#25;K&amp#22;2�,X�bŎЌ�)ЫSb&amp#28;&amp#23;&amp#19;[d?d��VT�r�.�&amp#31;�I�c��F(�K*)O)�ة����l�'faꑪ:�&amp#21;ى*�H�!!.I&amp#16;(��m
��-&amp#12;J��&amp#20;�����#D�&amp#17;Q;!�+S����ijf(Ȅ��v�&amp#25;&amp#25;�ke~��&�i��`�KM&amp#24;&amp#24;��է�j���>�Jr�TZ��:}跦����?�F���;F*0ө��Mk"�/dp�	�����]&amp#15;vWاImО&amp#30;�U�A'.�Gc&amp#24;��P���D��ͥI��C&amp#15;&amp#24;T�i���f'd�[��z&amp#24;�E��z�!�<?&amp#15;yi~��{�ͭ(��N��&amp#26;���&amp#26;�K=&amp#26;��'k�&amp#27;&amp#25;R�F
v���ǲXy��k[��)��&amp#20;�Eԍ�8���y�S�w'+te/i0ѥj��~��+&amp#23;,leR�%
Q���W��,�J������Fgh:�h)��P�R���ɜE&amp#22;�nV,X�b�2�й9hJZ�FbL��&amp#24;/&amp#8;�q(D�&amp#18;�U��ʔ�#&amp#1;S&amp#21;4vbH���j� �b�!Hr3�)�faȜ�̷)R!L�T�R&amp#5;&amp#26;v�aWw�+�T]�)bܬX�c)��b�R&amp#24;f`�9局�M&amp#12;/&amp#14;�c��'�BKb�Q��&amp#28;2���&amp#18;��%T�T*H��&amp#21;�B��\�#&amp#16;T܈���&amp#5;&amp#2;�Ь�b1;�m�&amp#2;����F�&amp#20;&amp#17;�&amp#22;C�^�1�LT�"&amp#18;�M��&amp#26;��*�s9�&amp#29;��+Π{&amp#29;��&amp#30;1&amp#24;=#Z=��ЧI)��퟼�\%FL̥J���TI7�����Z��?�OƬUw�J;&amp#24;X^���g&amp#15;�%RU:=&amp#5;&amp#11;2�3t;&amp#15;#��J&amp#21;lvr{��&amp#24;�.�)�-�JIlUʓ6���^������җ�_&amp#5;��%
�ԣЩ���Y��M'�S(⡁���ü��v�����v?&amp#22;�1����b1ue)Y&amp#20;x>&amp#26;&amp#31;>.Mt{&amp#28;J*&amp#20;&amp#26;KN��+B>���i&amp#20;��I�;�&amp#27;�;C�&amp#29;c�&amp#21;S�&amp#29;RUL,��lHǡ���X�bň�^�ɽ	KR,�">#&amp#3;�"S)H��'�P�d)�M&amp#25;�3��b�b��V&amp#18;&amp#20;&amp#12;�"X���jBD&amp#6;JD�&amp#16;w!�M#(ɒD&amp#23;|�xybv*.�nV�bž:t�&amp#29;Ef04�N*�R�U�p�Ĺbeb�{&amp#18;�&amp#21;k\�P�R�]JU&amp#8;ȩ�Y&amp#21;&amp#22;�E�"&amp#5;&amp#18;�ub���f+s&amp#14;�(H��Q&amp#17;���&amp#29;�=�&amp#15;&amp#20;�b�_&amp#20;b�&amp#23;1&amp#19;��H��131�&amp#29;�ڎ�ڜrY�pɺ5�YoM�~�9�R�������R��B�E�J�&amp#15;}��&amp#6;�6e&amp#24;]�^M��Sq�s��Ex�+z&amp#21;<O�a�z��B�\d$�i��:V����	#.�&amp#23;+&amp#25;F7޷B&amp#31;�E&amp#23;'w+>黹R�*y��Qܽ��3��Z&amp#17;����&amp#28;t��z&amp#17;Q8�&amp#23;a/��`�N��})�5���)�C�����)�)jSؖ�=h5�bŋ
&C)bܩr���!ɐ]�&amp#3;� Sd'�F���u
�&amp#5;#�;A�'V��&amp#21;dOQD�b*�eM�x�&amp#16;�2{��Kr�)1�K�`�"1&amp#27;&amp#21;|E�&amp#22;&amp#26;,$[���ܧc&amp#3;5&amp#25;&amp#24;Z�2�!4vȯ��D1]�5�D��&amp#24;�A^�����T�J�F�F�Jd�T���/�&amp#16;)�
���E\J1&amp#21;�ber���&amp#26;�;{&amp#18;�X��߽G�=G�}G�W����*cי_&amp#23;��؊%$F��KA�R&amp#25;s��$~��&amp#28;&amp#2;~���&amp#29;�W&amp#8;���!�*��Z"�&amp#27;�s����"�տ��&amp#29;&amp#12;�Q�]vei9Uy���*+U���&amp#23;J$h[&amp#23;JQ驃����2���m&amp#5;�ѭ�7W��T��؆۝����V#���̔&amp#7;A3��=�#'���w�q8~&amp#12;�6�S�G��A�r�g�kȎ��)�{�S&amp#12;:V&amp#20;F2F&amp#11;�R�f7f5�bŋ&amp#20;靑:e�&amp#22;)D�4dԍ48&amp#14;$c���B��ZE<A*�LAR����Y�&amp#18;��6Jl���sC*�=�H�&amp#27;V&�&amp#11;B��Sй.R&amp#23;���E&amp#21;�R&amp#29;�)c)��(�&amp#12;�&amp#26;w;&amp#3;��R&amp#28;l)&amp#20;k�e&amp#12;~�����S�^�I��u=�R�&amp#16;��|Cԯ��W&amp#16;:���+&amp#14;�J���S�J���I�B�&amp#17;&amp#18;�%Z�\m��&amp#28;�Rx��er��&amp#20;ބ�X��\O~c�Ȗ6C�L�����#�o�&amp#17;E�P!&amp#18;Tʴɢ<���-���=����,N&amp#23;�&amp#0;.�u���C�la��P��R�t&amp#20;�v�g&amp#19;����2�f��T�}3�C>6>���^H�Jɯ_�Y����N�ۙR�,hK�rj�"0�&amp#24;!��+��e5�&amp#21;��45ߝ_3�C�⺞��S��y%���0�ͯC&amp#3;&amp#5;%��h&amp#29;�R�V��̝2F[�8��[&amp#12;�-&amp#6;�,X�&amp#21;�J��fT�����ć)&amp#29;H�&amp#25;&amp#29;�&amp#16;�%�:�d1&amp#7;�&amp#21;+\ߕ�&amp#22;&amp#26;&amp#31;�ȍ�	-DE��cFB�&amp#29;�q&amp#17;.R&amp#18;�&amp#24;5�&amp#20;WZ&amp#21;&amp#22;�Q�Ō����@�HTG@�H�O��#9
r&amp#21;Fg;f��d�Lu�:��&amp#19;����4�#V�o��j'q&amp#11;�&amp#18;&amp#17;=�C���$B����&amp#15;&amp#17;L��-iɓ�+&amp#22;&amp#18;�*/R��S&amp#28;���&amp#21;&amp#5;ɘ�j&amp#15;���{������&amp#23;�vo��EН(ғ����;xB��l�߹�la�.�p{����=O��7�&amp#28;~������v'�o�{;N���
7ЧN��2��C/�(XhȐ�&amp#20;Iܧ&amp#27;�&amp#29;�f�%&amp#29;����ӌ�Z�ɤ8�Y��֗�L��Ղ�w=���&amp#26;��X&amp#20;��Bѓ8eܲ��"�:z&amp#21;`W�)��&amp#18;0�"��F1h5�bň-J&amp#17;��V���x�&amp#29;��/�&amp#22;�H��H��;&amp#19;ح{�1�o�\�3�;!��F�(&amp#19;�(jF���&amp#7;&amp#3;!&amp#26;D)��b\��&amp#24;=���*n[��&amp#22;,I&amp#29;JQ(��1�+@��Ċ��c�&amp#29;BU	T&amp#21;B�$.Xi��&amp#23;�HB,XHHD�1+C&amp#29;&amp#29;��A���&amp#20;�$�Lt;2P%&amp#3;)��(��&amp#23;b�[&amp#20;�����&amp#18;��3&amp#25;����=��xN2�&amp#30;��&amp#22;%EFOk�c��a��&amp#14;&amp#20;�&amp#29;s\�q&amp#28;&amp#29;&amp#28;D15�d��&amp#23;�r&amp#30;�agŰ����9d���"��^&amp#17;���&amp#14;&amp#30;R�	��&amp#0;�ط����_��n��f�)ć�ךC&amp#24;��,,�r�&amp#24;P�L����F�b)빉�X��{nao���J&amp#23;�a��a�wD�t�z���P��N9,�Fn�&amp#12;&amp#29;4�o�fW�)>�&amp#6;Y�dQ:&amp#21;��'�PF&amp#31;�Q�f-h5���X�&amp#29;J&amp#27;&amp#22;+GB�u-�&amp#12;�$J�lՙE&amp#23;s&amp#0;� �̞&amp#30;��bTl8�H�b�$F&amp#23;!HT	Q%Dt��'&amp#2;H�u#&amp#18;0&amp#28;F�&amp#16;�&amp#24;�rb&amp#25;�&amp#24;M�&amp#21;�*x�&amp#25;L��r�Ԥ�&amp#8;�&amp#26;ЬW&amp#24;�dP�U�&�꒪Jb��67��&amp#25;�9Gr���[�%��F6;�Ԉ�nQ&amp#30;�}�H�2�&R�&amp#14;fB��&amp#28;I�&amp#25;�G��d���5s�{7�8�IG	&amp#30;�<u%�_�&amp#0;&amp#19;�{&amp#29;��ԖZ���Ż�ќc��&amp#26;<&amp#11;&amp#15;&amp#12;u&amp#28;��h���_R�GF��X��J��O&amp#11;���J�&amp#0;��0ٰ�i���&amp#24;|.Z��&amp#28;���&amp#0;�g&amp#3;����J�Iw&amp#8;m��~\���k<��c��<?z��&amp#17;K�a1��J��Z1NQ�,D��<Oi�&amp#5;���(�%Ga/!"���&amp#21;�b���:���Tt1&amp#21;�jӨ��ahZ�[9B��l5��ǳ�Ĥ�ЮbIORrО��&amp#29;��&amp#15;C��ZjX�b&amp#8;�X�&amp#29;
�Nĕ202��8�F"��P0H�&amp#18;4��t
����bŋ&amp#18;Z��R�F�R�*d�(hUD�nDHh|��˗&amp#31;&}F&amp#15;b&amp#5;U�Qw��&amp#22;-ɒ:�L>�G�\Ļ	
��&amp#24;F���vq+PeZ&amp#5;JM&amp#14;,�Ą6_�&amp#20;E��)&amp#8;�&amp#18;�&amp#16;�1&amp#6;4�x���Qz&amp#23;Ю�%=IL���e,1�H�8&amp#22;b"��H��;oB�?�;�P�	��{¼���،�&amp#20;ݯ��N�&amp#18;�)Q��
�jF&�a��!�Rk�=�����w��ci���{&amp#18;�EqH�KΓ_vG&amp#12;�<�ԥ�B.;�^D�GRkB}�'�&amp#27;��
ӽX�>&amp#29;��.Ҝ{»����ElS����o���{�z�)�kfQ]�/&M���+k�=��{�&amp#8;�N&amp#15;Ym���[�&amp#20;&amp#18;��=��"�&amp#28;0i˫��ye��&amp#20;�Ъb!rTu=ٱ��,5�p�#&amp#15;��Z&amp#18;���&amp#22;"�$L��&amp#14;�:fRđ5��&amp#20;XH���!&amp#19;"%&amp#4;V�]|-&amp#18;Z�QE&amp#17;Z&amp#21;&amp#22;��%ʱ6=ȑ&amp#25;&f#23&amp#20;�&amp#6;u0�&amp#25;Sb���+&amp#22;&amp#26;&amp#26;&u(�6"=�A�!&amp#11;�|+���&amp#19;�E.&amp#8;���|�pL;Vʊ��ᦴF?�W&amp#20;�#&amp#21;����Y�â��͡��3�b�&ap�&amp#21;&amp#6;v&K2�"/�&amp#15;c&amp#16;c�c�|���(=&amp#7;#&amp#17;>�R��{�	\��&amp#22;$�&amp#12;�&amp#4;$e2&amp#22;"�"�#Dc_uk��R��&amp#0;S��G	�,N&amp#29;�N=$�&amp#31;Ƹg&amp#19;��F�^p��G���҄'��rR�MJkh�&amp#0;�M��&amp#0;&amp#15;��&amp#0;���oi)&amp#18;�k��B�&amp#30;�:�`dM&amp#23;QZ�r�*�?&amp#18;���C&amp#15;�Dce�Pcç���hY�u&amp#29;&amp#6;w��c�B5&amp#27;��k(��]F2[&amp#21;��x�׊��U�&amp#0;�ǪO&amp#25;��&amp#15;2�(F����uﾤe�Zo�ɜB�iJ�&amp#24;�&amp#0;�N&amp#19;&amp#30;΄QND&amp#29;�ĩJ绐�&amp#21;p��e�CnX��%�bń�d&amp#24;���T�%�D�&amp#16;�qH��Ô�L�W���D�Gb���r�H{�&amp#17;"|� D\�d��-&amp#8;&amp#19;؞�&amp#0;&amp#19;&[R��"�b&amp#12;j0�&amp#21;���f&amp#30;�b��FDdC�V�g&amp#23;�t�-��3#ث��b�&amp#28;��r&amp#20;&amp#8;a�a&amp#12;>&amp#12;Xb�&amp#2;t� �D_
&amp#30;� �&amp#27;1��O�R�����Y��hF�(&amp#20;��4I&amp#18;$"���&amp#16;�&amp#5;�&amp#24;��153�Q�&amp#17;=&amp#20;��'�o�s�nau��>�Oaq��&amp#23;�>��q�P�&amp#4;��f��&̹�{b&amp#14;³-���$M�Wc�:j�&amp#21;���b��"�1X�.&amp#2;�jb]����&amp#21;�x�լ�U&amp#30;��0�Q�e�B-�q��z�&amp#24;����l�&amp#31;��R}�o�(ؤ���vh�Lt�+�10ԣʾ�֥�XH�&amp#6;@CETMrd�䙘�`�a�\�b
���)&amp#20;&amp#8;�MhL�b�'�Ԃ#&amp#2;Tʱ:��N&amp#2;�ksGS&amp#14;@�O�����Dâ#F#��F&amp#21;w�í�%&amp#29;����b㡉ít+a�1Ԭ��R&amp#16;(�)�E*:&amp#29;�^&amp#5;H���&amp#20;t1&amp#27;&amp#28;Ah�|&P��b6f)~ �&amp#12;��S�tK&amp#12;U�b��!&amp#20;�3)&amp#24;&amp#17;�&amp#24;�&amp#28;W&amp#16;�h�>���Q]&amp#6;�/B���em|�5��8���Q���?��Ua^�kA�3Y��͖��bGm&amp#24;��BY�e�H��%Z�2&amp#18;�ԝ�&amp#22;.nBwи�6V׺{OG&amp#19;W&amp#29;��=�:j0�^�ԏ	�~&amp#27;̞t�B�9BY&amp#30;���^���&amp#5;�&amp#0;r�&amp#22;U�1��ܥEB&amp#17;^CE6'�&��)&amp#23;YJ�1[�N�m�-L��4@�ȍ&amp#21;Q3�ʿ&amp#5;�	�)&amp#8;��r�-���E&amp#2;&amp#27;&amp#21;	�\��QԦ@eTIjS ��rB:�m���*o���P�ÑCF!&amp#24;�Q��x�d����&amp#18;2.\�#&amp#20;V�^&amp#7;&amp#17;��Z��B�8�`�,<�[&amp#3;Q��&amp#4;�J&amp#14;/R"&amp#16;����1�FTҡM�&amp#25;���W�Ů��&amp#18;��B�
:&amp#15;&amp#15;���c&amp#17;&amp#27;2bܣ&amp#17;@�*e8
&amp#2;���JR~�)��M�f��.�?R����:��/.U�b4�)�&amp#30;��&amp#21;����'ߡ��&amp#0;��Д�;��+�&amp#28;���&amp#23;��U.�F���*RRH�&amp#29;��̅�)��"O&amp#31;N��ǒ��{?>�)b);�5�V�(��&amp#22;�qKMK�R'�ɲl�8�q�U�������+T㽎#&amp#25;,��I�#���q4�&amp#20;��տ���&amp#26;���*э���55&amp#31;���&amp#12;��e�%ɐй&9��
z&amp#21;�b%�C�EqQ��QR��8��LeR�&amp#26;Ԓ$�vgfvb�a"a�"$W+�ŋ&amp#22;,H�P!�Sbd�WEQ�Sd&amp#6;UcՔ�M&amp#22;%�r��&amp#21;�D��W���&amp#22;(naȢEtbH&amp#24;z�v8n.��5�11�l�&amp#28;�J:&amp#24;�VG&amp#16;E�)�	&amp#28;�&amp#26;���+&amp#17;��I&amp#21;�ɜG&amp#4;��E�!&amp#11;ᯱ�[���Se�a�V��.�&amp#0;*>3����S�t�1p1�RdL:&amp#20;L��hK�"��&amp#28;�&amp#16;��5&amp#29;5&amp#31;ԝ7&amp#23;���"&amp#17;�'��
N�?R�$�X��O���[�zMz&amp#20;�B�8զ�&amp#25;+�nD�@�r�&amp#29;J&amp#15;2�'��\�U���&amp#25;)f��b)xքq��{�F���\UD��x�۽"8��领7��x�[9%�R���,2Li���o�XJO�CG�&amp#0;#��|(O�����s&amp#27;�)a�{�	)T�me�yNS����&amp#29;)U�~��B&amp#29;�R��(�$�@�&amp#5;&amp#29;
�!&amp#24;q&amp#12;K�DMk�2��l�U*#�$I&amp#22;�c��(�&amp#18;��x��+&amp#22;2�$R(&amp#16;؞���T%�&amp#18;2%"wdh��6&amp#25;.HE�0�&amp#17;*lU��h�Ija�&amp#18;+��&amp#20;N&amp#29;r�hU&amp#5;��ۡԹ�-�bYY�wc!#��í&amp#12;2YDX��8�VF5�&amp#16;�����-�^�)1r�&amp#11;b��]��?&amp#17;��&amp#24;M���F7�PF&amp#24;�&S&amp#16;�bp���m��7��m4]&amp#12;E&amp#25;Q�峟OA�c�����`��En&amp#26;�����{&amp#27;ƛ�&amp#0;�k��&amp#0;o�&amp#25;�Q"3&amp#17;J^(hg�w֥Xї��&amp#31;�Y�u'�����V�bm����.&amp#27;;[[}���h���e&amp#6;�a8b��k���K'*��&amp#24;�&amp#17;�X	�?ԗv��')Ny����+�N�J/\�B��?���&amp#6;&amp#21;G�vh�d&amp#21;3�&amp#29;!�#D�+�11(&amp#8;��fEI�R�.R�JBتT,4K�F&amp#31;s&amp#12;PBD��]&amp#24;��ŋ&amp#19;E$P!�=��k�rd�&amp#17;&amp#17;��("0,2H���
D��W�#:��9&amp#1;��I�ýN&amp#22;�A&amp#22;'����������Y��vI�V8}{&amp#24;Z�&amp#11;]X�DgEY�J�u���/���[��&amp#17;L�,8�*�կ(��&amp#23;���[C&amp#22;�wR|��v��|�&�@�X�ў�RP�i��&amp#29;��&amp#0;͌6&amp#2;=�*UW����&amp#20;p�&amp#17;�����ߦ�U��],�_���ql;�&amp#0;y��a"Ŏ���V&amp#29;I_�*A߼f�~¬��wW�R�e�c��#&amp#6;�H����?؊�V�z�\�݄\��&amp#24;���{C��ű��J4���&amp#0;�z=&amp#4;��e&amp#29;�&amp#28;.�jՋ�I&amp#20;a�9|�&amp#20;2�Q��&amp#24;�P"MhIٙ���1���Q�&amp#7;�T��h�����>�0�Ilb&amp#12;G%�ŉD�&amp#18;�!�-��e���nF7#E��&amp#20;&amp#8;S��h8&amp#14;�(&amp#18;�$#&amp#8;D��W��)&amp#24;r#+&amp#24;�f0��&amp#28;"d&amp#30;���,:ǼXX¶;C&amp#29;�r155&amp#28;��
�L>=��&amp#19;�&amp#20;x�b�]&amp#21;�F2�����"��F=w�b�Cq&amp#21;&amp#12;n���
{&amp#24;-��-&amp#24;�T:�R�2�$#��b)ĥ&amp#19;&amp#31;�ib)�4v?���wW�820ԩ&amp#8;�C�Q��g&amp#6;���&amp#21;�8�7Fܗ6[̔IЋ*`�{����&amp#12;
��xx@J�b&amp#28;���O�*��f
_��d�����$��-�L�q�\��.f;ALLlBv%SC&amp#19;P���²$ʛ�&amp#12;�ȘvSؙP�ʠА�,?��&amp#24;b#Z&amp#24;�bW;�q!&amp#18;�#�"D��]&amp#21;&amp#17;%�0��B�أ�#&amp#27;&amp#12;�4M&amp#19;C&amp#16;�!&amp#18;{&amp#21;��&amp#27;.\�r��"2��&amp#19;(�S�U)N��15&amp#7;X�c�*Tv1&amp#18;+�K�HM�&amp#15;Y��W�J��RL�-��|&amp#8;�c&amp#17;�]�&amp#2;�Gr;&amp#21;&amp#12;o>&amp#22;�0OAlb��9&amp#21;N�&amp#23;r��Q;24�G� �H�&amp#18;P�M��S�*�(j�D8jb�v�p8W&amp#15;���&amp#23;�48����._���Dq2&amp#25;QnR��&amp#31;�Y��&amp#24;&amp#23;��s]I]�vv~����T&amp#27;�2&amp#24;V�&amp#21;k�`pХ�Q&amp#6;t&amp#27;&amp#27;&amp#20;���f&amp#29;Bu�15J���&amp#17;&T��d�#&amp#14;R&U&amp#31;*��!�&amp#17;�0�&amp#7;��1K�DL�)�,d�&amp#21;�N��w�<HD��"�h:��&amp#19;�$#&amp#8;D��]�&amp#22;&amp#26;%�1�J&amp#6;&amp#28;���#�78\�0�Г1$�$�CC&amp#19;&amp#18;���&amp#18;(��0�&amp#23;�2��&amp#16;�.h�c&amp#22;�&amp#16;܁&amp#30;Tw#�3&amp#26;��ǩ�dv1[&amp#24;���=J&amp#27;&amp#16;FQ@�&amp#29;	&amp#17; R)&amp#23;�8�&amp#31;�̅M�ܓ��RR��&amp#8;J�6���&amp#0;��X�M��)�e�&amp#24;��&amp#26;&amp#21;jӣNUj�,#�g&amp#26;���+5&amp#12;'r���"&amp#20;�H�;&amp#25;y&amp#17;�g���&amp#23;��]�Х�M��&amp#31;�F���)e&amp#17;�c&amp#16;���Nd�hU����"$ʛ�&amp#12;�$P)&amp#18;ت��&amp#21;>&amp#11;�<f&amp#20;Ðfm
��&amp#22;&amp#26;�&amp#18;��Fdff&amp#27;&amp#27;�R#�::��R2��&amp#23;$Nv3&amp#23;&�ǖ&amp#16;�=��!	&amp#19;C"��R�@���q&amp#17;���#�&amp#25;��$X�ICC&amp#21;&amp#3;&amp#19;&amp#29;IrD
[�
;&amp#18;*�E�&amp#11;�*lb��D�ԋ�G�Cbf7�z�&amp#7;��N�<��&amp#12;�(KB�&amp#17;ЪL�&amp#2;�L���&amp#12;�]2���,{;J���&amp#0;�-�,Iu$�Q{�3�c1q�nW&amp#27;&amp#16;ݶ=���&amp#19;7�蒍���*W�vB�e}
pIX��F
&amp#16;�&amp#22;�d���Xhh�a&amp#18;*�r&amp#30;�S&amp#15;&amp#18;�&amp#19;*��2C�FE&amp#25;�&amp#26;�U&amp#23;.\�C�aL9&amp#22;9�W�Y�h�&amp#22;Se�&amp#27;3&amp#17;�v�hf.neC��31���&amp#22;&amp#26;'�r�&amp#17;%�Yj!&amp#12;�&amp#26;&amp#18;&amp#25;ԢP#ʱ\DN&amp#27;�F&amp#25;wQ���BHH��-&amp#12;Z1d�&S)nP(&amp#12;�u&amp#23;$.h����q$-Ȉ����͹���G&amp#15;{&amp#20;�1&amp#27;&amp#28;A&amp#24;�T&amp#30;�	�Q�F��&amp#21;fM� Q)��ƫ��6k2�WAj�g��(N�^-&amp#17;&amp#21;�HcC�L��2�a�r._̽�B��p��&amp#12;i~tN��k&amp#24;Xd��S&amp#28;tЏt�U/&amp#4;hh;&amp#26;&amp#14;Ɔ�BD�Y&amp#21;9��"�干C�NZ�$\�&Ud�����(Ҵ�2Р&6VeWɒBD&amp#14;��J�jvª)�Bb&amp#25;"lϩ�&amp#29;����O�yaH�b�ג�!�{&amp#15;r�@�*�v!&amp#28;3ƌ7�rĭ&amp#25;S�	lb�Y1�)��ԢP&amp#25;S��&amp#25;�b��beԊ�Or��ֆ-he2&amp#24;8�G&amp#15;�Rz&amp#24;��!��oʖ�&amp#25;hS����T�f @�S$b#rP���p!��$��СG��S���.L�bH��&amp#29;�&amp#28;���e��̹�2�F&��a*B&amp#30;+hb`�<�&amp#31;q&amp#16;��*��Įp�w&amp#17;&amp#25;h\l��q1�H�*����<�UZ�&amp#18;$>Qܡɣ(�U����&amp#28;�&amp#28;T&amp#8;ӳ(D�\l�ʜ�&amp#24;��b�*�GhF��
d&&JD�!�Z��q�O�&amp#17;� =��S)bĐЇ��r(L��P�P�T�̧&amp#14;�h��W,F�]�A��b�Y2�E"&amp#5;&Pe�&=���c&amp#20;�tw2j%ʞ�=�lb���&amp#20;L4{�&amp#7;�I�W��&amp#29;LN��nR؄��fI��D�R&amp#25;Y&amp#21;&amp#22;���#���=:T��:�/H�&amp#27;�d�H�(����H���F�[
&amp#5;�&amp#17;(�q�&amp#3;:�x�&amp#20;s7��&amp#0;�&amp#30;&amp#11;��Ѡ��ђ�S&amp#15;+U���XVq!-,p� F��t9�hr3&amp#25;ѝ&amp#25;�)&amp#21;YSq&amp#23;)1&amp#18;+r�bd��;�&amp#4;X�eН4vDi
&amp#5;��&amp#18;��dɡ�����ʨ�6FDfFD$CR��I&amp#29;�:d��%!��#&amp#19;&amp#12;�E�*o�ŉ�ŋhI&amp#17;ܣ+&amp#17;�N�Zl�)&amp#14;��`��0r�2�Ы�r&amp#12;�� �"Q2�Jj�JL���Hb&amp#16;�&amp#23;��F6$��a��D�Fŵ&amp#17;���&amp#20;��}�wS&amp#19;�(nR&amp#23;(�H�&amp#17;L�t+&amp#19;��+%s&amp#7;�e�G&amp#21;_g���&amp#21;K��S��!&amp#8;ӊ�6:�&amp#12;�)&amp#14;&Q��e&amp#20;Ks�Hr�&amp#19;&amp#21;�P�˴v��El%^&amp#17;I��W%��m�E�f�&amp#12;$����s&amp#20;��a��v��J�9&amp#25;�"�ԋ&amp#25;Y&amp#22;,X�'�&amp#20;&amp#8;�.f$�!�&amp#18;�*��$S/��"hh�&amp#27;��&amp#17;�v��2�I&amp#23;"SE8��XhqFDN�*�%&amp#14;o�!r&amp#20;��)��FǨ�F��&amp#15;
�s�&amp#22;	�&amp#30;��q�&amp#24;C&amp#1;a`�,&amp#19;'î>&amp#19;~�FR��F
}�)�^�m�.U�P�&amp#8;��l�ű!���^�!&amp#24;�Mkɐܣ�*��KS�(����)&amp#21;v1�s&amp#19;&amp#30;��&amp#17;	&amp#17;��B1"�@�t*��a��'%�{\�F�&amp#26;&amp#19;�m�&amp#12;�]�&amp#19;%��&amp#22;�&amp#22;&amp#16;�����B5i�KT�&amp#15;&amp#12;�:3�:]�5,ҏ�|�)종9�8vl�^��z&amp#17;�gi-Jr�*�n:�k��ێ�۝��&amp#14;�:�hv�&amp#30;We3)R&amp#7;b�wcò�;&amp#21;&amp#23;4a�t��vd��%�r<��\�&amp#23;���B�yXq%&amp#3;�*Q+F�s�dj��*��&amp#18;�
D&amp#8;��q�&amp#25;��N̩&amp#1;�Ŋt�R#LP�\T�Q!DT&amp#15;w&amp#22;&amp#24;�&amp#28;Xs����T&amp#17;�&amp#29;���&amp#18;\�����dTz&amp#21;7&amp#30;�&amp#25;X�"[�&amp#16;�S���&amp#23;�!�B�Y]&amp#24;�m�(���$Gr�(&amp#14;��d�Qw0�z&amp#20;�8�T�X�_ˍ��#�Z��W�~�Eoa��?&amp#2;���&amp#0;q��_�`�5&amp#30;�&amp#11;�J1hDD��.P(�R�)"8jkW�"�u��j��,�[����s��X��Y����W$K���&amp#4;%bS%!֭BW�+_r&amp#20;)�/�λ&amp#27;���_&amp#14;����V�扊���kK�"4��cbfc3.9&amp#14;Gj�ՎFb:�&amp#11;&amp#18;�&amp#20;&amp#7;F�p��&amp#19;�bi&amp#24;�f>H�+�KC�F"�R��b12�FB�=J0"�	&amp#12;P&amp#28;
�1j���	&amp#17;d�*@�&amp#8;���u&amp#7;Xu�3����9�RP&amp#26;)�)��E��f A&amp#17;�N&amp#8;�&amp#16;���ȅ&amp#20;%&amp#19;�hwM&amp#14;��4'&amp#3;(��Є�=	�4(�*@��+S�(��eb�B&amp#21;4.I&amp#8;B���&amp#23;*a�&amp#21;0el)^�R&amp#11;S&amp#14;�@t�w=Ԇ&amp#24;�B�:e
&amp#17;r�&amp#21;4&amp#20;�3&amp#18;8�&amp#5;�8�f&amp#22;9f�q]Qar��&amp#24;���*� �&amp#28;&amp#26;���Х��Ewc�p�K�}���7&amp#17;��'yzhBN�.����&amp#8;���d��b�E�H|�I�^ې��bc&amp#26;�B�&&amp#24;XJ&amp#16;�>���̫���~du�1��ԏ
�.����ˑ��vS_K2KɊ&amp#15;�t�Y�d{�#�&amp#0;._�G��
�4ae�O��#&amp#29;���e\&amp#14;&��i�����E"&amp#4;Q&amp#8;�1ET�R1{�&amp#24;)jam�F"�+�yE򑔤�dYr�ȴ9"�V1�&amp#11;ݑE�DD�8&amp#14;6##99��w3&amp#20;�1H��$e �#c2C�J�Nz�d&amp#24;��N�#]&amp#11;&amp#16;�y=����&amp#17;茶��{�茶��M&amp#18;&amp#19;0�!Pu4%-D��hb"bbX�&amp#18;&amp#25;r��)L���s|��pEX#&amp#17;&amp#19;&amp#23;&amp#18;&amp#27;�r�dE"1Db��R��PWn}6EA�&amp#17;d�=$?f�Jr���[�#&amp#17;��H�R��b����&amp#0;Z��S�w&amp#7;&amp#15;&amp#20;�"&amp#28;#���/�d0�j_.�Fb���U�)_4�O�&amp#17;�R���}��Hb�42�Te2�L�%�!�e&amp#26;9��I_]��hV�J&amp#19;쥧w��HU�Tt�-E11H��U�&amp#26;��ˤ�&amp#29;eR�j�J�=7&amp#20;)~E�&amp#29;�&amp#15;����#&amp#7;��&amp#7;&amp#25;R�����)+��~��b{Jm�M�u��;h�&amp#27;��է�f�=&��1&amp#28;&amp#19;&amp#7;��S�?B�
��zw��CALUHW&amp#22;!&amp#21;q&amp#8;�W12��a�F&amp#19;&amp#19;��h�b�+b5#Z�f)&amp#23;&amp#17;&amp#18;&amp#19;;S�;S�;s�+b41u3&amp#17; e&amp#26;��&amp#23;ɢ�.*�wG�"�&\�,X��,J��&amp#25;�rԌ��%�#��&amp#22;3�X���{=����&amp#15;|�=����S�}O}=�ԓ&��U�&amp#24;�<A�
��
��hW�b$u&amp#17;q�l��(�)̋湾H�J�+WF"�1U.BZ�z�:�U�&amp#26;��dF�#]&amp#24;?Ņ�&amp#26;%�h�?#FZ�bL�)��_�&amp#31;�r��q,�K��t&amp#30;_&amp#14;�(־��t.SD�$!"��>V��;#&amp#1;��\�}�7ס�\;/i��k��C�V�6I(�ЍȈ��V�-x���&amp#0;b-TJ�v��nU �	C���'Y���Ԕ���Bt�L�aEo	����WEL&amp#29;&amp#12;J�&amp#25;��L4��x�&amp#11;&amp#22;{�<]�Z����&amp#0;&amp#4;YJ��x*b.;ȧ&amp#2;&amp#8;���0�&amp#29;��&amp#25;�#9ڕ*\�D�t%�&amp#17;ceB��)&amp#17;��e)�|�!�d�XuL�&amp#22;)������&amp#18;=�D1R=�Go"U�v�;Y&amp#29;���Gk#���H�dH�"�&amp#17;��ڝ��
�ۏ&amp#16;U�U��\�9�&amp#17;Je)�b&amp#16;��s�_&amp#17;b�:�J���*f&amp#19;)Ա&amp#26;�=���&amp#17;�&amp#17;ƣ&amp#5;�8Ꝟ&amp#26;7�Da��&amp#15;B4V����O�v��$��6A��ۓE�&amp#22;,J7Ѣ��t;AU&amp#20;�f;Yb&amp#21;��W&amp#7;%S��7n���ڦ��#�KBhb&amp#17;a�!�&amp#19;�����&amp#7;=.F�J��S�o�e�0\)N=�kO��QX�*~&amp#17;dOB^dD�&amp#7;����xK&amp#14;���ۜ�&amp#0;1^���3�E�F?AJB��H�&amp#7;��Y鐩	={��&amp#24;�,1t�e����W�Tq�)H�$v�&amp#27;c�"!�&amp#20;&amp#27;#H�&amp#5;&amp#2;+���&amp#29;��&amp#17;�F����̜,V"��&amp#11;��6U �)
$�%nO�Q&amp#18;L��&amp#12;L�&amp#17;�r&amp#26;,X�&amp#18;,8�K&amp#22;2�L�S)4M&amp#14;#�+�.�q\Ԙ�d2&amp#14;��$X�BE""&amp#23;7ζ�-�&amp#17;�8�!ı&amp#4;B&amp#4;�3��N�I�B:�p�e ���&amp#14;�@�J�&amp#8;*tb�&amp#21;�&amp#18;c-�o�cU��S�~��c�ƴ&amp#28;I�ȳDd�1M�qL���AIT��Ib��Գ�&amp#0;S���v�!S���E-l�.�*"dZBg�Tڟ�h��7���YZ�F&amp#19;&amp#17;�XwN��_�^�6�(-&amp#27;Є�Ny[�&amp#3;&amp#7;��P�*rO��b�&amp#28;1ốW �Ϊ�������b&amp#20;d�Y)t;:�iy�&amp#8;��.q�a��n�?�&amp#18;�۝z=�&amp#7;&amp#15;�:�&amp#18;�&amp#27;�N�|�5�e�
�&amp#24;�5<m&amp#28;�]�&amp#21;�tj8>���&amp#18;&amp#31;+� �R��&amp#29;��a&amp#23;&amp#28;�̝C3&amp#19;ddBB�L�*"�9!>k�D�T^"�&amp#2;Hk�,"�'1Ȑ�r&amp#12;���d2�&amp#5;&amp#1;D��e2�L�S)��H�	@�&amp#26;�&amp#24;�&AĔID�e2&amp#19;�e&amp#28;yP(�,��r�˗*�b�U�y&amp#29;���-�F��T&amp#7;�=��w�B&amp#31;�-~�=y1�r�a�&amp#28;Q���s�7ɮ��c"gf��������&amp#24;YJ�\�X�*��ԥ�1��ОXB�w���J&amp#21;g<����S2}�=�&amp#25;&amp#24;{'�K��;�J�{&amp#27;kԄ_Q�y&amp#14;&Q/#%��&amp#25;&amp#12;��sE�N7����P��t�e�l�b���!��STe��&amp#22;��(��$��&amp#11;C1	�S&amp#4;���b�ȩJ�q$�&amp#15;�D"R�J��p&amp#26;�9&amp#19;��e,'b&amp#18;)2��Q�q-�>q&amp#25;4UF]JE6=�2&amp#3;�)&amp#19;�&��T�q#L����d2&amp#25;&amp#12;�S)��e2�L�S-�&amp#2;p&��(�F&amp#4;`X�"\�)�d�,�Ƚ&amp#11;�E˗.\�]&amp#19;��UC�&amp#24;dP��#&amp#5;�}�w����J)F*�|&amp#31;o�Ķ)�b�&amp#5;���|&amp#11;�A����&amp#19;%�L�lU�&amp#25;�2�c&amp#11;_#���jP��Mh����B�l�4^�Z��#���k�+שJ
0�權2�[_R0V�R�&amp#26;,(�=&amp#4;�ۓZܰ��K&amp#22;�B^�Ϻ�&amp#0;�zyr�s&amp#29;��#%&amp#31;&amp#28;5��Bj�M&amp#24;վ�e��L��,�&amp#19;��u�%&amp#11;&amp#19;D��b(��0)Rv;6Lh�"l�&amp#18;&amp#18;&amp#20;&amp#12;�Q"&amp#18;�ړ�tn4>Q䘤\�Qj*W#&amp#11;&amp#17;��JCd&amp#6;H�&amp#28;�r��(�HD��ٝ�ٙ&amp#12;�C!��d2&amp#25;&amp#12;�S)&amp#4;8��U&amp#18;�&amp#4;B&RD�)&amp#14;E���I�&amp#28;�Re&amp#22;E�\��r��H�Lem��0���`�2�j�&amp#20;cN*&amp#16;�/�Ő�*vȄ�&amp#31;����R�ޗ\�-�&amp#11;sd�=&amp#12;E9΅Z�߁��F(W�`�F�&amp#29;�՚��a�m�p�R�K�r���h6_��:rh���$.U&amp#22;m&amp#12;-^֌e�=�&amp#22;峿�b�v&amp#24;�C�z$%m9l_�]�s&amp#17;EW��V���&amp#18;��D��%&amp#27;��J&amp#6;"&amp#22;&amp#24;�"Qgb*"�e&amp#26;�q�&amp#20;FK�"e'��&amp#17;�)��&amp#8;&amp#14;&amp#4;�&amp#20;�31&amp#7;�d��2�'�I�Pe6"�S)��d2&amp#25;&amp#12;�S)��8&amp#25;&amp#8;H�T�ZZ�e�223&amp#19;�9&amp#19;����rLr&amp#28;��L��>K���Ebc*���0�8.
�.W�&amp#22;�c&amp#26;qP�˓�ⱡ�&amp#25;&amp#29;���&amp#0;NV=9�K�ے:�r&amp#28;G�&amp#15;>�&amp#26;���ц�N�'&amp#26;~&amp#4;�b���Gm&amp#23;���&amp#20;"�&amp#23;)3L�s������sS�\�nV,.r0����*�_܏��>%A��g����	*��NV�X��-�B]&amp#14;#��}lW����&amp#22;Pf&amp#8;�В1D�elTY�&amp#25;,[�&amp#31;$��Q�&amp#19;v'2���&amp#2;H�I�FE�&amp#16;$U3�b)��*"KQ&amp#23;$ɐ�c&amp#15;\�X�P�,d2&amp#25;&amp#12;�S)��d2&amp#25;&amp#14;�t���	̪��$�&A&amp#22;%J���'A��&amp#21;#�2X�G&amp#19;(�RE"<�&amp#21;��+C������ykb?&amp#6;���F�&amp#14;��AZ(o����ؿ(lG濷;&amp#12;|���=~&amp#11;r�+sq184�9S��jQ�����X�1&amp#23;�o���E�J7_����iF�Ӥ���O^�&amp#19;^ᏩA�J��&amp#26;���z��TU�kE�&amp#23;&amp#28;���8�s	;&amp#20;�+&amp#19;��YݒFK��&amp#1;PD�ة&amp#17;�e��P2&amp#25;J��Y&amp#18;z�r&amp#18;V%$W��&amp#23;(&amp#16;d�U��K�)Čt%&amp#18;�I�m&amp#19;E�J�&amp#26;�&amp#26;�)�bFS)��e2�E&amp#19;(�d&amp#28;&amp#12;�&amp#20;�B�֧��D�qC���b,�&amp#24;��*�D��&amp#18;ĉ�Ll�&amp#29;�Dy/�&amp#18;جU\�`q&amp#24;�d�&amp#27;�;��&amp#30;&amp#14;�k�֯�ȓ���7�X�toɢ���̗�X�^^�\��&amp#0;�a�Y[�c�B�&amp#26;����;'J�.V&amp#25;!���\ؾ��ƹ��h��P���5?��[s�xg[&amp#8;��w���&amp#24;*��<��&amp#27;1��舻�T���&amp#24;f���'�����&amp#31;��&amp#23;&amp#15;�K&amp#7;4P�$B&amp#18;&amp#28;$:,t&amp#25;&amp#12;;�
,슱Щ&amp#6;83)b�&amp#18;��VEf_R���&amp#21;*]��.@�"�X黙YJ%8	&amp#18;EX��nV&amp#28;&amp#7;M�Z)���9I&amp#17;FS)��e2�E&amp#17;D�bī&amp#20;j�E9hS*l;&amp#21;ZB��M&amp#16;�&amp#28;����:��&amp#17;�"uJ�N�&amp#25;���:��"&amp#18;&amp#19;._�C*"�N&amp#27;�+c&amp#30;iw)~b�&amp#26;8JJ�&amp#5;nOaz�GO�ɗ&amp#28;��KM
h�}���H����k��&amp#0;�����/޶�|��.�&amp#7;So�ܵ\�r�B�^����Z��EV&amp#17;����ߝ��e��&amp#21;�&amp#18;te�OO�&���&Kk&amp#16;۔LM&amp#14;�	uB�������&amp#0;&amp#14;^G�r�&amp#23;&amp#15;^DpV�,'�z&amp#30;��,'�&amp#28;8�&amp#21;h&amp#21;0���bN&amp#22;䋎c�REfGr,�J��SR&amp#14;��"@�*&amp#25;�`�aJT&amp#8;a�w�tX��'��'��=բ8a`O��&amp#2;�	a�xja�a芀����&amp#29;��&amp#29;��&amp#25;&amp#12;��r� ���#&amp#11;���ԅx���)�+ة���2&amp#21;�&amp#28;KC�&amp#21;��&amp#15;&amp#21;vv��&amp#25;Rl�Tx�3�&amp#25;&amp#28;K�F�Fe9���\�~K��`x_�O���(�&amp#0;SHǳ��&amp#20;$(��ka�^"�\�,l9&amp#11;ϝ�:�)x���&amp#12;&amp#19;io��&amp#0;&amp#11;��m�ܬ[�&amp#15;c���^Xg�����U��&amp#30;�a���Ek&amp#30;�&amp#21;;j&amp#16;��ܱk�,�&amp#12;����B���&amp#20;aR*q;&amp#4;��&amp#29;�;&amp#24;��;$vh���#�Gf:d�&amp#21;)"�$J�^:&amp#12;n��Hr&ʤw&amp#17;"b)��"��A\�F��hK	�&amp#28;=�N��&amp#15;&amp#12;G&amp#8;<&amp#31;�<&amp#18;�*`��5!�V=�&amp#24;�*��äR�Y�H�"F&QD�8�,e&amp#28;K&amp#15;�l��3ZKb���P�bp��q,"�Y2��&amp#22;�B7#L�MX�F�ޥ�E&amp#18;�)�,O�B"apJ��U��F֎�&amp#25;yJV';��W�&amp#18;&amp#26;&amp#17;�>��أ�&amp#16;ا��nrZre�Δf�mm��&amp#27;�m��c�b�\�X�=EɳX�mn�tR��B5��Z���&amp#17;F5�T�/�3�M���Ox���e��K�-�/������&amp#29;Tv���#�Gj��&amp#29;�;dv�j��&amp#18;��̩4TefL��&�ę%q���3�L�&amp#17;&amp#8;��5�F�&amp#18;Jƙ�Z�Z&amp#21;�$e�8"t�ȄU�&amp#20;WJ�"&amp#3;��`݊&amp#12;�r�����hh�a�X
y�`��¥&amp#27;&amp#24;�H�&amp#4;��ERD&amp#22;�$+X�b�*��Q)&amp#20;�d&amp#8;�&amp#8;F&amp#7;&amp#11;�~,�+��������S�lK�KϟA�6&amp#20;4��7��$C�?��|&amp#22;-�&amp#14;��Շ͖�����b�఑cNQ���q?�/�Y����xi�*x~��-yO�&amp#28;R���*x�xf�&amp#24;�ʞ��Xh"���~D�n&amp#15;,��=�X��&amp#15;{=���S��{=�x�މ�	V*T*L��2|�,T\��&amp#17; Ȳ,�NF&amp#30;�N��7�&amp#26;�j��
�lgL�.FC�VW*���PV(Ա
�c1��\L���b�&amp#25;�i�p�&amp#25;���z&amp#24;�hW�ޥ�UD�2&amp#18;&amp#20;ʵ&amp#12;C�R&amp#26;��N&amp#5;4S)&amp#16;#�#&amp#7;�u�[�R&amp#20;ҎU�4C|�&amp#18;�ADQ��&amp#22;-�B	,�%����&amp#17;&amp#7;z��+&amp#15;A����&amp#0;�c*6ߖ�&amp#22;-�m%��5"�eT��&amp#20;uF&amp#26;��F5S�k���0��5�y&amp#24;&amp#26;ݾ&amp#22;/�{���I�ID�V6jE��:��<��&amp#25;���l����&amp#25;����3�gh��sd�Jd��ٸ�q�2&amp#18;�8�X����&amp#18;(��\�E��F*���Ľ�&amp#26;���̽��H�	S"�S)"02&amp#14;#�/��&amp#20;T�+�)d��b&amp#20;w=�	&amp#21;�jD�̥�&amp#21;Q2;�ffJ�	�;"4�Ħ�d&amp#5;�&amp#17;��a�**��K�j͉T&amp#28;���^�&amp#22;,i��b4̊=�&amp#18;�bR��6)�S�h��&amp#0;&amp#27;&amp#25;/�O����+\�%���=�&amp#18;�F&amp#31;����H��8uEJ����W�&amp#31;�&amp#23;������&amp#5;�<N�&amp#21;�*�؉OȭM�|��A�C}&amp#25;����q䄹[��&amp#6;6T�rle�)�0%Lp%&amp#18;q2�d#Ht�̷82&amp#5;$E	&amp#25;L�B1,D�"�&amp#22;2�&amp#4;�8&amp#17;��tJ4H�;"T�Ú�.hUd�:&amp#29;�C�/22e��c�*̜��&amp#22;,8���(�$A&amp#20;�|&amp#8;�WZ����q�.W'-&amp#6;ؗ+�O�v%1?1y�Ԅ �K3&amp#25;&amp#21;y_�Z�� �(x����E�&amp#6;1�O��&amp#29;�sj�jZܭ�l"�&amp#29;��S&amp#14;��?�&amp#27;��xڬ7��&amp#16;�k&amp#8;�^&amp#25;-93��y)�#���U;jP���V�	v�%&amp#28;�N�-5s�Q��Wٖ&amp#23;�b�&amp#25;S��	jSDQ(�D�$d#L�"P&amp#28;F�H�L��!"Ź�,�@�nm&amp#17;�r&amp#24;r�&amp#28;�DT�̕2�"�"�&amp#23;&�T&amp#29;s�&amp#16;�l��D�p�X���&amp#7;BW!���I&amp#18;�"JE�T���Dd�w5.69&amp#23;&amp#20;�"�)��&amp#22;&amp#14;�*v^&amp#30;��J&amp#20;)�Pۛ�&X��(�&amp#27;%.IhF$U�T�ݹT���+%}��ĝ�6�=&amp#4;�&amp#22;1�6�&amp#16;��l�;&amp#22;�nz|w.�"RI&amp#31;�WJkO����g�Զ�3w�&amp#25;5��&amp#14;�&amp#0;�y��7W刣&amp#26;�jPZ8T�{L&amp#28;���CӖڔdW��Z�)j[<%&amp#6;N&amp#25;env&amp#31;5͌�&amp#26;$4F:��&amp#20;4M&amp#19;��d!LPМ	�L��R�E��&amp#22;�"�&amp#2;�&amp#0;&amp#4;iܥD�&amp#17;A"�&amp#25;���r�2�>u&amp#25;^����Oy~g��܉��&amp#12;F&amp#15;П&amp#15;�b�&amp#3;�|?Ы��
�&amp#6;�&amp#18;��'GB�&amp#1;P�!&amp#19; �&amp#18;�K&amp#14;Ň&amp#22;&amp#24;�b4lF6#�&amp#5;��.v^&amp#30;��F&amp#24;xvt��~Rv�t��I���<Ĺ"r���_�Z&amp#16;��?Ӕ<�mN��&amp#15;�/��s&amp#26;&amp#31;+Xz|&amp#22;�bŋ&amp#2;䤖�{I�"�ů�+z#%/_��5�&amp#17;���-&amp#25;-;���u�(ϰ�ӟ��ٚ�&amp#24;���Gܸ�+�&amp#5;}�&amp#24;K+&amp#23;�Sk���H��c�e�o>W.?�ܚ&amp#26;&amp#26;$���&amp#4;E&amp#22;'&amp#18;Q%&amp#18;1#&amp#19;.��T�mI&amp#18;�@��K�|�&amp#2;,�8@�H�&amp#3;bU,<B=�&amp#17;Ħ�J�ԜJ�*G�fb�*^�Sgd��&amp#18;���d<!&amp#12;*=�&amp#21;0���E|9*&amp#8;��D��T&amp#18;&amp#21;&amp#20;*h��*hTР�&amp#17;��P��&amp#31;��2���n�Ti��T՗��{�E�.Hlz����D�����{&amp#24;~�Z�<����!�h��'��0ק'F{�?&amp#19;&amp#31;&>o�|�o��¸搕I�c��{��&amp#0;Rv�j&amp#20;�1��d��jJ�.\O�H獺�&amp#31;]�⃏����P�G��\��&amp#14;�&amp#0;�&amp#15;&amp#21;&amp#29;L5e[&amp#15;N��Կ������Y_�%�FF*=�&amp#30;�C�&amp#21;͌h�&amp#20;E&amp#2;1"�&amp#18;D�(�DQm	��&amp#26;&�&amp#29;L9�)�&amp#11;r|�$D��%�J�N�&amp#24;�&amp#12;EL�'&amp#28;��&amp#31;&amp#19;�f&amp#19;&amp#24;��=l�1��
�&amp#26;*įF��f�K�r��44�&amp#11;�m&amp#24;�#&amp#19;Q&amp#29;�*Ls%Q
�&amp#21;S�&amp#29;AM&amp#25;��Ȕ��&amp#14;�LUhѤ�م�C&amp#5;AQ���K�bN�Ռ��ś&amp#18;���DQ�9t/~L��&amp#0;,��w&amp#21;��(�����1&amp#20;sw��J�d_���r�����7m˹x&amp#21;�ƫ��;*K�܅(C�&amp#20;�T~c��9�+Q"D��$&`'�����_qz�FT�t��2V8~j5k�g����s���R&amp#18;Ui�{���C�O)Z&amp#25;$�+�&amp#0;&amp#2;���e&amp#20;D�ɒ��(�r�Td�#.�&amp#29;&amp#12;;)KNO��r�"�&amp#17;&amp#20;�J$#ʢ1�٘�Ի&amp#20;�E�
��&amp#11;R���;&amp#21;Q���k�&amp#1;&amp#22;C�Ӊ&amp#28;4&amp#17;r�Rc��bQ�+̩�^f+&amp#22;�N*�:�uQ*���B�{��&amp#7;�&amp#30;�<K;f�͔�N��#�g&amp#5;�&amp#16;��{I�Zk_B�,Xv&amp#25;6$5�&amp#21;mFn$���6;�K�&amp#21;*e&amp#28;�-yU�r~�&amp#31;���舭&amp#8;�l�ٚ�-r�7	v�۩
�&amp#20;��5Ɍ&amp#22;��:��R�&amp#23;._�b�סfZ��EN}Z_����I���(��v�	T&amp#28;�31��b�nHHC*��(�Ӓ��]�_=Ij�I]&amp#28;F>�ũb~�Dr?�~W&amp#17;b��&��&��&amp#15;[&amp#28;F�{:�?�Ź7�X�nw/ɡD�)&amp#21;&amp#7;&amp#19;)*c�&amp#29;&amp#25;�e)&amp#23;��&amp#4;F&R�$QBV�#&amp#17;EM&amp#24;�&amp#29;���&amp#7;w�K�(2�&amp#14;�U&amp#26;;Fgc�z��4<U5ԗ&amp#16;�����cԩ�h��=�&amp#15;&amp#18;��خ�^%&amp#31;2�&amp#18;�z�8�͹�.�ʜ[ԭ�3u'��;fv�&amp#28;�^F������XH�Q��
ʽ�����a��76&amp#30;��&amp#22;�&amp#27;."�&amp#29;B��-�E��i�&amp#0;b�g�r�&amp#16;Ҝ!�'�����B�[���FZǺd�&amp#31;S3[�g3s�rC�.\�f3&amp#14;v3���y?��S򳱬�Qa��I#����&amp#28;�1C���h���f3&amp#14;E�X����!"ĉ�c�s&amp#11;<�x�w&amp#30;�hq�;��rKZ/2#+���W&amp#23;$C�#��UhCFb���ӡ/�sc_&amp#29;�_��&amp#22;��48�G&amp#18;Q2�a�dYq&X�*d)&amp#16;�F�ٝ�!M�&amp#18;�v�j�66^&amp#3;�M&amp#15;&amp#21;Iu%�).���&amp#24;�*q�1����R_QWڈy�}�}
��V{&amp#21;8�&]Iq,L���K�g�&amp#0;��S�I���r��q*�,]Yu3͙�w�fe&amp#20;L�C!bC�&amp#2;�LԄ&amp#28;�&amp#7;���cV�L���Hm!˕�͹Y�E�����9&amp#23;3&amp#11;԰���o�D9X����/mE�ا�^��%��b5EP�&amp#14;�Ι�44&amp#30;��&amp#24;�z�_����|ٖ&amp#30;g�G���Ǽ؎$X�*�Fs�%67q��v�s7$�����I�䋫jg��\p��[�v5:ȫ���dë��X{��]	�bqRY^�V"��&amp#30;�yN��x��>Te�F!^9����S&amp#17;&amp#12;�k����1�&amp#23;�&amp#27;|�є��*L�&amp#27;(aYO&amp#12;Ňdp��#���,X&amp#2;8$��B���&amp#22;��&amp#8;��)"\J��O�Q]J�z�����S_QS�x�e_i�Щ�&amp#21;y&amp#19;�X�u'�12����-�g��\��/�̌&amp#14;��S&amp#28;I���IhF���R�g&amp#3;�yQ�'&amp#26;��&amp#19;sE�&amp#29;A�7+�Ե�H����ߠ�r�&amp#6;��kR+�R�&amp#29;�VS���^&amp#25;���|�y[��ffb�a��r3&amp#25;��q��D&amp#12;�,CNOR�D��r�E��BB\�'!�H�kT�A�ބp����&amp#25;i��s3>u)䝺=�ΕU5�FE�<�����Z_��&amp#17;��
�ʪ�&amp#0;���wX�A�b"�G�J�J]N!N�:�>hB|��̒;)1a�,&amp#28;�Ap���b�&amp#4;xDHp�q&amp#22;&amp#22;&amp#8;Xx
�K$f�;h!��.���(�'�(ǩS�ҏ�U����T��=&amp#25;W�Y���&amp#17;-��|T���b%�&amp#29;�W�&amp#28;���g~I&amp#22;&amp#20;L�E����V&��&amp#25;)��&amp#17;�F�J�T�G4�C��
X&amp#27;W�߭�&amp#17;��&amp#21;��o��,(�'ۓd�7�&˗�$\��o�&amp#29;��3t���f��&amp#0;B���ɕci]&amp#17;ם�&amp#17;��430���\�>�&amp#5;�&amp#23;�"E�&amp#25;L��bܴ�t�Um&amp#29;Y�&amp#17;?(/Q`�����hB�&amp#26;.)&amp#14;c�/�"p�#��&amp#21;%���5&amp#28;�So���&amp#0;C���:]��&amp#21;���&amp#0;m�!��#&amp#15;j~(������"�B�E�	+6#&amp#19;&amp#30;ҋ�%&amp#2;ſ�b�B��T�Ɋ�����=�^Dxt�&amp#30;&amp#26;G�G��&amp#20;ń��
�&amp#23;C$Qdf�&amp#29;jk��t�ԗ&amp#17;�&amp#30;���&amp#24;�EN?F?QW�Zk�*{N�2���{&amp#21;=��Kb\[&amp#21;>���弘��{�_��ے��JBdH�R3�Dʄ���&amp#15;�W�UThF��&amp#0;C��&amp#28;6���R/m�J�&amp#0;nr|�&amp#20;~)2��|��~��Jk�/R��?�a#&amp#26;���BZvr�Q�8�&amp#17;��ܗ6>L����s�&amp#4;/�D�2��ny�S:�u�&amp#25;j��(Ti�Z�˨����&amp#26;�<M?�W�:��&amp#25;?�F&amp#22;&amp#25;)+�-Y&amp#23;�c}N3MB�ko&amp#26;#�L�#�&amp#15;�&amp#21;-~QԭO,�,X�e2�+23�gb�vb���X&amp#22;,&amp#3;#�#���tа�Ge&amp#21;���2;X"X�Q�K�яR|f�z�=����=����=�]
��T{&amp#21;8�&D��*_Q,]y}Lu*=��&amp#0;Gs1��'30�~v&amp#18;"#1��&amp#12;�'&amp#18;p8G&amp#4;������O���7&amp#11;�(�T#�WՎ_&amp#15;R+��1�����Ĺ\r��|���?�&amp#17;¦�J��+P�~��Kf)IiS�EX�D&amp#30;h�^\�&2d��ŹHHB�X��&amp#30;w�斷&amp#21;G/�&amp#23;/��ח��#���]﹢�&amp#25;��&amp#11;&amp#22;,X��+�F��O��_��a�fy&amp#24;��^�|#��["�)�#ʌ�*+K�t1P���vgd���
Ń�&amp#28;&amp#16;�"�Ď&amp#22;&amp#2;�&amp#3;��������]G��&amp#30;���&amp#8;�'ƨG�S�*&amp#17;�����]J���R����>9��>%���<Myo&g������o���f3&amp#23;/�ŋs�������P2&amp#25;y1��!�3�V�u� �&amp#15;�F&amp#11;&amp#3;C��T(+[~V,>Yne��&amp#24;�&7͒vп+�r+B
ڕ&amp#29;�Ţ0&amp#17;�g?�6FZ&amp#26;I&amp#18;���?c?���)i'&amp#17;�Lc&amp#24;�&amp#18;&amp#31;�%�r\����:����O�&amp#7;��,4�̝��G&amp#15;B:���R��r&amp#28;��6�s1��f3&amp#25;�"�z��Z�y^dK&amp#21;J�&amp#21;J�{S�P�{�Ei�̽QZ�kNt�&amp#0;2�l�/�H��&_5%/"[&amp#17;ԂU&amp#22;V{�&amp#5;B&amp#8;T�eE�^>c�Mu&amp#30;.��K�ЏR|o&amp#15;&amp#31;���%&amp#8;�E_j���Wڷ��=��-��s&amp#21;.���*_P�U弙�ov_�v,X�bž&amp#27;���f&amp#28;���&amp#27;&amp#7;)&amp#24;&amp#20;靐����&2�FS)��؜OɃf&amp#11;�:�^lS�&amp#31;$a0�|&amp#21;&amp#30;Ƅl�ۓ�~�T������d���2��^��X�K&amp#29;,Tz}���_�b����'aHj2Z������=�&amp#15;%9A��	Ƣ�_+rc&amp#25;!��<�s9��:��v�B�����_�#����r��J�?&amp#2;Hs&amp#28;���&amp#0;�݌�b�˗/��E]�&amp#16;���K���^=�YC���<^&amp#6;����,pՋ�&amp#16;�_^�>/>X�v8ڐ���&amp#25;&amp#1;&amp#11;�%�q>�&amp#11;B��8���b�ǩ.%B=Q>7��TT���~���T�̩�T������lO��ԗ&amp#18;���&amp#30;"����'ג��[�V-���f3&amp#23;e�y4X��;24+K�&amp#6;S�XڛS!��:J�C�&amp#0;�x���~��y��&amp#12;���V2�,��d#&amp#2;&amp#17;�q��f�c�«Q���l�њ�s�2�!�L���|�l;��&amp#3;gA-&amp#5;&amp#6;�,%cvI�oQ�$�&amp#25;��R��P���)&amp#14;4孎�},q��c�Z��&amp#25;��HrCe˙���s2"�?&amp#4;[&amp#22;&amp#30;��%�g����_d{�&amp#31;꼾쌩�w&amp#18;C���f/�Xйs3/�_��:��H,��E<&amp#27;�{&amp#21;g�հڊ�L[�u�&amp#19;&amp#1;Y_��]��yq�V�
���"S�L\�lXd.�q�����JEN3���O&amp#31;���c�U��ff�&amp#0;���tf3��̻.ċ&amp#22;�&amp#14;�T*��&amp#22;S�xڛ@���:�K&amp#20;}��/&amp#27;(�#������&amp#14;&amp#31;J!����)�(��C��ȩ���V	&amp#24;ȜN��(&amp#25;H�Cd�9��r�c9�L�&amp#24;HK&amp#1;Ju&amp#22;�IS�i;�&S�Bzl����&amp#31;��o>L�&amp#16;��&amp#12;��&amp#0;˓�4���[��v���+&amp#15;a�Q����Jv����OI�ʈ�����g3&amp#15;/TJ�'Ж&amp#22;�K���k���<&amp#29;_οa��&amp#31;�&amp#7;�b�{�#�@�J�q=ҷ�Ot����E���Q~��:T�=�&amp#12;�9}�zp�A!�c�:��g.f�m�B���&amp#22;-�ŋ&amp#18;����,5J��y#�!
TVX+&amp#18;�,w͇�#&��B}�(���qz]�&amp#8;���)ꈐ&amp#23;*:&amp#15;G�%���}&amp#21;��Mz&amp#24;�vu\y����5*hjjX�b�&amp#29;���&amp#20;�&amp#24;��&amp#8;&amp#20;���T�B��5_�����&amp#31;&amp#30;�&amp#31;g�q�
<&amp#27;&amp#12;��p�&amp#16;�EF�z&amp#23;Ȟ�&amp#21;MN��r�Y�ǹ�5-�9)&amp#12;��e&amp#28;G��g˄`e��B�M��˒
�:"Por�&amp#19;6��̧[&amp#29;A�&amp#14;�>h�.����39r����.\~E���f&amp#27;�&amp#0;�=L�V,X�;�&amp#23;%/.y�mJ�8KiMD�&amp#7;��U�?&amp#15;̥�)�ˣ&amp#20;����s1��&amp#17;�&amp#14;��&amp#29;�ڝ�ڝ��&amp#29;�ڙٝ�o��&amp#11;	rOB���o��)�j���T��y&amp#23;�R1�K���&amp#28;�+&amp#28;WEJ_�/c	��&amp#24;K����U��x�&amp#5;)�&amp#0;Db��y�}�+��\�CH�f&amp#18; �!�&amp#29;	�}&amp#24;�E-c��{���}��&amp#14;��f3&amp#23;f�L��Z&amp#15;_�_�ԣ��Y�8&amp#22;o&amp#17;&amp#14;&amp#3;J=
\"��0x
P�Jt ��H!�&amp#16;Z��&amp#18;�'P�}EXu�	���H���/��C\�~V#&amp#19;)$I&amp#25;K
&amp#7;�8&amp#5;���̗z�ߑk�P���)�t���&amp#15;�/ѝ�H|ȑ�B_R;DgFb�f��B�&amp#0;���C�r�OC�ɾW���~s��N�����Q�&amp#8;�����uB���6����!P�_��&amp#12;d�6�Ø�&amp#25;�����&amp#27;2��,.H��5ɍ�NNԖw�{��ΖU�&amp#17;d��IXr/�.U*B&amp#11;4ڊ�8�&amp#20;�^&amp#17;�&amp#26;Y�K3�M	��I&amp#21;�i�r�(ԡ.�es&amp#20;��q��E:2��ѩ��W܊Ԇ���Ȓؓ��JDt��f&amp#22;�t��tgGhv�fj�&amp#1;@�eFT%�?�_�ܰ��3&amp#1;B)lR�����(12�*͢�Gs;��'q��F�&amp#21;&amp#2;4,e6$ʫC&amp#22;�j&amp#26;,X����Q,I&amp#25;&amp#7;&amp#3;)���b!K͔�T�Ml���ɤN�9}7=�]%��J�j��t�Q�JGmV&amp#30;:o�&amp#22;"��R3���~��#��&amp#27;�r�}9��r�nx�&amp#4;>���X�&amp#21;*��!&amp#14;¼��&amp#31;~��є��t&]�/Ɍhh�&amp#26;%&amp#18;Hk�H�o���HGC-i�&amp#28;���zQ֬��&amp#0;aղ�&amp#5;d93~H��$T�[m
��ߓkȩKݫ���������~Q&amp#29;I�&amp#19;9�}��:����w��&amp#11;s��Z�&amp#17;�1�&amp#26;&amp#30;&amp#24;��.�y֭*�<U5"!&amp#8;�ŬnT��&amp#29;�o.\K&amp#12;�x)êԯ&amp#14;Σ�3#�Ghv�fw�3!��[�B�&amp#21;����~R8j��<&amp#21;Q�d�;'{"�&amp#23;MI�cb�+&amp#14;%�&amp#22;,`�s&amp#7;�)rٔd)&amp#18;ԝ+��a@�DXt*&amp#2;�:D�؞���b����_�K����7Ɍ�v�kģ�_���&amp#22;�k&amp#21;��m}����^��&amp#30;eН:s]�&K&amp#15;��MĔ����2�D1t���_��孾&amp#22;�&amp#27;&amp#12;k����&amp#30;��3P�&amp#23;�?�q
RȫS��y���8Ԋ�&amp#31;&amp#12;�E��RŹ>l��2H�b�&amp#5;�&amp#22;,Y�_�מ��c���Z��6�&amp#0;��/�eE�&amp#23;N��X�V]�V�q�"�c�*b�{G�8�ՇE��&&amp#26;j�&amp#12;�^����hb)�8�*T���n5�pQJ�&amp#7;=^����U��"�17_�mc&amp#11;���*U��v)�5&amp#21;��1&amp#17;E-4�&amp#26;�&amp#14;�G&amp#17;�&amp#16;�����&amp#6;����k�Y�P2"�¹~W.SYم�N+aS��
�&amp#17;(D�N"�&amp#28;�I2�$���r�n`�;r�)J�7q#�;#�2�&amp#5;&amp#17;@�L�ʒ�Sc&amp#16;�T.v"�&amp#2;(p;1�ܯ�3�Z_�:�K�cq��W&amp#19;�ս&amp#18;#B�����Х&amp#29;�V]-&amp#17;:����9�S�ENO��vq�fHy&amp#14;)���Z55�Q,&amp#26;���G&amp#26;Ե}��B�e��&amp#26;�cԱcn]Kr�>8}�&amp#5;���?:��x�a��T�&amp#17;����mɢ�E��������r�b��]r���+��&amp#3;�5���9x ��;*��$����^>���&amp#24;�U�Q��^wC�3��E"�Rȓ�q�;�^���+��
�e[&amp#15;���Hp[}U+��Him�t�U/3&amp#29;A����ԥ+w��X�-'�$ЙNv#%5�U�ֺ&amp#27;����kp��C&amp#16;�&amp#2;��,̬�?3����#����(OB&amp#19;&amp#20;�ʧQ1�I"ņ�&amp#24;]�&amp#25;G�̥"�&amp#4;��C&amp#24;�6T�Zc�=�A_~J$&amp#8;&amp#26;&amp#12;�&amp#28;��>V=��Wi&amp#30;�&amp#12;�&amp#21;k;�&amp#24;<>_ƞ�{&amp#18;v�&amp#21;kF1�7�?��:�N�#J&amp#17;����=&amp#11;2�d��V�&amp#25;�ᗚ)�by%&amp#7;/TO���"ў�nw�~W��NL�r�H��0��,D&�RF&amp#26;�j�*��U)���&amp#0;؄�X)��&amp#0;��&amp#11;rc$H¹r��yg�ݝ�:k�&amp#23;k%݃�t&amp#21;*��J?aa��M�J�<&amp#17;H�&amp#7;P�^���r�&amp#20;~&amp#11;���U�&amp#26;��Fz�V(��kF�r�/�X�T���?ӫ��/^�ɇ���D`8�C4��%�8�&amp#24;ƼjG���%O������^Tݺy&amp#16;�g��"R�V8��W��o&amp#19;���+&amp#3;:~�F"&amp#14;�G&amp#30;W3&amp#25;��2
&amp#4;i�&amp#6;D8�&amp#22;&amp#17;a�"�D&amp#5;�h�&amp#22;�d�r�a����Q����R�B�&amp#25;���X�JeZ��~s�Ę�"�"�ĤJE��n\/&amp#17;�بˣёw�|�>�I&amp#20;(��_Ԕ�&amp#12;V*8t�w�K�&amp#1;F�i����������!&amp#15;��ܲ��ql���%v�Ȧ�h��5O�R��v.�f���|�[r�|��U�v���KOB�&amp#22;�&amp#15;&amp#4;u�0�;�k��9�EJr�'Z�����&amp#0;r-Mf��X�41��+�3&amp#29;�^G�S��j�!'�B�*K���{�g�_a`��NL�&amp#26;�~��Ŗ>&amp#19;9��f�.gC�˶X��&amp#7;�x�)&amp#31;t�&amp#24;�og3٬MV��K=5���
�u4�ѕm��&amp#17;��/�%MIXT�,F��&amp#20;���".�&amp#30;y�G�*�L�x�������&amp#4;���eZ=MH��:Lpd""�&amp#8;�b�>Q)&amp#16;�nS%&amp#19;(�I&amp#12;�b�F&amp#31;s&amp#8;�(�>&amp#26;u,S�B��&amp#25;�Ñ)��Nw�*&amp#24;�&amp#16;�M�.)&amp#25;�!�!.W/�&amp#12;���x�Y�&amp#4;h�Q�\���U&amp#26;v�+VʻI/��R&amp#20;��֨�N]H�ܮ!r��,��:�&amp#26;��U%�D#�9bN=
�2���&amp#21;�n�e��ʮe-����M�xI�<���q!Q4J�o=>��:T��z&amp#31;o�1�c&amp#24;�V&amp#11;y&amp#14;�:jf�?&amp#5;)c��?�G�{�!��%�?���NLX,,~���N�v�.g3���&amp#29;������v��96j(�!o���3�/j�J&amp#28;Aʧ��L�&amp#30;p���w�Zz_����J�_�k+T�*8�*�1�&amp#29;\/��0��⣚&amp#26;>�d���ّH�b�G&amp#29;�/"2kU�K&amp#21;&amp#23;�	%&amp#29;Vϗ��e<4+����B:&amp#18;��Z��G�\��&amp#20;&amp#8;�&amp#6;7�!8�CE�&amp#22;$�&amp#27;�N�&amp#29;��ƣD+��ڝ�*��&amp#18;�f;DvȖ*&amp#11;�S&amp#29;Iu+����x�&amp#31;2\^����XK�.\��f[ujG��2�ݥ�a)��&amp#0;B����&amp#19;��+�[&amp#17;V&amp#23;+|7.=�F"�&amp#29;^��"�&amp#31;&amp#24;JW�Q�WF�H��p&amp#21;<5W�&amp#28;E&amp#11;|���kA�4Ŗ~&amp#23;r�&amp#15;�+QrJ�,X���q�&amp#14;&amp#22;n���ܫ�^&amp#14;&amp#27;2��P�&amp#17;W��L�&amp#8;����MIN�g&amp#2;�&amp#20;x�&amp#14;5b�&amp#0;&amp#17;i8�3�*�;D:t��}�����d��Z_���3�&amp#27;�c�1��&amp#6;8��&amp#6;:U�&amp#0;'��C&amp#16;��&amp#15;&amp#7;[�T���*]IK�&amp#11;&amp#5;�[��&amp#0;v*Xh�a&amp#31;غ[&amp#25;��hv��v�hv�s1r⑘Գ&amp#20;&amp#25;ٙ&amp#17;�r��s&amp#31;Q�&amp#30;�p�z�,M5ߣ��Oe�f>&amp#24;�q&amp#24;��F&amp#15;V���0ԟf��m�v_��*�8����2��[��Ԋ5�^&amp#23;�&amp#28;n���B2܆�&amp#8;E&amp#25;},ZK+8�&amp#27;�p&amp#21;i�+��rTh���bc�&amp#2;&amp#2;���4P"t$�E&amp#22;$��h�e,H���(���X�{&amp#29;�G��x�X�RX��d��(��[�Q��U��&amp#11;b�&amp#31;��%N1��,n"_P��{��౔���)2���f!j5k~���������&amp#0;n��&amp#29;&amp#12;S�2u��#&amp#27;&amp#17;-�&amp#22;��r�hS�o�&amp#30;"�O�&amp#28;���W'�n�̖&amp#14;=H�-�q�O���'g&amp#5;��kk&amp#22;^�W�Y��_O��ca��51&amp#18;z�����D�֕Y;�?�.��K��'&amp#18;�&amp#27;�kw&amp#25;K&amp#21;���M5u�+�Tghv�hg3��1�u	T&amp#29;C8�&amp#29;��&amp#29;��&amp#29;������X�e&amp#20;E&amp#3;(�Z�����_�Q2ۓ�̃�`]�G&amp#11;D�x2�C*��ʪ�8�&amp#22;�B��&&amp#26;9[#�8�[R&amp#15;����.ĥ�X������&amp#23;���ɳ&amp#14;>Uy�"�ˏ��Ñ��Fe	��\�+���FRņH���(���è�^(�.&amp#11;�S�ҏR�&amp#26;�&amp#31;���&amp#4;~��&amp#30;��*q\L���V��&amp#28;��|�J���&amp#28;&amp#6;"_IO�֖��&amp#28;��x[�<;�+�E���,1&amp#30;��˄�7�q̖5��e������QY�z���b��W�D�4#a��&amp#21;+�����xo�[��	&amp#14;�FRT�Fr��;�t6�&amp#19;&amp#22;�S�"�-9�&amp#30;�q^�&amp#16;�T�v��&amp#0;
f&amp#26;��58�&amp#29;N&amp#29;Z&amp#28;C&amp#5;G&amp#17;�&amp#0;�&amp#4;�&amp#0;^�Ui��G&amp#18;��U�3G����%"R&amp#28;�!�r.�MK&amp#25;L�QD�(�)����+&amp#29;?�c)�K��)�;�S�����.Xwb/�WG&amp#16;����&amp#21;�&amp#0;b�z&amp#25;�Q&amp#8;�:&amp#22;�&Cם>�q)��S�\&amp#7;�a�T��Iev�[nqv ���C�q��P�J�-�1�1����)����\�F�
				S���&amp#18;�S�R�&amp#21;�&amp#30;�^;J=J���R�&amp#28;�-��&amp#28;L��U��y2���`%�~�&amp#27;�SJ�&amp#20;�](�#���&amp#17;��t'A#&amp#21;E&amp#24;�(�$Er����j�h3�1O�&amp#23;&amp#8;��M"<&amp#31;�L�	��m���X�7;&amp#28;<6�%�BW�,�&amp#8;q�^�J4�&amp#0;30<2S��Z������&amp#0;Ы=��rK�#���!�l6I���&amp#18;�����S�
hfS!�q&amp#28;I@˗�yz&amp#18;JI�2��M��b��G&amp#5;���J��c+�&amp#17;��Y�O��=����	a��%�$GS";+lY�4��3�gjv���92Lm����e2�L�S)��X�b�^v���ž&amp#28;�&amp#18;�&amp#21;���O��X�V/R�&amp#16;�)BD#δ�O��&amp#11;/�~�]y�7Db�&amp#17;z&amp#8;��#i]&amp#21;�&amp#26;�p��8�&amp#19;�qR�٘���,�&amp#23;&H|�s&amp#24;K�V�RC&amp#29;��I��&amp#21;#�;&amp#20;vq&amp#31;e&amp#17;ס&amp#31;�&amp#15;����'�?!S�ז�����D��[���:��$0&amp#24;��&amp#18;�&amp#5;�Or��ߘ�&amp#0;&amp#4;�&amp#24;�c�r��;"J�&amp#3;��$�pI&amp#22;\�lbQ�Dx^&_I&amp#14;&amp#7;Q��O��^:���XH��8,,v�&amp#21;:0�(�&amp#19;sSQ�$a0���&amp#21;-����\�Y ��&amp#27;&amp#28;"��T���]��&amp#0;&amp#20;Uw&amp#22;��&amp#29;�).�v15]�&amp#24;���&amp#24;jj*��;&amp#25;,4[��&amp#17;ĖX��vr�o�����W^&amp#25;+2���2��w&amp#17;�Q`)>�<_s&amp#17;&amp#11;;�Q=���<K�{W�_�lQ�'��S�Gf��&amp#29;��&amp#6;RQ&amp#28;L�S)�Q2&amp#25;K&amp#25;Ks�o�"��5&amp#29;��?s���&amp#29;��2G���	3Dn%bM�q�є�&amp#30;u&amp#22;�&amp#24;�5lM?&amp#21;2�UZ*q���lu�&amp#30;I؃RD)�&&amp#18;��/�Qr��ā&amp#30;r�5&amp#18;Q&amp#21;;��Q(��슔N��EHQ�&amp#29;Jq�K&amp#27;B&amp#29;J�^�v*q�?
'��&amp#18;�K&amp#19;Z[�4�^v|�&amp#28;�Q]N&amp#31;��$��K�R��G&amp#7;Ml�A.�fN
�&amp#23;K(�U��_&$~
�&amp#24;�&amp#22;�&�W#R^B��c?���;Z1��q
&amp#17;�%�b�0%�m�W�T�_Z�&amp#17;S�&amp#8;y�=���Y�t���b1���<��#&amp#22;�N;ՖQ�N
�v��$GrB=9S[��$�>�z�&amp#28;��"��I柉��p�;37+&amp#22;&amp#18;�ژ����F*s��������R��0VE>֎&amp#29;���_y=Y*u}&amp#25;S���lUT��iQ��t8UY�6&amp#26;���,~*8,$�&amp#18;�V�s&amp#17;ZX�ҭ-�����+��Q�+v&amp#24;�&amp#21;|��J̄�&_��\��44X�b����r�˗&amp#27;Ft:�]Ox��v�gk7�Lս&amp#8;v�Ԟ�X쥗Vvvz�B塙&amp#26;�02�NW�&amp#21;��hU����u�&amp#23;9�Y^��,̳���v(b#>��_&amp#2;�Svc׾�#�X�$��s&amp#17;O,�&amp#28;I�\��e�	&amp#16;&amp#6;F�ӑ
&amp#18;b���&amp#5;&a�e)SI&amp#19;pEZ��S&amp#25;F=I�Z1ة����|K&amp#17;.��U��37�ܒ0�.���zv�&amp#24;�&amp#21;&amp#5;&amp#29;&amp#17;_&amp#15;�V&amp#28;,`��100Y&amp#17;e�Oc�-	"��e�H��&amp#4;�1&amp#6;,��_���WJ�&amp#0;�C&amp#19;��&amp#25;&�Sw�>3F?�"^��_Sd���L�&amp#28;���>+���o��弘��g}�̢�=����&amp#23;&amp#15;�&amp#28;����{^%Mt��&amp#21;&amp#24;�2ǡ���1It$ʵ�8:�z"�)�jg~&amp#21;�0�Jw�&amp#23;fRy�a�ps������Z=�&amp#31;O9&amp#17;�&amp#24;�q=ڭH��̆&amp#6;�x��R�1�&amp#28;F&amp#18;�Te�L�KtP�J���ޏ��|O���T�r��&amp#0;~x���&amp#26;�ӕ�,�Ռ��)w�&amp#25;/$�&amp#17;/�X�a����7.\�gFs�Kq�~d{�>�����&amp#6;G&amp#19;Vm�4�W�b���"}�W,�\T��m��|��!S;3!N=����Q�&amp#25;&amp#12;����ȍ&amp#17;���-���ѕ)��	�&amp#30;G��/�F&���+Siv�ѣ&amp#11;��^����.KNt��%��p��&^OQ�	o�[&amp#23;ԥr�$�ѓ#��&amp#28;&amp#24;�Dp(�&amp#30;&amp#17;ܽ&amp#8;u'��G���8xJ�r��8�&}lO&amp#19;Z{�ro�&amp#27;;(��E&amp#8;^F
)&amp#20;V�h�&amp#12;l?&amp#21;�U�&amp#23;�(���_&amp#12;�8��&amp#24;��?�E=�	�b&amp#12;Y.+��[&amp#18;����˩&amp#23;g{\�)�f�����Y|4):��E}rQ��qT�S�&amp#31;�(�&amp#5;uW&amp#19;��e�D�����&amp#0;&amp#5;5n�&amp#27;�%#�b��*&amp#11;ÿ܄�R)U�Bw��˼��&amp#8;{z�&amp#0;���2�o&amp#11;�&amp#19;-�N��Ƥ��v�R�~)('՘|^&amp#30;�&amp#21;&amp#26;����УQ�[X��uj�F&amp#30;��Ռ2�+&amp#19;G�5���x����Z�L>6�)y���B�Q��(h�*g�&amp#24;�c�m7��Y%�
&amp#6;Q&amp#22;,X�nV&amp#24;�7��&amp#23;.fC�:�uR�&amp#30;.�z��&amp#30;���3{A��%�H�%�;&amp#29;�ߊm�&amp#11;&amp#30;�p�]&amp#5;E&amp#29;�N����.�E�2�&amp#0;�!&amp#29;&amp#12;��&amp#8;x��&amp#25;5�C�r����̓7,t0�m���r�ኩ&amp#23;��_&amp#4;��_�/T���&amp#21;a��&amp#24;^%o���&amp#0;�&amp#17;i��^k�<�y&amp#30;��;\?l��5m
���&amp#24;gyJx&amp#11;��yO&amp#4;�a��Q�TK&amp#21;��R\N��&amp#19;��$�u��s���9$�G����C&amp#15;q`�%��8e"@d�Cs&amp#7;С�W�c�Ⲳ0�����&amp#0;-|2��&amp#17;�b�&amp#1;��Oo�{&amp#24;�&amp#20;e,X�ae�|�&amp#22;�hw��������q�2��&amp#0;c&amp#19;Qӣ:���J&amp#16;찔��&amp#5;��ߔc}	�K��Uk�&amp#28;�[ؗa���T��ߪ1Xz�>�Z��~&amp#25;�&amp#0;�S��u&amp#19;E
�K0Ͼ�p���W�&amp#31;�U�,M\�¶6�'e�t��*�&amp#28;���{�E&amp#6;�k��L�?-ؒm�ڒ�J�i�g?έ�&amp#17;Z��`U:���x���d3��&amp#0;&amp#20;N&amp#3;ƪ�B��&amp#15;�&amp#19;�q,/&amp#16;��a���bž&amp#22;1���R�AԶ���_R&amp#30;2&amp#29;?��R~&amp#24;?��12�#."[�ǻ�^)6,$<����*'fvfC)��b�/�dI&amp#21;>S�&amp#0;���&amp#12;>e���k&amp#4;���R�,[�h�X�8����VV�N���uW�P�;��&amp#0;�k�T�r�&amp#25;��R�bp&amp#18;��ɘN'���Yy11&amp#23;�JYY���Д<э��Ue&amp#22;VI&amp#19;ߕ&amp#7;�we,E&amp#8;Ǽ�q:1���~&amp#20;<}yu&amp#29;j��_&amp#29;<4�{����N�"N�[&amp#16;�KTN����-H�BH�Cs&amp#6;a�*x&amp#12;r�B���5&amp#19;�|���c�xX�Y�&amp#31;q&amp#16;�\���GC&amp#23;&amp#17;�+&amp#17;���&amp#17;�u7�K�&amp#18;�8�˟�t��9O�&amp#0;.���5�h~z����!&amp#11;�C�"R�b��Zoԣ,��̝&amp#26;U^�~h��u�*u'�>�F;[�V��?&amp#11;�a��&amp#22;�&amp#19;^�1pv�9\�u�l�j�|G��N�ʎ���QF�ܒ�H��-5'ާ)/&amp#15;Kl`jԛP���ۡ��
3�����krq�$U�UЅ�&amp#21;$q�"�����&amp#29;I��q}9J�6*�,��nFF&amp#7;�b�3S�Tq~�&amp#8;��&amp#25;��]��z�&amp#25;K�P���r5!%�eљ&amp#14;q�&amp#29;hy�&amp#23;J;�X�]&amp#29;�b�&amp#0;,$ǉ������)�F�7;:�i�Щ�y&��D0�v&amp#21;&amp#21;�vGfe2&amp#25;t2�K&amp#25;K&amp#22;-͑���eO��&amp#0;�m�S�������&amp#18;�-�$W��R�&amp#23;��s3��S�&amp#11;?أ�&amp#23;6�t1����"�*C�vW&amp#30;
�Uj���6&amp#7;�h�FQ�գ�+�/)
����*�[|&amp#20;��������#����"���,�!rTZ&amp#28;lGĈ=,�$\��j$P&�1H��-�(�&amp#17;Gs&amp#4;a��&amp#12;w�+�a�&amp#0;����&amp#8;��3�xI&amp#24;���&amp#0;&amp#2;)�.HkB����c9D�9�&amp#0;�����/a��G&amp#19;���`J=�&amp#21;�C�w�n?#nQE�M��e��k.˫�N�&amp#24;�&amp#28;���^�&amp#21;(�O��&amp#6;�jO�'ky�)�n�&amp#28;&amp#7;&amp#17;Z�}~fT��om�u~�,�糷�	����&amp#0;n��V#���6I&amp#21;WC<��eH���&amp#15;4qZ]�6�=y�4��O�&amp#12;-i�\*�O&amp#19;�&amp#30;&amp#7;G�d�U&amp#24;l,<#�8&amp#6;'���K�S����Ԏ&amp#18;ک5�-R�����'��y
�:�������{�5���>FC)��4̾�Kj̩��e&amp#21;���t,[ᱧ�&amp#26;"���&amp#12;����&amp#21;��&amp#15;�&amp#31;��&amp#0;Hkg͉|&amp#25;yᗊ�F`��g�t��&amp#12;oA��C&amp#23;&amp#7;)v��̬Z�Q*b(R��!�,/����&amp#23;�d1T�e��[���(;T����&amp#23;c&amp#29;���p���q,&amp#29;L&amp#29;gNj�慩�Dh�qa��#D\�M&amp#21;Q��ǻ��6K�&amp#22;=�Q&amp#15;&amp#17;M�&amp#18;*&amp#20;��&amp#12;Ò���1&amp#27;&amp#20;?����Z&amp#23;��"����8&amp#3;��&amp#28;�+�&amp#23;>V���|�dZ/���&amp#20;{>&amp#14;��&amp#0;�9?��G67&amp#17;�����>Ik��'М��y�&amp#0;B�󱀴Ӡ��Р�Q��δz£G&amp#30;k�i��BVg�T�#)�M��PJ4Q8ME6����C/u�#z��6o���H�&��7�&amp#7;�*k��=)G�O*�v5���2�&amp#2;�w;
Q��g&amp#31;"�&amp#17;Mr�$��&amp#25;).�&amp#12;ĬN&amp#30;&amp#21;?r&amp#4;��A��05\��{�&amp#0;�nN:}��94Xh��{���oؖ���&�5��&amp#0;�X���&amp#0;&amp#17;�T�R�&amp#0;�)��&amp#31;2&amp#3;��>ir���d^�QI��E~d�=�EHy�����m�Ã�&amp#31;�V���B�Z����J8��9��:��~D)4F&amp#4;&amp#27;D\d���&amp#15;�&amp#22;���&amp#20;kS�&amp#28;��u�&amp#18;�8�	�&amp#20;ùC��~�#&amp#15;S&amp#15;QӚ�\�&amp#17;&amp#20;yHbe&amp#18;[&amp#21;H��&amp#21;�а�I�r�������x�oA�J%=�!�%�1�3&amp#17;�K����&amp#29;��+�&amp#28;C�ɘ��lR����b*�W���n}�1�:�&amp#25;%b3�&amp#29;����\>�&amp#5;��%��+�<�&amp#0;����>QKs0��&amp#0;&amp#18;v�Զ�=�X�b:E���R7�_��&amp#19;�Wˮ���G&amp#29;��&amp#18;��&amp#28;�&amp#20;�&amp#0;&amp#2;�5�����ON��r�jr}�R�E��J��N�cn����r|�)D�&amp#27;�i�G����2�&amp#21;_�%ɒB"A���r�w&amp#21;���Ϯ���&�b&amp#19;�S�&amp#0;�E�%5�&amp#0;�5g���&amp#15;��3G��օo&amp#21;*�����n��[��$�'���&amp#0;$Sۛ6�&amp#31;�&amp#15;��&amp#31;�h��bܜ�ܱ&amp#24;&amp#22;�J���*�K)8��B�[���5w���L~CI�c0��^���l61a&amp#28;3�S�&amp#26;��&amp#29;�آ4��{��8�KT��kp�����c&amp#5;ĩ�;��ȷR&amp#18;h����&amp#25;K�0�&amp#31;&amp#18;'&amp#7;	e|�K�Fb�rl��&amp#3;���;�	2r3���nab}&,�a�s*&�&amp#31;&amp#17;�0�&;�W؆����&amp#28;�&amp#0;|\C�ɘ����^&amp#31;���l����n:�����&amp#30; Ss�ݝ�im&amp#3;��u�&amp#31;�{���!Q��Y	RO�N'&amp#5;�<o&amp#20;���w6g���&V�R_�f&amp#18;&amp#29;�&amp#18;�7�_�hOr��ZnG��D�C�R������O���&amp#29;�>&���(���&amp#14;�(��V��&amp#18;�=�&amp#28;%���
&amp#17;r��Х���F���V#^Q�pץɷ9f����c�Fܙ$N=QƓ���Ԙ�HBb�r�ȣ7G&amp#17;
��Y���&amp#8;�jV��7�ĵ_����&amp#4;�]rj��]?q��ڢ�&amp#0;r��+F�_�uDuK����&amp#31;�%��&amp#0;ǔ�\�&amp#0;�^&amp#30;l|��&amp#31;t}2��HF��r͊%�&amp#17;�]g�I���&amp#19;�R�Q}-3���i&amp#8;�w��&amp#7;��,����"�e��n�g���ᤊX�E��/�QM]&amp#25;D�&amp#17;Ez&amp#17;�S�2�&amp#30;T*[�0���IKX��f�DNǴ�&amp#15;,��&amp#12;��u�I[B&amp#15;R2##0�r�}%c���dʌ�6�B:�x�c&amp#20;E^e&amp#29;&amp#6;I&amp#29;L!�&amp#26;�Ǯ�_c�h��&amp#25;�о&amp#28;z�2{���2���bI�&amp#15;��l�^��Z�UH��R�&amp#5;�N��Dp�i����w;&amp#26;v�&amp#11;DS�tՏ�m�'�=Y�F&amp#19;\F9����&amp#0;�V=�JK��D�m��$�&amp#27;nl�/&amp#12;��H��]Я�~��G{�+�N��[&amp#24;�&amp#18;��M�}&amp#12;�&amp#6;�~�&amp#31;&amp#3;,ehJ8��%�&amp#18;���{]o����+[���𙩬DVە#����&amp#16;�&amp#22;\�\�)��&amp#21;��&amp#30;E9]r��&amp#26;���ľ�q���C��X���&y�V_�a�]�.���G�/�����r��&amp#20;�<�����&amp#0;�6˖����Cz&amp#17;���Eg�G�#	��&amp#28;�c��C�M4M�2k�E����g�[&amp#18;��&amp#20;�[�0K��&amp#0;�F:&amp#14;�d��&amp#26;�g��G�j²���e-a&amp#11;c&amp#21;��cu�&amp#20;l�Q�*.��)ՍX�%���5t�h�G��ui�Ñ�"�ȏ;&amp#20;O��=�&amp#15;��2j�s�&amp#28;,Dñ�b�"�2�*�^#&amp#8;a��&amp#16;��l?���&amp#11;�h_&amp#14;7�ʞ&b�&amp#3;�(x~
� ���d�՝N�?bRr�o{!��\�V�ʢ�����;&amp#17;�Z�����&amp#14;Ãa�֢��&amp#0;�)+�u|��/���Xw�&amp#29;�8��R�7����Y&amp#12;��t�u?&amp#21;-_���i�jƬ4�c�Э��S죛$�&�.q<R�G*wR�&amp#30;�&amp#20;jF5&amp#29;�oum�$�$�����&amp#17;EU�*r��b���iA�d�J%h�e�)�du(�e:F&amp#18;N�T�&amp#24;j�I����[�o�&amp#0;&amp#23;�I�o"~,ߛ��cD�eb:�7���֩��Zq�&amp#11;s��&amp#29;&amp#8;�/���O���
~&amp#5;�l��&amp#0;$[I}�-?^[�D�|&amp#12;��ȧܬ��a;��Q���JZE�ȫԩ=m�^oH���Jȭ^�"�a�zufEJ&amp#25;"U�qj^� X�O&amp#15;iv��Y&amp#20;�_�S�"�\�Q��E���&amp#2;�h�jc����iP�]�~&amp#14;�&amp#11;&amp#19;:5&amp#22;̉&amp#4;D�nT���Ks&amp#15;>�%&amp#27;��veX$7c&amp#15;1xL^��R�&amp#29;	�+S&amp#11;��:&amp#24;��Fľr��'�?&amp#14;7�ʞ6b�&amp#7;�e&amp#15;&amp#15;�T�"��al,���/#8�V;�NN(�B�;IƟ�j?�
}�&amp#8;Q��&amp#21;&amp#20;$��E�o�Bs�&amp#20;ZM�_��&amp#31;!��z}����)T�"qJ������V�ƥ����{&amp#25;G	^�Z��m&amp#4;����'S�V����4Z�8����*c}�&amp#0;�yRĸ�#�(�T��&amp#30;���KD$Zܞ�RH�mV5
�%&amp#18;�&amp#14;�p$�S��X)H��JX&amp#11;&amp#16;�X�Ta$��o�&amp#7;tz3&amp#8;��&amp#27;���������&amp#0;����Gy/��&amp#0;�-��U�/5nv�%�&amp#23;��&amp#0;�kB_.�K��[���x��ذ����F޲!&amp#29;5ԩ&amp#31;�ȧV�ȷ�Fƪ��J�)&amp#25;����:��{�ȯ�����a�l�aㅅ�����N�F/�Ĥ�$X�8�qNT>gz&amp#30;~DZ��ۜ��BE��/Cھ&amp#25;&amp#26;�}�&amp#11;�&amp#31;&amp#23;�Q G��b��nPb&amp#17;&amp#25;!ȫ"�0���bϬ��:&amp#19;&amp#22;�&amp#23;s&amp#12;t1�#b_5}�&amp#22;�&amp#0;&amp#17;�q�&amp#6;T�&amp#21;���c(x~
�$���-�^����h���"���&amp#5;r�iOƈ7Y�&amp#28;/&amp#15;Eq,>gĈ��6I�&amp#11;��A�'&amp#5;$8��K�,�5��(>���*���&amp#29;�q&amp#28;#&amp#17;�k&amp#23;��F?&amp#27;���J�Z��s&amp#28;/&amp#7;,*J�������C�&amp#17;��m+&amp#18;Z&amp#28;f&amp#23;�7�JCw�xi̞&amp#22;q%&amp#1;�S&amp#15;H��E(!G��Ϫ(�G���&amp#0;:��O��%���|�Է�V�Y~&amp#15;�7q;�&amp#0;&amp#30;>?�&amp#14;��v�إ��nV,1�d�F��z"�#����_&amp#23;J�%wwm&amp#17;�#��&amp#18;u����+b�^֝:��1sP��IU�B�g����&amp#15;&amp#21;]F:����ᅎy۴��2NKBw��&amp#21;����$a]�\�o!)y&amp#25;e�8��C�J&amp#15;5&amp#21;��)W�E��Xh������"
�	ӗTW��U�<�&amp#18;%�r�/	\��&amp#28;Hz&amp#25;�v���&ac��&(��:"���aL7. Wث�&amp#14;&amp#16;�&amp#0;&amp#14;$v�&amp#25;��2������&amp#29;�4a�%��1&amp#8;��=�&amp#27;=��W���xʞ
O�&amp#22;&amp#7;&amp#31;-�&amp#31;�?ñ&amp#31;�;/ܜ�9?w]�Ց�i>�<2GA$֧e�舷N�j~Ws&amp#7;��+N�~��[�kr�O���~M&amp#21;"���8)����$�FV����F&amp#21;�r�G	&amp#30;�	,��_T���&amp#11;r�����Ճ}�#%$c�g�8���0ԳjdC��18|�C�)F�&amp#2;&amp#25;ѝ&amp#18;�V�Y\��S�d&amp#25;8煖�����4J�E/.�7ʦ��'rۢ׼1G�������#�%�O�K��Ź����t�nl��I���El^{�:/�b�PW�G_9�!&amp#21;�����ݧ�C�b���ݬ�����^'��&amp#21;��F&amp#26;�c&amp#15;z����&amp#31;#&amp#7;	5��ݙ�Ŕ�W�,
�2��6�QT�&amp#28;�"��"ܝ
Rw����N>&amp#29;K�A�Ź[^\j&amp#29;�&amp#16;��DE��L���Os
��"Q�܎&amp#28;�&amp#28;�C&amp#23;��e�&amp#21;&amp#14;�&amp#20;�&amp#29;&amp#14; Vث�8J�(�ط��]Ҵ{�ŭ&amp#14;���]�[��W�b)����,���]H���h&amp#29;��ǋ�ն�LU(�&amp#25;R��fS�&amp#7;�٬g/s��&amp#15;�6�&amp#29;�7&XH{&amp#29;Irܒ1�n�X����!�4��F�&amp#19;R��&amp#15;>���N�����n>H��=>	F����1��,D���&�2�&&����gc��C&amp#22;{�;FʓeY�&amp#28;&amp#15;&amp#23;�=���JDYI�u��&amp#0;�RK6����.�Y�w���a�e�8y���X^8��}#ZT�&amp#20;�?&amp#21;��?��}��V�B����&amp#24;�J�ω���1\Ju{��C�&amp#23;�،�&amp#30;>Tjǲ񧯡��W�&amp#21;3֖�&amp#23;B*1�e-�EL��_أ�H����,q);�ٞ튧�
K7QR~c�&amp#15;&amp#18;&amp#21;D)�΋�;�&amp#29;1�?��{G����FeˊD$FZ&amp#21;�'��&amp#17;"\��"Z&amp#23;���O�actvz&amp#21; 8�a�0���&amp#5;m��3�/&amp#24;�e2�K&amp#24;��J��&amp#12;Z���&amp#24;U�FS!َ�^���U��i�&\̇���&amp#0;��Yt$Ȼ&amp#16;�f3&amp#24;z�U5����x�
q}��%/!G��K�Q��֧C&amp#15;,�&amp#21;��&amp#24;^��a��j��k�`�R����F?��(��
���{f�e�\�#a>��66.+2z"{&amp#28;f��M����2&amp#21;b��fvd�T�C&amp#15;}X��tl��m�&amp#29;�xlj��јj��&amp#6;TѪ���H�5;��&amp#0;ب���-y�Q�K���U�t�y�_��ً̏���)��>�t~g����D��Ϧ��dbx�i7&amp#26;&amp#29;�~ru�V�۹���&�؝yOJz&amp#17;��U�/~q�b�!,��&amp#24;LC�B&amp#20;�Ģ��&amp#22;�B؉���IV��s&amp#15;y+�����7vN7&amp#21;&amp#26;�阧:oK
4�C�O�̳���R��sG�����&amp#11;z	�,L��̧-
�&amp#21;70�Ȍ�H�.S�Fgi��lb�%�&amp#12;&amp#26;�
��0��b;&amp#28;D��W�po�&amp#18;&amp#11;C)�q2���1&amp#31;4Ů���0��#!��e+�ţ&amp#19;��Mz����KDq&amp#26;��A��&amp#19;+F{
��&amp#28;&amp#31;�K�bTްzH��n&amp#31;���*��3Ӓ�;���z��J��&��eN3��i*�'�7
�����\7&amp#23;�:�?&o���+�p�+�:���Okxt|	ȩ��U/���I�+�<�Ы��]�,܌�%�c�*Y&�G&amp#7;��p�&amp#18;]#oۓےe�&amp#31;�	Y�ߔos��G&amp#27;��g�r��ȋ�4N:���(&amp#25;;�x�T��&amp#30;&amp#29;:�&amp#20;�F&amp#22;M;&amp#16;�������^註����c�4U"�&amp#0;O�^EUzRKu��)fK���&amp#31;�^&amp#18;�/�&amp#15;	nv�=�����:���#&amp#29;�&amp#20;|nˤ|�V:�wg�zXy����:����n����v&amp#29;�Ì=�7�Y��&amp#0;)_���oЍJt1���%��P�e&amp#20;X\�h՞�&amp#18;���OĲ*k&amp#11;��Q�J&amp#16;��'�PW]�a�Ƽ3-��BzlZT�J�j+�$[+���&amp#4;�^!Q�i�".f"�(.�Y&amp#19;ܣ23п+&amp#11;AL�+�lb�'�&amp#12;$��m
�$�0ۘn�V�&amp#18;ث�_�p9~&amp#28;JkB�S!��Sj�/�p_�&amp#12;&amp#31;�&amp#22;,Xf#c&amp#24;c�����_�L�&amp#25;N�;&amp#17;�Ш���&amp#26;�[3&amp#15;�1��VK�'�&amp#7;&amp#19;zv�1&amp#28;C&amp#19;]�-IK��J��&amp#29;G&amp#29;QG�q&amp#26;Q�&amp#26;Ҳ+q�!V9gZVeJ��*��FDY&amp#4;#)켿�8~Z��3i&amp#17;��!�H�YE�68�>֔��&amp#0;)'fF�	&amp#16;e��&amp#20;*G�&amp#20;�%w$�O&amp#17;�S�M&amp#21;��&amp#6;&amp#30;)��h���j�&amp#14;=������&amp#22;�&amp#17;&amp#1;2&amp#18;�_�Z�����x[����%����h�R��&amp#31;�����&amp#17;xKj��&amp#11;&amp#22;�$�/�<����Sí^��q��sW��U��i��ס)�]&amp#14;�?��̅5mP���fޥ��U��?&amp#18;&��
�O�AY��+�&-���&amp#25;���RRB4�.�$�Z_r&amp#18;̬U��G���>�08�Tn�uj����b6�YIi&amp#25;���/�f|�KS%�[&amp#18;���ԝ���&amp#14;!�����&amp#0;q�&amp#29;�&amp#20;&amp#12;��R�î鈆�]�n@\�31B��'x��������ɱna֦&amp#20;���KB��&amp#17;���Ĥ�,X�c&amp#19;&amp#30;�1�&amp#0;9���&amp#15;���/�&amp#17;��8��w�\�&amp#25;}
8_ÿ������B�=GHt���)&amp#14;Dޥ9hf*H��(�����*&amp#20;�FE9hG����q�&amp#31;,F�2��IK����E��*�I��&amp#4;OrzL�&amp#24;&amp#25;B��&amp#23;v[&amp#17;�UI&amp#12;&amp#29;DF�K�N�&amp#22;��M&amp#24;�1��ԫ�>&amp#29;x#r����򕊼g&amp#31;Wy��W��l�{�,�R�86*8�$*�u�)HѕSK2�%9)@��e��7ɐٯ-s�>�d�&amp#0;:������&amp#22;�W�!��{��&amp#0;&amp#1;��$��mד�����q�t�&amp#26;=�S&amp#19;��^]�&amp#22;#&amp#31;ԶE��T��YM]Gt8(�����з��u�$�R��n�^�J��|�F�p�u&amp#22;�G&amp#12;���l��-&amp#31;���~&amp#18;/�Y����N�)Fڙ�����&amp#21;Xb&amp#22;�Н�s&amp#17;�9?"2�!/4OI�dd5&amp#31;�+��8u���`jP�(TVw;&amp#3;�&amp#29;&amp#17;�;24&amp#12;:�_b��2<�f$�3&amp#15;�C�bv+x�&amp#12;�d��L�&amp#17;�0�0��C�ǺU��np&amp#15;�&amp#18;�����N!��V�&amp#11;v�#&amp#2;�����EC&amp#21;+�SJ��&amp#0;�&amp#21;��ʅ�
c �J$�I��J�2�d�Nfr�B���	2�&amp#22;BD&QdK��ն7��&amp#31;.#QR�&amp#25;KMN&amp#31;V5�7&amp#23;t�>T���>q�&�K&amp#19;&amp#30;ͫ<��&amp#20;**�c5�r�Zٕ�E.�&amp#14;%�1�)�p��en7���b�&amp#16;�Oy2U�K����Əg8��v%)���S�Z��I�=�;=M$�;�,�D�k��~�wW�6��=&amp#24;�������xN��z��-���ܯ�)����I^��Q�F?�`�
�%��&7���r�˧�Q�}��[�&amp#27;n:��&amp#25;�&amp#25;_R�&amp#30;W���������;ҕ����� �l���+ӕ93�c�J9f����&amp#5;X�h�\X�S�2&amp#19;&amp#29;�&amp#23;&amp#7;�2�rT�c)�V�)&amp#17;�&amp#15;��&amp#22;�&amp#0;
˫Hn�P]&amp#17;ZiH��&amp#22;��}Dj3&amp#25;����}w�3&amp#19;ç��I&amp#29;��S&amp#29;1S!H��W��x�*�&amp#29;	S%&amp#18;�CE�?���W�&amp#12;;�S��,&amp#31;�&amp#28;!O&amp#12;S�c.�&amp#21;�2����}�&amp#20;JOB�˗1>&amp#22;q&amp#15;�b|'&amp#15;�~&&amp#3;�W&amp#28;��lbk��\�*?�.\e�0r�&amp#0;/&amp#15;�+&amp#14;&amp#5;H�*&amp#21;
�^u&amp#8;2�B��M�&amp#14;&"")�(&amp#17;����&amp#0;���2&amp#24;�?�&amp#17;��&amp#30;�酫&amp#15;�����錏�&amp#24;�KC&amp#31;�L-z�xA^&amp#18;kS��l��,�Ԛӓ+-&amp#4;�ш�P��t+�&amp#30;��.�&amp#14;ĺr��,�4U]�ZI�9�HŲ&amp#28;7&amp#27;?��<&amp#6;"��&F�A��O�J&amp#16;�&amp#30;���&amp#23;
�R���$�R3])er���g�5tE���G��KL����+&amp#22;���r���)�����[t{G�j`���P�I���'~����;8�&amp#17;N��RP��lfV�Q��DQ�̍>蛉<�i�&amp#28;��"Z;��֟c��&amp#17;�&amp#31;�F&amp#22;1&amp#25;eO��`�jk���>��l<k/R�:�J��QJSY�;���O$������N5c���E:�TV��&amp#7;�$�S+KX�o-�1��0҄}&amp#6;�ȼ�&amp#30;�&amp#17;&amp#21;��ՓyS��J&amp#19;�K���&amp#8;ےЩ��r1&amp#24;Hb�g���ʄ�&���d5)@�&amp#27;&amp#21;�1;�&amp#24;f!C�N�R��h�)-J&amp#27;&amp#24;���&amp#0;0�4&amp#19;�)��&amp#21;&amp#1;P&amp#21;!D��&amp#20;𲡉��z�&amp#18;�йr���q&amp#15;�b|&&amp#11;LtN&amp#30;�&amp#0;s���N�.��QɜV���&amp#0;ŗԾ�/�����&amp#4;�ZZ&amp#21;j�g�%tT��&amp#2;�B&amp#28;�Cr��5q�2� �&amp#8;�KX�b2�&amp#0;&amp#17;��&amp#6;1&amp#28;jT�O5G�]jp&amp#25;��a����\�.�ʳX��&amp#0;9M�����P��98�d����*������Oc��VT��U4{G��:*���t.5.��z���x&amp#12;�J�C�a���>&amp#3;Iw`�S�Z#&amp#23;AI&amp#24;�2W$�&�p*Ξ/*��0X��_X�E*��&amp#16;�&amp#15;؜<�&amp#19;�&amp#25;WN����6_�&amp#29;�&amp#31;�r��V5?7u�&amp#0;&amp#2;ž	xTy�ϫ����J��Z&amp#24;����u�;F*�&amp#16;���םz����G&amp#15;��f�5ގ��E��N&amp#25;�ߠ�Ԃ�*d�c&amp#29;	OMw&amp#29;E����N�S�T��Z���WW���%YAZ=�y&amp#24;w���&amp#16;��MV�ݜ5G&amp#11;�p��&amp#31;&amp#25;hˤ���TƩF��ə�F�wE+ԍ�4 �O?M�RQ�F&amp#29;��"���&amp#28;2��&amp#1;�?�̡�''�/BK����53�&amp#27;��&���c �&amp#22;I�Rܢ��B����~"�VR�J�c$R(lb61&amp#31;0����RJ��\���^&amp#22;U1G��&amp#0;-&amp#20;^�˗�_c&amp#31;�LG��;cc�8t�N<籋z&amp#24;�D��&amp#0;��%�.lF&amp#14;��E
B�N�^��J���w!&amp#11;�(�)�V*&amp#16;�$S)&amp#25;nN���'-�&amp#28;#&amp#17;-r2&amp#28;"�X��\�S�R���&amp#24;�p�<o9#ٮ#���Rï&amp#12;/s:��e������U&amp#21;�b���P���Ӎ&amp#24;���^�&amp#14;Q�G=&amp#28;V�#&amp#23;ٹe������Q��&amp#0;۝C�D��T�XD�O&amp#23;��
t�Օ�&�3�|�z��T�[�~�N=�ˑ͞��OS&amp#11;&amp#26;~F&amp#27;&amp#7;J�Ҍ7&amp#8;���&amp#17;���i&amp#20;bp��ed�B1&amp#16;1+-g�&amp#1;Q��F������)Nt�iM��b��������~B_U��e�w��&amp#22;,t&amp#30;�H^D�&amp#14;&amp#31;�&amp#7;�*_�nH\��&amp#30;���ן�K�;&amp#29;����^V�˩Ÿ�^#[KƗH�YKB�&amp#25;S�oKxR�Xևk&amp#21;�&amp#0;$C��&amp#0;bp��ת&amp#21;u&amp#29;&amp#7;]t��\��z1A�$E(�Iӫ&amp#25;e����#B0V�&amp#17;�F�N�m�<���!MRw���-w��&amp#20;�B��<�!��]�-��;�W�j=��.m��x�e&amp#27;ci�zĥ>�I�Z���*y��F��(�՟�?�vx��<��2�"���&amp#28;���ѩ�OBP��_'���}��&amp#0;D"ߩq��Y�&amp#29;7:�&amp#17;�xo�Sui.�*�5&amp#28;YA&amp#20;"W��s&amp#21;��|E?	X���h�&amp#18;�_c&amp#19;�8&amp#27;�D��/���8���&amp#12;I���"��m�"�&amp#20;��)��q��1�&amp#20;y���&amp#24;�&amp#7;&amp#21;�&amp#7;���,.xi�F⯡�&amp#21;kح]�A-J&amp#26;��*z&amp#21;�&amp#21;�fTZ&amp#20;��&amp#26;&amp#19;�&amp#22;
r�a�-z�&amp#24;2����o&amp#27;&amp#20;����ȧ�x}-j��G�ἴ'��&amp#20;c܉�}�V�(���.��ı���W���U)�L�&amp#14;�N)8~x4Y�{&amp#30;ݿ�*��&amp#0;��&amp#0;��&amp#0;���'&amp#18;������V�ӗ��2[&amp#30;��^�&amp#0;N�g&amp#14;�c��[��1;���d�'�t�L&amp#12;*u���V$4����8u�e9wI��X��Ċ�e��V��&amp#5;&amp#28;�la��N��&amp#24;,r�r���qy���&amp#24;���Tҧ�"�&amp#19;��={��e���k�&amp#7;��i��VQ�����&amp#0;������1���o��qiˉ�7&amp#12;���Y��&amp#12;V6�:�k^W�
U%�EC�4<�EjꔻZKmיNi�5-b�&amp#0;�.����Ry�����
.$.�4�E�oԼ��&amp#14;���:��Ey,�2F	XZ�>L�)_<4df�&amp#31;^���&amp#30;���xz�"�>�XG
��+����Ќ��eK��R�G�Uw�&amp#20;��nr'I�磣��,Nf���̚{&amp#20;RS��]-��SC��=b�&amp#26;��k&amp#22;N9����.9]X�12�|"-{�&amp#29;Y�&amp#18;0�)D���s&amp#20;p�&amp#17;&amp#25;Y&amp#21;�T�-K&amp#22;)���&amp#24;�&amp#17;���E&amp#23;��[&amp#28;G�ʽLI��&amp#0;�&amp#20;6�j�q?�W��n?s����9T�Ř�&amp#7;&amp#16;W��g�L���dI&amp#16;��ڕ*�f"Q܁ЩFR��&amp#0;
��}�l��*��G���^��\&amp#19;��~l�'_��&O�L&amp#29;&amp#30;�&amp#24;&amp#21;}���+&amp#21;=����*q,]M��N���޵���r���G�'�U�&amp#30;9B�]�q%bǶԔ�>o�R,�&amp#14;Y8�X����̄b&�&amp#23;��}	r��&amp#15;��S��`���:U&amp#23;X#3[����)�p���U�c&amp#15;7&amp#22;p�e�r�:6ܖ.��1���&amp#19;=��X��$�_�&amp#6;ʥ��*F=&amp#26;&amp#21;b�6�&amp#27;(�2�!��7��#G�x|E���R_Ԓ������������/F"�ys-ᨬ��bŋ&amp#8;H��5�b���&amp#23;��B�m"���&amp#31;��N�&amp#22;ӫ��+ר�b%�rݑP��&amp#21;]{�&amp#14;���%V���Xɣ�b�&amp#26;�gS�"�e�TJ���VE���&amp#22;��	�B:������^lTu�7��ud���(�!<�=Ⱦ���:H��	BK^��e����zŘ
��c/S�KH�H�&amp#16;&amp#23;9&amp#12;�J5&amp#21;����z5<P��VKF��Q��xϻ5�ؤ滳�&amp#14;&amp#25;����]�&amp#28;/7iU���NӋ��c���"t��M&amp#21;�t���#�x��YhO��A�Sem�N�&amp#2;}�Q���&amp#16;�S&amp#18;{>�����Wc��·��&amp#0;����&amp#18;�&amp#0;&amp#6;<�lb�YL�?�&amp#26;��&amp#0;5&amp#11;A-N�B�yW܄خ�&amp#6;�w��10�7&amp#25;R�4�C�c䵅�>�Nש;&amp#17;�&amp#12;:�j����\?�%�&amp#22;&amp#18;=�&amp#16;Eojk_,RF'�����~��缛&amp#20;��,̥�ndfS&amp#19;&amp#15;�|��E>�&amp#3;�FT8�
�U"f.�;�X�&amp#31;Z���8.&amp#27;�1��7����6.b4�w��&amp#0;a�;.���̓�_)���^�o©��7&amp#17;�t���^&amp#19;�~Q*T&amp#20;� S���&amp#17;�V��u%��Ts��&amp#11;&amp#21;�Q&amp#28;Y~2�����U�	��]
U-�Uf�2�b�t��*��(Ԇ�'&amp#12;���"�1}ɿ���d�&amp#27;�V}&amp#11;����&amp#22;z��I��Wە�c(�bܯ�̎��&amp#18;�7�j��Aխ%&amp#24;����ԯz&amp#24;.�=��e�z�t�m�4�n(��C�w'E%��'&amp#14;�����Q��4&amp#31;�[{�J�z��`���Uj��*�͑��f��ߘ��&amp#27;?�ܲ�&amp#18;o_#����I}���&amp#29;	A��>5����&amp#12;^&amp#31;4<Q��m���&amp#0;1��H\��V�9F�~��TY�S�e�˶m�&amp#25;F����.�$��ˡ��G)t.f��)[&amp#23;��"(���'vb�&amp#23;�)ǺW'͉�Qem�N�&amp#3;]�Q��f?�ʽLI�����/ʮ�&amp#19;�$�z��"_�&amp#17;>U61F*,���ׄ׏UQh.v)`��v8x�ԡ�:^$�a�����&amp#8;�?��x��K�&amp#28;v��_h�4~L/�Eojk5�j�n;�������Sy1��ܴ�̦K
#V�A!!herW+C��b��E&amp#28;5�GedF9e�t0u;|&amp#29;&amp#26;��&amp#8;�b)��p�ɢ�6�&amp#28;F����&amp#0;�f&amp#26;��F&amp#21;W�&amp#20;̈���&amp#27;��e�I�!�n{O�&amp#0;�����:���&amp#0;S�Ň&amp#19;�7�&amp#0;�b⿺*�2��3&amp#25;�LÔ��T��2�&amp#22;/�&amp#5;^�&amp#21;܏�*y�w�)�y�Kbpj(����&amp#12;V&amp#18;�zSk�&amp#28;?�*&amp#24;��'����5%��c.��&amp#26;��H�}ٿ����^K�&amp#22;\̌��&amp#24;�&amp#31;���/��^�`�_�K��-���8�#S>&h�BO���T�R4�٥�z&amp#29;�&amp#26;�&amp#28;m�Z&amp#29;�&amp#5;<��?�Sj/RU"���MZ��dh��N�.�V��jl�&amp#29;�V6D&amp#21;��ZĒ��9��ZZ=ƌT]?�&amp#17;�&�&amp#26;�&amp#31;�e����0�&amp#20;G�e�b&amp#22;jn%ڥ&amp#20;b(v�G�(b#�ݚ�F�Mjf�.��w�عĖ���D���+s&amp#20;p��/	X���ԠU��np?
(��&amp#31;�e^�$�}�6�j-&amp#14;(��o	?���&amp#7;_�&amp#17;-&amp#11;&amp#19;�^���RX{&amp#24;��ƾ�~v&amp#18;l���t���&amp#19;&amp#27;�+��m$b8�5��4��ʒ�Rc���&amp#20;�Ih̆BŌ�S(��%}�ӓ�\t�Z����U�tܼ���'�!6�)$@Q;&amp#19;��J��T~�:~�w�1lr�Y�X�ԝ>'�Q���g&amp#17;��&amp#31;�Ya�&amp#24;��	���W�a���(pl��{W+a!&amp#31;9&amp#8;�9�&amp#21;u���&amp#0;b䞧�&amp#23;�&amp#0;&amp#12;�o4V\��:��P��&amp#21;Ju�Ԝ�;�mw��`_�hE��.ڑ��W�ܞ��I&amp#30;l^�]40\w&amp#29;ñ��e���^�&amp#11;�`q���)�HV�ĕ���q&amp#11;�&�B���r�ٯ����1�K&amp#7;�W�NޝN)��&amp#24;ڒT��E�&amp#21;�į���ĊӺ%������$���W�&amp#19;�V1�R�e^&amp#18;��b�6[�Vz�)�HR��"��;}�먗B��������Hq��ئ�A��X�^�&amp#16;�,m&amp#21;�5o��x&amp#8;�,h��+�(�$�P��x�
����kъx��/�&amp#21;I�D��j���Ч�)�U]�&amp#25;�1G	��z&amp#24;��'v%ɑܢ��&amp#24;��xQAhX�b�F=wJ�VbOg�>ŹXH����+xI���84&amp#2;$`d&amp#28;	ҹ[&amp#14;W�c&amp#27;&amp#20;����ۑ%�(�Q��*X�r���&amp#21;����r��J�a�Q�;&amp#22;F��x��b�Gv���&amp#18;�:R��0�i<4&��El5;f����[���kFKІ�&amp#25;I���H�إ�ŬϹ>�I�:&amp#19;N]�S��[�b*-���E�(~I_��V�Zg&amp#11;��&amp#31;˧)J���W��-���q&amp#15;�"�)X��Uᵽ,ʴ	�h�&amp#25;4̲�FN%,E�b����\N�&amp#28;�&amp#28;���)�y��^h�&amp#27;ݔ����RM\��4��]�&amp#12;Gw&amp#27;&amp#27;z&amp#17;��0|_&amp#29;��Zsn?��?��j�&)v~���ju��Sy�%�/У�ˏᰑ��&amp#24;,&amp#26;�"�c���{]n�
��R1&amp#30;�q&amp#28;KrS�ն�Rsr�7���q��uB�g�&amp#24;[b1�ٙ\R�����kl=t�[�xe�dT�	|��^�����h�7+a#���Gh�m,W�kF&amp#26;�y&amp#20;�ˮ�K$��R&amp#27;�&amp#31;&amp#15;Cj��&amp#25;S�rŖ�VM�&amp#0;B>f�h�O��T��&amp#17;��B\�4T�&amp#24;*U;&amp#26;�Tg�E�k4&amp#26;��&amp#26;*&amp#29;�Yڶ�LIKX�D�nV2��Ū,ԩ�ܤ�%�Lr�|�f������Q*lb�&amp#3;�E&amp#5;�b�َ]�b&amp#23;y�����7���Q&amp#18;$�8�+xJ�9}�&amp#4;�B$Qc)��L�@��}�3߳dvGQ��GJА���~���&amp#27;GhJ��Hx�Ky&amp#18;�҇�\�&amp#17;��Ж*���r�GĎ&amp#29;��S~�qm3&amp#21;&amp#11;WhH�G���&amp#22;�
%&amp#4;E&amp#22;/c�q�8,.)�2g&amp#23;��z&amp#20;&amp#29;*&amp#18;�R^]	��&amp#1;���:)�*wX��K[&amp#28;)�&amp#12;���3&amp#19;z&amp#30;�G�G�%�=���x�&amp#0;Ś-Y)#�Y�'&amp#31;2�&amp#18;�&amp#18;t�w���;&amp#1;�Q�N�K9M2&amp#8;����%%jP],A�S�&amp#14;>&amp#20;��S��ƭLƯ�&amp#20;�&amp#20;�Ts?1��ı�%j&amp#21;-&amp#31;�Ч�]T�R�r�c���#xQ�otޅ/k03Ҥ'&amp#15;�C�pʛWK�Z&amp#15;�p�&amp#0;�&amp#0;ȧ���|.���G��~����h����
k��R��?���NQ�Q�<�z��&amp#23;�8�ޮפ4&amp#30;ik-_�&amp#29;&%$vjN�Y_Q�ތ���d,�&amp#20;�;���d�4��>��Ooԕ'-j<�J�lu�%Mu*a�I%wdS����KR�鰶з{C���Zڭ˴�n��'�7��=�H�mc&amp#18;��v�&amp#0;̉�wE8N^&amp#21;r8:�v�G&amp#1;&amp#31;��b!&amp#21;�젭&amp#24;�&amp#27;R��8�	ZY�fp�i1�9��KOS&amp#1;ư��we�R��9-��۔�����Z#��&amp#25;d�G��BP�sA�|x����B�S���dbN&amp#31;,���"�]�E�$(&amp#14;��(���(�&amp#15;Da��Z1���O����K�c&amp#11;�B�rR��%_	_检K��H�b��V�Ř�N�Z���hI~�!�'�Է�S�����h�j1]��'���T�*q9mMXx��ݝ�{���n�&amp#8;��t&amp#11;���|�U��E��@�@ll�9���Yf]&amp#12;&amp#6;"�.�*�zK�J4T|
�&amp#0;��VJ&amp#18;K��Ԕ��;�Ѿ��՞�?�&amp#21;�����S��WʉaiB=���e��_9b�nT�rt&amp#12;�C�%E1a�P�&amp#26;v&amp#18;8��&amp#24;�^H�&amp#31;Ã�!�FSM�A.���u�5��y�>C�rX�_:�&amp#23;DE�C'v(�s)���TU�2���I�����Ɛ��)NXlB��ٯB�{�u%&amp#12;�	�ђ�z���&amp#27;���W�k5n�u&amp#30;�i�U&amp#17;*�w�}��[�&amp#16;����[�Ԝvq&amp#26;{t#�{&amp#31;rQ&amp#30;ޥM�c�D4&amp#22;�wV�kl[�W�؉��	i�&amp#12;�%m%ԓ�&amp#30;��&amp#29;�&amp#6;�28&amp#14;&amp#14;Uhƽ]��!&amp#5;&amp#21;e�a&amp#24;��&amp#0;R����ū�V�I&amp#24;�.��o&amp#20;o����:s�c<�-,p�i�(������&amp#28;M&amp#12;RR�%�&amp#21;�&amp#21;��EZ&amp#17;�&amp#12;�ߡ��L=\�o!K��v]���\���U�^R��J�;Wb��bL'�0мI�ЩDT�D�&amp#11;&amp#19;єe�=�Q�Y�}��&amp#0;&amp#3;1���W����?�0�&amp#22;Tv�x��Oz%���UT�W�b>a��)P��#�V=�&amp#11;&amp#18;��EZ��&�(N�W�ťשunH�7&amp#24;f�AԜ��&˒��
{�����Du��㖰��&amp#31;�k��"�E���&f3&amp#25;�#&amp#1;�k�gz~&amp#23;�L7&amp#24;�W��:���&amp#22;`kS�'*O43�q�&amp#30;h�IuW=���Z+��{=��&amp#23;&amp#30;�Gh��2���i��c&amp#22;"�Z~&amp#8;]&amp#27;�$⊪�dgBd&amp#4;.\q��Dt)[ݠ�&amp#0;؊&amp#11;K���&amp#4;�百���#ީ#�Ƽ��E�1&amp#27;i�
ƶ��쒸��t%&amp#24;���m��w&eoS�HT���J7��0&amp#24;��*��&amp#0;����V{��r%&amp#5;%�������ݒ;95��&amp#30;&amp#30;*:n���Do&amp#27;/4$��!x�n�f��-�k�&amp#15;�&amp#30;"�zn,�q}Ih�x��u�nF٬Zڭ�g���}B����-&amp#12;�3go3}&amp#11;ZW/��kw���_&amp#17;��^�w����%&amp#21;�\�V�~%3�R�&amp#14;3���j�18����&amp#27;fZ2���g/�t����1��$������&amp#15;��&amp#22;W]��w^d&amp#29;ь����tS�x�	�&amp#28;E�&amp#0;�p_P�pä��0�&amp#24;*w�%GB�!@ˡ]hb%c&amp#12;Oc&amp#20;p-�6�&amp#11;f2]�bu��Y�jvu
8�7&amp#30;5&amp#18;ǒ�&amp#11;�|Cԗ&amp#16;&amp#30;#�*�LG���˺�|CM��?�=H�&amp#5;�<uʸ���&amp#12;T&amp#17;W�Z��Μ�\�|��\����f���z�Y�WZ��-��W� R)2&amp#15;���fedbX���e��/*��0��&amp#8;�e�r�6=��g��b�&amp#17;�8�8�&amp#20;`��J1�5�?���|��:&amp#31;V�&amp#28;lD�ШV��l�S�&amp#26;�dFfc�)���h�r���jL�ry^��&amp#23;�~�vЛ����o!�V�b~w)J2�f��7�Q�R�Q�t&��84B>���uK��t-�wЭ*t���J�kSS���hGrUeÇ��	��#��T�&amp#11;l��Fk]�D�)ùb)��e=3&amp#14;�&amp#22;L��ܵ�V[�m>��ڒr�lI[�#+��$�9��k-���/г���.�fJ&amp#29;D�X��bKE�9_H�
&amp#29;��&amp#11;�&amp#0;J��)�&amp#11;(�����:��G&amp#19;�nٿs��,Gm�l}����&amp#28;:9�C��}I&amp#24;��j�]��D�&amp#0;b��+���儮NP���O�G�&amp#24;�w��q�J�R�ɉ�Q3�ɭ=�+�|�R�cݑ��\=��V1&amp#6;&amp#23;��p�&amp#0;&amp#2;$�+��f*z&amp#21;�z�0Ķ1G&amp#3;�&amp#24;X���[�d�c%�1&amp#30;&b�3�+���[��>���&amp#30;:LX��"�"�lU����:��j�$��C�R�O��S�9&amp#29;��,��F.6�V�&amp#0;�&amp#23;�-ʲ�6l\�8�&amp#0;&amp#2;;��?��D:�K�8��3"&amp#5;2�&amp#2;�C�&amp#29;4d&amp#18;,V���ë:u5�Q��=Hʝh���^�&amp#24;���&amp#28;�}�C��,���=�&amp#12;�����2h�te�Q�&amp#21;�&amp#21;'q��٢�#R�K�8ʾ&amp#17;��G4�H��&amp#30;�r�^&amp#24;��)QY;��'�K�J��qƼ&amp#21;�/�'R+�����+�E9e��&amp#19;���&amp#0;�Hä�wz&amp#25;-&amp#27;�E�&amp#29;�RQ�T��ؔ���:�O���&amp#5;R���޾z&amp#17;�%�7v6�EJ���������"�Km�0SˉT�����&��D���1�&amp#29;�&amp#22;�&amp#15;W���&amp#14;�˪~w&amp#26;�w�Y(XZ�M���y&amp#18;��%�͹���&amp#17;E)X�h�~R�ؿ[&amp#26;;�21N�%�M�&amp#17;��K&amp#29;&amp#27; ���&amp#23;�-��n�H�#��*~?�ZR�Mܝjttݽ����o�Ym��O&amp#21;<&amp#23;^Ҍ��0�EKV{E�g����_�b|׆_tq.	�8&amp#29;\��.1��Z����꺂�K&amp#17;E��K&amp#30;�G���&amp#0;�&amp#23;�1O���%�gF��{X�&amp#27;��0�&amp#0;�#��&amp#16;��+�r�*�.���e&amp#2;[&amp#24;���.�C&amp#15;B�C���2F+c&amp#17;�f([��o�QM&amp#20;�Cb��'s&amp#15;�*�t���&amp#12;�&amp#26;�ac&amp#23;/Ƥי�W���:&amp#22;�Q~&amp#27;'�&1&amp#11;�&amp#17;=���R%&amp#24;�qXڣ7C�į�&amp#18; S(�&amp#8;P2&amp#25;I!��/i��&amp#28;Mi*��;+X�V�-����J�&amp#19;��Ȃ$��&amp#28;J�Я��S���X������S8��&amp#0;)!&amp#28;:&amp#25;��éJ.&amp#22;��ݮ�K2YKY��&amp#28;&amp#28;����Tѣ�(�&amp#19;��u/&amp#29;���顊�G(Ο٘G���£��~����v����I���vx�̿bT+ͬ���=�1Vrl�-R3A=&amp#17;w���R�&amp#16;��������ba���0��j1�_�V��h%�V��E�h���Z��/��Q�OFB��x]�m��_c ��'�_b.�h��q7w}&amp#8;�J��M�����c��&amp#5;}HݭE���+��Vf��n�p���e���a����^�VK&amp#21;M'o�F���mJR�ѥ��&amp#0;��&amp#25;�W��s��z?��%jt��NUZ��W&amp#26;�4�C�&amp#19;�����$�b`��j�&amp#30;�8��&amp#0;��q9�<&amp#14;y%�&amp#0;�=�FbpX�&amp#25;[��Ji�#�NT+ѩ��M��)�&amp#19;�lGTl_�&����*�v�j�&amp#24;�\�P�a&amp#28;3���LA^V'P�;�jQ&amp#31;��&amp#30;�Ae��&amp#11;$M�r&amp#28;�2F!hb���!&amp#27;�ȥ�rC��&amp#7;��
�Я�53&amp#21;61>"���%s&amp#15;���&amp#24;!`��|�:V�&amp#14;#'�_b/^s]֊�M�O��&amp#4;Oc��8��Fqhw�H��V�2&amp#5;"�!&amp#17;&amp#12;�9&amp#14;Fb�+iU��:�1&amp#17;�&amp#0;b&�8��9zU���(�q&amp#16;�&amp#0;�-i&amp#18;"�"�Я&amp#30;�ة"�$S�&amp#20;
g&amp#19;_�g�"p
k<�>�&amp#28;>�rUg�O�dY��ⳙ�L����l��?��hT��I"�_f��c&amp#1;�fc�ճ���y��v�?bu3%a�����w�V坉�i�A�?��Z&2&amp#11;Fp��8�HR��R���br�F�R�u�H��]QQ=&amp#24;�ӡ&amp#30;���L�ѝ�&;��mfYh�9+Ǧ�K����R�6.ܬ_[��M�ٍG/�q>�w�&amp#15;7��Q���&amp#0;��F����m���xLv2u11�ud����&amp#30;�5&amp#30;�w�tУ&amp#14;&amp#29;~�&�Ip�&amp#19;W�JN��&amp#0;c�>xZ�j�}��p�}�xj1�ȈP�\e2�{������w�_S��	��˻v���a��5C���8�-��.��:&amp#24;���~eޏٜSغT�&amp#8;���&amp#25;^���4B�aB&amp#20;[��)�9l\���u*�l���Y۲�r��b&amp#8;<���k�&amp#17;��W�bfT�"%1�J�&amp#24;���e<B�S&amp#16;J�ڙ˕�1�3&amp#18;p�}�k&amp#20;0���ǂ�&amp#30;&amp#5;y&amp#30;��O�ߠ����3&amp#19;�&amp#15;&amp#17;N��&amp#22;&amp#30;F
����v
�&�8��&amp#8;z&amp#24;�'���#%q>]&amp#12;G͗&>K�&amp#17;=���:�SK�&amp#23;��.$�\�"��2)��\�$�	lT���Fv�&amp#21;c�L���q���Ő<5��Q.�&D�*-&amp#12;B�ceFTd�&amp#7;�0�3&amp#30;����G&amp#5;��1�m���&amp#22;��Q��{2^+&amp#14;��U��&amp#23;MHK��J�(W�I�i��c�:_��(�i���Z�&amp#18;����I-أ�&amp#25;{�Dc�&amp#15;�d�B�ʮ9�|�Tl�)�&amp#27;&amp#22;]LDsE�&amp#24;+Ƴ]76r��ӊ%��л]��R=��]�Ї���2Y�>�o��y�������ӆ�&amp#8;��m.%v�Q+�����u&amp#20;l�&amp#12;�H�����ߠ��duYz&amp#23;N7�?�n�����C&amp#19;xџ��p�&amp#19;�6�&amp#18;?:�~^�0�c&amp#21;��؋'�%&amp#26;��]�[�[�L6#��:�5��J��jzǔ�&amp#25;�KTW¼��57Ӫ�&amp#14;&amp#21;�|�F�����0&amp#24;�>2���2Ua�S1��&amp#0;15�S�ƌD�c��q2�&amp#12;��UV1&amp#4;�g&amp#15;�5b5J��A�"����&amp#27;[���C&amp#30;��\�*���Wz&amp#24;�&amp#25;�8S� �Y�&amp#29;�;$v&amp#7;���~&amp#21;*m��bw8^&amp#19;�y�x6&amp#22;&amp#4;���F��GC&amp#18;�#/���b����&amp#0;�&amp#17;dX�&amp#18;��_�.L|��bŹ#�Ieƞg&amp#22;f����&amp#11;-R&amp#18;(�R��s3��K�����&amp#25;쬭����Ȓ�t8��&amp#23;�d&amp#26;[��\�o��/��H��QhbbT��V%X�Pr)��9H�//�&amp#21;y(����U
9��{}�&�i&amp#30;&amp#23;r���)V���\Ry����/R�~�l�&amp#26;Z����z�qW�v�oB9s<���&amp#22;�?�&amp#29;��4�?&amp#17;4&amp#28;&amp#22;[�z��a3v��$�F.K:K{&amp#31;�#&amp#18;�2��&amp#23;cr�E�7y#d�F��&amp#28;u�&amp#23;�Z���+�&?%�;ٖ�ilu&amp#18;De��&amp#14;�/!�,.�#+�OB^C��l+'db'&amp#20;�5���7�>��i�)��&amp#24;��ѩ-��0�ƫ��̮�z"��'��ꆨ�#���ꆲ��`�O&amp#19;��J�3�Z/C�S�^�&amp#21;e&amp#21;k����+N^l[��ԫ>�w,e2�	��D�K�`i܊v'r�.H����3��&amp#21;4&amp#20;��2#!2��/�b&amp#12;&amp#3;� �O��!HR.�&amp#14;$�dʛ�&amp#18;{7&amp#5;*d0�&amp#29;�&amp#26;V"�Kc&amp#18;�%�&amp#23;��C�&amp#15;Ќ�j'h�������&amp#20;%��|����+lq����;��7� S(��.M&amp#25;&amp#12;����[J��eۍR�R:&amp#28;R+�?����p��W��G>&amp#2;��&amp#0;iR&amp#26;&amp#15;FGbH�GC&amp#19;�&�)!��&amp#24;m�F+�K�`0���iP�Y�&amp#0;DEe���*_8�m�T��Ч��v�����5mIM�v��h����_��W�;�נ��S_&amp#18;&amp#27;�R&amp#17;��5v%�Gt[���6�&amp#11;�&amp#31;v.#�D/&amp#28;E���&amp#16;��1_3CL�O��ܮ-6�-���k�%uo!G6�}�o$���Ե���=:�_B1v�ݷ&amp#21;�����Y߱ynf'x����i_�њZ�F:����ˆ�&amp#31;(��CE�2�s�inS�&amp#26;2S��zJ^rBb�^xh�Ѯ���&amp#18;YYëՓ�
�Q�}��tb�qq�m��&b�e�R�e���&amp#21;�|�`&amp#23;p�t*��R{����^2�#"3&amp#20;��R*=&amp#12;_��&amp#24;?�&amp#17;�]��HU&amp#5;P�N!R��=ي=���)�Y&amp#23;E�)lW1�&amp#0;�L�{A�H��FD$b�c��G��&amp#30;O��n��b�S��&amp#21;�>\ii&amp#18;$
%1&amp#23;/͍�&amp#12;Z�fp&amp#7;���߭�顏յ�&amp#6;;�8�=u8[R����U�Sr�,ba��VeB�&amp#25;&amp#29;�6�#&amp#16;�&amp#6;_c�\&amp#7;gN�:q�K�&amp#15;�o!�<�t%g;&amp#14;=P��q�]l)��OWu��Z���7�~E���Cȗ�����D�&amp#26;�J+uԕ��;t4��i+��-��]Q;g_��y����^3)�wd�ԭޕ�w�w{�Ч(�
W�B��Z��mGk&amp#17;KW�-er^&amp#23;&amp#31;#����q�M���/-�k��pW�&amp#11;��&amp#6;�9���1+�QK�#�Ԗ�7���ȗ�"�ح�CHY3&amp#21;��ä��at�Q&amp#30;i&amp#24;�vS�Wqz.�y�Q�x�����U�&amp#25;����㹊S�g&amp#27;����(�T�z�N2�fdU����GRWe�ܹ3&amp#20;W'�8s�&amp#16;خU'��@�J�Hx�&amp#18;&amp#20;�"3;C�%[C&amp#17;,� ��&amp#0;2�#�"�&amp#14;Fs�;S&amp#25;;ŏvb�&amp#1;<�)U���U�WB��g�>�!~&amp#28;_�(HL��O���G��*D���b�&amp#4;yqԾ�~Zg&amp#24;֚ �ߗ&amp#26;_�&amp#18;$
%6\�FFb��զ�&amp#16;��g��KTc?�&amp#0;�&amp#26;vd��#�T�&amp#7;/�+H�-J,F"&amp#23;F:�Z&amp#6;V8�Ċ��lS&amp#29;7W���)ю&amp#26;�h�h�
&amp#26;J�C]�#.���v]&amp#15;Bqy���{&amp#25;�J��'�[��M�-&�Ѝ��K$�\K~&amp#30;�Y�:jG���4�v������e=�&amp#25;�q1�E%ХiR������&amp#30;v_K&amp#19;m+&amp#16;���k�0�Y�&amp#22;�}&amp#16;�qk-{F�zl,��&amp#23;&amp#26;[����~&amp#29;z&amp#23;�¾߹6�$�&amp#18;���Iu�&�;&amp#22;�i��&amp#29;��k&amp#19;�j�����Q���{�(G-��r��L�k+8uE��&amp#29;�m=]��Y+B��?���˶Ѝ�d���X�P֤�c}��ыT{�0��b��K��#&amp#20;V*x�&amp#27;�D&amp#22;�X&amp#24;�&amp#19;��� }%b>"�"�#�;c�&amp#7;\��A�v��%^�;Q�棸�bgtHĜ&amp#26;V�N��jv��v�&amp#21;j&amp#24;�p�>�o�&amp#31;�$E����&amp#11;��"�"B7!Lt���&amp#3;����r�&amp#0;r)?�_c��KB&amp#11;F�X�+�P� R)��[��$$q%�G&amp#14;���?���&amp#24;�j���X�%�H�za%�+̯SSP���tch�h&amp#30;���&amp#19;Ê��&amp#30;%$p�_�ڿ�bW�k�]<��4yɉ��bO�����H��&amp#28;/	z���9wG&amp#29;c�Kv�6�m�v�+ܵ���wN"��¶ߨ��.ݎ��&amp#27;���11�'�a��&amp#7;�5"m��]|Ƕ�Cj��e�d��&&�5��Y�&amp#20;�Ͳ��&amp#25;l����_�&amp#7;���.���w��̓i�&amp#18;��)<�%M�%ܑ�ى��C2d��$�'Rѹ��S&amp#29;?��&amp#31;� ��r��5'����<��:�4�g��=�jk��ю"�ٕ8�:�&amp#0;1�8�&amp#17;s��x��5�&˜3�x�s1%b���oDRZ&amp#19;�^&amp#5;X&amp#20;�n�X[��&amp#22;\��27b�ٱ�&amp#19;��`�:"5�J��3&amp#17;&amp#29;	&amp#24;���T ݅r���&amp#21;.O�Iz&amp#21;�O�\�(�&amp#19;�\��<�D�SZ&amp#14;&amp#5;h�F&amp#23;�G�2R�&amp#31;��a��Ew��&amp#19;���BD&amp#17;I&amp#20;�F&amp#6;^LE�&amp#22;8��0Ҷ*��&amp#22;���t{�~�����=�&amp#6;���^�/s&amp#17;����3/���tU��؝�R��&amp#20;���a��PDci]�&amp#26;�Y�'��ܫ&amp#20;�T8$�5&amp#30;�}	h�Qg�ٸ�&amp#0;���gh������-Y&�}&amp#11;�%x��{��wzhh��)w���؎��+tE�MH��+,В[X�K����3���&amp#19;E��?�-&amp#19;��Э���W]
z]�sN$4���_oSB&amp#22;d'�Z�K�kWn����f�D��^e�В�%[iċ�Y}$���}om&amp#24;�_�uoQ�3&amp#30;&amp#22;�HQ�7&amp#21;&amp#12;%/��&amp#28;,p�zt!�&amp#21;��k��qiy&amp#21;�ʦ&amp#19;����0��)&��_�W�&amp#30;�⢰�p�M��ב4Uҩq�+�x�s1&amp#5;b��
�Qؙ�*&amp#18;�ّ�-��R�&amp#1;�e8fe&amp#12;8��&amp#24;��er[�z�J5�5&amp#4;��"��'�1'&amp#12;_�S&amp#17;&amp#1;E&amp#25;&amp#17;R�&amp#30;���+|�zH��,�l�˔yD�Kr��B�2��Dp�	M�&amp#28;Sá�-F7s�+��S(ģ&amp#1;A&amp#18;�-&amp#4;F&amp#6;R�8�z�������&amp#7;�r��ꊪҚ�f��2�:�ŕ�
				&amp#21;4!2���&amp#29;E&amp#17;�Е3�)Q0�;��&��Q7&amp#22;��&amp#19;O5�e+D�^&amp#18;�����$�*7br��bA�>d�ݿQ��m�R-=z��>�K�ݝnTr���\Z�;��&amp#22;�&amp#31;C�CF�;�)G��N�.��=&amp#18;���Վ�lj8]�̖4z&amp#11;M�u{��?qj��kt%ݛ��/��]�4M\�{�'e5r֧�1-�&amp#21;&amp#23;Cx��Y�Vn�zt&amp#27;&amp#30;�i�N��K��&amp#15;&amp#31;Uw��~�GR&amp#16;�;
�;���Լ?&amp#4;��qR�%���&amp#20;�&amp#30;���K�w8�)�1�*t���&amp#19;++�,3��&amp#0;,�9&amp#24;��Ws�=�2^d婹�rOB��&amp#20;�E&amp#18;$aц���q&amp#8;�eq���S�G&amp#17;b8�&amp#7;�=��\�1&&amp#6;�J�&amp#26;�S!!LR'!&amp#21;�&amp#21;W��&amp#17;We�\��(�Kr�ЮT!�8K�&amp#0;%K�(�1�)2Q�VX�1�&amp#0;*Τ&amp#25;�)&amp#23;М�6�&amp#4;Erc8���<h��6&amp#14;����o���Q�<ש&amp#27;ըpʽ��&amp#31;3&amp#17;;�ԱKB�&amp#30;�H
&S�;"�"&amp#20;�M��{�C4n��%9=&amp#30;�en�2�0�[~�{�ZD�.�^d�m��ͩMwO��5pf�Ш��wi.���˧��������2�&amp#16;����[&amp#18;�&amp#31;��	G�V&amp#28;��+匐��2&amp#17;��l���k�.�[�K&amp#23;�<巗�f��bm[�qk=:��全��&amp#0;�$�M&amp#4;�����o!-.ɬ��CZ)2=ח�&�+�d8�K�R�<n*�&amp#18;���0�#B�iCh�&amp#17;B�mO�ŕ��Q��-�F�k&amp#27;���.S�9)�ʞ��2;���j/�2E��G&amp#7;�&amp#14;�&amp#22;�db
�c���Ъ�+Ȕ�&amp#19;&amp#28;���V&amp#23;����9&amp#14;Z�fa�>����>��v!P�C9���QCI&amp#16;��&amp#12;KDq�1�X؏&amp#21;&amp#18;*�ĭk��]�X|�!!"��&amp#30;Uʄ|G&amp#3;�i�����B�$��T{��|4�H�&amp#14;�L�I&amp#17;�&amp#24;#bLlf5\�Gy�n&amp#29;�&amp#0;�&amp#24;�x3&amp#20;�b�X��22p�&amp#7;�NW&amp#17;��5)!-
�2�&A@�lS��+Z]ۗ�O$?&amp#29;�Ƭ��R.4�^�f^�?rZ�DO]&amp#12;�=���+"W��kK~��㔲�&amp#0;����j�&amp#27;i��Q�t#&amp#5;��TF&amp#15;}ﰼ�e~bN�2�m�&amp#5;�C�žΤ*��qM�'Ӣ&amp#22;��.�Xq]&amp#25;&amp#31;&amp#3;�b&amp#26;���Vm|���m&amp#17;��Z�Ee#4T�b���>�Mtli)��&amp#21;�%��Mų-��÷&amp#22;��T�Q�q��=�kjTysY��`�\ELt����HC���)���:�ӥ��j�&amp#19;�/T))G2&amp#28;�&amp#8;盲/r���Ghݣ&amp#27;7�Ђ����&amp#14;"����&amp#0;6I���"G&amp#4;�\�bŋ&amp#22;$�BЮV8aGb�\���	T&amp#20;�Gb���^�ɲF&amp#26;F&amp#30;�Ni��nU�~!�A�!X�qV;b��=�QO�Ffs9�
�&amp#21;F#&amp#18;�&amp#22;����ۛCDQ&amp#20;$$@�ʱT[����:+Ȯ�&amp#6;f#�>X�h2QԱ@��&amp#8;��H�c&amp#23;&amp#30;��g&amp#5;�~&amp#19;G�b�[1��P��������hS��fF�#�&amp#29;�D�(�"���Y�M��=��&amp#24;',ޤ�M�� ��&amp#28;��&amp#21;&amp#31;O!���'�'a�l;x���e)^��,�[�#&amp#5;�&amp#29;<�����M�m�N.�MQ&amp#24;<��FKY1%��Mo�#ݖ�^��D�ccz%
��F&amp#18;[��&amp#22;_�4MK�fۑ&amp#24;���c����Zd�:&amp#30;w#&amp#21;(�&amp#22;�%&amp#27;�[D�&amp#14;��C�D����C�2��&amp#21;�}ŬIt%�Ŀ]Ky&amp#20;���cF�1nѷ��p�	��C�Y�݈DJ��8ݫ��;G�˹%�f[�Z�&amp#6;Z2�8֥*S�F�J+��*�T�䖬�&��r��J��&amp#0;�R�����P�֌��I&amp#24;��"[&amp#28;&amp#11;�qr�nr1;&amp#21;�*�0��*&amp#24;�V�l��r!�X~"���N�*e+Ŕj&amp#16;�c&���&amp#19;�&amp#19;�+��3gj*�
��;1U;S�;QU!>X�檯G��b
�RHdH��w(���Q&amp#22;=���ʚ�K��i]��=�Qܢ�\R3�J\���&amp#24;��'�=�w�4�b���b����Ji�z&amp#24;��&amp#31;�N&amp#23;�)Q%&amp#3;���!UXR�4$>긟z۱�J���-S��&amp#31;����#&amp#7;�9&amp#19;}�T�mm���U�'�:�&amp#18;��&amp#19;���`��F^nE�b��ˮ�}"����d��+�ס%��VS�g����KƗ�)w5&amp#26;�4?��dT��3&amp#1;/���dN6I��-&amp#7;m�&amp#23;��\���wm&amp#8;�Jk�&amp#21;�4J�%�b%�i&amp#25;&amp#20;SCv���쫭CL肶��z&amp#24;�����BD��t&amp#31;�;&amp#24;z&amp#15;&amp#25;ĨP�7�)�,R��V�p��Y��O&amp#17;=�6K&amp#22;��k&amp#24;Z�NU&amp#23;y�'�q���G<{�q�0����{��qΜ_�&amp#11;���9x��#&amp#21;�N���&amp#31;$H�a�د�Xᛔ<%M�A�ܓ$�OR��c�0��T�DtG@�\L̓or�/&amp#16;��=��c�;&amp#6;vL�&amp#11;2>&amp#18;�ċ�;3��#SR&amp#21;&amp#14;�7���=&amp#31;؆��!� .H�-��B�/e��Kz���v���D��2��E�Q&amp#19;'!HC,SE�1��ʞ#ى_���ى��11�e/A�4����(��4F��Q&amp#19;���
�*�Աb�� ���ݒM��路�ů,�VR�&amp#8;��\��2����
��i�V�k�T˷B�v&amp#23;0v�*R��&amp#0;r&amp#30;-&amp#5;m&amp#7;n�Y��&amp#17;���mz&amp#29;QRR��{���r�y�4jÓ��lKE�e�D��0���R�=O�̂��ߡ�5��$Eh�cu���t&amp#26;W��=&amp#18;�B�sq�m�������4Q���\�[&amp#22;��c�-��V�%��R����YWM|�d���6�)�&amp#14;��H�Ջ�K�yOu��&amp#23;��V�[~�<&amp#12;�SH������%���֧Ybb�]
r�E�D�&amp#20;�m�&amp#17;�d2�&amp#25;K�$�c>`����&amp#0;���͘�����&amp#24;��&amp#31;b��$�=FH��Kb��fhF&amp#3;�َ�؎�Z6$���-,ѹ��&amp#30;�{���hص�\z�Q���`v'd�A�s&amp#30;���������F���,$!rE&amp#1;&amp#21;v*r�Nw�(�2k��$�&amp#29;�ű/�ʣ)nQ�2(�,(�\��&amp#22;U�&amp#30;�K�&amp#0;&amp#15;��&amp#0;q_c&amp#29;�ؽ���B&amp#11;�h�2ED���E�KC��0�GQD�d*Ǹ�&amp#11;��&amp#17;&amp#7;�.&amp#19;[3$�_�-:�Њ~'�&amp#24;�3}&amp#4;ܦ�۩+���2�b��&amp#22;��M���0q�&amp#0;ð�&amp#0;g���ӹ&amp#29;�����(��nZ��{��=�x,BOn���eW�Cf��ܖ�gة��Y1�����_H���{����KA�fW<q���x��;F���&��DյFD�T;�KDT����M�������&amp#24;�&amp#25;a�&amp#30;�&amp#7;�NWD��ML�Ӯ��\9�x|UO&amp#28;���&������\������FU+<�#���P�mJ�J*,��[ˡJ�&amp#18;{���?�F���o���C���h\��Xf'c&amp#17;�X᯾a�$�1(ĭK&amp#20;�)lV&amp#31;���A&amp#22;2�L���D�����jgfvGdv'b:D�+�G�&amp#20;��v&amp#3;Î�����KFq-1k�&amp#18;�K�ϩ�+܂&amp#20;L�Q&amp#11;�e&amp#6;FZ&amp#21;&amp#25;P{�ȿ&amp#25;�8��!�ũ&amp#24;^,���&amp#25;&amp#8;GR����$$!��	W�{&�&amp#0;�ԏ�3&amp#27;��G�\�߉��&amp#18;�ԛd�+L�bO�`�<t&amp#20;L�C&amp#17;&amp#27;Se&amp#21;&amp#23;.��tl�g&amp#27;�oG�*E9_m&amp#4;��EB�&amp#0;r�6*�R��2��>�o_C&amp#19;���&amp#20;TpT&amp#20;�'�<ǥ��V�&amp#19;yl�-f�Կ}\��r2���+�ؗ��+ۼ_�}M�W���&amp#23;T�V��{ei���k�}DII��܊���;��a_Uԩ&amp#28;�R:wJJڲ~�XW�Ԓ����[Hz�&amp#21;l�o��cf��b��X�8����&amp#20;�Z�0�}�ap��]��RJ�*yR^e?
&amp#18;�4�.�~�ew/)u0ٞg'���kRv���wm"��u�G�0�*&amp#19;��F/�Gc���܏��H��b7+&amp#28;;�&amp#24;o
'��1(�v&amp#23;&amp#21;&amp#27;&amp#20;�ļF&amp#3;b&amp#8;�bņ�j$T�&amp#27;f�&amp#19;)��d'&amp#2;��m�K�=>��&amp#29;�蝉ؒ8��&amp#20;��D���P�#&amp#17;.O�K��(H���Д�.{%/ŔN�&amp#24;_�$"&amp#15;B�/6vb��1sBe�ę��|G�R�U_bhǮ�~��]�&amp#21;Q{�X��R��QX�H��u0]&amp#12;6�V��&amp#24;�*&amp#12;���[��]^����iob1O},T���*��I���&amp#18;Z�O�knc�Z.�J?"�&amp#22;�&amp#16;�]DT~F߱�e~D��{��fJW�����'��u&amp#18;wV&amp#23;\ۣ]�&amp#26;����j�?!?C�J�*�eJqf&amp#14;��.�6��";�&amp#15;>ƱW2��#��{-Ex�4IZ̽��Ց��7&amp#27;h_3i��I��y����=%qh�嵸��?�M�MdV��]�=O��Z&amp#24;�w�&amp#31;R;+&amp#8;|��j�V�=؉�5DIe�{[�G�T�����H�b�#������3&amp#19;�_r��ݪ�%�$�+���"(+&amp#25;�T����"�bŹ4cQ4U�&amp#15;y!"ŋ&amp#22;&�IT��,{�C!ٝ�ٓ8���*|���&amp#28;��Cce���БWa���=1/�D��H�&amp#23;�Uw�ď+��BFS&amp#19;O�VV���Wت�}�̊�0���&amp#0;�F��&amp#5;"SЮы�<&amp#23;C�&amp#29;�X���G.V-e�&amp#30;����&amp#26;��ވ�,Ϯ�b��Uk�V�ki&amp#20;UZ�7Bn�;��c�ᴼ��*>�_؞�R&amp#29;��-�ׄur��̔&amp#6;�&amp#0;C6eb*�k�{h�{�R2ʼ��KK&amp#23;?M�����nW��&amp#22;��K���3ɽ���n�ob9��ЌZס-�&amp#26;_�&amp#21;&amp#7;�eW�^~eH�1���v�"޺&amp#21;w�4&amp#22;�[b]&amp#14;���1Q�!�5r:�Q��z}�&amp#26;s���Dq&amp#25;�ڝ��&amp#20;���"H�e��Zh+&amp#31;��?��&amp#28;~9�MoK2f-X��C��&amp#20;�\�~l�xJ������&amp#15;	7�]�&amp#8;1H�&amp#30;��Os��&amp#5;��qP��8&amp#31;�h\�X�5��ܬR���xQc)��d&amp#25;��je_�/�[�d�DQ2&amp#20;"X�&amp#29;&amp#7;E&amp#3;ٮ�+�#��ǣlAb��[I��Z�� �.H�&amp#18;(�W�t�x�e%�bq�+�c&amp#24;����E&amp#25;~&amp#19;�&amp#24;Lc���ߣb�5&amp#21;*�|�OTaHlX����y?"ݣFV�����w�5���:����K&amp#23;�FT�e����qО��&amp#27;���&amp#21;^Wk&amp#19;���'-&amp#16;�m��]�&amp#27;�&amp#30;śv!-��Okt2�N��B�н��W�JV2ͬ�ȴ�����RE&amp#30;�7-�l&amp#31;��$�M	)�7a7��s^�C:�u�	�_�i�+�m--&amp#5;|��h��W�&amp#17;&��Hx��V���6�&amp#3;|�D-����x��&amp#4;�&Տb(�x���Ȟ�&amp#16;�M/̴)�E.M&amp#27;&amp#25;���&amp#8;�Ԋ�&amp#4;q��&amp#0;J�Īc6)��&amp#18;�F�"��&amp#28;G���+�7���.�'&amp#18;�J��b&amp#21;N��J��8vȥ�Xh�&amp#27;&amp#21;
�3���/���ܬS���x&amp#16;�bŋ&amp#19;8�˃�+|���Cz�E�&amp#1;S#&amp#2;0&amp#20;JK�ǿ.&amp#1;+cbF��h5�"���ܢ�"Q$"$&amp#17;&amp#30;X��1>3�g�q����1�*hY�Z&amp#20;a,���3���H�-L*)�&amp#5;&amp#19;)Z�j3��Jz#u��ނ��i&amp#14;��5&amp#31;$]v��z��&amp#0;b��W����/RrmX��8��ȯ4���]�&amp#5;S4L�-ob7_����Sz�Ih-&amp#22;���G�����/����Z�Mu#'kuhZ��߇V�E�'oܔu,�X���k�~�{&amp#17;���� ӏ�&amp#22;���&amp#22;��&amp#30;��#F�5u�&amp#24;�&amp#21;<Vgՠ�5tе��Ӽ�_˃�dWC&amp#16;�R��=�������ɲ��J���?�Bۜ�n.lC��瓄���$cv)�t8+�vE�u�&#��A�Ҳ0_-&amp#19;+��$jSdv*�&amp#14;&amp#27;�)|\C�T+x�&amp#7;��&amp#18;��T��nU)��`|&amp#8;E�&amp#22;,H��~�o&amp#26;�rߛ܊&amp#18;,8�&amp#2;��*|�I�\೶6&amp#5;3��ӹ&amp#5;�mLZ�$V�&amp#18;�%&amp#29;	ı&amp#18;,L��%�b&amp#31;|�jV���ʆ?EP��Xn�Щ>�3&amp#23;�&amp#24;��ai٘X������Y4h�#Y�����yb���m&amp#15;"4�#������6�&amp#21;e�_�Vyd�����J��0��F"y�N	�{���k�OS=�J�z�I�&amp#21;�
�܋�܏u]&amp#11;�/R߈�&amp#28;o&amp#28;�<������&amp#22;�z��-k�S&amp#23;Mʜ�	f�&amp#25;u�&amp#29;ew�՛��{�)lВDj;�cm|�&amp#22;��M�P<.ކ]s1��;�������ԛ�d��� �&amp#18;��M%&amp#11;y&amp#22;�S&amp#23;�&amp#31;��&amp#24;�i�}Z&amp#30;��t8U&amp#24;�&amp#24;��4-�&amp#29;I�\�T����.7��&amp#23;?i瓅������o��}'&amp#8;�`��&amp#29;	��&amp#16;PҬL&amp#3;�4TخU&amp#26;2��&amp#18;��C��?&amp#23;&amp#16;�&amp#21;J�#���Dv�g��ER?9&amp#24;&amp#31;&amp#2;#�X�ĕ��e���丩�&amp#6;_���O��o˄;c)��[#�(�Yn�d&amp#12;T;�AGR�)�Q%&amp#1;�Pd`F&amp#6;C&amp#21;O�bU�{:��`T1�ӟا}&amp#18;5P*x�4S)X��&amp#24;h�������v�K�fJ7��e�m��v��V�p��E__ܜ��N����U����풞�"o."�_�%K*�K2p���ݸ��&amp#27;�&amp#18;�S5�&amp#17;�۩���1]�a�"~[��}��(���a�Ky&amp#25;&amp#28;m"�(����5��,r�T��"2���Q&amp#30;&amp#25;ۨ��z�x��_a%&amp#30;�!���Gàߙn�fJ6�dV��X���6W�&amp#23;�X�p�)�e�&amp#27;ȭ&amp#27;ҩ&amp#31;B:�k��Ч�1��&amp#24;P�WC&amp#25;݅�%HˊS&amp#19;&amp#24;�-Y&amp#27;&amp#11;�� !nI������&amp#8;��3&amp#25;�)�c�?�$6��lb|l�&amp#20;�dN&amp#31;�3&amp#16;Tߕ��"��S�=�?&amp#22;?�U+x�&amp#15;��#��&amp#24;���&amp#17;õ��&amp#19;)nu/c&amp#28;��L��}�#�(+�2ņ6\�:B%�=�p��.�ܥ�c�=���ŉ�X��'r�]J(����v'b*Di�����8�r�8&amp#20;��i�ɘ�&amp#12;��&amp#27;G�T���df^Pe)�Z�0̧�q��4�y;~�&amp#29;���dM?&amp#20;~�&amp#20;r�3w�Jj&amp#14;�&amp#12;U[�Uo��:�[�Tzܽ�Tz����W��?̔�5����8�4�2�4d���Կ~�n��v�&amp#0;Ї�&amp#23;�D|�$�(���o"7��6�&amp#19;�]Gߍ��f�w���<��Hm}�k,�դ��oT��8��K�:&amp#25;��[&amp#21;&amp#22;��Z6�B&amp#17;��#&amp#21;-Y&amp#11;[0�����;�j�Xz��K�R��"�:>���}:�U��%6��%�qJQO[�ZreIdNL��M���r��yD���F�x���&amp#24;�&amp#1;&amp#1;lp��Hm�����وD|k�pߔ�ĭ&amp#2;�&amp#7;���&amp#22;�]��&amp#12;(��c�YT��8G�h��&amp#12;�#�&����	&amp#28;�S2�s���W��^�Uݏ�b��4\��&!s�!��F&amp#11;������E�&amp#28;{\ �r�6W�Qb��4�q&amp#20;L�fvgf(
&amp#6;"&amp#29;Ӌ�Վ&amp#16;��(�&amp#0;�{&amp#24;��&amp#0;�����	Pʗ���=ؖ&amp#24;pq#6�&amp#5;K�&amp#8;�E-�&amp#14;'O����R/�c��&amp#20;"�{�Q�s{&amp#21;+^2���iij�N]&amp#31;�+fש<��[���X��;&amp#20;'�&amp#5;E�T��&amp#18;��#�ݾ�T�
Z&amp#14;�\��廣O/�)xZ&amp#20;� ��դu[�K�b)��%��yCTS�G芑y!/'�&amp#5;d��̣�Xی�&amp#26;�i�4�-�MB)Bۓ���n]n<Ҏ���I��nbm���6]&amp#11;'ky&amp#16;z[�&amp#30;�Տ�JZK�b_a*�ɳؼ<�b�b��&amp#30;�5��՜SG�������]��&amp#23;&amp#25;�8�&amp#27;&amp#1;Ua&amp#31;zm]�&amp#28;&amp#18;]�&amp#29;b&amp#31;��G����1��W��o�&amp#21;&amp#21;�_�����&amp#16;�㫱��&amp#16;-�&amp#21;�Qm
�+Ē&amp#26;&amp#17;&amp#2;��S�&amp#20;6����T���&amp#18;�&amp#0;�D��&amp#5;�D�Q�&amp#18;*��g����&amp#31;:��?��_���ϧ*o���&amp#24;�!r���Mj$a����&amp#23;Z0�&amp#28;i?s&amp#19;�2��a����&amp#21;&amp#18;�"&amp#16;&amp#20;L�A@��L�b!�8�r�8kˍ�/�!�h�����&amp#16;jj+ȍ4*EJEZC���`�Mi�W�j3��Y&amp#25;<��׾P��/3&amp#23;5٪k��&amp#22;Y&amp#28;�oA�V�T�ܴ��AYYl��R%I(��%v*�E��)e�T��&amp#0;q�a_BV�t_�$��&��7"���<��tF���&amp#18;D����&amp#30;��u6о�y�H&amp#18;���%&amp#22;��#�Ԫ��"����&amp#12;�z��N�'�ʲs���&amp#14;�&amp#18;�&amp#18;Vy|�Y&ב;�&amp#20;���D\Q�e�&amp#14;m4h�&amp#15;��8�yc;&amp#24;}y_�{5��ǅ�-Y�v-"q�g�J7=���<=bZ�Ty��w�&amp#27;E�ǳ�8�_���=��'*���L�4�K_�8m.�&amp#7;
~Ir�Ԏܣ���Fn�S_�謻�^LŮ�&amp#1;&amp#28;7LR)�����|�bv��&amp#31;�#�T�K�Ȳ��c�&amp#20;6����eTb�8k�.�܆Ņ&amp#17;@�8�Z&amp#22;�&U�&amp#30;�T�&amp#0;.��r�*&amp#21;>\��O���4�&amp#28;�8�	&amp#8;E�&amp#8;�(�Se&amp#26;}�&amp#4;���)&amp#11;[�2��&amp#29;�F����F��d2
&amp#2;���b#�=�]�&amp#4;툇���8��[ة�&amp#18;��&amp#26;�D#�k"�Sa�����abAi��*RɈt�$��R���}��WQ}&amp#6;�l�mr��eXw��俒*��������_�4�2��^G��!政�I7u�IT;;X땓���v�+z�%-&amp#8;�L��(k}G���e�M+&amp#14;�5&amp#19;��FV'�{�D?ۻ&amp#23;u���Yn��-v#E�f��ԥO-7&amp#20;�%��i��*^Z-�VYR�A~�j㌥�Bu#&amp#24;lu)�&amp#27;����&amp#6;�8���&amp#31;��-}&amp#17;W	�<O&amp#7;�����*tTQ��ƅ&amp#7;�C��&amp#15;���&amp#29;s�/�`0����ЎЂ��b���&amp#26;�!�&amp#0;�&amp#7;#�a�c1��U]ڕor1�&amp#5;�C�}D�ܢb$�Д��Mn��#&amp#14;�&amp#25;Z&amp#31;�1k�ȑ���&amp#0;3&amp#18;��㩱�����˃|�ʩ�d���f ��J�&amp#12;������C*�&amp#29;�0�-zo�ȄtFQ.l⺢e_&amp#17;��&amp#0;�&amp#23;�P��EO��&amp#31;��J�Q2�#��BE�A��&amp#26;G��&amp#14;C&amp#15;���щĿ��{I���U"4̂��(&amp#25;&amp#12;�R��&amp#30;&amp#22;{D��&amp#27;���z���&amp#12;gBZ̓��&amp#1;&�Kb����&amp#5;�F&amp#6;��&amp#29;	�&amp#23;/ɕ/.)�_c��&amp#19;�ڐ�h�=�Otߑ�\ē��DUN.�d��H��'-X���롆��؈���2�&amp#6;�e��w�gіը�G�&amp#21;��t�(>��&amp#20;m�5ܖ[�n^�&amp#0;f(+z�&amp#15;-�&amp#20;l�%&�*������)]&amp#16;�]�L��R7^���R]�ߑ-���ڒ���I,ރ�c�TI'&amp#14;�J0p�A��]&amp#29;�nOl�J��#��3�^�q&amp#30;�["�m�#|�Z^�:�p��������om���}8�#��O��W�Ad�{'����%u&amp#25;v����?lq�	��&amp#14;������u!Z�l-Ux��?&RU#K5��;\u#�BU���&amp#31;�]Ϳ&amp#15;NOa����1��ի
N���&amp#29;�\|���f)�&amp#25;&amp#21;� `�&amp#0;��K��:�&amp#24;ߘbv��&amp#31;࣡X�&amp#19;&amp#27;&amp#28;�(��&amp#27;�0�/�&amp#31;����c��&amp#23;n���&amp#15;
�s����~����#�iI&amp#17;�រ򪻵&amp#23;���?����v&amp#12;XfG&amp#12;G&amp#12;*&amp#22;#L�&amp#8;�B�F���X�/�r�&amp#18;V������P;1D��:�&amp#28;~��G%Ta��R��Q�D��1F�0�2T!U2�M
������&amp#18;6(��q��~1��&amp#26;�&amp#18;��E���9���v��<ƒ�z&amp#18;���ѕ&amp#19;�a�-�&amp#29;�_k�:kԵ�'&amp#23;��&amp#31;Z5�<-M���%O#<,mj��7�.�t]	+J��rWQR�3&Ħ�=F��&amp#29;>�	S�ŭ�/&amp#29;��&amp#31;^�d�t�&amp#21;F�-4;�m�K�⺳����&amp#21;e&amp#24;Z���R����QKR&amp#24;�l�u�����K��'�&amp#24;�b���)�8���^&amp#27;����ҹZ:&amp#20;��&amp#30;�2�;t����o"��&amp#0;��&amp#0;&amp#1;&amp#8;�q&amp#25;.��H��&\��Uqx�XJo�F7v{&amp#23;���&amp#15;R���bt�&amp#12;��-t5������	USqZ;�_�*�e婉�	&amp#24;��Js������&amp#2;�ZR�&amp#0;a��bz&amp#16;0��ģ�_&amp#28;�1˾bv:�&amp#19;�#�Xēz�&amp#17;H���p�&amp#17;��\�X�c��ZD�c�l��0���/�"�b��c6+lW��-&amp#16;����毇&amp#14;�Bԍ6��d0�p�Ê��&amp#14;&amp#5;�E�H��)hb&amp#31;�Y}�|��&amp#1;��A&amp#22;,X��_c��6��	��R�&amp#0;�1�&amp#19;���lJYYO&amp#18;��7%T�vaw0�%�ŋ&amp#22;=��'Jks/x��qezI��B�F��M9;y&amp#23;���Q^�N�=���&amp#27;t*Ӿ�h�&amp#14;7ة&amp#15;=�T�&amp#22;��&amp#30;��V�p�J�t�S��&amp#23;��j��֌Q����-�ҧT:��mEWk������MIZL�V�	SM_bt�p&amp#21;K����&amp#24;��gzU"�7�&amp#26;�5�&amp#23;���I�x5�O���ބ ��ڐ���&amp#12;��&amp#29;��}9��Ť�ΊE�&amp#29;&amp#4;������&amp#5;�(!��&amp#0;�U*��]S1�ӌ}&amp#5;&amp#25;>��p,7�p�&amp#24;g����U&amp#17;r�H�.RvQWf'&amp#20;����?4��&amp#28;&amp#2;�g���m���P�,��m�Z��b��&amp#23;�d�kz&amp#28;y'F�U��&amp#0;,[�M&amp#24;� P�/�f;s&amp#19;��8'�Bجb��y"�/	T��#&amp#11;����[�+�y��lq&amp#15;
d50��)�&amp#0;�|,��VE}�&amp#15;��O�~�R��J�۝�$sUq)�H��a��&amp#21;3)a��r3
����X���&amp#21;ʎ�i/BzVh{�7��)��o�ž
�C�5a>���~&amp#31;I�&amp#0;��	d�W�
)��&amp#31;���c�2Xy!Ӛ0I�S&amp#8;�[&amp#22;,[�=�Vt���+��,?X?�[U}�*Ӵ��ѲO���Q4�&amp#0;bp��R���R�T�G5F��뽑&amp#29;~��Э&amp#8;��U�&amp#0;��_x&amp#21;a}�n=�����q�&amp#15;B9�ؔ/����6%Mn��A��,ߡ&amp#12;�n��f��&amp#25;&���a(����M�&amp#17;��JU�w1,هV�e��r�m�Д�&amp#18;˭�ܤG�ȃ���C��}
��H��K�.��-6&amp#22;dk����(;�\ݎ��N'&amp#12;����&amp#17;cx�&amp#26;r�)��m,�GS�{S�%J��}&amp#7;y��ۢ8&amp#14;&amp#14;�i'?
f&amp#31;-8�&amp#29;�KR^&amp#22;7�;\���V�E��Q���B�&amp#26;�b_*68ť����"���aR=ҏΏ��|����c��#b^#�x&amp#8;�V1EE�bڔ��*�?�a&amp#22;�KO��)�&amp#20;�4c~YKľ�&amp#27;�������V+�N&amp#17;�E?�O�%����&amp#28;&amp#22;
X���1QB�*hʍ&amp#6;Hhq2�&amp#12;�i�l�&amp#30;B��5�V�&amp#19;+�����Z&amp#31;r��&amp#14;�Ǵ�&amp#6;u8&amp#28;��)������)I��
�i_/��d�d�^��>�&amp#28;&amp#30;S&amp#15;J�5��&amp#6;{\�&amp#14;��8V/���&amp#18;�D�$��<���+Ѽ��ee�*m.�+v��&amp#19;���$�*S�&amp#18;�ܖ����~�i�}�&amp#29;�5D*C&amp#19;B8�}zOѕ&amp#22;I�w�&amp#29;��'ю�JO�'�&amp#18;��ӡ��n��zkY&amp#11;&amp#29;N^-&amp#8;�i�a[dN����:-��8�<�zy&amp#17;u(�&amp#11;�Go-�T�RD���B����i&C�Щ�4���jV�����&+	mb~DV�k���֟]&amp#12;3�L�]/����=O-h��Oa�9c<mE���Z&amp#23;8�.8,,��[}�8j��S�WW'v`p��&amp#5;&amp#20;'�&amp#30;���S~&U�g�Z{!�}E�L4{��������_Ԙ��&amp#23;��#�&amp#0;�z�+x&amp#25;&amp#15;�I~&amp#25;O�G�a�T~�&amp#28;�1�#b~#��HlU1&amp#17;*�R�R&amp#7;�U8�0�!&amp#23;3&amp#25;���,���x
>%�0&&amp#31;o�F#b�+np�
)�3��j_nq&amp#17;�&amp#29;��=c"�c1�r&amp#27;�c)�ʉA&amp#19;�`��E<�&amp#12;e㉗�S0��H��&amp#21;;�̋�W.\���'�gS�כ��ǧ��U�(�g&amp#1;�&amp#24;(#�C��,2&amp#22;&amp#30;�)�K�g���&amp#30;/���X�|�A��&amp#11;��&amp#19;W�U�+'�&amp#28;&�w'	Mk-����:{�&amp#0;a嶥H�n[��?c&amp#19;&amp#27;}����T�᩷ܭ&amp#5;�&amp#30;��:�kai��z4�߇it#��%&amp#5;��	o��4�&amp#17;�e�wӼ[Ԇ6�7j��̧(TyӸ��j&iE�����բ&amp#23;�ZQ���'&amp#15;�&amp#18;vv<:&amp#11;W~��y؂��Uwj"}�H����ʳ;�:'��۩���l��.}�&amp#12;&\�O̔z��ѕL4j-\&amp#15;fm&amp#14;&amp#27;E&amp#25;�l>���&amp#29;&amp#26;��`����?��p�����ұ�Rta����I�6"�d��,�m�0��a:#&amp#21;�Mt}t)ż��nqxu_F���e?�b~&amp#2;?6?s	���ƕ����!�P�&amp#18;�5&amp#28;K&amp#16;:&amp#21;�&amp#11;�C	.�&amp#20;�._�]��Vb�t��F&amp#5;�&amp#4;~�&amp#11;+�b
ۜ/[|3��h|�s��/&amp#17;����g3���&amp#29;��R�&amp#16;�(��L�>�Ě��&amp#20;�b��R>�&amp#28;B����F��&amp#23;��l{D�	�sه�&amp#0;�&amp#24;�&amp#3;*nA�=N&amp#7;�9!|&amp#22;_���_&amp#7;�ٺ�!8yT_�&amp#20;o$ߑQ78��{#,�m��Ie�A.�tޮ/�(Z&amp#31;�ؚ�VUM�ߠӱ���(P�&amp#8;�b��S}V�Z�"v��;t4�&amp#26;/���5h�6Պٴ���c�a��&amp#0;Aʥ&amp#6;�Q��>:�m&amp#30;��%&amp#6;���kn�ʱ��[�o�E�Sͭ��N�e����&amp#20;�j��&amp#22;H�����fJ�&amp#21;�&amp#20;^��̒�&amp#29;5d��t��&amp#30;�&amp#24;�RP�HvR�ʭ9����6#�xdc��J�E�~~D�i�ܛ���&amp#25;����&amp#18;��&amp#21;��^Y*����W�Ol�(E\�+9D�������_�]罺&amp#16;z��UW����n&amp#31;[�d�,ZUd��!�#�0k���&amp#12;�1�&amp#21;ʛ�&amp#27;�R���V�V�J%�"t+&amp#24;O�a&amp#30;�v�jlW�l�xHx�&amp#7;ȏ���&amp#24;����&amp#20;~&amp#26;���e}�����z���d2&amp#14;&amp#3;���q&amp#17;�ї)NYQ�%�nE&amp#26;�H���z�"&amp#21;�N�!22&amp#19;&amp#23;+&amp#25;K&amp#19;Z&amp#30;�/�d�e_�&amp#19;&amp#19;�eI�(>�������˗/������_&amp#7;!�&amp#22;�\}J?�����V�(�&amp#0;��_O"}��&amp#18;�$%�6��&amp#28;��G��ݣu�*GK�*��&amp#15;Yz"�&amp#30;�i'��WV�����8�K&amp#18;K�b_��'u�:�1&amp#17;���B:2J�WBȺ��ԝ��eW�+a��-z3&amp#15;���&amp#12;G�̒���#���ȫ&amp#11;B�ܥ?�&amp#0;�ܿ����&amp#12;���I&amp#18;vVfu)X��&amp#0;���E%/�M9}��6�ŗ��<�Eo��.�̞ķ��tK5�֖'�1s�&amp#28;�'�Vvy6In7ר�&amp#22;կvB��&amp#0;���[Ч}&amp#18;)�5�4�&amp#0;�I$�&amp#23;vH�xץ�'��&amp#24;��/}J�bj���JO&amp#3;^�&amp#0;�~&amp#22;���J^8�?�&amp#31;�[&amp#24;ա[b��&amp#3;WE(�I"�J�G&amp#17;#�X���&amp#7;�#��Sc&amp#19;�f'b>#����2+lb
��?K&amp#20;~&amp#25;;��|�?B~7��0�Ɋ�/*�&amp#21;#�;!�%Ht���ee�E&amp#22;&amp#20;Q^&amp#22;WD'}&amp#14;0��&amp#20;�E�L='(�F�)�d"E&amp#8;_&amp#12;և�&amp#11;�dOv{&amp#30;LLtv+ü͙���E��N9&amp#28;�I��S��4��i&amp#24;&amp#26;��x�OO�ȒVrQ���K��hw�|�)'!�vU�vf)&amp#21;lp�/&amp#21;�&amp#6;ҿ��y��&��7�%��2O��"�����5�ai%a����QͧC]�cމ�2�ɥǽ�*���*���#�G���Xy���k�虛%f�I
Fg���b��Œz&amp#25;&amp#17;��ՐW�܋��m�����ڰ�J�/��/�C�%+�^=�BNkR�&amp#20;&amp#22;n����I(Y"&amp#11;��9]�lPv535��>�.�����YL=�����ebϡ���_�Tb%�N������U)����&amp#31;�Á���u�[�p'�I�I�YX�&amp#26;-ʱ���&amp#15;dGo�f+��F��&amp#28;;���X�&amp#21;<F&amp#11;�@�����SeO&amp#28;���K�R��,X�d&amp#29;1�;&amp#19;�;&amp#17;�&amp#20;HD�,C�&amp#20;�7�!2&amp#18;)T���sP�&amp#21;&amp#2;4H�&amp#20;K|S���dO��c�T�M��f��&amp#31;W��&amp#8;=&amp#11;���&amp#0;&amp#7;���fK��]�K�*��&amp#18;�^�Q���Q�W�-�ք��kK&amp#19;�Tv������JIX�+)m~�xݢ�n`�H�M$�"q��t�"�q&amp#18;�����m%��a�����]�&amp#18;���$FN&amp#15;ћG�>�c��YS�ò�nRyJ���I�)g]�2�Ma#:C�����2��_bV���&amp#29;��&amp#16;�̆K�t�Z�N����k&amp#19;�&amp#24;t��&amp#23;��:�J�)�MO���)%mL��[�&컥�&amp#21;�gR~�<;&amp#17;~&amp#27;"���L5�?�-x�Dպ��z��`U��Z����=+&amp#21;&amp#25;O������Q&amp#21;1@�Lt{�r����&amp#25;h6T*"Q&amp#28;L�+&amp#20;>i��;|3����F��&amp#28;7��_&amp#3;*������(|/Uˈm&amp#6;U������4S�&amp#17;~h�[���A�&amp#29;"t�&amp#18;(�c&amp#21;&amp#30;�E��ժ���)H�}�&amp#20;&amp#24;�(�-��c����W�3��k8��&amp#11;1&amp#26;6=e��_�&amp#7;�S�w&amp#19;&amp#23;�r�&amp#19;�"�̗��x�&amp#1;;�&amp#19;�+q��&amp#21;E����"R�1�)��,�rV�S4���JW�zdD��jj�w�S+Έ�&amp#22;��mr�j~&amp#11;�
]:�]�ێW{&amp#18;׿&amp#29;ƗAŧ���:H�&amp#0;�&amp#12;�++�q�q7Ԗ�&amp#0;a�ߠ�:&amp#23;ͣ��&amp#0;���hiM:s�fba,,���>��v���&amp#6;�)�l_,-�H��Į�J�L��d�k.����^[lH�uo"R&amp#27;�Y&amp#31;�E=.tԏB�7/ѐ�9�@�_�&amp#25;l�&amp#0;B&amp#29;lQvZ��qz��|�?$}2,�1��&amp#31;ԖiR��&amp#0;&amp#6;U*��e&amp#29;�&amp#28;�&amp#0;&amp#5;rDH�f9�J�&amp#17;��x��)"�I@�&amp#7;&amp#18;Eb��0^&amp#18;;|31~#&amp#16;�>���Ј�&amp#7;�T�&amp#21;w0}&amp#12;?��!���+|�hz��k���&amp#0;�&amp#31;�X�b�&amp#3;*&amp#12;�,e10�&RZ�s�ʑ��&amp#2;&amp#2;�&amp#20;�8��&amp#25;&amp#21;�k=����&amp#24;����F���ȿR��E�rB.\�f3�g&amp#17;��H��e�1����n�J&amp#30;q��
np�|P0�aR�&���G�S5���ЛY�$UkY&amp#14;IYK�Rٔ��F�;�R�"Y/���F.�V���{&amp#20;�d���Nƭ���&amp#29;��&amp#0;b0���fx��<WDs.�#���&amp#26;q��/��|��y�^E�v&amp#30;�s&amp#23;�Ua�Uc4�JT���0ϡ��i/Bw�;=I+�we�N1ԓw�ٗi&amp#17;~e�B]e��b&amp#23;��Ԕ�Ռ�ب�����&amp#7;i4m��;�&����Z�&amp#0;b^�B��^f�/���Fa�$�B��9&amp#31;��#&amp#23;&cW�S��n�����̭�Q����%&amp#8;DDf3���خb78O�(mɢQ%&amp#1;Ē&V!�Q��?&amp#12;�ZԮ����&amp#17;�&amp#16;�&amp#6;U1&amp#5;m�&amp#25;��V�1����J�5��&amp#30;�&amp#15;��
�����|W.6T�&amp#1;"�uzR!�8�6�3�&amp#23;c�If���_��bH�&amp#11;�b~t�cݱ&amp#18;1&amp#15;C&amp#19;�fn�&amp#30;���P֔~ܬ[���q�;c�&amp#29;c&amp#27;R��_���&amp#28;&amp#26;�a�)O�k?�%z&amp#21;�&amp#14;��˱�	m�3�;��7v^��S���&��&amp#19;�D���&amp#31;u4y��*ɭ&amp#7;9&amp#14;~HS��}Va��$j��;W�]����B3�te��ܽ��vz&amp#18;ԷTK��;J)&amp#18;�F[tО�ƍ&amp#28;W&amp#15;�&amp#31;)Gi��4Z��Z]�]�&amp#25;�����m-:��KвJ�nj��6���6�^&amp#17;�9$t&amp#22;�I�x��nޤ�]	�Iz��E�*�m��FE���H�2�z��;�ۥ�//SN�_���&amp#12;��4_��̭�%�17�68Z�&amp#4;[�b�����&amp#24;��&amp#19;�&amp#12;>��I&amp#18;D�P�/��&amp#19;Ї�#&amp#20;Vُ��&amp#11;�&amp#28;_S&amp#16;V0�&amp#31;a|&amp#29;&amp#7;s&amp#31;��*�?o��p�_�a���f3&amp#25;����,A&amp#11;�_&amp#3;&amp#19;�F�N<�	s�>_���&amp#23;�bŹH���b����I�&amp#24;b&amp#12;R�G��x���&amp#31;�r���bS%T�q�=���&amp#19;Z�eo&amp#27;1�-$�����&amp#24;��MJ52�mHK�����c�R�������k(�'m&amp#30;�i-&amp#19;�&amp#14;Z�r�;���7�&amp#11;<��C�m&amp#7;&amp#25;�>V&amp#20;j5�p�&amp#17;�!�K����3�������d=ě���Q�:�;��K�ms8�rڗQ�#�S�S��&amp#0;�a��E(۠��&amp#6;=�&amp#18;����m�����o���b�i&amp#23;�B&amp#4;�|��(�%U�z��}&amp#25;d�am�܆�
ɷ�Sk7�ƴ�&amp#17;��&amp#21;n�ⶍ[ԥ���8�����1Q�&amp#18;zmfQ�B��#���c>o*{�3䯍�����-N&amp#21;�&amp#12;>��I&amp#19;EB�X�&amp#0;P��|21[&amp#21;z��?�&amp#23;��*����0��nL��&amp#0;-"��&amp#31;o���&amp#7;5>&amp#21;��H��B�4X�"�T]�mZ_s�k�&amp#23;/c��s��&amp#27;&amp#22;,X�$qU�R1���{*�&amp#0;ϣ&amp#16;b�L�Т�ф��C�f3�c�:��&amp#21;*&amp#21;*��*�hW��Ss&amp#24;#�lJ���&amp#7;�9Z�r�&amp#30;&amp#30;�N�c&amp#15;V���+S]�%�IZ�̯�bq�2�
��j/u�3T�*��{�n7_�2�K[&amp#11;�=D�v,�[-&amp#27;E�EJWקC��g�d}�
=ۧ�&amp#24;5&^�u3����k�HK��J�?c�h���7�v���l+�[k�&amp#24;L����;&amp#15;�Cb[��M��H�z�d9&��&amp#11;�y����I�2H��U��J&amp#11;̠�{y�&amp#29;�bjަ�"�^�?"��Ф��/}JR�.��)j�Kס(�&amp#0;�z�O�[�o,-e�җʏ��|���w��=�&amp#22;�I&amp#11;�f#b�S&amp#21;��~i�z.v$��Bea�с�&amp#31;&amp#12;�V�N�O��&amp#3;���+��&amp#30;�&amp#31;a&amp#22;�bڿ��W��>�O&amp#4;~&amp#4;{5�&amp#8;���2�K&amp#22;&amp#18;�.QDQbQЪ�kI�^jxW����Q&amp#20;X�bŋ&amp#22;�bH�q�6q&amp#5;lL�g%��@�UH�k&u(��&amp#29;O���&amp#14;��&amp#14;�꒬J�9�R0&amp#20;
��+�M�&amp#25;�/c�*�6Xi�&amp#29;>��P�H��V��(U�ڿ�=J�T���i6����B�5ԕ4��N�����]��k.�&amp#22;�\Qz�~��ޖ"䝺2֕��|�*t�aG7]��O�dS�v�y����V�e�P��B&amp#27;�&�ԃ��?�e�Ï�Э&amp#28;��_Uc&amp#1;,�ҟ��(xQ>�ٳ+�&amp#16;�&amp#22;Y&amp#11;F����uF�d&amp#27;K�KD?&amp#25;&amp#11;eL�����
&amp#18;K&amp#21;&amp#31;.��iK�Yhl�&amp#17;�П�I�ȇ��Q�����8�&amp#21;�Gk���Q'&amp#20;�zJ���Vߑ�wzq�H���?������zb��_�V1G&amp#15;��&amp#27;d!r�P�M&amp#21;�x�&amp#7;�&amp#16;�db�&V��&amp#1;�1|5V�#r�0O�a������IGՏȫ��%���#�]xLW��X�bŹX�.Q!��&amp#24;��$�+J�V�.��m��"G��&amp#22;,[��8��g&amp#18;_�dp-8�?���s&amp#22;�!�����&amp#17;%TuGTuGP�,vb�F�&amp#26;EJ}�&amp#22;�Y�͹p�K�c)b&amp#23;�+��g&amp#26;u<֏�cp��Z_N�&amp#7;&amp#19;wٕ#�~c'5�[�RVo$�'f��[s����&amp#25;��&amp#25;�&amp#22;�k�������GI�Ka�2:��V��_�+�.���y�}�&amp#26;�]̋��R%&amp#23;{[��f����B���j�&amp#14;-m�[�8�������&amp#4;5���d�&amp#0;A^�&amp#26;�5K1>N�Z&amp#22;}&amp#7;bV�F݊�A��b&amp#26;n�&amp#27;E�ԧݒ�R�q����]�W^�T^�&amp#15;{���&amp#0;R��]�;ɫ��b�ԧ&amp#30;��kd�m����Z~��J?��.�=v�?&amp#20;�!��&amp#3;��E�2��c&amp#20;`~j0�&amp#20;!r�2eB�?&amp#17;��(�����TE�p&amp#15;&amp#11;&amp#23;;r���ܯ���avB�୥z��fH����&amp#31;�_��&amp#7;|&amp#5;E�Q�6,e2�\�@\��r�ec����L|���&��,[�˙�2S8����_����/&amp#16;��J�&amp#5;�1��5�GFa�Z��Xsf���T�H��P,U��&amp#0;�c<<���/��d&amp#19;�T{��ų^ġ��@�N�
k~�EkY&amp#21;�O)Q9~"�Nѽ��v����&amp#27;�t�]:�)I7&amp#31;29����������}�<�7&amp#27;�:1+Fޢ���:_�.���&amp#22;�iu��*]�à㽍-�	wIx&amp#14;5K��N��&amp#28;;�ܝ�h�&amp#12;����쑢��&amp#22;"e�-��d�Њ��ȫQЊMz�Iy�5v$�L���+��{&amp#23;�2��l�&amp#18;��
��
Y*"����&amp#20;4�}&amp#8;;�.;���:I�.Ұ���uy2�ʒ�&amp#0;aS�����p?&amp#8;�:�s&amp#20;�&amp#31;�F&amp#23;.R*&amp#21;	����;dS�dbv*lW_�p&amp#14;�-�UZ&amp#24;��F�&amp#19;��	�&amp#22;�&amp#6;)[&amp#21;[�o��q���&amp#0;O�&amp#30;�&amp#0;&amp#7;����_�����,X�F��&amp#5;�qm1&;�A�~^ǻq&amp#22;��&amp#5;�o��r&amp#28;�PuIV1�{��:�$p�lu?�"�ʏ���4F&amp#29;J&amp#23;�
,T��&amp#21;!S;1D�+�:*�V1�&amp#0;4��N�����&amp#24;�������Iey&amp#22;�*��5�w��&amp#28;c�z&amp#29;���������j�zt�V1�%&amp#29; �jF��7"���G����v�&amp#22;��!(-��[�&amp#17;t��Բo+e���&amp#22;e&amp#28;�2��v_���y�w�&amp#30;ĭ-�<N�Aoo�-ne�~�&amp#27;�|3����j7L�s�&amp#0;���&amp#31;���}�&amp#21;�zlM���w%�"�L��-z��F�ӳ>��cW�B~z&amp#27;;Hkˣ&amp#18;��#�w�G~��|�)<��E;f���o����&amp#31;Tƿ	�E�Ȧa�T�FM�/��7B��pN����I�����P��D�2eb���&amp#20;��Z1^&amp#18;f'I�&amp#3;���E]�^�#c&amp#15;�Ƀ�m�q&amp#5;luo��y���_~k��s��iz�&amp#8;�bŋ	&amp#22;%&amp#18;Q&amp#20;H.V8�-\���$K��{'/�R(�ܮ9&amp#14;c�J�,@�&amp#3;�&amp#14;���x�&amp#27;��&amp#27;O�|���v��(�u0tT�aR&amp#21;1@�;�d�"U�b
�������}D&amp#21;�c�Ҍ%&amp#25;�
Jp�MͦʭJZhД�yn�&amp#14;�eo�UN/,���Ԟ�%d�B�w~�u������I����c�˪#V��$f��eu/�&amp#26;�=����v_}�|�m(�/�̽�_,��&amp#31;%�����&amp#18;�+�N�6&amp#29;�&amp#14;I�3�KK>���u�)���W�B��-�պ��&amp#24;���fW�q���/&amp#24;�N�&amp#8;۳;��M�Dt��
�ʜ[&amp#21;��Ej<��&amp#27;�E�VSn�w�R��x�]�&amp#20;�n߱��]����3:)I���w&amp#30;��&amp#0;�D��Al-���wd~:�tb������P�\���d��S�l�[|,�xI��&amp#25;���ܟ$��cw+�R�i&amp#24;&amp#31;&amp#2;&amp#18;�ٜ�.:~�s�}��^�?�����-�ŋr��$LD&amp#11;r�6&"?�"����n]�&amp#19;���C9�uI�'�'�%�%�;s�1&amp#19;yLW�f&amp#21;���������&amp#24;��&amp#26;&amp#22;�&amp#28;7��r㝉V'\�$�%����'!�&amp#12;FļD7G&amp#14;NqF&amp#6;�ӗ]���5�c�|H���z2�r<�B5s�4�˸�Su�%�v%|�]&amp#12;�n�y��;%o���-��R&amp#17;��2he�C��&amp#26;�lA�E��>��<&amp#15;^��\�lkQ�!���w���vN9��&amp#26;�1UimfA�WR���Ƚt ��{�O��-��w��	Y&amp#21;&amp#31;_"&amp#26;�Ⲣ$�;�&amp#14;Zf����{-&amp#15;&amp#4;Š��g�_�)���&amp#20;�{&amp#20;��(�[��&amp#24;�vc<P��Ko�e���=%s&amp#15;�fߔ��8��؊�8B���s+&amp#24;���F&amp#15;�D�"eb���E-�,o����&amp#1;���g3&amp#23;&amp#19;/��ܮ��tģ&amp#0;��͡*������lb~p\��/&amp#29;U�&amp#31;cط�{&amp#17;&amp#31;:h�ĄI&amp#18;��Es��8��z�+�V_s��^^!I���ڎ�:�Z�\I*��&%&B�&amp#21;&V��1��U�����)?�tߡ�� �8|�fb��P�b� ��ELi�9����24�+�ѹ�ؗ�����T&amp#22;DR��V2�Ԗ�#&amp#18;��̩�&amp#31;�Z�*�ԅUV9^蕬%�}�;������bQ�]��u�J6���̥��z�����HBI�N2RВ����[�_6�L�ӗ�;���&amp#30;��<Qס&amp#4;��[�Yt1+����ȣ;�Ak&amp#20;�"&amp#16;I�#5�dh���ѫ�i�I%�%g&amp#22;P�����!k+�k&amp#16;�sbV��&amp#27;J�&amp#15;VB׳D�F�&amp#29;�[fCB&amp#25;V��ȧ��שN]��٘�k��߿�%סN&amp#22;�K�ۧ�2&amp#31;S�x&amp#5;�&amp#20;�&amp#19;;̋��_s&amp#20;R����&amp#17;&amp#30;Lc$T+&amp#21;�&amp#22;�(�����&amp#18;F;�p'ޑ��&amp#5;"�c9�w+xM�&amp#11;�`��&amp#17;�hN�R��3�&amp#8;ڽ'�&amp#22;�[�$U��&amp#23;5����&amp#0;W���&amp#25;L��&amp#22;&amp#16;�4e&amp#17;r�&amp#15;H��&bt�/��&amp#31;,��_r�n��&amp#18;�N�9�8�
��a�a��&amp#21;&amp#18;�.�ŕ�,��#�0��&amp#31;O�c�p��8|��rUlT�X���[&amp#30;�ʼCԖ5��k��&amp#1;3&amp#17;-2���%�)�I3�V]�OxI&amp#24;z�E&amp#2;K,���B.9$��㧝&amp#29;�S�g�h�Q����S[Kq�7�d�}6Il�y�Ij���}&amp#8;�x�k&amp#16;�ͮ�k��Z�Dm=z�5�&amp#17;��!�̽G溊�&amp#17;kkl̲�Ate���&amp#8;�4.�&amp#29;�2��ӆ#&amp#15;]o{&amp#20;��6�&amp#22;n����Z��&����~R𒖎�&amp#25;ꈮ�&amp#14;���#&amp#20;��2~&amp#25;'�SmG�e:��E}�-��&amp#17;Z�K-�&amp#0;b1�E&amp#24;���	g$�D�U�.ƖH���&amp#23;�����H������>a&amp#31;�f �&amp#20;�b0^&amp#4;.O�$T*��&amp#20;Q���.�$c��&amp#5;}�&amp#12;OR&amp#12;��9&amp#21;ʻ&amp#19;����D+���J��i&amp#21;�A�&amp#0;��Q�q�W_�f�>&amp#4;{&amp#30;�Ɨ�9.V,e,[⹘u&amp#14;5,�G�ы_�$$a����JU;��f&amp#29;�ͱP#�#@�+
���_��/��>���&amp#28;��a�1���&amp#27;�$Jv'^�\Q��[���>��s���C&amp#15;)&amp#20;p�"a���8\xwЭI�jb<$�\�eY�B�h��&amp#25;��x�q�J5&amp#23;ԅ�_M�i�A&amp#19;�����R���仞��WHj-��fB&amp#27;��k�馩��q�n��L�+�����&amp#21;�tܵ���wU���{ȶ�����ŭ�&amp#29;>寷QC�������&amp#4;o�U:�H�;Ӎ��--�����&amp#29;�+&amp#18;ZX��i�+�&amp#23;c&amp#15;� �[�R#�#�J�:n�V�&amp#23;�#��7�R��[��ŝ�EZ:�!��&amp#29;{�&amp#23;�%Я��sM&amp#7;��&amp#0;b�m���q_i&amp#19;1��";r�O��sد��!�0&amp#15;����&amp#12;ll�T�&amp#28;)�v���&amp#2;F8�2��&amp#22;XL�9&amp#11;R�Wb��0.�E4d'M&amp#14;��:�:&amp#18;�&amp#0;sB�Q������G��q�{}Y��&amp#5;��r3��3�H�A�%X�53�wLw�&amp#12;��'ޏ��źQ�
��
��
�������q��&amp#24;ި�&amp#15;7&amp#14;���l��
9L,���ؒ�/��c�ؙ�սE&amp#18;�%r�%b�4B�(�&amp#16;�8�R�h��'�&amp#17;¨�I24t&amp#21;3��^�R��"&amp#30;=tEH��SI�(��[�4N�g.�NW��&amp#23;��{"VK1�}3&amp#23;�5��MX���&��NWߡ��	wU���/&amp#11;�:���N>gӡ%��N��hI%&amp#5;�N%K��Փ׻tp��&amp#30;&amp#15;Є��&amp#11;B��t#m��7�&者1&amp#25;n��*��1SF&amp#27;š&amp#22;�_T����"&amp#15;Fʑ�t,�ِ�ʭԖ̎��#&�/��B�U&amp#12;�R���(,�܌&amp#5;�H���.�V�溙|�$����w�nc~K!��&amp#23;�|s��nbH��&amp#31;�DFHc&amp#25;"��8W���ō�1�&amp#14;v�B\�%39&amp#25;&amp#21;�%]�˼p�lSz	��������&amp#11;�/LZ�&amp#29;_$#٧n;������s0�!�%\� ���&amp#15;x%\� � �7Q���&amp#28;MeĲ:�c�04�&amp#0;&amp#2;&amp#31;a@�eE�a���\�ZZ&amp#28;c��[�&amp#14;�|Lj�&=&amp#25;)&amp#19;��R�W����:�&amp#29;����d�;<�	Y�f���&amp#20;JXȑ�D��Uab����&amp#17;���(�����l^Ui)C�FY)�K�&amp#19;ʔY;�Kȫ&amp#20;����[���.�Ȕ^�Ԕ-��;҃�7^V&amp#27;�.�z����-k�K�i&amp#16;�.�OFN�:����E��q����̾�z܎^�K��G&amp#7;R����&amp#28;%�R���e=U�&amp#29;�)?�}�<��jvmk!(f'���+K&amp#24;e�6�$�i!��>e7&amp#29;FO��ȿx����Eu&amp#22;��&amp#5;�)J��(w"���ٕE}	���K>��^[�&amp#20;S̢W�&amp#30;&amp#31;�~m�&amp#0;r{���L���&amp#11;�Co�f!&amp#24;�x�&amp#29;�Dv&amp#25;!�&amp#26;&��(�_0����sf7�H��`��Qf�'q��j�Y�Tد�0["��&amp#20;�ܽ���&amp#29;���<���&amp#0;�`���|��&amp#30;^7����&amp#0;�\r&amp#29;BU�W%�%�%�&amp#30;$���G]��&amp#29;�ٴ�R���̐E&amp#21;�8|����E�39�l�f3&amp#14;EG��~p�f��$b�q����Q���"�&amp#20;�&amp#24;�b�&amp#2;�,9�d1�EĴ%�&amp#8;�ߙK��2�wT��_�#�WʬB��j:�&amp#2;�͒N�eH5)4KrvEI?MF�oП}�择b&amp#11;�il�ݛ����&amp#5;��Y&amp#28;�ZKQ=-&amp#29;&amp#12;��jEi�&amp#22;��GF,�2W�%�c�2=&amp#31;�tJ���z�Wxo�{�"����c+Cn�#��z�~����S�$���+���,�يw��O1d�I�k"M�؃��IZ�q��KĿ�5k.����&amp#19;��r/M�w�P���&amp#20;�E%�w0Ys_��_R:iЧ��DCǙ�q&amp#22;���	���W�dv�v��{|r1&(��&amp#27;�Dv&amp#25;/�eS&amp#18;�8c�s&amp#14;���|&amp#24;��%��Z&amp#24;?&amp#25;�Zs�LN̎�����&amp#24;-�&amp#17;���&amp#15;hW�&amp#19;[���t:��&amp#0;�L��h��'&amp#16;¿�X��*�듮O&amp#16;K&amp#16;J�&amp#28;�K1A��&amp#21;"4J�m&amp#3;&�&amp#22;�j�(���5�&amp#0;����9&amp#25;��a���lq����e5�&amp#24;�&amp#3;*r�&amp#12;�f�x[t)�&amp#20;&amp#18;'c&amp#17;c&amp#20;ʯR�&amp#0;&amp#5;6�`J�&amp#24;�&amp#31;,,�#AV&amp#29;c&amp#5;>�8�Z�j��<��&amp#2;P�2ܜ�6�n�����v�̩���|�tVRU?�=5Z�K2��o�&amp#22;��M�3�&amp#0;R�[-&amp#8;/��+��&amp#30;��H�OE��"�E�[Sf->̌&amp#21;��ӡ���>�_��&amp#0;�I�9����}]L�5�4C��˧�%���b<Zt0o�t�E&amp#23;k��rQ�&amp#15;4Mk�;�K�5�R&amp#30;k�lB��&amp#30;�JE5���C!&amp#15;&amp#20;l�0V�f��|���#��&amp#15;&amp#21;�-�&amp#0;�q�&amp#0;�?&amp#21;�O�dv&amp#25;���)m���&amp#24;���8g�&amp#16;ؐ�
�&amp#21;&amp#12;Tlp�lJ0�&amp#5;�(�vf6�q�V���Gi�v��6T:��*lb70[&amp#20;�!r����&amp#0;d#��ޟܒ����7�4_���*���&amp#19;�:��f*l�"4EHT�&amp#1;"���c����)
V)��O�"�Ø�f/�T��RR�H�>w���vl��P��ȑ�!�EJ�|A��rZ�&amp#20;E&amp#3;!&amp#24;j`��&amp#24;�&amp#31;*n�*��v�&amp#11;���A�I��F�m&amp#23;�TNJ�&amp#23;f�k9)2�����&amp#29;�^[&amp#16;�3~Z�z�Zfتމ&amp#18;�-F�����{z�K6�m�M�&amp#11;Y��&amp#30;�˹&amp#26;�̫�d&amp#28;c-6&amp#30;Ϣ&amp#22;ٺ&amp#23;����Mt-�g�X��Kvct�o���I[�e�ƺ&amp#25;&amp#22;d�&amp#12;�u�+s�&amp#27;y&amp#19;�W1&amp#31;6�jȻ�}-&amp#26;8&amp#25;��]
�M2��C��c��#�Ψ��&amp#29;�(�.�C�ž�&amp#27;�
���Sȯ��NV����³�&amp#23;�q%��?O��&amp#21;��>�0n��Q�F,ď�p�&amp#2;#�$K���T�&amp#24;�&amp#7;��@��&amp#23;$���M&amp#12;}�6T�&amp#24;�	��j�!�C�*��Mߕ2{&amp#24;��&amp#23;��"&amp#19;&amp#20;�L����J�&amp#0;�bۖ?�&amp#7;�O��"%&amp#15;�&amp#15;�"U��&amp#28;�,ة��F�&amp#26;B��&amp#20;���I�	Y�N)��ar&amp#11;S&amp#1;�"�&amp#0;&amp#2;����:m�����d�c?����&amp#21;�Ї�zF��(�$�(��*Wr&amp#30;��&amp#18;1&amp#20;L���EM�G��&amp#8;&amp#23;&amp#28;�&amp#21;�*��$we&amp#27;��Nj/��гv��������M�r&amp#25;sJ�D��#{�kr��Y~�M&amp#29;>�e՟�/��5z[b6H��l�l�&amp#31;!��^|�dm���%���&amp#20;�deբ6wE�+%�-�I�j�l��&amp#23;�c0��M&amp#17;�\M��~��g��&amp#21;Ec3�)?�O����Ȭ�&amp#0;&amp#24;�X��j�&amp#0;tFV&amp#18;h�;=V��F�/��#�^e=�FͦPO3K�A,��Q�W�&k��&amp#8;�m��n莮&amp#6;'�«/$�&amp#0;���&amp#6;Fڒ0�:&&amp#31;��9&amp#24;�W%�8O�&amp#16;ؑ1��f$ʻ��j�Iڤ_��ք_�&amp#24;�(�&amp#25;�V���ubf/�`e���Ȕ�I	&amp#16;؞�'s&amp#5;�&amp#18;,R|����b&amp#23;��&amp#22;ܸ�ˏ���Ϯ�]���&amp#4;�Q�1Q#D�!R&amp#20;&amp#23;<Ù��\��s&amp#31;&amp#30;�&amp#4;Aj`_s�_&amp#11;1��M���6�{&amp#20;��F#[����e&amp#17;���[&amp#16;�6��d��7�(�E		&amp#17;��EC&amp#21;��Kq+"R%P�58u^�&amp#7;FR�R&amp#25;�R5&amp#30;����;Z�l+�&amp#30;���*EfJ&amp#27;l���%��BV�����Ǧ�RZK��y��u&amp#29;�t܌eg�?N��[��&amp#25;r�O&amp#12;L�H�e�&amp#22;�kM�ׇ���|�{Y�os���&amp#30;^���&amp#6;��Jv��&amp#16;�-&�u�sd;F�}v��篙�V/ߊ^C�y�!j\��2^&amp#27;
��F��&amp#11;Kܒ�&amp#20;v�OĈ�ֿFQk���(,�اe���R������&amp#23;F�^(�+EG�VO��-��Y��F&amp#31;���a~\~9lcJ�&amp#19;�&amp#28;&amp#31;��lL�6\�*��q&amp#21;�&amp#25;�&amp#0;c��O&amp#11;O�*�jJ����&amp#21;qM�jJL��]�)���~v&amp#26;"Kc&amp#19;��،L��Y�T��Y&amp#29;&amp#16;��=~&amp#15;ْ��la��	y�&amp#29;��&amp#25;&amp#18;�q�s3���\��f�w&amp#17;��|��1U���y�7�ةw��B+��N"�2F/���_�W!H쌂B&amp#18;"�9P���Pܛ�*T'T�+��VU�Γ�&amp#0;Ob��������D&amp#30;x��&amp#27;�u{#3���]����R��R�ND��~�&amp#27;F��1�3���^��awosk˪$������n�QJ��I�2�V��.��&amp#29;�h���Y&amp#21;�}�&amp#12;�h&amp#21;�Q��[&amp#24;}i�y&amp#20;�xe�G�H�f�7���Ƈ�>�&amp#24;w���2]&amp#12;����d�-�e�!o�&amp#19;�w�[�N?QO2ߩ&amp#20;�ٚ-:[B���F&amp#23;�}H�&amp#26;&amp#26;��&amp#23;z&amp#18;]�l�~%�b5�Տ�6Kȟ���2E&amp#31;�&amp#31;���Q��1�B��O&amp#17;��&amp#8;��B��2�]$��&amp#29;�&amp#14;&amp#25;�j�b�&amp#11;&amp#24;�.�\���1^&amp#18;>"&amp#12;R&amp#19;�&amp#17;=�N�&amp#14;z&amp#11;��Z�cNW�>��9�c��:s{3�Y�0��&amp#0;Msl��r&amp#27;&amp#27;._�&amp#23;)&amp#24;�&amp#19;��`6�r�R�[&amp#18;cq�h-U�&amp#30;�����īUdބU�1�&amp#0;>_~j7)�#&amp#2;�E���1(�f/q&amp#20;݊�J�Kݐ=��(b�7��&amp#31;O؝�Qvk�&amp#0;c�N:�ZNړ�&amp#31;~�&amp#28;��$��%+�&amp#18;Z��l8�G���^����{�����	�{ȶoг�������������&amp#0;�O�&amp#23;&amp#18;>�Z�������q��Y�&amp#4;�	1i=Jmn4�N��<�7�CwEI5&amp#22;��L*�i��.��G��{o�R����h�H��NR�jAۺք7h���!�V�a�ԍ����R&amp#20;�}�=�E�RѮ��o��+ݸ�&amp#19;Dރ�̑O�&amp#31;���1�-�đ�Z&amp#21;�W�p_
)�T*�&amp#22;��F�2?�����<�ňh�ث&amp#29;�&amp#26;�&�Os&amp#21;�&amp#22;�&amp#16;��#&amp#19;)$E&amp#19;د��vd%��S3&amp#24;�UZ� ���I��ZH�c�掇&amp#3;�n&amp#23;C�b�cc.7��&amp#0;&amp#2;&amp#19;3&amp#14;f5�&amp#5;�&amp#29;�&amp#18;��ru
��ؓ&amp#17;�'7Q��=��$�J���U���c�t��&amp#18;&amp#17;"�ɖ#&amp#18;�;���dL�r���&amp#6;�X����ք���R�k&amp#24;ԏ�i1�-	�ӝ�&amp#23;Q��ݯњ�{��_��[M�&amp#28;e�$���&amp#19;�*~&amp#18;��^&amp#15;n���斯r���lKU�F���[_�n���&amp#18;���܆��B��{�&amp#17;����Rzطz9Lr�fS�c^�%���T�^J�]�}Ɣ�$ڵ�7�(�����S[&amp#24;o�yD�&amp#15;-��&amp#22;�D��&amp#23;юװ�{A;�3O�I/�JN=�ʓ}40����a��M�H<����Vt�GWfRIП�Y>��|�2;��|��l�-
�B���B��B��
�&amp#24;��U?R$'h��&amp#5;X��X��"���.�&amp#31;&amp#17;&amp#8;�(&amp#16;���IX��'s&amp#6;E�&amp#19;&amp#19;&amp#22;&amp#14;&amp#30;D�ZӇ���W��&amp#31;�<��J�=���]5�r�&amp#0;&amp#3;&amp#31;+&amp#22;&amp#18;-�Tv���D%�)�W���*�%�*bJآ�,�G""�=�v�&amp#6; �&amp#22;S&amp#25;�|?&amp#30;FA@�&amp#23;+
&amp#2;�&amp#24;&amp#20;b�I&amp#22;YJ�S&amp#25;�[&amp#21;7&amp#18;,"'����&amp#5;�߽I��/5�����%���&amp#8;Zz�C�2���H��R.�&amp#22;���V2�m����&amp#26;f�����Me&amp#18;��#�K_Д[����w���&amp#23;��&amp#23;�-	FDz&amp#16;�&amp#16;�21�ȴ�īc��h��Cf���&amp#11;U�����ԣ�&amp#25;w�ɫ;���S0��C�N�^�&amp#26;XYI��a�.��Rgթ��y6$��&amp#20;�ҿ��(����-�-�U�JvZ�=j"�g,ބn�Pi�С��~����&T�쐷8^�x��lHŭ
�B���zا&amp#14;�T�2����S&amp#25;�&amp#16;�-�&amp#14;L�#;3�9B�x��ъ}�nQ�B�O��-I.�=�N�&amp#17;�ԱnV1�.2�_���W���}&amp#11;�:��K�&amp#0;&amp#14;����1��[��	&amp#21;�f-�&amp#17;&amp#7;�)2����Q&amp#19;�O&amp#16;O&amp#18;T�%ԫ�*�e!��!lH�ZYx�+�q&amp#15;�t)ZڜB?�̥��XQ&amp#20;L���E�&amp#18;��hT1����&amp#11;����&amp#14;!&amp#24;�N�;��x��>�-&amp#31;Ժ���I&amp#16;�L�˭�'���&amp#0;�&amp#26;�5�4�4��<]w"���&amp#23;�i��,�n�������;j2Z�K"}G�&amp#11;*b}&amp#23;�F�ľ��1�q&amp#27;/�&amp#19;Ti{��{2WZ&amp#20;����2�ܮ��C{2���6+%vC��[mbW��=�&amp#27;�&amp#11;ߩ�2�+&amp#27;��Z&amp#18;�؅��&amp#18;Q��&amp#0;S&amp#1;kد� ��>��)[�&amp#23;��Gi[�b�e��O�6K�#&amp#17;��!&amp#28;#�h�l��W��x�&amp#2;A�J�f1�&amp#19;&amp#16;�˲&amp#27;
9���as��Q&amp#28;&amp#24;�&amp#30;4R��O�D&amp#25;&amp#18;�&amp#29;yI&amp#29;	��&amp#11;�Ih(�&amp#6;S1��v���"�ȗ��&amp#23;ߖ̏/g���&amp#0;�|�ɏ�&amp#17;a��&amp#21;�z�/�2��%��T%\�r�$��K�W&amp#30;�&amp#18;��L�r���Ob[��K/&amp#17;�[&�&amp#16;�n��G&amp#17;V���	&amp#17;�&amp#24;&amp#20;p��#�ʉ��U��&9r{&amp#21;&amp#30;�c1�We,К��.�&amp#27;&amp#18;�&amp#24;jx��Z���~�HI$NO"^F���M�2�r_��۫?Թ-;�&amp#21;#~�&amp#29;���&amp#18;3����G�)[_�/'�&amp#23;Ӕm�ZS��&amp#19;�r[)ME��&amp#23;��&amp#23;���&amp#17;o�FR�&amp#25;�&amp#15;VĮ�$��R��F�
				��a�d&amp#23;u}���L��Ԗ�&amp#30;�HQ�Yh��).�&amp#11;��&amp#27;�1	h�Ќ�TQ�m�&amp#24;-%~�{���(��]�bk6E�{��h£�g&amp#18;���$�X$=Q#&amp#19;���po��ܬ(&amp#29;����_���&amp#28;&amp#22;ydB�t�P�+��b&amp#23;�&amp#5;&amp#14;�tT�;&amp#18;t�Q%D�J̥�ш�&amp#29;Jt�&amp#20;@�3AD���0
�(R&amp#21;!R;#1��n���.�L^&amp#31;��Z�*�v�r�
��?��Be�>H���&amp#27;����S�&amp#23;s;�;�&amp#18;T�&amp#21;q�f�6g#30�$R$p7n#L��I}�{�&amp#16;���
���~{�"�@�E�c	�\�e&amp#28;&amp#20;`�'E&amp#24;�v1�"&amp#18;�~&amp#3;&amp#29;��T�ٱRdh��a#��ٰ���Y\p�ܜ[z솬���O�&�&amp#31;&amp#8;����TYj�T/cy�B2��aY��m�R=��A�&amp#18;&amp#26;_.��&amp#14;�F܌�_s-ܿݨ���T!��!/!kQe8�R�&amp#26;�|��&amp#23;cz�&amp#12;��m2�z��/�L�C�/��5��&amp#30;�&amp#23;V�'�#$�_�	$-?S*#�}Jo]�0�͘&amp#31;C&amp#17;,��DI�ئ����̤���&amp#6;q���DW�&amp#25;#&amp#27;��#�;ᐹXT��&amp#21;1�C&amp#27;&amp#30;�1&amp#29;LO����)úU�T��=��)�0p��Q���&amp#29;!и�ڋ��]�N�&amp#8;w&amp#12;�!sQ"]Ҧ�%&amp#28;-^��&amp#20;4&amp#21;&amp#19;�Hv�ė���&amp#25;������ԍ�&amp#27;�Ϳ®�ܹ�V&amp#26;,.O���o&amp#19;&amp#20;�FHN�)>�o52�Ԕ���TJW噐����D�8K��)�R�&amp#0;���&amp#16;Z�J>3�|�H�
t�>&amp#18;S���n�Xh�&amp#18;���E&amp#24;�\bbk����#�3&amp#28;�!�&amp#29;!@P2&amp#25;N&amp#11;W��%Ң�J�~D�ދ��V��&amp#17;����&amp#27;�d�Rݒ{e-�����J&amp#26;&amp#30;&�����e�&amp#0;a'��mY&amp#22;N&amp#29;�"��-F�V��r�{�,�/6B��&amp#29;��?&amp#18;g�i� �W7��i.�7��L�$I�&amp#15;��d����x�C{.���e��+�b�6D�ˠ���n�[�)$��h��qwa~�&amp#31;ɦ�&amp#14;��U��K�Oo�
N���_z����S�&amp#12;㕭��a�3&amp#18;$c~h�&amp#17;�?�&amp#18;#L�!SF^NF:]�&amp#17;����	�,EwJ�&amp#21;�r�˒د&amp#31;�dN&amp#15;G:r&amp#21;&amp#1;�%Ht&amp#14;���+�RȬ��S	&amp#12;�C�,8���vF"�t��87�(EY&amp#14;ȯ��>�3�R�ח&amp#18;��&amp#0;�%��~L�y]�&amp#23;��r_>>��&amp#0;
�Q�&amp#19;�bU�5UH����zUkԋ5�&amp#25;V��,AR�&amp#28;�>h� B"�Ԗ�&amp#14;v����ք~�&amp#16;ܷx^$�-~ԉ&amp#8;��\���M�&amp#31;P��)(�Я^0Z�C�%t�F!�weJ�&amp#26;W�&amp#31;�c�:��&amp#18;z�K��o,��B&amp#19;�L�W�&amp#20;9��V��wh����Or^&amp#23;���ŕ����#��D�e]	t�ێZ�&amp#19;�؆���y/RW�M2-�t;JI/;&amp#31;C��K�	�[&amp#29;N�D|�=nP��.�>&amp#25;��mХ&�&amp#27;����&amp#17;�SE&amp#27;y&amp#15;TV����f&amp#11;Њ�\w&amp#23;ؗKl+\��&amp#18;�J�K���gs�tD|"z�&amp#11;�&amp#20;��g&amp#12;]��K-i8�)��]��~�W{��Z��&amp#25;�j)�r��&amp#24;�d�v�&amp#16;�&amp#17;���@�!E#A&amp#14;H�BS1N�1&amp#29;LO��V!>ሑY�.\��&�N_b;�ٻK<&amp#14;�&amp#18;�J��绕�8��W�bc��©f�����&amp#30;�F��&amp#21;�wLJ�;&amp#24;���T�ܥĩ�&amp#26;�&amp#31;�*Jɘ�;Z��]�՜��?��&amp#0; &amp#16;&amp#1;&amp#1;&amp#1;&amp#0;&amp#3;&amp#1;&amp#1;&amp#1;&amp#1;&amp#1;&amp#1;&amp#1;&amp#0;&amp#0;&amp#0;&amp#0;&amp#1;&amp#0;&amp#17;&amp#16;!1AQ aq0���&amp#0;&amp#8;&amp#1;&amp#1;&amp#0;&amp#1;
!�&amp#0;�������&amp#12;�,�x&amp#25;�'É&amp#30;r�x���ii�	`DH�c�`&amp#3;�/�><vN�^޹���s��ƙ�m,Fç�D���&amp#25;m��Q&amp#1;&amp#2;�����pHa|&amp#17;&amp#21;��px��"�n�s�	:�ЖZ�&-��a��q��V����/�S��?�&amp#15;�&amp#31;&amp#8;"lp!N&amp#14;ߺ�&amp#0;K7��l&amp#30;�Ƕ&amp#30;�&amp#19;�n��&amp#17;(��I~_�g&amp#30;� &amp#15;�c�A>E�&amp#3;�%�HG&amp#7;&amp#25;d�g&amp#25;e�D�L�������WM�}�'�&amp#7;vGeџR�J��&amp#3;�!���&amp#17;�&amp#22;E&amp#22;{�3;�&amp#19;�{��~R.3�]}�� �#&amp#7;���	�@��&amp#5;&amp#11;�'&amp#1;�&amp#4;�&amp#28;\���1��/�&amp#7;��8&amp#1;f8v��&amp#28;�^�ā䌝�Ǐ&amp#23;D����-�&amp#19;�P>@�XK��&amp#4;&amp#4;&amp#31;�or!	���qm������&amp#27;�O�&amp#23;�p�`�&amp#4;&amp#14;&amp#6;&amp#17;�0�&amp#17;&amp#3;&amp#2;&amp#4;&amp#14;&amp#25;�^K��<���&amp#22;Y&amp#28;&�n����>��{�ae����^'z�̗R�lE&amp#12;�����B}�Y&amp#12;l�������~K++�|�&amp#7; u&amp#31;���d&amp#28;���!��ȐB8+�E;�x�9t�H�]�� �o&amp#3;�<��{���Se�v��a�X]q�&amp#16;I^�z3�&amp#26;8r�z&amp#11;d�*�j-��_2o��������.&amp#3;�Br�-Y��g!��f���r&amp#22;L���&amp#8;s&amp#7;\m�&amp#28;a�zτ�����p����X>&amp#22;7
3&amp#16;�Vy��/�&amp#19;�Dq&amp#19;���&amp#28;<&amp#11;��!�uq�:�#����ő&amp#5;��&amp#19;&amp#5;���Y	�&amp#30;&amp#0;<&amp#6;�qN&amp#6;&amp#15;m�����)��'�&amp#15;w����۠JV�$�&amp#8;�&amp#27;�oR4�V����?e��+�_&amp#30;Ύ�ίЃ���&amp#1;�&amp#4;&amp#2;&amp#19;�&amp#8;2&amp#27;yx�&amp#5;�)&amp#8;��,�X^�&amp#27;���&amp#0;y/��l��%v��"�&amp#29;.��k&amp#11;&amp#7;��&amp#1;&amp#6;]�w&amp#25;��G����^&amp#2;.&amp#11;H�&amp#4;0@�pa�&amp#4;v�y�&amp#8;&amp#21;
�aӈ×�&amp#30;f&amp#18;piX|A&amp#5;&amp#4;�&amp#17;.�q������&amp#14;�~����-���|����c8t�Ǯm&amp#24;ˢ �&amp#16;�_&amp#4;�.�f�N�Ty|�?��_����C�o��B�&amp#15;� |��&amp#3;�&amp#19;�&amp#22;l]&amp#28;��Ἣx&amp#8;06�&amp#0;&amp#15;�v&amp#28;'�s�<|�NH��3���ǩ9tq�ݸ�c��u���&amp#11;.�&amp#20;��?&amp#16;$����,&amp#1;&amp#16; =&amp#23;��d��z&amp#28;!&amp#26;�&amp#24;Q7h���|�i���&amp#5;�\e&amp#8;�L�Z��uxn���˷�&amp#3;31�C]�@e�'d#v�/&amp#17;&amp#16;v�fqvu�w&amp#11;�G�?��8EŸ&amp#6;ܙ&amp#15;�&amp#11;�&amp#18;�V��Yt���v�p8�4�&amp#17;m���z�&amp#31;�&amp#14;&amp#7;&amp#26;�������&amp#14;���;��E�ݎ=o6��V�x"}��M�^y+��d���s�q&amp#17;&amp#15;&amp#11;:�&amp#30;&amp#6;�J{&amp#29;ei�`�5t%��&amp#3;�?�=�7V,H$��-�{�g�	,�'&amp#19;�&amp#2;�Q|h���&amp#15;��&amp#6;� �&amp#31;`��e�&amp#4;0�dy��&amp#17;�&amp#30;&amp#27;�u!�"�����e�&amp#7;���?�&amp#8;&amp#4;&amp#17;���,��S�m�;�&amp#30;���9�xo�w�&x&amp#8;����L�&amp#30;6�{�&amp#25;&amp#24;��IAt�j}�,�&amp#25;&amp#6;�ͻ�,--[)��&amp#22;23��&amp#4;&amp#27;&amp#0;���0Q�V&amp#22;�.��+�A_&amp#14;�&amp#15;!���&amp#15;&amp#2;�W{�:�B��G��g/&amp#23;T���@r�zG�&amp#1;��_��/�|(3&amp#28;o&amp#0;&amp#19;XgyI�L�~������O�$�k�����,8�8 ��o��}]zG̀^'�c�G�N3��&amp#3;��=Y%�r9,��%�3����;�̙&amp#28;������v--�q&amp#14; ��鰇.�����)L�&amp#2;��W��R�&amp#7;&amp#20;��8�]&amp#27;(w�<K��&amp#4;#��%���"�<[�/%�i|̯c|�&amp#31;,,F[��&amp#8;~�-�,qr�F&amp#31;;)���y&amp#15;&amp#17;|q��&amp#28;�&amp#1;�yl&amp#23;��&amp#24;�e�<�&amp#29;/&amp#18;��x8:��p����&amp#0;&amp#25;d�>&amp#5;��:�&amp#30;+�&amp#19;�06��>�5��T_�"&amp#19;�m&amp#28;&amp#8;[�e����&ud���&amp#17;��c����~��,L�&amp#18;���.��&amp#24;�"�6x=�]&amp#28;&amp#29;�G.&amp#12;]|D[���Gӄe"�hY�c���{
�X&amp#15;>����>&amp#18;���(}����_&amp#22;�o�'&amp#12;ǥ��O,>X��8yz%�<&amp#27;�7���{y�'����x�8��}��<��Yd8N{yᷝ��g�7�3��Fլ��Nq�A�i3�w���n&amp#23;<��$�7h��� �blSg��K&amp#6;HG&amp#8;�_&amp#4;8&amp#22;Ag#�e�t����m۠���g��/�	�rX�B&amp#19;&amp#17;��o��=�7o�&amp#15;6��zG{�N�E�&amp#11;��>���+�&amp#22;l&amp#15;#p�"|���&amp#16;>C	&amp#2;�8�[b<��K%�3A��e����yx��92=]L'�&amp#30;8&amp#8;!0��o9Ų�S�^W�&amp#27;���p2��2	���˭�ӈ�&I��c�2�����Y'&amp#18;���y��-2&amp#2;�wy��8�0�-��g�����G�Q�Y�	:'��٢&amp#6;�&amp#1;��!u`� jw���F���΃d�<	^�~���&amp#7;���*O���|�ϐ�X���c�&amp#25;o&amp#19;��&amp#31;e$ۜJ&amp#30;A&amp#4;aj%q���g&amp#12;�.�Z�Cˣ�v��N�&amp#26;C�'��R��e6������,�&amp#24;̸&amp#18;3����&amp#0;&amp#11;&amp#8;O��S���&6�=���"��a;��ē����&amp#22;l/�gx��I�뒖�e����&amp#31;�`~���$�&amp#29;F&amp#16;&amp#5;ն�d_z�P=��Jl�ݗ�&amp#11;�p��A�;oq�&amp#7;&amp#0;lI���f&amp#12;&amp#16;,���8=X�'f&amp#15;&amp#17;�K9/]�P&amp#8;&amp#15;�������N�Y�麞&amp#3;8���{&amp#17;|�&amp#16;�&amp#27;w&amp#11; O&amp#4;&amp#25;>�&amp#11;�������L�9��!�����	'7�&amp#0;�d&amp#28;&amp#29;�fݹ?�y<pN&amp#12;&amp#8;�d&amp#25;&amp#6;���c=��g&amp#1;�G}�WG�V&amp#11;9��ua��&amp#18;g&amp#1;�1&�	X�&amp#15;�ؾ��jjB���{&amp#2;��_1��!?/�g�&amp#31;ŗ�&amp#15;�O�L�9�"&amp#19;���Є��m&amp#28;���v&amp#14;��&amp#17;y�Vcv��o�V�K�Jx���&amp#11;o-��$&amp#17;�c�&amp#6;�ϜAa� �&amp#8;��8&amp#29;�����j��z�!ݜs�Q��&amp#20;g�r�&amp#14;&amp#14;�~]�XC-�x��&amp#14;Q�,��l�z����8�m30�&amp#29;���ep�&amp#21;����cmP����&amp#22;y �,/�t���T��~-�H�O�i��&amp#31;:&amp#0;�O�~A�&amp#3;�&amp#3;��\��'���y&amp#15;>,N��D&amp#16;��S���8�e����I)��e�qu&amp#15;V���&amp#21;�{�^��ާ�s�z�M&amp#27;6 ǟ�S�r�|�&amp#23;a�&amp#14;�ce��&amp#31;�O�>As�&amp#18;&amp#17;�e��1&amp#19;&amp#28;&amp#30;�8D��ݎ&amp#28;oQ��+��&amp#24;�x�&amp#7;�]%�&amp#29;,&amp#29;���m�ȠB�g.�ö�P!�8��ËY�ɘ�7���W�E?$'�O��,&amp#28;zr�&amp#3;��ei��&amp#19;��p=r�<��񎗋�V��rVpݼX��=��t�q��a���ێ9�l��dz]��B���w-e�&�/r���>ɖ�g�&amp#6;�&amp#18;�����}�&amp#8; ��8c��Y&amp#5;�O&amp#4;.˦�í�&amp#25;��&amp#6;�pX�l���#��X���c	�s�n�b"&amp#24;�G��Ҳ�Ie�r��fF^&amp#0;&amp#31;$�L�8|N�&amp#22;_Bն�s�&Ye�g	u�u&amp#30;�_&amp#24;�8��%�i�v&amp#2;ˇ&amp#4;����浞�&amp#8;g�&amp#12;m�-�1�f�\+&amp#4;�$f#�dl�i��æBu��H7��&amp#0;�d�4&amp#3;��&amp#31;az�r��d&amp#17;�oQ��&amp#7;'!���#�&amp#30;�du�<���)��S9t�&amp#1;&amp#2;c��K�uI!E��ɱ�&amp#12;�mgp��&amp#0;|O�׀���i�#e�&amp#1;�F�`|���x&amp#8;:���s��7_���/��#{�n��F[)9�&amp#27;"�Y�&amp#23;\&amp#14;x2.��&amp#27;�?�+�;�&amp#5;m�u�q!���&amp#25;�r&amp#23;�R�p&amp#26;�%�4NQ����&amp#16;>��|����t�&amp#24;>��A��&amp#31;�&amp#23;�<}�C��&amp#30;���ɷ&amp#6;	q�vOn'��tn��w�&amp#21;�p&amp#11;dw����ϡ���w���?&amp#25;�OP�r;�3�A�&amp#26;��N2���P�u&amp#5;�]&amp#12;�NQ���Œ|�
�pm�#����&amp#28;��WI�s�qtpko�8�0$��&amp#16;�|��-���*����ވ&amp#15;&�o��u���&amp#14;��&amp#1;gh��g�R_a}���&amp#23;���2����y/�=&~��&amp#21;��'Ĝ&amp#14;�+���F�Ѐ�����&amp#0;G&amp#7;�&amp#3;�&amp#15;��ۋz�*�&amp#12;�a+��X&amp#8;�&amp#6;߾A:��<�y,�&amp#18;�W&`��&amp#31;#�^�F&amp#24;���/�e�&amp#0;�&amp#4;��E��fy��&amp#29;2Q�0�&amp#15;�^#�:����7�uEx/~eԯ&amp#31;��&amp#28;�&amp#31;�?P�+�&amp#18;e�&amp#23;�,������8�A!&amp#22;G7�&amp#18;D&amp#15;�>Â�2&amp#4;�'s&amp#25;}&amp#17;&amp#30;O5}W�_��&amp#4;��%���P#�&amp#8;b
&amp#7;&amp#6;=�gx���G&amp#22;&amp#28;n�&amp#29;�H��]�,m�&amp#7;�+'�m��ctb:��x{&amp#16;�L�&amp#19;˺8����&amp#15;�~Pn�Hp�2��Y&amp#30;�^+&amp#16;����&amp#15;�&amp#30;oV&amp#15;&amp#28;&amp#15;9栝I�!&amp#14;&amp#3;��e=px����^#g4`�\&amp#5;6=��q�R��]�2&amp#15;-���gf?8?!|��atZX�f&amp#12;�Mܔ'�ػ�N�Cޣ ���}&amp#21;��_m��.�&amp#7;��&amp#1;�C@!�_��&amp#22;??�8&amp#28;.�r<�&amp#23;m���co��X<{ۤ?���&amp#0;
N�D�@1&amp#28;$&amp#15;�|_�&amp#1;'�&amp#3;&amp#14;&amp#5;x���&amp#30;7Hv[��}�q7g����]&amp#23;^0�uM���]&amp#28;ox����&amp#0;�1�t�p:��&amp#6;2�\�&amp#0;!&amp#24;A$W����wW�&amp#6;�/�
�ZA��&amp#11;�&amp#5;��ռQ �'����&amp#23;��4�>�ڐ�t�&amp#15;�:�m��%��E�ǳ&amp#4;�a|_�&amp#19;�&amp#7;�'�?!,Y��&amp#31;�&amp#14;��yy��&amp#0;&amp#20;�cd��ċ�i
Cec���3&amp#12;��&amp#17;�&amp#28; �&amp#24;~G�&amp#3;��&amp#16;�&amp#0;�&amp#29;���M�&amp#2;l��è�&amp#0;"��Fض|���&amp#12;��&amp#8;�8Yg<'�&amp#12;�W���/&amp#23;���I�y�������$�Y&amp#28;�D&amp#3;&amp#20;Q1fI��7�>;��������&amp#18;�o��6��>W�~&amp#18;U�'�&amp#25;�xS_&amp#0;/&amp#6;&amp#7;�&amp#3;2&amp#2;+3��,��g!�&amp#1;���&amp#30;!�n�{��&amp#11;&amp#31;�'&amp#18;),�ۇ�&amp#31;k&amp#16;q���8Y`�Tq��w&amp#14;O,�&amp#0;&amp#0;&amp#28;�&amp#7;��&amp#16;��&amp#19;e�73.�ct��랉t�_ƛ��㇧�v�&amp#24;��&amp#21;&amp#28;�&amp#25;��%���鼗�!�ɣ��&amp#0;&amp#27;��~B�(rﯛ�&amp#7;�_l�o*�5&amp#29;&amp#14;~;�,&amp#25;��+͞�}����h�/�?������@�Wf��?!Í�>G�~hO�8�X�&amp#19;,�&amp#14;&amp#12;�x��q��Ge�w#�8,�w�gg&amp#28;%WvvL��ǥi��&amp#30;=\a&7��<�c"q�2K�&amp#30;%ǁ�� �Ÿf��&amp#6;�&amp#3;�r�,#-Cn!�x��ީwoR�\=p��k�������]R�WH%�%�&amp#17;&amp#1;�f&amp#4;O0ك�|������G`=_Z?�ྡྷQ���o	��^K�/���&amp#18;�3&amp#27;
				u&amp#1;�&amp#7;��X��&amp#7;�+%�"�,�[}�8�fX�&amp#22;�p�8���x�&amp#18;��ǎD���ad��Q�:]�F;���ż�P�㈒�%�:���WG��9ȸ&amp#27;;&amp#25;��Y�x&amp#18;DE�.�&amp#19;�s���&amp#12;���]p|��K�'O	ckY�U�&amp#19;�2g��&amp#15;����&amp#4;&amp#18;,&amp#31;d�o��/���4&amp#26;R3&amp#14;্�N_�߫�|k�&amp#17;�Ȩ�g�3x@����&amp#16;&amp#22;l�Y����&amp#24;�&amp#22;M�L��K9^,���&amp#4;Õ�&amp#0;p���c�<2����,u����&amp#26;���p$[�ϲ�ӍbLedh�8�aԖM����wx/&amp#16;Y�G&amp#7;�3�&amp#2;аY�7&amp#27;���=a��%�̶%�&amp#4;&amp#3;�����&amp#22;}p&amp#29;Jz-��Qwc�!&amp#23;&amp#16;~q�&amp#25;&amp#7;�&amp#7;&amp#3;&amp#7;Ì��O��|&amp#1;=���&amp#26;O&amp#23;&amp#17;�{ZJ���	�G�|g�/��}��y�0 |#;�ϑ��18&amp#11;,�&amp#28;���e>����9&amp#4;&amp#28;7�3��y�&amp#23;�<�+���'I.�4���M�q&amp#25;ŏ�f�
ǭ�&amp#30;�!�H�x]�a,�|�Nͷ�&amp#2;�8�l��d=&amp#2;&amp#8;�1-M4C�Ֆ
���;�n&amp#30;O&amp#2;)&amp#14;쓑�n��[�'|���&amp#0;&amp#25;~�~H|dp&amp#3;Bx�@��LDE���&amp#31;Y���_��ɽOO;��pV�X&amp#29;?I���&amp#16;����o��&amp#18;��&amp#6;�������&amp#15;�!�b�&amp#3;�I�E'�&amp#17;Hw&amp#28;'\T��,y&amp#28;�����p�y&amp#5;�c?&amp#3;Y��v��-K�����wD&amp#28;zݷD�R�&amp#24;�tq;ˬ��&amp#26;z/�G&amp#19;�0~Y7�TJ!lˮ/r�%a&amp#22;�<&amp#20;�&amp#7;-��
�H&amp#5;�0�x��S�@hZ�p��A�x�Ok~X8Y��/&amp#17;&amp#4;wi��`>��&amp#31;��?,_!<f��)y��Ä!�&amp#11;�k�$́⡧�e�?&amp#14;d	�&amp#7;��!|���&amp#0;0&amp#24;,��&amp#18;g�M�b&amp#16;�����q�<&amp#28;p&fY��<��G���q&amp#2;ɦB��wo�WU�&amp#31;�&amp#24;�	�u&amp#28;pr�ez�t���,��Ǖ�G�&amp#5;�g&amp#15;�l��%��&amp#27;���>! 9Ï�E��dU��dߤ�@�[ �&amp#0;P�8&amp#16;8P'q3��h&amp#20;�$å�6d>���;D��O�g���:�[�/֟��$G��d�6&amp#27;��C�&amp#4;&amp#6;&amp#31;�?�&amp#16;BEn,Y�)H�dIǤ�A�;{&amp#7;&amp#8;&amp#27;.���9&amp#24;Q&amp#14;���;�3r�[�-�\g�񻼺�&amp#18;X��&amp#21;&amp#27;�o���&amp#0;��`��VHFX�q���!�&amp#17;���KD.&amp#7;NS�Hै2a&amp#24;�:��d2��S��8�W�e�z�&&amp#14;�&amp#31;���q&amp#4;;l&amp#16;&amp#19;&amp#6;���&amp#5;���0����5�F6����&amp#6;���ΆR讉L�n�|c�~&amp#11;�Q�`�����W
&amp#7;�<A���b�f8�e��&amp#17;����K����sx	�K�>�&amp#0;&amp#6;&amp#27;"�&amp#31;�&amp#29;&amp#19;:��S7����,��g&amp#22;C�-��D�&amp#4;p&amp#26;-&amp#28;&amp#0;q,&amp#4;���&amp#1;��&amp#0; bA՝��^�`t���m�軮��w�C�_���q}�&amp#19;�`���$:�=p��&amp#18;�ׇJ�&amp#31;#O��&amp#24;�S�&amp#3;B�8�3g�e�U&amp#21;�^)~��Z�g�q�/�&amp#8;�&amp#19;z������&amp#16; �"e�d&amp#22;9�8l�&amp#28;;m�˻ő����-ǉ�s^&amp#31;?�3��w���ͩ��.�<#e�Ie�c>�&amp#15;&amp#17;�&amp#8;H3�����&amp#7;�&amp#11;<q#� 6+;&amp#28;vlP̺x�FDG&amp#17;�d����$�c���&amp#25;L��g�&amp#17;�1c&amp#15;l&amp#23;�&amp#6;�Y�ݴ#���&amp#7;D���Hd�m��F&amp#26;�^�k;&amp#2;�ըN&amp#26;&amp#7;ְ�`���`��&amp#15;ɟ!���@�&amp#23;��"���&amp#2;(1J��<&amp#14;&amp#8;��pILl��ѷ�<6e�&amp#7;�2&amp#30;&amp#18;�/B�l�����s��yl��{��y�qe��&amp#2;&amp#22;�<6��&amp#0;&amp#4;+9�&amp#5;n&amp#17;&amp#12;�o�?��&amp#0;��&amp#0;w���&amp#31;����&amp#0;v?`~ߢ&amp#15;�����?�?`~�~����&amp#19;�I,�c���؇'뾔��_l~����:e��&amp#5;����Oo�&amp#19;��~Ǿ��/؂��]&amp#17;&amp#7;�j����F�#�S�rh�ܨu.�&amp#19;�4�:�i�qaCa��C&amp#8;�߀�v��`�p�&amp#25;�-,Y��e~r9fYl��e�;v%+���x�|&amp#30;&amp#22;�&amp#6;e��fL�$̢{�_���LO�}[��8��
�&amp#25;ͱ��'�Y2O&amp#26;�����������߻�w��&amp#14;(�>�2�p`Z,�G���p��M&amp#14;&)3&amp#6;&amp#2;&amp#11;�6f��&amp#11;�/�>ߺ&amp#14;&amp#8;?�~����o����D�I��p�:�M#�&amp#29;&amp#25;&amp#14;�PN�p:��&amp#12;�&amp#26;ݠ.��d.�N۷v��^��`NI�{(&amp#15;���&amp#23;�&amp#16;,>���b{�갲����Vp꽸__��&amp#15;s��H��N?S�e(b�Cm�&amp#16;�J��ݗG&amp#14;��s&amp#1;	&amp#3;�&amp#20;k3�H�&amp#3;�y&amp#22;O��$�&amp#25;����O;m��&amp#7;&amp#3;�yG&amp#21;�^kx�ys�����L'r/�&amp#4;���/��i������Smp��))Ƿ&amp#12;E�c�Z&amp#11;&amp#7;���&amp#2;�艓�&amp#30;��&amp#22;�Yj���m��Bs�&amp#5;��rK&amp#8;�L;&amp#16;]8&amp#29;~�}���&amp#0;[�n�o��{��LP��o&amp#24;Y[o&amp#1;��&amp#29;��^�|���e�B7�&amp#30;5X1�q=x�Ѕ�-��&amp#7;(���&amp#29;��â���'�;�g=��&amp#30;�`�~̃������l�����&���z��G�vq&amp#8;R��X��&amp#17;&amp#4;l�cgvOb�����%�m��~p�k�@�F��s&amp#28;Mu�;��}7�&amp#22;�&amp#19;&amp#14;&amp#18;&amp#29;o&amp#29;�&amp#11;&amp#8;�&amp#6;븆��%�&�4B(��6�ݛ��3�#F�&amp#25;$���&amp#0;i%�0&amp#11;��z�n�e�M�e�l@��&amp#6;�&amp#31;D�x>@b9���˫�ٜ�&amp#30;&amp#1;�#�!���e�lȞ#S�W&amp#11;1�&amp#18;�'�&amp#31;���&amp#3;����e����&amp#16;�&amp#0;m~�;��&amp#7;&amp#27;)f|�&amp#0;�o��Y���	w.&amp#17;��&amp#15;����&amp#11;Oݸu&amp#11;�ο�*r)|`Hј&amp#17; �`,�D9;�.��&amp#30;�c}I�8&amp#21;�k���Z�f2]&amp#25;Z�&amp#2;���1,u�Y�&amp#31;#�w�&�V&amp#12;;�,x��ݬ��!~���%:F&amp#23;[� 8q&amp#28;OT&amp#1;?�qnpYx�����&amp#0;�&amp#22;w�0�c��&amp#0;) A��w�3��=޹wG7/�$v���k�	���Ջe�3w�w�	�Ƿ���P��&amp#0;&amp#15;8�ko�&amp#11;&amp#28;����G&amp#22;d�V�&amp#2;b&amp#1;����t&amp#23;d&amp#12;����&amp#4;h�X�;!��&amp#19;,jקo4{�&amp#28;[-�&amp#4;�D��&amp#16;���ƪ�&amp#25;YY�&amp#30;�&amp#18;�9�6&amp#22;G&amp#6;$�k&amp#11;�l����?�p�&amp#28;���usu�Ih�a�&amp#23;��R�Q��&amp#0;&amp#0;t]�0� �_��;m�&amp#17;&amp#23;ķacv�y]<&amp#27;&amp#12;���'�&amp#1;�I�~^"}��/w��<�&amp#3;q�&amp#26;_�9�h�&amp#6;&amp#30;G|���+&amp#18;X�&amp#30;���˿���.��&amp#16;��&amp#12;&amp#28;�&amp#16;	�}&amp#14;F��`;sw@�Q�e�̊��y&amp#0;a�$x�P�\���}�C�&amp#11;����&amp#4;�&amp#11;��A{&amp#11;w��w�&amp#28;a�8u�]^'٢�Hp��&amp#7;���a�&amp#31;��ܦeŹ���s�&amp#31;���&amp#30;�.�&amp#31;Q-����~�Ͱ�������bӇ�x�&amp#8;q$�ɪM�D&amp#20;&amp#15;&amp#14;��~G�&amp#1;�&amp#31;�?8s&amp#6;�L�&amp#0;��t��\'&amp#16;?!�!&amp#25;,���o�����&amp#25;h�lVl~p�&amp#0;�_�>_��	O�P�&amp#19;'�&amp#16;a&amp#7;&amp#0;Ȓ�Y�=�G��H&amp#5;�g&amp#1;DY�:J�&amp#31;&�&amp#3;�:�^�!tQ�&amp#8;�����,&amp#5;&8q�&amp#16;�h�1�޼�k&amp#4;I�&amp#24;@�xm�&�&amp#23;&amp#22;��껹L��&amp#20;���O٘��~yn/7W&amp#0;�胇�.�g^�;ǃ��q<���þ&amp#2;�`����zDFq5��-�Xc����P&amp#31;#�� �zZ8�ǭ���n:�����&amp#24;&amp#11;&amp#28;#&amp#22;;�s�:p?��&amp#0;&amp#27;�#6&amp#23;�ݡi�m���P~G�&amp#7;�&amp#31;�&amp#31;��G�	�&amp#12;&amp#17;ی�&amp#22;B��=d/���}+�&amp#31;�&amp#0;�$��dt��&amp#20;1S&amp#19;�N�aհv���*v�Zĵ"ƨXLu�<z���֕+�6)��q1����[&amp#22;ˮ&amp#4;���O^&��Ϝ\Z��ǣ��_&amp#6;wT��֟�&amp#17;3���?&amp#0;&amp#1;�������8&amp#12;&amp#2;Uw�'%܁P����&amp#7;��П`����&amp#0;Y�&amp#0;V�&amp#27;��y;�|�#K��[%�&amp#2;��s���c�ˑ4_�g��&amp#4;]u&amp#7;�?�?,~A��ps��</&amp#11;�'Y-'?�8n�q6�����7o��BCtJ�I�}d��)�,6�#@�&amp#15;&amp#15;&amp#3;&amp#21;`�o�B��`R&amp#15;G�&r{O~%�ē�#ɝ&amp#28;G#�m�޿��&amp#3;�&amp#15;��b؄u���Ծ ���@�/�&amp#25;�/�r8������&amp#21;���J��<&amp#12;��o&amp#11;��_��m��&amp#15;f#Ŀӈ�&amp#2;a�&amp#16;g�&amp#15;8�y|��&amp#3;|�&amp#7;&amp#31;\�&amp#15;	I��1&amp#27;�x�����캣�r&amp#27;&amp#4;&amp#6;/�!��.	.�`�e����&amp#23;d��#&amp#26;�
6�f n��]�]S&amp#2;��F�\S��&amp#30;BQ����p&amp#6;Y�&amp#29;2&amp#27;�VTR&amp#16;�b#]����c���������M��qm���&amp#8;����vW]�����&amp#0;��x&amp#30;�EFEe g/�V&amp#23;^&amp#8;9&amp#25;��]��Ӈ�rXlx&amp#17;(��&amp#31;�2����+��R��i&amp#28;w���&amp#0;����>X�L��&amp#5;�Y��A&amp#5;�TJS�Z&amp#16;Eę=^9��ll��p�}G�w�yZ��sd�&amp#5;a��D&amp#18;c��}�Ȣ��l4j&amp#18;�S�3&amp#17;�`$&amp#24;�+L틗D�0&amp#8;&amp#19;�HP��l����,�&amp#28;��&amp#16;&amp#27;�&amp#3;&amp#1;����򑑟y&amp#29;	u��^ڐfȁ~_��~7攱���,��h6�<ud�1±��&amp#1;�������:�{p&amp#20;��N�n���
���zm����/�R?����MxN'~O���&amp#8;�&amp#3;�/Kw�}&amp#16;&amp#2;g`|_������K�&amp#2;?�&amp#7;	�ˀ���u1������:��{}G�u�r&amp#16;����{&amp#1;�&amp#18;p&amp#8;�fB1�&amp#14;�|N�L��ѳ��&amp#4;aųNAn1S�fXmW&amp#26;r�,&amp#11;M���%�+&amp#0;�l�&amp#2;�%�:�61����}�7��",V/�G�~(�&amp#0;/�&amp#3;��y	&amp#25;&amp#1;�_e�$&amp#27;x�@�`Y}���&amp#0;i����E��&amp#31;f��&amp#5;�7ԿW�tO{��d�pt��q�&amp#12;�2�U��&amp#14;�s�Yg�g&amp#2;&amp#25;�N�LN�&amp#4;��O��B|��&amp#31;���&amp#31;�&amp#1;��0�&amp#5;�&amp#30;��C��Q��}�|�wg&amp#19;F����0���8�3&amp#18;�hl�&amp#4;�>&amp#26;hѤ��P��Dq/�/�;�f��"&amp#27;&amp#2;o�/",�&amp#3;�.���@a&amp#24;l~�\�,*b0&amp#8;t$��{i�q[���U2=���2��0���&amp#12;&amp#28;&amp#0;�&amp#2;���&amp#2;&amp#28;0�Β�&amp#0;[&amp#19;�&amp#7;�/��L&amp#15;&amp#0;��d&amp#7;��X�&amp#0;w��R�]3�w�Xq<&amp#12;�K'�y��޼&amp#22;p8&amp#8;C�s���	38�&amp#16;Ĉ���?&amp#23;�
1<�"��&amp#11;6�?)&amp#15;����O���]'&amp#6;&^&amp#14;r�=&amp#26;=ݶ׋W�&amp#5;���x⡠c&amp#8;G�=���=&amp#7;&amp#8;o�պ�3b�H,�&amp#29;&amp#24;��X�&amp#30;*\n�&amp#4;��&amp#14;J6L  &amp#6;�$q޽y�8����&amp#14;dؗ��&amp#17;$����&amp#6;X��&amp#17;����&amp#3;�&amp#3;�$~߮'�߶&amp#15;m&amp#18;�?���sņ{t�&amp#1;���~��e���O�e�e&�f�O����lO�8@����0�t/&amp#16;��?�&amp#16;�9�&amp#3;3�(�N�������:�&amp#29;A�&amp#22;�*�����d����at&amp#31;�INm�g&amp#1;�:a|���F[<#	s�>�{K��8�&amp#28;�u.��&amp#28;&amp#5;�y��x&amp#0;HɄg!�&amp#29;���&amp#11;&amp#11;U�꣪�&�e��,&amp#25; Z����5\A�V��&amp#22;Vt��m�mw�`Lޢt��&amp#16;��&amp#3;�&amp#25;�s&amp#5;:c]0�DGO���w�78&amp#15;MܘO�i��i�j�jծ&amp#29;ݑ�%�&amp#14;��&amp#24;_�G�\�|��o;:��jw?�&amp#31;�&amp#8;&amp#16;����_�zo&amp#16;�amz"0�y+�&amp#29;(N�w��Y�a�/���
s3&amp#4;��d0��螋"�c�&amp#23;\G�s^�]&amp#28;��=Y�&amp#24;�s�܎����iE�1�ۍ��&amp#22;&amp#29;j&amp#16;s�	�>��&amp#19;&amp#21;��!NY�q��&amp#24;��&amp#0;C�:��@&amp#8;_2�yy='g�����d�K&amp#31;�ޓ�&amp#1;��?9�������e�of�eOb�9ǎtZO&amp#23;��	�d?�X��&amp#0;&amp#11;w�GH��zg!����̱��Hr8�M�&amp#0;Yݭ�oeo(t���v8?�r&amp#4;&amp#22;Yd�[���.Vr0�]O�5{l8�&amp#6;&amp#15;�| &amp#23;�&amp#29;����&amp#27;[L0�&amp#24;�&amp#23;��=ez�&amp#15;yVѩ&amp#11;E�&amp#12;��&amp#11;~2B����'�&amp#14;�P�&amp#6;�ŹQ�4H�ah!��&amp#24;�&amp#0;�i&amp#30;�&amp#12;d�A�Q>�c�&amp#21;��Ea*����q��e�e�Ig&amp#12;�yv�3c}y��J����D8ju.��,<~���&amp#19;&amp#2;�E�
1t&薇��=���&amp#8;A&amp#30;Y�&amp#18;VY<K�� ����-'&amp#30;��'=xq�G���������.��&amp#14;&amp#22;&amp#27;�}.��&amp#8;�Z��@L&amp#25;-b�"��&amp#23;&amp#16;���&amp#15;&amp#23;]��&amp#29;�&amp#29;I��P�\ �8�01E&amp#21;�ź�V�;&amp#28;�<��=
&amp#8;V�o�Ê��&amp#7;!�7�юG�&amp#4;&amp#12;&amp#26;�&amp#25;m�y:]���wm�p����&amp#1;F&amp#27;�g�6Ϝ��9��&amp#27;28�1嵌�ݗk,��;�%�^?�7�ֺ&amp#17;�&amp#4;�'x�$i�N�y'���C��c�Q��cd&amp#22;D�����LO�mh^l�qxY�ܻ�؀p�
&amp#31;��&amp#8;��Ɓ7��&amp#25;5	�n���&amp#11;�J�.�۫������&amp#1;�{���&amp#7;Eܻ���/&amp#18;�K����b�Ŗ#�\&amp#29;P[{�2&amp#2;&amp#1;l��Вv�#R���)�(�&amp#18;m&amp#20;]���`H&amp#3;q&amp#3;�&amp#11;ֆ&amp#25;�6��2b%�z	5.��0&amp#7;&amp#2;9ɀ&amp#16;&amp#20;��2e�Xub&amp#12;�ß�&amp#30;mؼ]&amp#12;���`t�!ט��מ��&amp#6;��&amp#8;=�N�^&amp#6;a{a�!��n�&amp#23;L�&amp#0;&amp#17;O86�R�:p�&amp#0;]X�&amp#29;���&#����V ��ξl=뭀&amp#29;B����&%��]Q���v&amp#16;q&amp#8;�<G��t7C&amp#30;�&amp#3;�شb��&amp#2;0�9� &amp#16;xq�G &amp#19;��?�&amp#23;<&amp#25;$Ǘ�&amp#16;5�p�K7M�-�%���&amp#24;��=�H`�S�(=&amp#21;�9&amp#7;۪�EoӜt9t�&amp#20;2C<�&amp#12;��c�&amp#31;�����&amp#0;�&amp#11;�m��Yg�&amp#2;t���zJ}o.>l��(&amp#7;�N&amp#6;fr/&amp#23;U�����L�u�Y�}�]&amp#14;���Lfb1&amp#12;.�y&amp#6;� ��5�8'&amp#6;��$� �&amp#31;�è�dk�@N��\/���9&amp#6;���&amp#4;`������L&amp#17;�>�2�<����e�K�ߪ&amp#4;q����s��ֈe���3-��&amp#5;�&amp#4; 3t�5&amp#14;�nC�}_4x&amp#16;�&amp#27;&amp#3;&�~_]G����&amp#1;X��2��P�>�-v[+)Y�dnK)%�Ԓ���D�p�������&amp#28;���k\�&amp#23;&amp#28;&amp#0;,�8,&amp#25;&amp#23;2b�A�*,��N�>�&amp#5;{Jk���&|5?R�&amp#19;�ЗN&amp#3;�9�H����&amp#26;��9gc]�;���&amp#17;���&amp#3;�.�v����&amp#0;K����`� �n�&amp#14;� �&amp#16;��&amp#28;!��0�&amp#27;&amp#27;ҏ�/����(G,�N�K�r�Ԓr,RvW[x&amp#23;]��&amp#12;���S�H4cP͸��&amp#11;�g�����:��l0D�&amp#4;E�@�u�ܡp�&amp#8;&amp#7;P	�&amp#19;��'��E�"&amp#27;�,6^y)�E)&amp#28;8���&amp#27;�c��&amp#18;�^,I���s�L˽�&amp#16;]�f=o67в&amp#14;���=�]I�ܮHO&amp#1;�0&amp#25;l.���8B˻5]�&amp#19;��3qx]&amp#22;�����&amp#7;��&amp#26;�&amp#27;�t�g�h�� �&amp#6;L&amp#14;��&amp#12;�n����܋��/���n����,�&amp#8;F��&amp#29;&amp#1;&amp#11;����L"=������-5�~�Y����$.�&amp#11;&amp#25;Orˤ�.��&amp#29;�&amp#29;^&amp#23;&amp#16;w&amp#19;&amp#24;��&amp#23;v�&amp#22;*����2wԠ`%0�;%�.�kn�o&amp#3; ����0��ԝm�&amp#16;f&amp#28;O5�e�u8<�<�=p`�3���Xuwn��76��g��&amp#28;&amp#24;8&amp#1;�/&amp#25;�q4SZ����n�ybxbN2N-��p&amp#11;�&amp#4;�m�aX�&amp#4;:�C��u.�K����ݶ��u��卍�&amp#19;��&amp#17;�ߺ���������|�&amp#19;d�&amp#14;&amp#19;�N���&amp#8;p&amp#24;F&amp#14;M�#�Qº^!�e׃&amp#24;Q�&amp#14;"Pa2 �{�s�x��\�ru��D0żs�I&amp#11;mn�;
&amp#19;v[[6&amp#4;ۗd�+���6%0	k&amp#1;&amp#2;fH�&amp#30;&amp#14;a�=�q`6�&amp#7;m�bE��&amp#22;"���K��[������<~�3�&amp#0;�\���vA�&amp#24;Kg�G��,�&amp#20;��mK'�tAI�{���y�&amp#16;��:G���~	��D�HЋ"�&amp#1;��6��g_ؠ;��]ۗAt�\>�&amp#24;�9&amp#1;��p7�&amp#31;K�跏k�����y���J&amp#28;���&amp#22;��m����$�`9NK=�&amp#26;,;n���&amp#20;q&amp#7;��&�z�E�&amp#19;���&amp#21;9GP)gN���u|�h�3��"1`&amp#15;&amp#15;&amp#5;&amp#8;�"&amp#11;���&amp#31;l���Qx�n�&amp#25;��&amp#0;t��&amp#6;<���.�S?��M�&.���6�y�^I�Ի�ot�fy���a��:���tX��&amp#17;&amp#30;���x�&amp#31;�y��NU��>�6�&amp#0;&amp#22;��
$��z/E����/+V&amp#4;(��0�&amp#17;�N�������!	&amp#1;�r�oO:&amp#0;_V��K���6��C�� >*�8Y�&amp#27; Gp&amp#1;a�?�&amp#8;���#��!���&amp#16;&amp#22;���	]s�g�z{�&amp#12;�=�8�:VE&amp#1;[u�&amp#29;]6�i&amp#26;��J��;�g��|GKY�˯&amp#14;&amp#28;:��ˬ��'_.�,~[��Ξ&amp#22;�u&amp#14;C�E&amp#28;S&amp#29;�)�8�Bl&amp#17;X�&amp#18;�|^&amp#16;���.x�#�:G�Ãw-��yu�$��&:ⰹt�&amp#6;�=G
z� &amp#28;&amp#28;��u�씥��O&amp#6;�&amp#22;�{K�cL�o&amp#27;��b�qt�&amp#20;��&amp#29;a�ʍ�@������&amp#3;��1Y��&amp#17;�&amp#15;���&amp#11;�ᨂC/bO�4��&amp#5;�크�&amp#18;�w�R��vZA���a�MK�&amp#7;���~,X���I��{�.�췲��ׇG�[x]&amp#17;dVH�����8�W��&amp#30;O�&amp#7;\������b&amp#29;Y��]D��B#�&amp#7;\&amp#7;��&amp#30;�&amp#7;�ͺ&amp#19;`&amp#23;ZYL����농*�&amp#8;��&amp#18;,�?&amp#27;�E|�yh��F1&amp#22;&amp#19;�,���a�tY+x����&amp#7;W��,a�βݝ�f�&amp#0;&amp#16;&amp#6;��u.�D�&amp#17;/'H��'[��l4��tN���v@��&amp#14;�ې&&amp#24;��w�&amp#5;�,,q&amp#11;��J�j�7]et&amp#28;.���7�9��sή���׍պ��Xr2#�&amp#28;&amp#8;��]��/&amp#4;C��z�&amp#14;&amp#24;C�|B&amp#8;}����p���ʽ�5�+�&amp#14;�&amp#12;���G��B=p&amp#14;�t]&amp#16;�=7Kj&amp#22;h��&amp#8;�#�"Ȥ�Z�r&amp#25;�/�����~C�Q&amp#31; �!&amp#14;�&amp#25;���D)��&�uw��}y&J�E�&amp#12;�9A��+9�a��aw�z^��&amp#22;;m+� &amp#19;`&amp#14;��&amp#0;&amp#22;&amp#3;�ro2.ݖm��i`m�&amp#7;|Y�h&amp#25;t���&amp#25;��f��	&amp#31;q&amp#7;�&amp#14;
ӿ&amp#12;��;���:&amp#25;�&amp#4;�&amp#30;Cy�s:^r���7�-�&amp#29;�)t^&amp#8;#�=�8g&amp#4;�|�<��&amp#27;��&amp#21;7�[b,�$�9a��&amp#17;�&amp#8;z�&amp#23;�B�x<B&amp#30;�(]Q�k�q��&amp#8;,�&amp#17;��@k�ߨ�����,u�&amp#17;��r&amp#17;&amp#22;r&amp#25;�&amp#12;p:�����c&amp#12;&amp#6;O��>�'�����&amp#12;p󺮉���>��r�LJ��xK/�&amp#23;��C�(@&amp#1;������Q�&amp#30;&amp#20;=�t��q���&amp#6;]&amp#18;��'�◡8*b�B! ��&amp#6;�nI&amp#15;i�"�#���^����;�;�������}�&amp#30;&amp#25;�$�#��&amp#8;:�|I�=�&amp#8;/&amp#17;�����&amp#11;ͼ&amp#28;Q����v&amp#27;x�o2A�=&amp#23;U�t7��d&amp#23;������e��&amp#30;���q&amp#3;�`�N�&amp#3;"�/�,&amp#22;<&amp#8;G�&amp#14;�H1�x�ˀw�&amp#15;KB]&amp#27;q��.�V�Q�KK�gg!�à�&amp#2;A��f0F��.�!��&amp#27;�&amp#15;=��� Ŋ%@m�&amp#22;d/&amp#6;Ie�&amp#25;�'f&amp#20;�:��<&amp#4;nB�
G&amp#2;<)��vBɦ&amp#25;6[�o&amp#28;yf��^BXL�n�p&amp#29;C�an�g��7L�&amp#28;&amp#7;P���&amp#3;��&amp#15;!&amp#4;=���!;'�̊�e��O��t8�?�]&amp#19;�&amp#29;#��&amp#14;��>�fF�&amp#23;4��&amp#17;�B�f�n�&amp#12;�&amp#17;����/�o->���3�&amp#7;&amp#4;y&amp#30;�D��8.���g2X �D&amp#20;A��F&amp#29;��\3��&amp#4;�J�!7�#��&amp#5;���W�&amp#0;�$&amp#25;�l&amp#12;&�K܃�&amp#0;�&amp#4;�7f��	�&amp#17;&amp#27;�FDA�&amp#17;n�Dy.�C)!��e�&amp#17; �&amp#22;؝&amp#18;��&amp#3;�vp�&amp#24;l� ��`�&amp#0;&amp#20;&amp#28;	5,[��C&amp#25;�=&amp#17;�tX�q�&amp#6;��W�&amp#1;��u|�P�E��.^[萖HG-�&amp#0;�&amp#0;��&amp#29;�&amp#23;�!y�C��&amp#14;۬�/<�&/&amp#3;lr��	]^"�,�1���&amp#7;r<�&amp#4;y&amp#14;�D:�>��zNxa�S�&amp#23;��|&amp#30;��^8]ϐm�x&amp#16;G&amp#31;&amp#25;�H��6&amp#12;!U�Q&amp#30;&amp#0;:���:�����&amp#7;Բ�h��K�@�O&amp#0;�C���&amp#19;ݾ-�����D&amp#6;t�� L&amp#29;����k{��!������&amp#15;\��!���v&amp#23;�Ԍ�;�Ŏ����p���vC�A;.�!��)oDOo&amp#27;&amp#11;�f�K'}���Wxa�&amp#29;��'����yc�&amp#14;�@�,d����B�%���l�&amp#2;�;���9BlH/`�8"=7D8����(�)�3�ǹ�&amp#30;��&amp#22;^��R���ccA���&amp#26;�&amp#26;;M�V������u5v٬/C�k&amp#1;[ĳ���;7�q:�n�?H+&amp#8;��N�&amp#17;��=�q&amp#4;{ Vw&amp#30;��&amp#26;&amp#28;��x��f�g&amp#3;��Y�`�$b�&amp#18;�8�ᾯ�3�o&amp#28;�&amp#11;�&amp#29;O�>�&amp#29;Y<��,��v��/˾L�<�8&amp#14;Y<��oWt�Q�=G��&amp#20;#b&amp#2;�����&amp#5;h�h�����4� ����zwlp&amp#28;�g!��ݸ��'���L��&amp#11;���n�&amp#24;�&amp#29;�Aþ�z"�z���e�B�][@�&amp#1;&amp#2;&amp#2;>�^��&amp#2;��&amp#31;��i:�v��2{Y&amp#29;��#Q&amp#7;V�[LFf�&amp#20;&amp#0;M�8X�&amp#29;d	��&amp#14;][&amp#5;��ӁO�Em&amp#27;�&amp#6;Y?���>���1�&amp#28;9<&amp#15;&amp#26;���&amp#27;����&amp#8;-,��0��^%�:]&amp#8;�����&amp#29;C��0�p�����.��H�����y�æ2�&amp#27;&amp#4;,�	��~۝]۴�}�q��t���uېp&amp#11;9&amp#30;���q�<~\&amp#7;|&amp#30;�l�q�/xw���&amp#22;��&amp#11;2Lgh��&amp#0;&amp#1;����&amp#30;O��&amp#19;&amp#27;��C��>O�ai�>�,&amp#0;�ņ]:����/&amp#30;c�([�J�2bA|-�p��0͌�V���O7�&amp#23;���xy�C��y��&amp#3;�8�&amp#12;oY;�x�&amp#28;.�uz�[qm4�"�D��&amp#8; ��Xޯ�>��&amp#5;�&amp#12;�&amp#27;k�&amp#15;e��y���&amp#11;��%Ѻ8��k���(�ȸ/3���&amp#0;�&amp#29;]&amp#16;b�r�Y�}��A�{C۪�:21&amp#19;w�l8U�/\q�&amp#20;�I�q,&amp#29;&amp#16;���&amp#3;����=�����&amp#0;��&amp#27;���h�1�V	�_F>�1�'y#�s�z��&amp#28;�7zg+gt/3����d��;۶zp!�c�>��xL�q{]&amp#19;�.&amp#3;�r�螱�7�kk�q>�&amp#25;!�R˖^G��&amp#17;:N�&amp#7;M�&amp#14;$�=&amp#19;�W��&amp#31;x&amp#25;���:�8ϛ^&amp#31;Cd�\ߜ7���&amp#28;��&amp#15;P��N���C��&amp#17;tpOx�϶��M֍�&amp#25;3�&amp#31;S�=�S�&amp#15;l�V�ݙy�F��&amp#12;ש��#&amp#22;#&amp#25;܄����ݙ~KN�,��e&amp#1;&amp#29;cgI&amp#21;&amp#0;&amp#27;�Ѽ]�'yE�&amp#28;+S��1<�m��a��R���&amp#25;&amp#20;Ô�Ϣ^]0pw^Aa�eu�c�O���xG�&amp#19;�{â��Ãg&amp#28;��a�|��b��^��/�`x�<a�Gz&amp#24;v޸�\_&amp#18;��&amp#11; ���x
:����&amp#7;&amp#15;&amp#23;�L�b�8g��zf��&amp#27;&amp#8;n��~���C&amp#4;�:��\@&amp#6;Y���}��&amp#22;�北�&amp#30;]!�+&amp#31;,{7�1�&amp#23;&amp#2;���ú������'��&amp#8;�&amp#5;�&amp#30;Ϝ~G��e���.
�s�Ӌ��|R�L&amp#29;Y��]&amp#18;� %㋲�N�C&amp#17;4yޙ�Ʌ��?�&amp#24;P�3��.�y�&amp#2;u�z�#&amp#14;&amp#7;�̼O�1��w{�D��&amp#24;���OL{a�&amp#19;�&amp#23;Z��W��'q������&amp#12;_D^0�&amp#31;�՛.�&amp#21;�]��&amp#19;&amp#22;&amp#28;&amp#27;N�&amp#14;�g&amp#19;���&amp#22;�&amp#29;�Ap�=]|�P��Rӆ��}Z&amp#29;��e�־BC�gD�%<�f�X���&amp#27;&amp#12;8�X�k?���mm&amp#11;��=s&amp#30;O�����1l�2���G�g&amp#0;�dt���Y���&amp#28;��v�Y�&amp#19;o&amp#30;�1���t�lqW��<!K�#��&amp#14;�&amp#30;&amp#14;�"����є�&amp#30;^��=�&amp#15;�vǾ=�vɜ^?�&amp#4;G&amp#12;pt6�ú�/.#;|�Q�&amp#2;�&amp#30;�x˥���T����Y�y��)�B�6c�X走�&amp#30;��&amp#12;�~,��y:�2�G�f&amp#29;���]L����!`�!�&amp#12;	&amp#6;P���&amp#14;ӫ&amp#29;.���=�&amp#0;&amp#0;�&amp#6;<�Gm�&amp#24;@�/�@\u|r&amp#29;�&amp#19;�2)&amp#25;a���e�*�g��{Lߜ&amp#1;�tp�&amp#15;d��d�����a&amp#23;&amp#24;d��6M��j���{���w'���ǖ�n�%��&amp#12;���&amp#1;�&amp#17;�,&amp#29;�8�z�^a�{�&amp#0;	��י��S.�&amp#7;�����ދ���Nѭ̩���ur?����&amp#3;d���ou��q��&amp#14;=Joi&amp#19;�\a�p,�u�"�����r^��H ��:!����I%�W��&amp#29;��ز&amp#17;�&amp#11;{�O�&amp#27;��$���Zݎ3�bL�8�ta��ө&amp#6;��&amp#4;�&amp#0;���Ļ�m-�!�&amp#22;�.���q�y'�&amp#30;�oh�3��ޖ;&amp#27;z�P�&amp#29;Ȍ2^Y�&amp#0;&amp#17;����Bt7�ݓ��8�ilp�p>"��:gr�&amp#12;&amp#19;���r&amp#31;��>�7�=�@&amp#28;_v�o��&amp#0;��e�d���ܟ��&amp#0; �N�%#�&amp#8;�c&amp#23;�m�,&amp#15;�&amp#23;d���&amp#18;.Q�l(^'_!>G�&amp#20;�S`����'S�&amp#18;&amp#21;��v�&[M&amp#18;���v�m��-p��Ӊǋ��^��&amp#23;1d,|G&���N����  	?-��<�&amp#31;�� ����&amp#0;+�@>H~I~Y��K`�%��;&amp#6;r�pt�l�&amp#27;&amp#15;���,��]�����&amp#18;q&amp#5;&amp#18;��/&amp#11;���l��Pa�&amp#18;��&amp#18;&amp#28;p��`�7�j�l$I�l&amp#11;�Y��&amp#18;�&amp#16;�P�[�N}��R��&amp#3;{��/}^݅ཛsKs&amp#19;��?��L�[��]&amp#18;�&amp#4;��Gqu�T&amp#16;�/�<�<�q�ĉ&amp#29;F&amp#16;~ZW��x~��d&amp#17;d���&amp#14;q�e�#cIFԺ-�X#<c&amp#8;K�n�>�&amp#12;цl����*&amp#8;&amp#4;m�@�\N�� �&amp#11;&\��3�x#̶�����.��y����&amp#24;�p&amp#30;B&amp#14;_/���w�&amp#0;�j�u���w|��&amp#14;�&amp#22;:�<�#	�]����'XyN�qM�B�&amp#28;�2z����&amp#11;�/d61&amp#30;���|&amp#22;�&amp#0;r&amp#23;O��a&amp#18;v��L��G}�F�������W�^���%��&amp#24;&amp#17;�K��Ֆ]N&amp#1;�LP���^C3B�]��&amp#15;q&amp#5;�&amp#8;�&amp#1;y��f�9&amp#4;)�/M�y��ݸ��X[�&amp#5;�㥽�1�&amp#30;1 &amp#17;p�:�� s�&amp#11;&amp#22;l,~�������&amp#31;���u�l�1�􅌌��-��n1�][!x�&amp#22;l&amp#16;�&amp#22;C�R�`�&amp#24;&amp#11;3�&amp#3;u)���&amp#5;��<�:�N�+���&amp#31;��T��[<v�&amp#0;l����8eR�_ �=d��y&amp#11;a&amp#5;�n�^���&amp#15;$&amp#7;wR��t4����&amp#22;�&amp#0;���N��Gc�ltN}F+�L&amp#16;k�J'�23�&amp#7;�&amp#23;�'�&amp#17;�&amp#22;X�&amp#0;�&amp#23;���o\M��]��a&amp#2;�&amp#22;uo>��"�Go&amp#28;L��N<���&amp#17;8&amp#28;�&amp#12;��e؜K&amp#12;%����㑑&amp#15;��'����&amp#0;��&amp#0;r�&amp#15;���Ǆ��9a�?�#�&amp#17;�lyĮ�>&amp#30;�&amp#4;p?��&amp#1;�Ò�%aC����-W�U�-9�&amp#27;&amp#28;�.�&amp#25;��\�#(.Ǉ���&amp#29;�e�m�&amp#14;���}W\3���&amp#15;e��'&amp#28;����=w(�a&amp#29;&amp#24;�u���&amp#31;�&amp#15;8a�m�1g*�À&amp#11;�zh��)<���c�?��/�m�m���X{>���LC�&amp#2;�c�&amp#1;�7��p�|D�&amp#30;�����Ѻ���&amp#24;��}ນ	x��m�f�2&amp#11;_PQ�ߢ&amp#27;�G&amp#7;���&amp#0;��&amp#25;L�g&amp#0;?؟�/�92i��&amp#17;�&amp#31;ycc�Yo�&amp#2;�M�Y&amp#23;�BO�l���&amp#5;?��&amp#0;[�@�DmxO�~6&amp#31;q&amp#6;�l�2�<&amp#29;�o&��煼�X<Z1$GcV�wϿ�_��C��d&amp#20;.�7&amp#7;&amp#15;P<�&amp#24;��(`X�&amp#18;Z��C&amp#27;��Y'�d4�!��p_dϽ�p�}b��,�Ce	#��l��i��H7G&amp#22;&amp#22;�e�?�g&amp#7;b�S$&amp#28;}a�I;�Q��tF�Cm8&amp#17;Kx��%e4��|.�H�s���y���y��-r&amp#22;9&amp#1;m�&amp#28;��&amp#30;�Fn��㐶S|�.�_$�l�>ʞ_&amp#17;4`�&amp#15;&amp#17;6&amp#7;&amp#23;����g����,x��?6θ&amp#3;2�[:_^&amp#24;]7��&amp#3;.���9���,Az��XC�"F`��A�����9����F��&amp#0;&amp#16;�Y&amp#15;��r,&amp#20;&amp#28;f��x*u�do��@���N(rI�����m~;/�^&amp#6; s&amp#18;Ӏ�;Cn�Q���|&amp#27;d:�Ժ��u��m���I�I�4�&amp#17;z��o�� �k���c�)c�d�Լ��:�����#K��#�p5�����puq��o��J��Z��m6��&amp#31;d��t�=����	�Y~�~��&amp#4;3o��&amp#31;��=,��s&amp#27;�1�2�xB�Bt�:6�[�&amp#15;��&amp#7;Q�!��&amp#24;�^K>]8k��!�&amp#23;L,��&amp#4;���=&amp#23;��&amp#23;��&amp#3;K]&amp#27;�]���݅��&amp#27;��>ϥ������\��&�D�Ⱥ8����1&amp#14;p&amp#25;|�&amp#12;�/Y�.���#n&amp#28;&amp#29;&amp#17;�+��+6&amp#7;1O�&amp#31;��b�?ƌ��&amp#22;!6�XX��&amp#8;ۼ��&amp#14;7��KX6"&amp#16;���!�&amp#16;���nK�2L�&���&amp#29;,,�O�Iz�߶C��z��&amp#0;g^K},&amp#8;o���x&amp#24;�b^\	�	.�����sm�O��tZ{'[x�$�<�]��t�#&amp#2;��厌&amp#1;H&amp#16;�e���?,"�&amp#3;&amp#31;&amp#27;&amp#30;&amp#14;��;$����0�st���vY^&amp#5;��`�&amp#3;[&amp#6;qxy�w���9YC�.&amp#11;&amp#14;ylî/Q&amp#16;�.�6g�&amp#0;V�&amp#3;��&amp#16;���&amp#23;O�/|\�#��>T���&amp#5;��&amp#17;�g��2I�/�O/�3�&amp#0;o�_��v�{3�&amp#2;c���&amp#14;&amp#30;���&amp#27;&amp#2;>����yh&amp#17;�&amp#25;zl/�s�&amp#5;�^h&amp#3;�@�&amp#19;9�b'�>o�oW�è&amp#28;g�ﰏrCtc'HC#��&amp#27;R&amp#6;ud�63I&amp#25;&amp#7;��Oտc���Ќ툖&amp#27;	w&amp#28;wH���Pg��S�il� &amp#16;ٗ�4�x&amp#6;O-׋�_7W-n���	�:y{ԛw}�ë�֏&amp#14;&amp#28;�x7�y���&amp#0;�_�?��&amp#6;s&amp#16;E&amp#22;^"���{8M��&amp#2;�y]0�&amp#30;&amp#27;o&amp#3;��z�v�&amp#24;B�&amp#7;&amp#18;�x;&��,˼��:&amp#27;�&amp#0;<2�ۏ�f���t��]/���g�&amp#22;corn[��4�1˅H&amp#7;M&amp#3;~-���N���۷N�&amp#22;�q&amp#30;�M/݅�8&amp#15;�rÝq���&amp#25;e(Ў�&amp#15;I���x�h��{�v˭�&amp#30;��\@�&amp#27;&amp#14;;z�d�:XC��M&amp#16;�?��&amp#18;~�N�(�VrWW-%����|�Ǣ��&amp#30;���&amp#6;&&amp#3;�&amp#12;�&amp#0;8S�pԶ�j�s��w'�`�vyi&amp#25;� ��x�$8�&amp#14;6�>#�՟-�ބr?�A�m��_�/�Oo�=��6㧻�>ߩ{��.��|�z&amp#23;m�,_)�7���&amp#14;�z��ߍ�;��ۧ��ˡ�fp��:�}]����C���!&amp#11;)3��1��	&amp#6;3�G64v&amp#5;Pf]I>�����K�'�~�q�/�&amp#28;&amp#1;�[�&amp#20;��F&amp#11;�v|1�&amp#11;��&amp#3;�˅��8��&amp#14;�&amp#14;�2&amp#6;��r�����&amp#14;�m��b�1�A���"�d����m�.Ч"���u�&amp#30;&amp#18;<��&amp#25;&amp#16;���D&amp#22;&amp#17;lnHt��v7E�J_�i�'�<�-�&amp#2;�c&amp#7;�#���d���/��F\�ވ;��^�y&amp#30;ce�Z�K��Q��&amp#5;;�˽���&amp#0;&amp#16;�7�-�ǋ&amp#17;���S� �N��� �&amp#4;&amp#17;&amp#1;�&amp#19;7Stc?�(�Q�4��&amp#26;0I�Yb�&amp#21;�'��'����I&amp#4;��7�X��&amp#30;O4[��Jx&amp#28;,/k&amp#27;���Y���&amp#8;�0�w�&amp#31;&amp#16;&amp#29;[��fp'd���&amp#25;s?/�?$�3�z���o��&amp#7;I���$]�p>�&amp#14;��&amp#15;y�%(�>�}�g�S&amp#31;.C�GV�&amp#29;��&amp#19;P��ȏ���q�#��Olw�=&amp#11;x6&amp#5;����}�{��3���n�B�׌�aowqvu/su�ts�Q�����;�>��ǝX�%��w�m���&amp#26;��:��P8e0B�5%�7����]&amp#23;��2&amp#31;�ŉ&amp#23; ��0�&amp#16;O�g����X|���I]x�9&amp#5;�&amp#25;�'�&amp#30;�@�<;��>]>Y�_�?&amp#2;���&amp#0;&amp#22;��<��k����&amp#0;&amp#22;&amp#8;�ɰZe�q�&amp#0;��&amp#0;&amp#19;�g&amp#23;��œ�Ŝ&amp#25;�&amp#3;
�P�&amp#30;�nN����&amp#23;Ԙq��BoK		��a
B&amp#12;	�&amp#0;-�'H3٬FN��{��tuz��a�go/���-�&amp#23;r����&amp#0;/Q�v�&amp#0;.�/��X:&amp#1;����&amp#0;'��!�ɟ����w��wt9c�5��ډ�&amp#0;#�/�f&amp#29;G����p5:���(Ϙ��&amp#21;ޠ����&amp#29;����w�G�&amp#28;7�_���&amp#24;r�b��Pǀ��&amp#28;��&amp#12;�o&amp#17;�M.�8p&amp#8; &amp#4;/����l&amp#15;#O.�&amp#24;�&amp#17;�~I�$�/�hut��&amp#16;&amp#17;��G&amp#11;�a�&amp#11;&F�p���x��M�2PC�N�#&amp#19;6�׹�]&amp#31;�C&amp#12;2�r�(&amp#1;&amp#3;&amp#23;G|&amp#14;��X]9'ȶ�]���=L&amp#24;3X�&amp#2;=&amp#12;�NM�x�I2&amp#15;&amp#18;&amp#31;��Vuv�xȇ���{����,��vK:�0��tv�j��&amp#3;�&amp#22;@�&amp#23;�>&amp#23;�&amp#28;&amp#31;�&amp#27;�)2�?�}&amp#27;�+&amp#21;�P��흷���&amp#28;&amp#23;�_�&amp#31;��&amp#6;&amp#28;A2&amp#2;7�&amp#27;-�L�&amp#23;g&amp#0;p��dV"F&amp#25;&amp#14;&amp#18;Ìܰq[ �m��&���7!��K���3,�&amp#12;�&amp#5;�I&amp#14;A���&amp#2;(�?�������O� 8��&amp#26;�"7�s�"#�zg��c��X�;����:�?X�e�\�&amp#16;|��&amp#16;���&l�o:���/�&amp#22;^���&amp#22;&amp#31;x��Gh&amp#18;_��&amp#8;y/!̺|��'��eݭ���̺ܺOB��?,��&amp#22;=�v�&amp#19;��c&amp#29;�m����h^D�b�!�&amp#5;���E�c��&amp#0;{�����&amp#16;&amp#31;�&amp#31;�?o���h{l�u���>�����]���rÈ�X�&amp#4;I&amp#19;2�Ֆ,w}��o&amp#12;8�Z��&amp#7;�D�n\�rDٓ�G��s&amp#7;a�p�QoV���&amp#12;&amp#27;fB&amp#16;e��tɳ&amp#19;�|����N�&amp#27;'��A�g���O`}�vK��Y��v�~̍*�&amp#23;哜���,�|&amp#24;��=��Ϝ��/�n�p���9�7O���,�d&amp#27;;�w��&amp#30;Y��@���׸9��l,���!�����7�1���h�^:_&,�[��#&amp#1;�S�q&amp#19;���?�I���������&amp#17;�&amp#11;9�q5�Ŋ���]&amp#16;�&amp#1;&M&amp#12;@q&amp#20;��W��s�.�͒2��#2Y+z��&&amp#8; W܋�����#(�7�G�&amp#15;����>r�<&amp#2;����O�9?9ޯ��ԕ�0&amp#8;>Z�̦����UWP_�n�1�Qg&amp#12;>���דwy}���&amp#23;�玲���&amp#14;��olɲ:]opg�.���&amp#6;���	�����7���ÎC�Cт؝.&amp#29;x���%�ë�&amp#15;D���<Gd82�|�q��9&amp#14;�&amp#11;%M!a�k�������l�r�e�yO�<'&amp#17;�iQ&amp#4;s�H���&amp#14;��YObG&amp#3;�$[�&amp#15;8�!��&amp#29;�pf&amp#1;&amp#12;m�!,@�&amp#21;��"&amp#4;"�x�&amp#17;&amp#29;p��c���t��&amp#7;�wٖv�&amp#11;��3h�&amp#5;��&&amp#7;�ױ1b���q�&amp#31;��%�&amp#31;��c���&amp#23;�=�Ɍ�,�!&amp#29;��&amp#17;y~��G�f�&amp#22;i���&amp#4;o�N��o���8}f&amp#19;ǃM&amp#24;�N6&amp#12;���n��&amp#29;IWR�l��&amp#11;8H�&amp#15;����ە�&amp#11;���&amp#0;y&amp#29;��fq��>s�,�Wd���N����>X�V0��&amp#15;,%)[cg&amp#17;��&amp#0;N=Od&amp#31;&amp#28;&amp#25;�O/�
&amp#12;F&amp#8;Ӝ�_�)��/&amp#22;�<&amp#12;�&amp#14;&amp#25;?xxN��2c&amp#11;�f��3��V�.��r&amp#5;z��TGr"wL&amp#8;tb��ٿ&amp#17;8'�,��&amp#0;���{��&amp#27;c�?�1g�:��v.���W�3��tAߖ&amp#3;/�%�/쟖ݸ��T������=�4��&amp#28;+�S&amp#14;����|-�o�&amp#20;,q&����:��?��k|a���9�˷�#);����(��O&amp#24;K��&amp#12;[/����:&amp#5;�&amp#22;�E�6V#m��^��	&amp#31;��ߐN���&amp#31;�&amp#31;�_�yY�Z~Z���~)/�|��&amp#17;ݍb�m��d���,��&amp#5;�XM䰞�X�&amp#8;��{G�&amp#29;�&amp#6;��t� =��e�?�~@x&amp#19;�|0��%��� @6&amp#7;Pד�:y?��ϖw���x�����䥎&amp#20;:dx&amp#12;z�&amp#14;4w1ak&amp#15;&amp#6;9�ۛ�w&amp#23;3I�[l7c"�ֆ呺I&amp#25;t�&amp#15;8&amp#24;��p���}�kǏ�հ2&amp#19;�&amp#29;/+���agP���L��ǔ%����&amp#22;&amp#4;)t�3z]�X�&amp#15;�8�wȷ�/�O�7���:� ̿�o��7˧����&amp#22;I��6�K=[#&amp#30;�H���7� e���&amp#23;�Յ��&amp#3;xM�%&amp#14;��I8&amp#6;&amp#16;�&amp#8;���&amp#7;&amp#20;�����dq�����|��>�M��&amp#12;/���V�/wK�oC&amp#30;�_�(��&amp#0;PAo݂&�&amp#27;�&amp#17;�O(���u��&amp#1;�s�&amp#28;Y�uˣ&amp#16;��[����g:��\�c�{�&amp#4;�vGˡ���&amp#8;�ԝ��&amp#15;+&amp#2;X6&Q7�&amp#4;�&amp#16;'���&amp#23;|�����C�,q��uY��&amp#31;e�`��&amp#11;&amp#25;&amp#31;&amp#16;���&amp#7;&amp#1;&amp#28;�ȫ&amp#28;۷+}.�[�/&amp#12;���&amp#8;&amp#27;��@�&amp#25;^{n6�&amp#27;{���\6&amp#20;�&amp#29;!3FP>O&amp#7;x{�����29+uu�&amp#7;�b�?��&amp#22;�&amp#23;����wlul�8���a�&amp#28;&amp#0;&amp#31;_&amp#0;�-]�����ػ��4&amp#1;&amp#11;pG&amp#0;!��Y����ݒ&amp#14;0䎴��um�/qe��pa�q&amp#11;��&amp#8;ɷ�&�&amp#29;�`���-l���&amp#15;�&amp#6;��ŝ]L\��X�T&amp#6;�.�M-����z�&amp#0;�&amp#1;1&amp#16;��&amp#31;b>�S&amp#20; �iM��l���}�&amp#3;�秼&amp#27;��~��b&amp#5;&amp#8;wtw��&amp#22;<�r���������&amp#21;��&amp#19;�c&amp#29;��&amp#3;Ċo��e�&amp#16;�&amp#17;��l&amp#11;&amp#29;�>&amp#15;kyI8&amp#16;��eӫ�-c&amp#11;a>�[|�&amp#16;�&amp#0;��~-��&amp#0;#�_�>e��.�N#ލ���>��7�>rD3&amp#30;c7\0�p@e�[�^���,�lt�&amp#20;28��z��2fby&amp#15;"o9��&amp#24;�����x�&amp#27;-��;�3w�&amp#14;IK&amp#8;�-NC��	9!0�~��'�>[�'�&amp#31;�?�9�2%�'�&amp#23;�ߏ�&amp#31;9_���v	��n ��~����&amp#26;ߌ�K��[&amp#17;&amp#12;u�c���&amp#14;�����&amp#0;/d��ƙ����&amp#18;�M��m&amp#31;-���&amp#22;ϒ�zd�&amp#22;�m%�Rs��p��������=p�S��:�,-t&amp#22;��N��gP��o#���%c}���.�GP/!�!��7&amp#17;L3�X&amp#28;�C�~�&amp#4;�&amp#25;$��u�ر&amp#23;��y&amp#12;6@^L؇>�%�K{�x���92ԋp��������&amp#0;�I�!?�_%��������_&amp#5;�?1�&amp#1;yQ����O}�я�3�T�^�~��eN�NxdH,�84��%�H!ky&amp#24;��^[[3�a,+ɲ�m�#�c쿐Rx�&amp#7;�]���=B�&amp#17;.��A�{?���|������&amp#2;ﳞȧ`&amp#7;�?��&amp#0;&amp#5;&amp#7;&amp#4;�B��G\c�j͟�&amp#7;K��2���w?Wo���>��&amp#31;%�P�#а1��M:�&amp#5;���3�&�v&amp#22;mi�&amp#25;�8l's�&amp#30;���&amp#8;���ٲ�&amp#8;��s�n�:~J|�&amp#14;��1&amp#15;,8&amp#18;&amp#24;ϒ~M�{�x�d���~�퐾o� w�&amp#30;�&amp#1;c�+�&amp#31;B�ٛui�qՄdd�󈯑M�Ņ�&amp#22;&amp#11;7V��Kˮ�&amp#25;ۢ_dy/[g��&amp#19;�&amp#31;�R6~6z�z���_�x:,������vvȘJ��>���i]Y:�}��~ޜo[l��1�\�6&amp#7;��	@-N��u��3^	w�/����ȳ >�b��=�&amp#3;���!}�Lx	&amp#21;�<Yb]sl&amp#5;���XJ�#e�I&Mz���&amp#23;x��ɶY�v��O�~	�8#�/x������_��_����&amp#31;5�3�w&amp#24;z��?S����m�e�[e�c�&amp#29;�?�q&amp#31;&amp#25;�p&amp#11;��%�����W.ɷ=�K&amp#17;���a�fu&amp#30;���Y�&amp#14;��w2���6_-ytf&amp#29;K�&amp#27;&amp#26;zXR&amp#29;����j�&amp#11;�&amp#31;��&amp#1;-J�6HjInf��K�&amp#25;�l:��vgc��v˩m��k�u�vA� $=�_�&amp#21;�:&amp#25;g�+�~X���㱳&amp#11;�6ޚ�&amp#11;>&amp#7;ַ�<����&amp#14;GL&amp#2;K.l�-�$�I!I�	�G��BOH��&amp#4;?�3�&amp#7;�1�}&amp#15;&amp#0;��A|ǅ�^��N2k�]{'&amp#12;ͼ<��q�3�-ș���:�옛&amp#25;g�վyD�&amp#31;H��&amp#17;�&amp#0;&amp#7;�d�oR�o�f�0��Y}��?l�q�߯&amp#4;+W&amp#0;�R&amp#15;&,�z/����]&amp#28;'�N!���o���z'O\&amp#24;�:�q�^y/�t|��Y�,>_���~]��&amp#3;�<R�z��輽�&amp#2;&amp#1;����� :#/X�&amp#30;��D ��]$�,/f�Au�&amp#11;'&amp#30;m熿���&amp#27;�?���ߚ�`�|��G�&amp#4;�`X�Ϲ�3�>g����w����^�z���	&amp#7;�2s�6Yg=Jsk���z�ݦr&amp#18;�r�[	&�𖙲"u�O&amp#11;O�l�ۣ��H:��Z䥓�e��ݜ&amp#30;�/���~7�;�E�lt�0@Yeu&amp#5;���ټi7���-�x�&amp#15;��&amp#15;/�M�&amp#17;&amp#28;&amp#29;�˲&amp#27;�n��I=��:x��ٷG&amp#27;���&amp#0;����w��&amp#29;��0&amp#3;��,_�&amp#30;M��G&amp#24;>q�&amp#0;Z�̺����&amp#12;�&amp#25;�&amp#27;p��&amp#17;�C���g�~�}!��&amp#15;�&amp#7;�?�&amp#11;���&amp#31;1�3�&amp#15;&amp#16;�b�&amp#30;czj��&amp#27;��?����,�$��8R�ǁv�_�g�m�&amp#11;.x�$�N�%waKy�&amp#15;��*T:�m&amp#14;��u|��'%��`�\�&amp#26;<gyb�5����7�ڊ6&amp#27;&amp#0;`*�x&amp#30;&amp#0;&amp#14;�`˄3��ǯ&amp#15;��&amp#0;,ۮ?�'�?#�&amp#31;�#a�S��{&amp#21;�&amp#15;&amp#6;&amp#11;m!��r&amp#21;_���� w6�՛�A����?��&amp#0;\&amp#25;��\�&amp#2;Vӻ��%&amp#17;&amp#15;&amp#14;&amp#30;�pߝ����&amp#31;�����鏊���}_i��ۣ>�\&amp#4;&amp#22;r�&amp#25;&amp#16;�!��8�L�	�Uj׌l�e�]Zq��#�b�2��-(&amp#18;&amp#11;1Rlo&amp#22;�n�Q��lݽ�;�Y&amp#0;��!�KP�&amp#25;k��6K���=�o�׾&amp#27;��&amp#12;���&amp#16;���i��x�,FAxʞ&amp#11;�?���G�?xoV�&amp#31;�_p2�/�7!&amp#29;&amp#30;》�r�n��Ֆw�;�ufZ{|&amp#19;&amp#31;��o��ynY��6&amp#18;�B"�_�q&amp#2;�n�C"�F��v�&amp#5;&amp#31;&amp#7;�е�
'o)7�~��'�&amp#29;O!�&amp#28;?�YdBde��*��&amp#7;d�Ye�Yd7���ױ�&amp#7;b'azfrn{q&amp#16;Iy?Ķ&amp#18;RY���&amp#4;�f�w�|Bӻ7�_n��&amp#15;��پH\�V�Ɨk>�/yz�َ0u��dܲA�ݬ�!xכ�e�Շ��KO�&amp#29;���_.&amp#15;&amp#16;v�<Z#�l�Ӑ?,�S��Rl&amp#7;8�&amp#22;*�i�gfpl~d&amp#26;ǖ&amp#11;=X�3�_��.�2H����jc ��/ȇ��&amp#11;�8V����*D>K�&amp#21;I$y(&amp#1;�7|�&amp#31;�r9�'�80X��&amp#26;Zq���i/&amp#15;��ֽ&amp#31;&amp#3;fRؗ&amp#27;��&amp#3;:&amp#31;�&&amp#17;㶃c���&amp#29;pc�ߎ�z�jo&amp#6;����]<��{m��fw1��a&amp#12;��&amp#3;e��&amp#0;���;&amp#11;�-&amp#12;�!�v�&amp#14;���&amp#16;&amp#23;���&amp#4;�3�&�&amp#16;��Y�$-�&amp#31;��&amp#17;~&amp#19;�Ϣ��ɡ&amp#31;�7���k�KK�&amp#1;�շbA&amp#23;d�7�v��&amp#14;�y���]��ߖ�����p�痨�&amp#25;Z8&amp#22;�\,w��>&amp#17;&amp#23;qug��H��E&amp#15;��&amp#5;�m�m���E��3�$&amp#20;�&amp#0; .��:��&amp#11;m�&amp#14;�x�+E&amp#12;X�3���C�'I"&amp#22;&amp#0;�&amp#31;\]&amp#16;i��&amp#22;���&amp#25;,���c�&amp#12;cQ&amp#4;�gk����hב�~��w����&amp#16;��y�&amp#15;E鷫G��:�:��𞙶΅�Q�^�鼶=h���͒d��;/~�p�G��#�Y������&amp#0;v>2Ӧj�i���[&amp#11;/>q�cp�&amp#31;��|&amp#5;��vN��}���&amp#6;`Hd�N�w��A����A�.�6�I�0&amp#24;FK�,�;���B��&amp#16;��(Y�&amp#0;�N,p�&amp#8;q�X���'	yc�-��C#&amp#3;�<&amp#0;&amp#25;<��@�'�LpL&amp#11;&amp#25;��	Sy-�v!;8�F���$2Վ=�P&amp#6;�r]&amp#18;�p�]&amp#4;��	գ�ý�m�$d�>�
`�s����&amp#11;{�����d�r�	]��&amp#7;���[���&amp#11;o�~�&amp#15;�?�m�x�>���ݴ۵�O�}��&amp#31;r�#�/�&amp#19;}0>]K��&amp#12;�&amp#27;���^ ��&amp#3;�r�&amp#0;Wí&amp#1;;W�^�9�9��+&amp#18;"i��
�j�C�&amp#31;��>�uf�9��x?�A�	<J/�k&amp#5;'&amp#0;"�	2�m���Y��-���cc�!�<� GE�tFu"&amp#16;C67��&amp#20;����e�Ӂ�ϯ=�$���"i��	�8r�&amp#22;w&amp#18;�ސӷ�$Ue3��1�����,��dŭ��]�4��L!cWM���e�<�&amp#12;���T���6b>p�&amp#6;�d���옳�q�	��|������<��/&amp#22;�:���&amp#7;F�d~���-�< �&amp#7;���^�^���x+y&amp#4;&amp#17;b�C�&amp#22;!�&amp#12;&amp#11;&amp#23;����^&amp#11;mߖD��&amp#22;&amp#28;U���o&amp#11;�&amp#8;$&amp#4;E�&amp#21;��&amp#15;s�&amp#30;&amp#4;����&amp#28;��Ksԃ�c�&amp#0;�y'���ܺ8��陥�/��&amp#16;�"�h7{<S���p���JY&amp#2;&amp#4;�_/&amp#11;���&amp#5;�O���ױ'�b&amp#28;Mճh&amp#26;�p.[m�'����#�;w�g�6ճ�LHC�&amp#3;�p�&amp#0;q:g�&amp#29;8k���M�K-��_!���_KՋ%�o&amp#12;}�|����N���LL-۫pķ&amp#28;����p��&amp#18;�wa&amp#31;OP��0�Qu�x�&amp#15;�����&amp#16;NG����&amp#20;&amp#4;&amp#30;&amp#31;�&amp#14;��w=b86-&amp#23;�gKN&amp#1;&amp#17;�&amp#15;��&amp#17;�j�":	��&amp#6;O&amp#6;oP�Y&amp#11;B&amp#29;�yY��&amp#23;��p"�qw��t8�&amp#29;�&amp#0;X!-��Φ$θ��ig�&amp#5;뇇v��[=u-�������@9A�0&amp#7;L&amp#31;�&amp#25;�&amp#24;�:"��vޤ&amp#30;��yg�,�&amp#14;&amp#11;/o�&amp#11;�q|6xs�&amp#22;Y=�̂zy	/w�?I����ãa�&amp#22;:�À&amp#30;�&amp#16;�v%�=�<&amp#22;gf0-^��/&amp#23;	r#ؓ�VW�U��c�~,��}X�;�)&amp#30;�L&amp#28;,S��ct�f&amp#0;�p:2�;m�<��ta!>����&amp#1;m��?4T��&amp#28;�`��pt]|&amp#30;����<��=o%�I&amp#17;�LeA�!)����z���Y���xu�M�%M-뇥[�&amp#18;c +�J��@����$NͿ"�^`�h%��~���"2ݱ�u3�G�&amp#31;"�B&amp#19;3�e�����BI�w�I���>l��&amp#0;'�ԗ��&amp#31;�K&amp#4;��.�&amp#24;}�{���ݵ�W&amp#6;&amp#8;�Ŗ�v�嗲&amp#11;/e��K2<�%g�P�OG���� /����с�|&amp#25;�ݛ'r*s�`i�[`�&5��&amp#0;\A&amp#15;&amp#0;p&amp#25;��!3��6�e�w˃�&amp#22;pf,z�g��d�E&amp#20;&amp#25;!��&amp#24;�X��j�/��i&amp#19;����g_�̻�&amp#19;a����ue�&amp#16;;�&amp#17;�&amp#23;&amp#2;�ۮD.�&amp#2;)��������B&amp#28;�o>ᝅ�&��+�qѻY<n�Cx�&amp#12;^7�x���Y���'Dz�@�O���6'�'���f&amp#29;��d8E�ǀ���j���2���e�^&amp#14;&&amp#11;3�����7�Y���&amp#7;&amp#15;&amp#24; ��	&amp#0;�U�ܻ&amp#27;�&amp#22;�H�y&amp#28;�n�q�p��A�8X� �ۉ��C�^�6B&amp#11;n֓��=�8;���Ї�xz�cΆK#�K��weՌ�ݣ�n�]sH�BY�/&amp#31;-�}� G&�&amp#25;#4&uz˭��n�X|�����&amp#24;��MS��G����ntG�Af������C6y��;]��<37��&amp#31; _�&amp#14;jy�$T&amp#27;�&amp#26;��&amp#30;�dI���Na/&�=߫���xp��^�>n�m��:&amp#8;��-����?"�yp��٠f��%{h���)=�J�&amp#7;&amp#4;�&amp#0;�	&amp#1;z��q4���&amp#28;�E��xuc��6tb�c���9&amp#14;�q��So&amp#29;�&amp#27;��j�&amp#17;[2~�}��|&amp#0;&amp#29;��R��%cy�l��&amp#14;���y��pO��0^V�fE�����&amp#17;�%�&amp#2;u1M�8�d�&amp#8;�7��&amp#1;��&amp#31;�&amp#6;-.�[�B�J���&amp#28;&amp#7;�&amp#8;u&amp#30;
wv#�K�&amp#19;XY/�@�궋�Ӡ�C-�&amp#31;@�&amp#2;�W&amp#29;I,|���'�_ɟ�~fa�ժ�&amp#11;���~&amp#5;��f�^J�Im���3���׾;&amp#22;`2��cI>�>��@�&amp#22;���Nb��������N���ٱ�&amp#30;ț"�x��%��&amp#27;���W��&amp#6;�&amp#24;�K�,&amp#23;����&amp#1;���*��Y�&amp#3;�q&amp#25;�8&amp#25;��"1�� �Y��A��&amp#29;��Qy~&amp#23;�͖�j&amp#8;F�&amp#5;,6;T&amp#21;�`&amp#0;&amp#22;1�|���
�U��&amp#4;L����&amp#6;��o�/���&amp#23;�/��_��7g��mg��Fwܿ������{�&amp#3;c&amp#16;�?���&amp#1;�&amp#15;���6�z��{�^&amp#1;xq>d�/q]�y�&amp#4;&amp#30;��&amp#11;&amp#17;��-�%�E7_n��&amp#22;�U�&amp#23;�9&amp#30;���$N���8,�&amp#0;�&amp#31;;k)&amp#11;��t�m1&amp#22;&amp#8;q����H$@��F���|0~�K�>�&amp#0;jޭ�N�&amp#4;@��̎&amp#3;.&amp#15;D�����f��iM»&amp#27;c���&1۱��8��]I&amp#29;\>8�jГ��E?�6w�~&amp#18;�לB&amp#29;6�m���X��a&amp#1;w�&amp#16;������U��'���*��pς&amp#23;��&amp#0;��}&amp#23;痷W��&amp#0;g&amp#29;�1&amp#30;��Y>q��,ؿ�&amp#25;&�v{�&amp#21;'�=�m�8�%0C&amp#27;v��&amp#17;Ş�2N�g��6ђb��!&amp#31;x�ü�ecm��ﺜ&amp#3;����s�ʵ0�d&amp#12;�;l�ޱ�8�&amp#26;��("޷s�dy��F��h�&amp#2;���BT�n&amp#0;��&amp#28;O<���&amp#16;B<�b��6��Ck&amp#0;����
�o����$g�O��fk��?K&amp#15;&amp#11;]�&amp#14;��"L���'�c�>&amp#1;�"&amp#19;�&amp#23;kB&amp#2;��&amp#0;�)ާćR���V[IV�����&amp#27;3/�&amp#3;>��&amp#31;���=�;�&amp#30;&amp#17;�g&amp#26;�M�ά��n�ه�o��8&amp#31;�!��7I_&amp#20;x`��&amp#6;�&amp#27;&amp#3;��xH􎡎&amp#1;:�&amp#2;l�N	ar���C&amp#27;c�O�$�Lm�&amp#25;�d�����]A�a8M|����&amp#19;ߏ2&amp#1;кk�U�V��{��Y�C;=	u|�<&amp#28;&amp#3;�&amp#0; �:�������G�&amp#5;&amp#1;Gȕ�?��8��|�%���'�L��.��{��&amp#11;�H�fg�߅��X1����;&amp#4;�ޯY�R[���<��V�[F6,���&�&amp#19;���7�$y�&amp#30;������/�Fc�,>p����oF&amp#17;���v��&amp#25;��'����-�����&amp#7;笌���&amp#7;P�Y�^&amp#17;�b�&amp#12;�?/��&amp#29;�&amp#29;���35���0y:�1.�2��p�#���&amp#20;�&amp#6;�uO�x�t����Շ�&amp#15;�&amp#0;vz&amp#27;�q&amp#11;�_b���&ɸ&amp#21;&amp#16;.&amp#2;��	��&amp#22;��GR�&amp#19;&amp#17;��.�&amp#23;�1�������o}M>�&amp#15;��p�&amp#7;&amp#26;��_�/}G�������5k&amp#26;k�n�&amp#0;��`rl˳��Ǆұ&amp#29;w�&amp#3;R�4d��]�T:؎�`6��ؾ�c�ߐ|83��c>ٟ/�G&amp#31;�s��t���[gg��C을l�&amp#0;�p��&amp#14;�S�&amp#14;}Te@h�&amp#4;^2&amp#15;��&amp#0;������pg�8�&amp#3;@�A�|Y�&amp#19;�2�Y�c&amp#28;&amp#17;Qخ��|�Lf�&amp#27;�:ψ��|I�-FB���F�}C�=ety&amp#19;�_R�&amp#7;&amp#12;�r\m�¼�q��1�����wK&amp#12;�&amp#27;���#&amp#15;L=���&amp#28;��K귻�'jB+��&amp#29;�a"!$&amp#26;��#��	�b�&amp#0;wo&amp#4;&amp#15;�&amp#22;�!�t�[��eӹ[�-I"��j&amp#21;��Pw�&amp#31;��@��y�C�q�p_Gr�0ۺ�����&amp#26;�/�@�y���GR�&amp#0;�$��&amp#31;&amp#6;G���=��=8%&amp#5;�&�&amp#29;��P� ��t��@�Ty���&amp#8;��!&amp#4;�uć����?Xu�&amp#2; &amp#11;c4�x&amp#29;����@u{&amp#4;�&amp#15;�y��!G��#�@�&amp#19;�'c�,&amp#6;&amp#30;	�Iv��&amp#25;&amp#16;L�&amp#17;��]�bE�ױ&amp#1;f�^�&amp#29;O&w��9���&amp#0;'�&amp#30;��&amp#5;�����&amp#22;o���?���&amp#27;��&amp#27;�ccmՏL?�f]���ሺ˥{c&amp#30;��sg&amp#27;ߐ1>��&amp#12;}��&amp#26;�i�&amp#0;9;��j+�C&amp#28;�&amp#19;&amp#30;^y�`o3�~&amp#23;Gr7���|��&amp#14;����3/�&amp#27;ot�k&amp#14;��Jt&amp#3;�A�
RxFY���]yφ�o�&amp#28;�2{x��&amp#0;K��&amp#27;��C�&amp#23;7&amp#0;ߗ�`��Q&��4���8zY&amp#29;6MBE+`s�,A�,;ȟ/S&amp#17;�&amp#31;&amp#21;�WL/r����o���&amp#30;�n2�`��/&amp#3;տ���Iu<�ߌ��C��C�=�&amp#21;��\���&amp#17;�w����C�2]���t8)��&amp#11;�dƑ�+&amp#20;&amp#3;2xC�p�oC��m&amp#26;<�L���4c���U�.�(Yh�&amp#1;�\&amp#11;���y{)��2(��z��/$��ؼ��&amp#14;&amp#19;,�g?�3�³K��؃�l�#�_��gv�&amp#2;A�{&amp#18;|����?�?o�Xu���ޏ1`���&amp#23;˷ix�N��pP�U� .��ZrQ]���C���+l���&amp#29;�&amp#28;�3�&amp#8;x(&amp#12;��v��&amp#15;	&amp#7;����w�<�&amp#29;�]�'ٷZܸG�y�;s��&amp#1;�	&amp#23;�(��\W�&amp#3;��j�c�e�&amp#12;o�jIt&amp#27;�$g&amp#12;��K+�X�e��&amp#0;w�*�����K^2&amp#6;�_�!@��jF,�Bױܒ_3�Ä&amp#19;$��R�K/�g&amp#24;,��(&amp#8;u�H#&amp#15;��&amp#31;�W^����Zj{�C%�:�;��oȂ�c<��&amp#3;�O&amp#5;ۮ|����^8c��}��&amp#14;&amp#12;�����A�O��&amp#15;$�ܰ���QxO|&amp#25;D�&amp#26;&amp#7;s��~%p��O�� �Gd��}v&amp#1;��6��a�&amp#7;
!d��&amp#0;�&amp#4;��q6CV<C�(s���%�&amp#31;�D3m��{^&amp#27;�Y&amp#15;O!g&amp#7;�v���_8fͺ���l�,Z���pwh���pàٱ-]Nr̜3c&amp#0;�m�eڒ�R@�&amp#8;|�Ha%�&amp#2;P�`����]��|&amp#8;�M^�/�;Qۢ�&amp#29;gr�g&amp#21;�=[���R�YO$v	Ƹ&amp#25;, ����agVjν�����O�&amp#23;ˣ&amp#22;�۩&amp#24;��u|n�;��X�&amp#3;�����,l&amp#18;&amp#5;�D�B�N�]&amp#14;���&amp#3;+#�9��BitĀ&amp#16;CN6{&amp#23;C��=���x����均&amp#11;����&amp#31;��.�e��&amp#25;�Y�q��t��.�&amp#4;v�[�&amp#22;K�ݎ&amp#19;�&amp#14;���a�Ǆ=���$�g�,'ޯ&amp#28;>���&amp#25;�B=^�͉��ûnj���"&amp#8;1�&amp#0;&amp#15;5�&amp#26;41&amp#15;��_��0uz�&amp#16;�&amp#0;�,|��Hꉧ@9&amp#1;o_�&amp#24;�o&amp#29;�E!tI֜-��|�&amp#12;��bO`A�Yfy'f�^��c����oxu�f<o��yz����号M���&amp#14;��'I1^;4&Z�];7M��F�d4&amp#27;�&amp#7;��.�$��&amp#2;0o&amp#0;p&amp#14;��e�ȯ�̃=Ht�M��G��\
&amp#8;����y���y.�v���q���𽷖��\�Y)����۬��&amp#7;����`�-&amp#7;���}�O��ߌF
&amp#30;�&amp#11;��yIK���]��U@&amp#6;&amp#23;���&amp#17;�t��e�8�&amp#15;(���[&amp#3;�&amp#19;����#�0�&amp#17;:Ľ�ھw&amp#14;��'�&amp#17;�]&amp#3;�|Au�f����s�^]GWk=&amp#31;�9�>NFO���.�#��&amp#23;A�&amp#26;�[o����&amp#4;&amp#14;�]N�Ӗ`&amp#0;��,.a7fX&amp#31;80�?1VA*n�&amp#8;>&amp#18;=N��g�9q�{p}�&amp#11;��3v̱�
��� ���H&amp#22;Hd^^&amp#11;ӌ��u���W�=3�\�_v&amp#6;;4zY�#y&?���&amp#7;�;�����s&amp#8;�q���&amp#14;2&amp#6;K&amp#6;�&amp#6;a&amp#4;w�#3�D&amp#31;у�̂ZJ߷n�D��Oqe�ǃ&amp#25;��÷&amp#21;&amp#1;&amp#20;L&amp#18;۳�aL1�&amp#23;&amp#3;�&amp#3;�6O��&amp#0;�u<c&&amp#19;&amp#20;Fy}��>"~���� ��z�/<�>Z��_l:^m��N&amp#30;&amp#23;��Xyj���&amp#15;	�q���X�&�+�;�쉻�}#&amp#27;֛24&amp#8;$"&amp#0;�VWr����&amp#28;&amp#5;���ۗ]�&amp#30;?TN��:r�L����W&amp#3;�I�B������4u���ip�J|	դzǦ�K˂s/�t��&amp#3;� ���&薍�&amp#15;�&amp#14;&amp#11;&amp#28;&amp#5;�&amp#11;=��&amp#25;&amp#15;��w/&amp#23;�?e�]�D]�&amp#5;=�&amp#8;�ˍS[�x&amp#0;�&amp#14;�9��_k�x�p�S��vJ&amp#5;��7�&amp#25;�xv���&amp#23;d&amp#29;qpğ2=�I3�7�f��&amp#14;&amp#2;n�FY�ί/:����)Пg&amp#3;�/&amp#11;?&amp#24;&amp#18;u���=3i�:;�0��ic&amp#1;a&amp#26;.�&amp#8;6&amp#15;V>�&amp#22;d%K�8Pt,��&amp#14;,�ź&amp#24;���&amp#4;o��&amp#6;�{m����7�&amp#1;�+�]S.����(�u&amp#17;�÷&amp#2;��L����^'�(Ȳ^ϙ�&amp#4;t�,����ϗ��zK��W����&amp#15;.���&amp#16;�����[����ܜiu�&amp#8;=Ϧ�&amp#16;&amp#22;&amp#11;&[,��&amp#31;�
t=	C��&amp#24;2]e��E��]�e&amp#3;�&amp#17;���&amp#0;&amp#1;&amp#11;o%e��&amp#0;0�G�wX�z�KE�Id,��&amp#0;.��to���7}]��_�u��3O&amp#21;�pCau��&amp#7;D&amp#26;&amp#11;�p&amp#21;��&amp#31;�Ye��&amp#14;�{c<&amp#20;{&amp#24;��<&amp#3;-0����q��&amp#2;7�3��&amp#1;ei&amp#29;�&amp#26;&amp#11;�a&amp#15;&amp#0;�:x&amp#19;�à'�T&amp#22;3�&amp#21;w&amp#7;&amp#7;��:&amp#17;���y��W�,�p&amp#17;��}-��=���1��]�,�&amp#14;��&amp#28;&g�$�fq��i����g�A&hu�&amp#7;��gd���&amp#30;��DL�[&amp#3;�sC͵ag2<&amp#7;�ζ�6&amp#14;!b'+�<f$:�/&amp#23;!���ط�3n��q�-����Ow���<|��������&amp#29;���,�w:Y��&amp#17;���`�&amp#24;I�F&amp#30;�~�C�f^GQ&amp#29;�$�Hiڄɖ&amp#8;ZT�&amp#17;"4���&amp#21;h2�&amp#0;/�&amp#8;���#�ԝ&amp#17;���G~�Q&amp#25; �&amp#23;�b&amp#24;��&amp#30;&amp#12;����&amp#4;m�>�>&amp#24;�,	��p=������ϑ�&amp#16;c꼬���C����&amp#3;HϨ;�&amp#29;���&amp#28;&amp#1;0����j?�+=�r��&amp#24;u&amp#29;�G����x��
ۄK�\&amp#28;�����tv&amp#5;9���ä�0�I�dF�󷂾]N�&amp#7;Q&amp#22;d�&amp#26;6��K�6���$��&amp#18;f&amp#4;�L���^@��&amp#25;�\ua&amp#31;��G(&amp#4;;�t�/&amp#8;����},n@��PKm�d&amp#22;&amp#22;�A.��H&amp#4;Y&amp#8;J!���6�/�� Ԇ�l?&amp#16;oJ�%&amp#28;&amp#26;(���&amp#30;_�S,&amp#1;&amp#12;��F3�DC�4��<�x6�g	L�����c���%�Y��{��&amp#25;&amp#29;�6[e�&amp#16;�A<"g&amp#7;�����&amp#7;W���L^����&amp#24;lTODB%7��g&amp#27;&amp#31;/��5-�@���;6�m��cv��R&amp#4;'Ԉ�:�vR�;&amp#23;��$v&amp#11;,,6ݲ&amp#3;���h�{�)&amp#5;�b&amp#28;�>�Q����e�䛮&amp#12;0	�&amp#15;w5$��?#�������&amp#12;�,?/�Y&amp#30;Y!|���I1a&amp#2;ş.�"O���&amp#16;?���k &amp#25;�$&N0�bctc"&amp#12;,N����&amp#15;&amp#23;��]I�y&amp#31;�n�/k�8����r���t�|Jy�&amp#7;.�s���Č���ʴ��@�vO�&amp#25;�����/&I�߰���i]llgI��^5�ѹ뾝&amp#6;&amp#0;�&amp#11;=V�&amp#2;�&amp#12;�O]�u�Cz�Lg��&amp#12;$1���&amp#2;eԎ,&amp#25;�I��d&amp#15;�&amp#31;�wo�&amp#29;�-�&amp#30;�0>�[���_��aF̅�pvaU��m�&amp#1;6�ݳ=E&amp#17;��cl�}l��wwlta�u%��Ϫ΍�&amp#23;�u�^L&amp#11;w��\�����;(��&amp#15;^&amp#18;���RoH&amp#12;�N&amp#19;�o��&amp#11;0j&amp#14;&amp#5;?(R/쯷��Gr&amp#8;�&amp#31;n�'�	�&amp#27;�&amp#12;{�]�WE�E����v��HW&amp#8;&amp#16;�'��?���&amp#2;zL��˻&amp#14;�7r)�.�۫-�&amp#5;���/X�v�8��&amp#17;�58���n���\���&amp#25;�^��ɴ�?\�T&amp#0;��&amp#7;S���e&amp#30;��&amp#17;x�	� �eհ=/[�g�{���x��廢&amp#23;w�����S&amp#4;&amp#1;�6S�,��Ьy/�]�q�q�^�O�Є;B�&amp#22;ug&amp#0;��_�&amp#30;_5�V[�bu�&amp#3;�}�h�&amp#17;��n�`섑�p�&amp#12;�P�(&amp#28;S��&amp#19;&amp#3;�&amp#3;4K����{���>�ud�W��&�ێ]E&amp#26;���k�&amp#16;Y<�yG�&amp#16;u�z���&amp#30;�T;]���&amp#8;��.�&amp#30;������@<�&amp#31;#�,O�&amp#17;8&amp#25;�&amp#29;�&amp#21;&amp#11;-�t�C������$��R��&amp#7;�a�X���ǹ|'�&amp#25;��8��!$
Ⱥc�xYϖV�rk�!�&amp#19;�6X&�\e'��Cj{%�&amp#16;��[���Q&amp#7;&amp#25;����&amp#2;&amp#14;2�G���D&amp#8;?K�Y�7>s�A�װoh�;k+�&amp#2;<��	&amp#1;�C&amp#1;�~D�&amp#21;:&amp#16;&amp#30;��]N̤�wz6s�G�s&amp#22;��&amp#29;&amp#12;�<zRp&amp#4;�m뎧����&amp#15;&amp#22;&amp#29;p&amp#29;L���3c�k��X����\&amp#15;I�u�&amp#5;�8��ͧ.����R&amp#14;�����[�G�vNdzB&amp#11;&amp#8;+$�g�bB&amp#2;.?&amp#8;�����&amp#8;��&amp#15;�����&amp#6;��,%������&amp#26;��2n_&amp#5;��yy��zr2S�vZy$<�&amp#29;�&amp#3;�X&�8Ms	&amp#12;,���F�b�ӝ&amp#29;�&amp#23;Y#ߏ/��?�3/8���9��W�x"&amp#29;9S��M�%�&amp#28;#����&amp#4;%�&amp#25;Fv&amp#21;��&amp#18;�&i%&amp#21;&amp#28;"��Ho&amp#22;agQ�3�)w�"�a���9��C�&amp#23;vBf߽�c�gP���r�k83�d��p'��\#&amp#15;m>�gV&amp#29;&amp#31;�w��Տ�B:׬�J�9oh{&amp#30;��壩^�a��8�&amp#17;�S���N�G���؆=u��[OQ�&amp#22;O)��8w�=_�&amp#3;a�&amp#25;&amp#8;\�y���˳	&amp#4;&amp#5;�cu#��oG�g?�@2>&amp#16;+�&amp#23;z����}��&amp#15;��s��&amp#0;�&amp#31;��wǜg�&amp#1;������&amp#29;&amp#23;��<x��&amp#29;��Ϭ&amp#31;
^�&amp#8;&amp#23;cn�c&amp#4;��&amp#21;�F>K+�2&amp#27;��&amp#26;1����b���&amp#28;�	�&amp#1;lFeg�]�l��fs�&amp#0;&amp#17;�!>X]˳�N����Y�)���x�&amp#30;�[�&amp#3;��-&amp#27;2:�&amp#11;	��8N�f&amp#14;v}��&amp#29;�?&amp#22;=q�&amp#5;�Ǯ"�O%�n����ӖR����7U��d��w�����-�&amp#19;�&amp#0;md�J�ί�/h�&amp#31;a&amp#0;�>�qx'/a&amp#7;؝s�&amp#29;��vFt��;8��&amp#1;.r9)z�h0&amp#22;G����3���,�&amp#29;�<�&amp#22;�?&amp#23;p�&amp#4;��*&amp#30;&amp#8;�^��g��m�F��4�[I>�&amp#8;:�`�,b�Ԅ�Ɔ��8&amp#20;�ǌ&ل6�n��窓�X��&amp#11;�|ԅ�&amp#28;&amp#29;�e����&amp#14;�~;������O{��R<&amp#25;&amp#28;��˥9�#�&amp#14;&amp#21;���zF,�&amp#27;�&amp#3;��ݮ�o&amp#1;f&amp#23;O$&amp#11;n���&amp#30;V&amp#6;G�ðw�%����uj��L��f>]3�ϋ��aB���^��8;�4�;��&amp#5;~&amp#1;xۻ�xJN���&amp#31;A��<�f>L����w�&amp#27;ϒ&amp#29;n��o��&amp#0;&amp#11;>�n�&amp#30;3�&amp#11;#�&amp#19;�M��duO�^�X�&amp#11;�~	�&amp#12;>�Lq&amp#0;ބ�d.�W@��G1�酌v^�&amp#21;�c&amp#16;�5&amp#18;&amp#7;�-�&amp#22;OR�zc�&amp#2;�:��&amp#21;3�_!���$'�&amp#16;~"�
&amp#28;�^����u����&amp#29;Y�[�qȱ�?�@@Y'z=7N&amp#5;�&amp#22;�;�>���V�E���=��1o���D�o&amp#0;�	�8&amp#31;��9t9O/&amp#16;�ɲ��&amp#29;�\�3&amp#25;8���� �g&amp#20;�Fj�e�&amp#3;n4�&amp#11;&amp#14;2v҄���	~�t�Q�D0�&amp#3;M'0q�Hİdq�6�)C/M���hB􂮣|�.�rͱ�&amp#24;΢&amp#7;V_.����G� &amp#23;Bz{��ә��G:v���&amp#17;�H&amp#31;m����&amp#8;�&amp#4;v�3k&amp#1;�&amp#24;�s&amp#23;A�&amp#30;�&amp#18;ӌ�������'�,��v����Fw�&amp#21;��&amp#28;��z,���u�c<^�lX�g&amp#31;V���&amp#23;��A������&amp#19;��s��pl��N =[>&amp#1;;���~۷�%�Y� &amp#14; &amp#28;� ��F�}Z#,��&amp#29;ߛbKW&amp#12;�l���G9�&amp#0;׳t&amp#7;"G�Z��o�貇&amp#26;�*�6�,m��u&amp#5;&amp#6;����s�����[)fb&amp#19;�Ǖ�
&amp#31;�&amp#12;���vp�&amp#6;�&amp#20;��˨�&amp#30;Y�B&amp#31;�&^�&amp#20;� �A���1��&amp#22;�F=�(&amp#4;�&amp#18;EN�&amp#20;KԬ2&	���&&amp#25;3m�&amp#16;����ȁ&amp#16;�cbΦ^Ӳ��c,&amp#12;;X&amp#2;�G��wc��I�ZA-����&amp#24;v��b�&amp#29;�[K�&amp#24;e�&amp#12;��ж�\!���-�&amp#4;&amp#22;Y&amp#30;�&amp#28;&amp#28;�d��GԽ��F���|�!��&amp#31;�!��-�&amp#19;�d&amp#12;&amp#14;��+��hm�&amp#1;	&amp#25;s&amp#29;��&amp#15;z{�ASjY��
<%W���&amp#23;|���4rQ!&amp#17;<an���a�&amp#22;&amp#12;�Y��
�&amp#18;�\m�;U�Q��e�^�!a�ݓ&amp#25;�t�;[��&amp#0;���2����8˻=�&amp#27;�G&amp#14;��P'�`��l�҃&��&amp#24;����&amp#15;Q&amp#6;�7
��ݪ���LQ�V{	&amp#27;GE�搩�Y @�!�v�D�6�&amp#11;��&amp#28;&amp#3;�	&amp#7;n[!8��,���&amp#14;�ۈ��E�_&amp#19;�ԗ6�\7��&amp#28;G�u�&amp#17;o&amp#30;�J[�}�&amp#30;&amp#15;��m�N:�t{��&amp#0;��[#�d��.�&amp#11;&amp#28;i&amp#1;l�BH��&amp#7;��&amp#31;&amp#0;�&amp#31;Q&amp#30;p3�KR;]��&amp#2;أ��-�YC.�|ș'uE��&amp#15;�^����&amp#11;tJ�&amp#25;�!}Ѽ]8�Y&amp#18;OR{,^6c&amp#22;&amp#17;c�ԏI��|���&amp#5;��d*�n�ȁ�`D��4�̨��Fg&amp#8;$,ӌuʜ��x=lխ&amp#8;1ݷa�çbc$Ɉ��'�2&amp#14;&amp#14;E����O
��&amp#14;C&amp#14;&amp#4;�v�e&amp#15;m���0�aҚ��&amp#15;m���&amp#22;��&amp#3;���;��&amp#19;d��&amp#19;r~8����&amp#0;�׷���x����&amp#26;�!�Y��>��t(��g'��F&amp#2;p&amp#7;��ơ�lD{nA&amp#12;&amp#25;1��Wj�+�%�&amp#20;��o�&amp#6;m�&amp#6;&amp#3;�s&amp#6;FO&amp#17;�9�^0���L%���]%��鴨ՖȀ2xx�&amp#24;�+��L��u�&amp#6;��;G��w"P?�&amp#14;��&amp#12;�&amp#30;��`Ƴ�1&amp#6;&amp#7;�W���#2ۣ2��s�ȳ8��*����D|�c�&amp#20;?U��&n��D�n��@Ǹ'#gG!���&amp#15;Q�\u&amp#26;:�W�&amp#30;&amp#6;������&amp#7;qNཱྀ{X��d�&amp#17;&amp#17;&amp#27;0�&amp#15;��F�{�f�v/H�&amp#31;8�&amp#31;\os�>���=�x_Ye�&amp#18;e�ٴm�ޠR/6����&amp#3;D#7C��@9��ZKh�顷�x����l�R��8T&amp#26;�!�	J�F{�	�D�-b^OeWs�V
a�#��&amp#25;&amp#6;7݋���i`'	�ŗ!Ѱbd24&&amp#5;	8q�&amp#28;���m�h��F&amp#0;�H�oR&amp#12;&amp#5;�˭ݽ�y��u轘�&amp#29;�Ŋ,G�&amp#3;G&amp#23;�+&amp#25;�n)8zL��&amp#8;a
�#�j�&amp#18;��K&amp#26;,�y{&amp#0;��ټ&amp#8;�\��$�lO	�l��	�B;��fE�&amp#25;�4�/7b8�&amp#12;5]E�-��C��0��p�Ǘ���_&amp#11;Ϗ�|?~&amp#22;ܛ���z�<&amp#20;2�g&amp#15;�h&amp#22;�!�&amp#4;�,�ĤVN��&amp#30;�ƭ�v̈́�����N&amp#18;W���6&amp#5;��a�A��#�1&ry~��&amp#0;�&amp#0;&amp#8;��t&amp#19;&amp#5;���G�����v{od�� x`;d�&amp#3;��nLYF��Ԟ9�A����2dg��tv��&amp#8;Ϥe�+��,#&amp#12;�"�o��50A�a";����Gv�X^�'��)&amp#12;��Ҍ`d��l$���l �ԧVLY;!S��&amp#30;u'RC�v�(/��&amp#14;&amp#12;�S�&amp#31;V&amp#8;9&amp#21;�ݸb������^&amp#6;pٖq&amp#14;�&amp#15;C����dq��:��8Z�����=&amp#28;7�&amp#21;����cy�&amp#14;�6μ&amp#17;�=&amp#12;ad�ݜ^��&amp#15;�?Rhu��&amp#7;uh
�����&amp#11;'_&amp#1;[��&amp#14;�.c���ټ&amp#21;�&amp#11;m��1ą�z!)�����cm����?�,��m�[$�	Bb/l2^�18���&amp#30;&amp#8;��&amp#11;���+|�m�9&amp#14;��Z)Հc�t�!�6��H&amp#2;$k`�c���:>&amp#15;F=H&amp#27;�.���u�#�8�#�WwIf"ȟ�i�L�&amp#28;U�&amp#8;!��e����F�/�A&amp#28;�<��ŕ�Q��b&amp#19;q&amp#6;^&&amp#14;#�e���&amp#25;dz�8{|����8`&amp#5;�t~&&amp#25;f̆<��胢M&amp#17;�#�I�t=t�у��>D�o�&amp#23;��D}��'	
&amp#7;ɢ��k��߀��<&amp#8;sy��t�M%�����M��:&amp#16;�&amp#19;�����v���� �{_o��H��pV����D\��&amp#12;^�-&amp#11;&amp#0;$���&amp#5;�H�ǛQ��C|�}hFv&amp#31;c��&amp#19; 4�=�`I�$cIM���:&amp#24;Ql&amp#22;"G��'�&amp#7;}&amp#1;x&amp#19;z]q6&amp#22;9,�&amp#0;j=x�&amp#25;�����ꃼ��i�멾�K��$�	$Y&amp#14;�:N&amp#23;�#�&amp#16;.�"e��y�d�c�<��&amp#21;�Ȳ:x&amp#15;wQ.�e�]&amp#28;P���q�&amp#28;��G&amp#25;���	�@ٶ���&amp#2;]&amp#6;�8�&amp#26;�r��&amp#27;�F�Eܷ؛ �J�#&amp#20;L�)�G�珋&amp#18;��m1�&amp#0;&amp#0;&amp#19;&amp#2;�A��&amp#24;2�i/`Z!�p�|��"��"�/��Ϗ&amp#25;�O.�g}���'k&amp#0;&amp#2;Q��&amp#2;�&amp#2;�q=��-��؍&amp#22;r}f9Ƿ+��<|��3a��zZh���S��&amp#15;�&amp#22;:��P=&amp#8;��c3sR&amp#6;Y:�,�;':�~Z�&amp#23;T�C�&amp#22;A�v�?&amp#1;���8����<f�&�&amp#28;&amp#18;���w`����$��Ѱ���ߌ�3�������&amp#26;�&amp#28;�&amp#18;�^-�/&amp#28;���8Շ؏��d&amp#31;a��~ӛ�w��/�~�&amp#17;�&amp#14;H��&amp#25;/[�ZO9E�����<-�8&amp#21;�w廦q�r���-���]~:m �f�09&amp#25;��:&amp#21;��&amp#6;�&amp#8;�'2�6so�m&amp#28;��k&amp#30;��;C&amp#28;L��&amp#21;"6E�&amp#8;�5�&amp#28;N$/&amp#28;�&�}�&amp#12;��\!��]�j&amp#1;&amp#11;�j&=&amp#29;&amp#0;� ��&amp#8;A�Z:�k�-�=�&amp#29;u��&amp#15;&amp#17;ܓ�[�oO�L&amp#8;�w-�Ѱ&amp#14;ϒ�Xt�p�&amp#4;F/&amp#2;N&amp#27;��&amp#0;і�ĸ`�Χ%��$<"&amp#28;&amp#31;&amp#16;�&amp#4;&amp#15;���&amp#30;I��]�&amp#1;�^|&amp#30;q����
�&amp#25;��&amp#7;�&amp#0;&amp#19;�ٞO�&amp#19;���&amp#12;&amp#15;&amp#4;���n��uc��&amp#5;��ÎI��>�h��a&amp#19;�j#�&amp#23;&amp#7;D�]6'�1\&amp#2;.�&amp#26;���	h�+f&amp#7;&amp#15;\�����>��"&amp#24;��&amp#7;&amp#8;�0&amp#16;&[�?r%��ki)�B��&amp#25;7�e�&amp#25;&amp#22;	8.�Y&amp#0;�2lX�&amp#2;p&amp#4;Ѭ��Ĭ�eĸ�&amp#14;���&amp#24;l&amp#21;�KY-�&amp#12;&amp#29;[�F���Z=�&amp#16;śo&amp#22;GA�s�w�&amp#19;�w��&&amp#24;˵�&amp#6;����s�&amp#17;�<s,�q�;(�BւC&B}�d��l"���G�?����y��n
&amp#27;&amp#4;� &amp#21;�%����Jĵ�,��K�\�PΉ�7��bs�A��z��&amp#5;��o�-�a�����`$/ �k{ps�pf�e��z�1&amp#19;&amp#25;g%�&amp#29;puc<�%��qY��]��g�"���&amp#8;�&amp#22;������t%��@&amp#8;�Y/�/i.)��&amp#11;h�&amp#2;O��&amp#14;��7C���3�ؓN�fg&amp#29;&amp#25;\Wc�>d�aV&amp#23;��V&amp#6;<&amp#19;!\@�wϧ�Y���4;&amp#18;��{�&amp#4;�&amp#25;Eצ;&amp#11;&amp#6;W��a>��&amp#2;C�&amp#4;��v�"Q]&amp#27;U��j�9��"8�&amp#25;y&amp#1;��&amp#28;�/�v��&amp#30;:�0�gb&amp#29;�i�wᝯ&amp#4;���d���"4e�)��־������wA&amp#14;�
�F�&amp#5;�[��K�S��g&amp#16;���#>�9��)�<&amp#28;�� ��OX�,�E۴�'c3��&amp#27;wV�(��:	���٩w�+��ôj8M3.�w����&amp#4;�#ct��'a�b�&amp#6;&amp#30;&amp#5;����&amp#30;&amp#24;�&amp#16;�&amp#30;�&amp#19;�&amp#22;a�a�&amp#2;A�|h��l�	��Q�<�-8Ӱ��4�*�>SЋ���K�mw�&amp#14;�)6�&amp#27;~V	7Q�����ކoa&amp#17;lzI&amp#25;���cu�i�2Z��&amp#0;&amp#31;�q���q�$T&amp#15;&amp#25;2ȅ��&amp#31;�&amp#31;�&amp#14;�啲&amp#17;3�޳��9��wdY!�&amp#25;Z�i&amp#15;f�R�璞&amp#22;��_&amp#18;��	���d�t�Y�_�&amp#5;�v&amp#30;�&amp#21;�&amp#26;&amp#24;6�1�&Ȳb�(&amp#4;�(]&amp#12;�fugc�,�p@E�&amp#3;�,rnu�������&amp#12;۳�0�&amp#8;�[wF��06��� ��LՎ�*�A��ow��&amp#12;�&amp#7;&amp#5;ۉ�N�w�_B=�h��&amp#11;T�ؔHF�L�-{�9o&amp#7;AH&amp#0;�&amp#6;2&amp#29;&amp#11;&amp#29;���`�&amp#3;4h&amp#5;�A&amp#4;�&amp#11;��h&amp#2;>K��&amp#17;bu,&amp#6;e�&amp#22;u��D��G�Ekc�
���=Ƭ$C<���dۼ&amp#2;b{�����\&amp#5;&amp#5;��.�u&amp#31;������n�;���D�]�=��?�wv����� �&amp#8;3ȸCY&amp#25;�&amp#19;ч{h&amp#8;Ö��&amp#20;�p�G�ܗ�R��s�8&amp#1;&amp#14;'&amp#28;����{��۽&amp#22;�u�ZO&amp#15;}�t&amp#28;&amp#30;����M�6&amp#29;&amp#29;u��&amp#20;��~� �!��>lE��&amp#8;b�E�ڀS�&amp#0;�6�cƃ^��w��x|\t�i���&amp#7;&amp#16;#���2&amp#3;GP����?&amp#6;�!�
&amp#3;n&amp#8;�`:Xpn&amp#4;�&amp#27;���&amp#6;&amp#15;�;u
�,�&amp#11;g�h�b.�P�&amp#18;���=� .�[�6�L��WL�N�]&amp#5;����f{9(=�#��`�u%ۃ����]|/�`bF�&amp#29;�&amp#30;݋&amp#25;��&amp#14;�7��'�?�nZ�&amp#6;,"&amp#16;��a�'�+&amp#8;G'����&amp#0;|��F&amp#14;���H��K	�e�Xqx�&amp#28;I$�&amp#4;qձM�&amp#21;!�KՊ�6&amp#2;�b��c���p�U�O�1��,*��&]�{<|z����I�^.��&amp#5;,�^&amp#2;{�r<	7&amp#23;�FD���C3X�&amp#11;ɴ�@��%�6,6�7N��ӊ<�bYfv̞�u���&amp#6;Gv�E�&amp#8;9�\b'&amp#16;���i�`�&amp#12;Jٲ�w��vM&amp#26;�K}����&amp#18;�ne2u&amp#31;U���=^u�&amp#16;#/&amp#21;�)�t��b�&amp#1;�2|�!���&amp#20;Ȏ�o���&amp#12;(g�{$;��&amp#23;�:bw�E�}o��W_	Do$�VI�&amp#22;"�����ܛ���GK�X���ic!��^K}&amp#19;&amp#19;�q&amp#27;�z%�.&amp#3;��7^:���kdo&�&amp#3;�I&amp#18;��w"�&amp#16;��ݠ^&amp#23;�4c�&amp#4;a�l�"�N-2�]&amp#21;&amp#8;���&amp#18;9)A��Κ&amp#1;�L�4���vbFlxބ<P|���ZH?,V�8��3�&amp#1;��Ѽ2)&amp#19;&amp#29;�&amp#24;���`��&amp#14;�&amp#6; y�Fo�N�8�Aԁ�Ƶ���fG[6&amp#11;�s�<�&amp#14;1F&amp#18;&amp#29;O�=wk�����~�\&amp#3;Ŭ�}^�Y����u�'���&amp#15;h�&amp#30;0&amp#28;,9&amp#31;&amp#22;&amp#2;�&amp#3;�1�&amp#17;&amp#6;q=����VN���F�N��&amp#25;<&amp#12;NC&amp#6;�b�+��݇&amp#31;w�sȦ�rG&amp#14;���ff�(��9�M��&amp#23;r՞F��c�=/�H&amp#26;Ed�m��H&amp#22;p<"�N&amp#1;d(���&amp#22;�ͩ�&amp#5;&amp#14;ӣ1&amp#22;+�&amp#20;�DX�&amp#28;����e���v&amp#17;&amp#7;�й��$f*$Qd`&amp#28;�Ž1���*�Y�&amp#25;R&amp#4;[<DD&amp#1;��&amp#16;&amp#30;�_&amp#11;]��)�&amp#19;�u&amp#27;����2&amp#1;��&amp#22;�&amp#22;D��ﴈ;��<2 �Ⱥ����t,��u&amp#30;!���ރ�>&amp#3;1�����N\0��&amp#0;V���&amp#17;C��&amp#28;��&(r��2�/v��w)[l&amp#27;w���Y��]ᾌ ���a.���&amp#15;&amp#28;��%n��H���"j�&amp#2;&amp#16;&amp#7;&amp#28;�H�t�.�~�&amp#27;&amp#28;�ҏH�
&amp#12;qYjA�&amp#27;60��&amp#27;!Mf@�]�ߴ�&amp#25;w�r��gT�&amp#6;`�Е&amp#15;b5��%�&amp#1;�<��	qƶc&amp#4;&�`8�N����OA�G�fR)�W�tK�Įף/&amp#19;q����9t���"׭�&amp#7;]sn�p��ىO?�&amp#0;��(ZEa@ �&amp#12;0�ϛ�}�w~&amp#7;�t</&amp#14;&amp#7;�&amp#15;�&amp#28;&amp#3;�+�9�jG�}Z��:K&amp#29;HJZ%��}.&amp#3;��k_��&amp#22;�#Τ&amp#29;%�`O���m��{&amp#8;gM�南&amp#22;w�)��&amp#14;&amp#20;��I6�&amp#19;&amp#12;��Zy|�U�&amp#17;&amp#1;d+H��alf�=&amp#17;ƺ��&amp#31;���&amp#25;�p��G&amp#16;1�2&amp#25;&amp#4;���"ȴ�$���$}�hP�<�&amp#4;�q&amp#25;Ȏ�m�H�;�@f&amp#24;@Y��9���Cz&amp#0;�f�p	&amp#20;&amp#2;y%�w&amp#31;X&amp#2;A��$�.��K&amp#25;�@��H&amp#29;&amp#14;�&amp#16;ğDF&amp#12;�X��Lh�&amp#28;�g&amp#1;�6 �&amp#6;�̝�e�))�T[l0�.��}�&amp#28;F��a9�ۤ>�/�&amp#7;�&amp#25;&amp#22;&amp#20;vɜo�&amp#30;d&amp#27;o�� Y�6�/�u7U�i&amp#16;W������:�Cw&amp#12;j�|�ϛ�����[�&amp#24;~U�pY%���j]7BB�"��,x/���&amp#14;�&amp#14;&amp#24;�&amp#12;Rf�� 3f!����&amp#23;����.��&amp#27;ln&amp#1;�A�A�%&amp#2;&amp#8;+&amp#11;8-D�䁭��E�9��]�f;"���>1�����`;��"�&amp#14;Rt�կ@��&amp#0;c�R�	`�&amp#24;&amp#26;{�&=�&amp#14;��i�6&amp#11;&amp#11;�& ݚy�M�OP&amp#31;�ga�H��&amp#12;���]=q<D!�}�<&amp#3;&amp#23;���C���l6�.��
��͌�]�&amp#29;~Fq{e���K&amp#14;H$�&amp#19;a�x�E��ikfq����ݳ&amp#27;%ۅ�'�a���m�Kd���&amp#24;cݡ��:���&amp#15;-��,�&amp#28;C^&amp#14;�7��P�&amp#8;&amp#5;��l�k�&amp#15;B�����&amp#29;^^��#�C�.�lĭ&amp#29; �W&amp#29;όǤ0m�y��&amp#19;�&amp#16;Ɩ&amp#23;6&amp#29;�&��V�@��"t[�&amp#8;1:��n�Pl�V���K�c&amp#1;&amp#29;���w�Y>p��tBz�>��5�&amp#27;Aľ(1�@H|o"�&amp#29;[�L_���&amp#4;��;��xCK&amp#17;N�V2-&amp#25;�&amp#5;��ÖE��o���:�G2&amp#25;�����7If]Iwo�9	J|Cql�ɸ��Oк�,��w�QA�&amp#25;69&amp#31;�2���>px&amp#5;�&amp#14;/&amp#28;�&amp#27;���`��8�I��p��B�fN|&{�����RE/s������ex�q��t�,d}
}��&amp#17;5&amp#12;��H&amp#7;C&amp#12;DB&amp#16;ۥ�&amp#0;��Cb��&v,�j�yLz	z�&�y��&amp#22;0�]n&amp#30;��־�z��&amp#25;&amp#16;�	�Z��dcՀ	&amp#17;?kL+:���P�V&amp#29;�H&amp#0;��&amp#29;&amp#25;:XE&amp#28;Zp32|&amp#28;@`��>YJ[C���K&amp#21;���(�K#�y��W���?rN�.&&amp#23;�	C&amp#3;�y�&amp#11;��&amp#30;&amp#15;�����<�b&amp#3;&amp#24;u,b&amp#12;xL��D�6أB��N���&amp#6;HCn�>��|�^�&amp#3;�&amp#2;[��Y�Baey�; �&amp#16;&amp#16;�&amp#23;Գ�6��NGE&amp#19;���I�V�?wOa0i2�LxŚ�sH��ͻ&amp#24;��&amp#19;���#�&d.݋�WK0��gx�(�&amp#22;�;�{]&amp#0;�&amp#12;�3�3'�pSñd�&amp#12;�'&amp#30;��1-k&amp#16;A�F�xc&amp#31;ft&amp#2;�緸�&amp#22;�x*�&amp#11; ��[MCb����J`.4��&amp#5;� &amp#0;$Td���ے?��&amp#29;1�k�&amp#7;Eܽ7��]M�>�އ&amp#14;�ϻ�	�4��,�̬�yҜ���&amp#0;k�xn��u�&amp#28;H@}���e�GFs�=,����&amp#24;���=C��BX&amp#17;�u<l&amp#18;�~B呼JL�g�����]E����v&amp#28;&amp#12;m�a��'&amp#15;&amp#0;�k�&amp#20;�&amp#19;A�z �&amp#30;&amp#29;R��&amp#17;�&amp#21;­@�	hOKz&amp#16;.�2��^�&amp#4;m&amp#28;j]3��4&amp#25;����MD�`"	&amp#6;-'ۊ�e`��H &amp#12;��ۚa�&amp#26;�{�@�$[���&al$����X[&amp#4;�n�Yl�Y��-b�AB4<&��'eu�߾.�&amp#22;L`Y&amp#14;�k��>�t�W�	�&amp#27;$�<m�Ia.�p��J'��&amp#0;&amp#17;;=�Iuo7m�R���!ۋ,�q�N ���B&amp#14;&amp#15;0�<3�ƒb��&amp#3;�&amp#5;��!�q	����v84d�_		gJ��]�7��т$&amp#16;�S����&amp#3;�����ٳ	([!M�Ϥ��&amp#15;��d&amp#16;�&amp#22;����&amp#29;&amp#25;�8&amp#14;Ɏ�X'�����,t���j&amp#8;7�&amp#6;&amp#20;�&amp#2;;&amp#3;���~�u+��&amp#26;ƥ �&amp#8;�i020�&amp#16;.l��ln�	1ݓ�&amp#4;�:�&amp#11;��&amp#0;Y&amp#24;2f���|$�V��Br��&amp#30;8�\�&amp#12;�&amp#25;{^�&amp#28;�ϻ��u'&amp#4;��Qty��v&amp#31;8&amp#0;�Y��u&amp#22;�~_�o�C�&amp#27;0^1�u�&amp#6;8p��&amp#23;�����$Ŗ<VޯW�^�&amp#16;���(F������tX�#7!��^@&amp#29;��n���ͯo�`�����&amp#20;��&amp#25;t&amp#5;)�&amp#25;Sv�@�oUMI�C
�q>��h9��B�An&amp#4;W5
��y &amp#14;w`��&amp#21;��0�r.�&amp#0;w>���E�U�l���������&amp#28;	E�$]�&amp#7;�T;�T�;�W�/zb-��Xt/����f5�g<��.�.�P�B&amp#4;z�H�xOe�A�I}�ޗ�&amp#12;1.���m]y&amp#31;&amp#8;�uA�&	�&amp#0;&amp#28;9r�n���'�I���g���&amp#4;tæ�ҿ%K�b[�Ĝ&amp#14;&amp#15;/S�&amp#15;&amp#2;7�o���.�<&amp#30;��jլk&amp#4;�7U����!=�v�2N�&amp#3;&amp#28;J,,�e&amp#25;&amp#16;�&amp#2;9\Lm�MV�g�&amp#7;&amp#8;�ZX�&amp#17;k{ �u�tc��d�m���&amp#25;�&amp#16;�&amp#22;���S���"h&amp#22;/&amp#25;�&amp#17;&amp#8;�[�!0Kl����4_�1&amp#5;�&amp#19;+�&amp#0;i�C<�&amp#27;&amp#0;��H&amp#30;���&amp#26;�:p#&amp#22;[$�eЙ��1`�*����V&amp#8;���0�N^�t&amp#5;�'&amp#12;&amp#6;^1ڜ&amp#12;��$�z�k����FjYǄ8_W�:�3Q�7]����&amp#6;p$~I���c��&amp#30;/H�-�_���|&amp#8;|��&amp#12;s�}�#&amp#8;�C�,�\<�]��&amp#0;�C��e����/#���&amp#29;@�&amp#24;&amp#29;O	k����`F�v&amp#2;��&amp#28;O�(Pn]&amp#11;��Ew�&amp#12;��&amp#8;Y�N;b��X6�kh�&amp#11;�&amp#0;�&amp#2;v&amp#26;:��b�17g�VLxܰ�et�4(�&amp#6;&amp#19;;�u|&amp#2;x�f@��k�&amp#16;lf���k'|&amp#17;�&amp#20;&amp#8;�@&amp#1;I&amp#20;R�씨ҍ�i�!&amp#16;�X%�!�I��A�;��P"�v�&amp#11;��-����BHu&amp#14;�?|�&amp#19;�&amp#6;5&amp#11;��Qθy����&amp#28;suX&amp#23;��w�D�bgDuzZb�X�'���<^�(�C��"�&amp#0;�͌���l�8�E��I{&amp#28;K�0��0�8du�(6.����ۇ��&amp#24;{��&amp#29;�4�g��&amp#30;&amp#28;ã�&amp#20;L�&amp#14;�Yk&amp#29;&amp#29;����d&amp#12;��t&amp#20;�&amp#8;`��>P&!/u�-��ߥ� ��3F&amp#18;ͪ�&amp#21;�̏p7�&amp#17;�ۈ�,4�&amp#4;+��&amp#21;�&amp#25;�&amp#12;MG"Gx&v�TyM�Z�B]b&amp#7;��\3i�&amp#23;r&amp#12;��1�9&amp#14;&amp#7;�m�2z�&amp#16;�c�^���&amp#17;&amp#17;Ŝ9덖f�&amp#14;��ǩ�&amp#28;�&amp#0;�Ձ&amp#26;���v,re�u@l1�	���G&amp#27;��&amp#2;,O��2��&amp#4;<��v_�&amp#5;&amp#29;O����&amp#23;�.�2���&amp#11;A��;���C�&amp#11;��'��ռ�yn&amp#18;����G�&amp#7;��Q�C&amp#23;�gw��ypC�c��/=l&amp#3;�&amp#30;K��K׃�Ƥ&amp#16;&amp#24;];ċ��R��#�J&I���#d&amp#18;&amp#19;Z7��E�*&amp#15;"!`�rX&amp#19;ށ�&amp#2;��z	�&amp#3;&��$�3��<c�&amp#23;@��&amp#1;��iv��{�(�&!r�u�9	$q:�5�A�z���n����&amp#15;S�Ŷ�&amp#30;���w&amp#22;&amp#19;G��)u^��:�E�Yê&amp#25;���;&amp#14;��x�&amp#23;J4u�P��Q�)������"�ǽ��&amp#23;":�r�\�;�ӧ&amp#11;��&amp#2;t�$!&amp#14;&amp#31;6ko{&amp#11;w&amp#4;��0s�]�%&amp#14;32�&amp#0;&amp#0;�#J_!"&amp#2;p&amp#29;1&amp#26;i�&amp#7;��&amp#26;o&amp#29;����&amp#0;�3&amp#17;�a�lȌ0&amp#31;�C�&amp#2;�HOp��&amp#6;&amp#0;�^�&amp#14;��Ga��2&amp#14;&amp#19;�I��w�)TӠ��P����&amp#18;�w�=�&amp#6;œ&amp#30;����&amp#16;l&amp#29;y��:�&amp#11;���&amp#0;����O^�#�3ͥ�&amp#23;�9`��9&amp#30;��:�.�k6�>C�&amp#27;�¶��&amp#14;윞$�#�#;G��,��&amp#28;2�+�&amp#30;���!�f3�:?�֐&amp#28;�ow��v%��vs�6VG����X&amp#28;��d�VH��΂�&amp#24;˙�L�A{�oR&amp#7;
&amp#14;�|����pZ]+��&amp#28;&amp#7;	&amp#31;H���&amp#14;���&amp#18;s_�l��3�w��%+��fw&amp#27;�z&amp#29;Ñd=�̻q�T&amp#27;��wcv&amp#11;&f�&��lX�.�1�]`�3&amp#16;�&amp#8;S/�&amp#17;=wf��
�]&amp#16;ƽ�&amp#1;��]��XD\n&amp#30;�)��&amp#7;�G��%�!�ۤ�C#��}�o&amp#16;�j����&amp#8;����y�&amp#15;nAϴy��{<&amp#2;M6p�z�y,��&amp#31;#ƻO�8e�&amp#12;3�,&amp#30;�K�&amp#16;1o���&amp#23;R]Q�3��'l��-�,iՃ瀖Pt]\��.IS�wl5هH�+J,j m��e�]&amp#16;�A2�8&amp#2;�%M�'�O�&amp#1;k�j�&amp#2;A�d�xED�,&amp#6;O0&F��Hs�&@&amp#25;�����b�c&amp#14;O�M�]�&amp#25;b�ub�&amp#28;èa&amp#12;{ސ�d��V���&amp#3;?&amp#15;(&k��&amp#11;��t[�s��g�&!����&amp#6;&amp#26;�q.������s+�&amp#19;鲷|B�p{�x,��&amp#31;!D*&amp#24;��,�3�=]d��� ���Z�'Q���� F&amp#16;�om��3��k�zD�V�:ˮd�]��&amp#30;eտ�&amp#15;[&amp#19;\�zq���&amp#4;&amp#24;]Q�&amp#20;A&amp#19;�&amp#21;@�#&amp#25;a�l\ۻ��h�.$X&amp#26;��&amp#0;֨κ�A�&amp#0;&amp#18;�$W&amp#30;&A&amp#12;�`&amp#7;&amp#17;X�&amp#26;��&amp#4;&amp#19;45�&amp#23;&amp#14;zc��(|����^&amp#19;���-�&amp#22;z�*9�G&amp#24;�&amp#14;��&amp#16;�&amp#2;�%G�2m��^k����c/;t8�CE�w�'	���&amp#30;������&amp#30;ۘ7KPg&amp#7;��y?���<�&amp#22;Ye�E�&amp#16;u��&amp#5;��8��&amp#25;&amp#19;ϑT&amp#24;�&amp#26;M�wx�&amp#16;,!���l�t�ׁ�kw<��L�_�&amp#29;<�}@�&amp#21;61f&amp#3;.��2ak�&amp#12;���&amp#22;��8�&amp#8;�
0���0��DF���]��&amp#18;&amp#30;����d�7x�lb2*�H�1(8�D&amp#19;@�A�(x���:F��"	GG&amp#11;$^ݒ��'D@�tٞ��I�d&amp#18;�&amp#6;&amp#24;&amp#27;&c&amp#5;��tf��A4o|�1:ɗF&amp#11;��&amp#4;��ř'��/��C�Ώ��'����,��!�<WI[}&amp#22;��&amp#21;�6�
���X��s�=?��WN3�$�&amp#14;Q �f&amp#4; Z��&amp#7;Y&amp#29;��J�&amp#0;,N=C��&amp#24;!�ic{(m��W�3�ow�E8}7~F�&amp#0;�r�P�����~r`�������ԓ���&amp#21;���&amp#24;0&amp#8;/n�&amp#6;�z�n�&amp#7;�#�	N�(�&amp#19;'y%!��&amp#17;�6R3�Ε޻>ĘR׷lC�&amp#26;���G5"&amp#5;�&amp#1;l&amp#23;t�`���&amp#22;I�j#�&amp#18;�&amp#23;Ԙ�VBb�-�wH&amp#26;c&amp#22;˸='�>��UHL�h�_!��s�d�<~a��&amp#25;�	&amp#14;�J�x�םB����u��w��//&amp#15;�:pe>&amp#28;g&amp#3;�,�Խ`O��&amp#23;�,#�yy���b�&amp#4;Y&amp#24;z�\�W���&amp#2;�&amp#2;~�&amp#3;��l8_"&amp#28;&amp#19;�N�Wk�&amp#30;�je�&amp#29;&amp#17;kb�4�>��&amp#30;����&amp#18;d8�&amp#22;�X�ĸ�F�&amp#2;���Dő؆=u�m�Xf����&amp#24;l�m�[&amp#28;V^.&amp#24;&amp#11;N&amp#22;&amp#0;%�[%�Q��Ax��&amp#3;&amp#19;v�}d&amp#17;���q��&amp#6;&amp#20;��&amp#6;!�j&amp#17;=�&amp#15;W��ӈ�t'�ci�9߫A����h�c�7��&amp#19;��}\#f�[�ș�w�&amp#2;����{�0�<S켣��wYA&amp#7;&amp#12;&amp#29;-2�&amp#25;�!S�z�@���&amp#23;�u�{ٱ&amp#17;�E�ƿ�&amp#12;8&amp#30;����s�P7A���&amp#3;��&amp#0;&amp#30;&amp#0;9���5!1VWOz��&amp#22;Y�&amp#19;�&amp#4;<��Y�.����Bg&amp#18;�YB�&amp#29;{݃�&amp#12;Z�ޑV�lD�vt�L���Xƶ�&amp#27;��&amp#18;���&amp#20;�`��_�%�l��dnj��O�n��&amp#1;�/�Bρ6�&amp#24;$&amp#14;�Vp&amp#29;	��*�'�Z&amp#21;ҠV�p��1.�[&amp#31;&amp#24;�d���Ez��/&amp#18;�&amp#0;&amp#11;2���v�:ׇ���0�|�7��&amp#15;ݻ��&amp#17;�����__&amp#24;�G&amp#4;"�y�����u�p]&amp#11;�&amp#30;�=�/��%:C�ݪt����&amp#0;&amp#27;�&amp#16;Wl�1�?�&amp#28;�? A�&amp#2;�!&amp#30;�$
:éc(&amp#2;&amp#25;��z^K6��&amp#4;P�l�����P(���2���&amp#4;��y�&amp#4;Z�&amp#0;p.�X�1Q;- @�vk�:F�듷l>Y&amp#16;��E�>&amp#12;5��Τ�Bب��[&amp#27;`��&amp#18;0N�&amp#18;��L�X�);L����8�[l�W�Gl�&amp#17;����}l�+�OȠ�ZH&amp#12;gA�&amp#26;8;G�����&amp#7;h����<7���O7n?�hy��#&amp#7;cl &amp#28;eӇG&amp#7;����{a_��u&amp#28;���"�&amp#16;�/���0�q�&amp#8;�&amp#25;u�&amp#12;&amp#18;&amp#31;� �&1G'&amp#7;&amp#3;��t]�y��&amp#14;�� zZ�i�l��/&amp#22;��4�7�&amp#24;�tc�^�&amp#1;}�B&amp#8;�m����#t��&amp#30;&amp#18;:)��&amp#25;��&amp#7;&amp#25;&amp#6;�ud"-���&amp#12;�&amp#27;	&amp#24;&amp#8;<�+H&amp#1;k_u��p�&amp#25;�&F^&amp#6;&amp#11;rtd&amp#0;6tS��LAv}&amp#4;�h�`]��|D���?\y&amp#22;��&amp#4;z%&amp#24;�@,��6p�%&amp#14;�ħ˷��&amp#16;���<3����N/o&amp#7;���?Ya&amp#7;�L6ݿ����&amp#29;�:\u�!��&amp#30;Ci�D��|p�n�!���3�&amp#18;�3 `�t��&amp#22;��gM�c]&amp#17;�&amp#6;pAe��ewƄ�;�Aȣn�_�k8�E�dp��&amp#23;&amp#0;z[d&amp#5;���u�&amp#2;!��&amp#1;�+:���>�-¥���.V����!�&amp#24;�&amp#7;u�W�0&K&amp#7;��j�.	���&amp#25;&amp#2;߭&amp#19;\� Q��&amp#16;؏c&amp#2;m���1�˦lǩ>&amp#18;�i"&amp#22;&&amp#12;X�|&amp#25;��9�w8&amp#18;�Ϭ�;&amp#15;<U�q	�we�]Z_��7���&amp#30;&amp#25;���� �t���&amp#19;&amp#28;s�7�iݖ&amp#1;o&amp#25;ǘw�&amp#24;ǒ���0�ۙ�&amp#17;���i`y��&amp#16;�!	͂&amp#19;��P���D�&amp#6;�u��&amp#12;��&amp#20;9��Yr���x��!$��?&amp#14;+��/&amp#23;I&amp#24;S�!`r�(��	��<d&amp#4;?�ԐIg���з�
6�&amp#16;tZ���&amp#12;x!�&amp#19;�"$&amp#5;�&amp#27;�;&amp#15;&amp#29;�t &amp#17;�ɍ�F�8x&amp#4;�&amp#20;û&amp#30;e�&amp#23;_S�&amp#6;p#n͜&amp#23;�h9v&amp#12;P�$��&amp#25;x&amp#24;M��O&amp#17;���@�&amp#2;��u��	�Wq&amp#19;���n�<��h'H��ǖ����{�&amp#20;��ya�=&amp#28;A�&amp#15;l^h3�&amp#11;P��r0�&amp#2;�?��=�"�\�&amp#22;�&amp#3;&amp#8;��&amp#0;�o&amp#0;	�?ȐRL��Yv��÷&amp#6;�ʍ&amp#18;��re�E��[�;!��&amp#30;"w8�+�x_���|��0&amp#7;�,&amp#19;vӣx�t&amp#21;�K�&amp#6;��-*E�%׬�pd3��}�&amp#19;|g
�(Y��:�Gv��u%7�\z�H&amp#0;͔cA܎&amp#14;��)&amp#18;x�|�a�N��&amp#16;&amp#30;��7h���5�Q�#g&amp#30;h(3'&amp#31;&amp#29;�4��[��،$�إ�&amp#11;������?a�&amp#17;��#�m��p���j��&amp#6;3wx8��K��5ޑ�9}&amp#27;��&amp#0;!��[�Z�&amp#27;&amp#4;&amp#3;��V�&amp#25;`E~.1D�2&amp#5;����&amp#1;ue�/�Z�L�F�F�I{ʵ�u����&amp#16;pY�n&amp#22;eCo3�#�&amp#12;&amp#6;��զ�z$�r67x4�g�'���&amp#30;&amp#4;&amp#29;%�&amp#29;�t��
�=F&amp#11;0�a�C�b&amp#3;	<t�)�E)�&amp#25;�e(�&amp#26;m�E&amp#3;&amp#4;���x��&amp#0;�ն&amp#30;�x&amp#31;&amp#18;��&amp#7;&amp#24;^�&amp#20;-J&amp#12;���ը��%&amp#8;��^Ӵ�7
��*�{�Aϋ����7��,K�(��&amp#16;xe���a�����&amp#30;޷H��,��ps7�'�4��e�9�b�&amp#16;��&amp#2;.'�]&amp#30;Gwl����a�,�&amp#8;M�M��ɸ��&amp#5;���&amp#0;�&amp#28;&amp#0;D&amp#15;�3�	M�&amp#11;&amp#0;�%`����9�d&amp#5;0ah&amp#1;1&amp#8;��x&amp#12;8��ґ�&amp#2;ޭ�$&amp#6;&amp#20;n��8&amp#12;�b:
�7��v�]i�3vNFX&amp#22;�,&amp#7;�&amp#28;��>��t���#w���K�:�t�kfʔ4VB$�Ty�&amp#19;b2�2��)#x�1&amp#14;Zb��&amp#25;�,�c<^��"�[5x&amp#28;C����y2�&amp#15;n$�I�&amp#0;/�&amp#31;���ǃ���)@�Q�_r/n���5d.�6R�&S;v)f�G�&amp#0;�&amp#2;G�&amp#19;MƯl��8M�c��]�3:��&������Q��&amp#19;&amp#26;1&amp#2;&amp#6;���!��e�px7;4f������&amp#5;&amp#6;�&amp#29;R�;&amp#23;F�&amp#21;�^��䰍6&amp#24;(Ȗ�d�ދ����'��Y떠]&ї��^L�r2&amp#19;���۴G;�h��&amp#8;&amp#22;i&amp#28;:b�I�h&amp#7;d&amp#7;��&amp#2;&amp#16;�/�����X�4�$�&amp#0;�w����{r�b<�>������&amp#1;e�&amp#12;�KÈ[&amp#28;x�k�7�y8<���x1���7c��y&amp#15;&amp#31;�xvZ�&amp#25;�9��
�&amp#22;��q&amp#0;𧲌"9�Z���r���%���6&amp#24;b؈�q/M�7���Jp��3�&amp#7;��&�̻P��||d�,&amp#22;&amp#17;�&amp#1;��˷M2u@f��`� d��^�A�&amp#30;@N��bGK��V�!&amp#22;�ՓL$�h�:Z��o�,��&amp#22;���ٜ@�>M�0b2&amp#3;&amp#2;V&amp#1;j|�Z&amp#3;�&amp#6;J�&amp#0;L&amp#23;(L�&amp#4;������m�&amp#31;�C�&&amp#21;܄&amp#30;�V,�;��&amp#19;�wɟ-�}</~'G&amp#31;�&amp#23;�>�&amp#28;�N&amp#1;ϠO�N~&amp#7;{&amp#18;�v�&amp#16;�,��唼&amp#25;�"&amp#25;gw�gi��/�?,l�g&amp#7;>��2�L�m3�L&amp#25;�&amp#23;�DG'&amp#31;,&amp#4;pg�f�&amp#6;Z���[��&amp#29;)m��&amp#27;���
�&amp#15;&amp#3;&amp#19;�&amp#19;1[&amp#7;��&amp#28;"�́M&amp#17;P�`�&amp#21;왌B#�%��,ͻa{&amp#22;�dumc=&�KN�o&I�uC�?#�-O�ΐjt	&amp#0;GkMhE���l˷&amp#26;����&amp#4;2G{�&amp#29;&amp#30;��&amp#25;��]�h�-�&amp#22;~&amp#12; ˵&amp#30;�]Yt�`��ޣ��a�9��������&amp#31;a=�$q��г�e�c��oO�I�3g�&amp#11;�Ç&amp#22;ݹ6݈&amp#17;&amp#23;d��u�&amp#11;�,�?�X862b\"�s<&amp#28;%&amp#23;_�͡�&amp#3;�`�8+&amp#22;P�Ű�>�&amp#31;WD&amp#19;`�7J].�T쥅������&amp#29;�,�W�&amp#1;1���I�C���y&amp#5;�&amp#21;��D��&amp#6;�f}�&amp#5;}&amp#25;�,n���&amp#14;�{�w���n��z�4&amp#22;�[u��&amp#4;;��&amp#4;�&amp#31;��&amp#30;��+Q�&amp#11;T20F�W��/&amp#3;�K8&amp#14;&amp#6;q��dzx�%��Χ/wA.���&amp#23;�x������}��<&amp#17;m�n����׻&amp#25;���&amp#19;�8lX��&amp#29;x|[E�sv�θ��&amp#8;��,�&amp#15;&amp#0;��M��݇/>"��&amp#28;�8�L��Ը#���&amp#18;L=�΁�M�����^&amp#8;>�&amp#11;�	aX&amp#26;o&amp#2;&amp#19;sw�h&amp#30;��4���:&amp#7;N\C��2��&amp#31;Yd'j:Y��>��V&amp#6;p&amp#14;w&amp#21;� �Q*���&amp#1;$�Wf��&amp#2;�H&amp#16;n:&amp#22;�b^�`fei	��,&amp#22;&amp#22;�f��q&amp#20;�wT&amp#11; î�J^��µ�&amp#28;&amp#20;��S%����V6y���&amp#15;�����3�ۘq��}�.�tG���{"?m�&amp#14;�&amp#17;�uum��)�&amp#23;D\E��&amp#1;�&amp#24;`�&amp#15;���Vn�_-Џ&amp#6;�2�8����?ĘzRM�b�&amp#27;��8��Ĝ!ֲ��Q�6���[3��&amp#5;��&amp#3;t��}	&amp#3;&amp#19;4�Ԓi]W��S+����&amp#19;�vP�5؛��0���&amp#23;z8)��I���A�pm�òw&amp#8;�&amp#8;�z�2t�I4M&amp#17;&amp#5;`\&amp#22;U�z&amp#1;�e�p&amp#25;ශ&amp#25;T��b�ˉ G\7o&amp#31;Ht�8�10����&amp#14;�՗V�>�����&amp#4;�x����/+�%���&amp#21;�ǑǺF�?���dz�7�&amp#27;{s��*A2=[qF�/d�]�����NAe���^�٩kǩfɶ���&amp#3;aSn���&amp#5;�8i�u��&amp#6;�;o�&amp#31;q&amp#30;y� �&amp#28;G���&amp#4;zj&amp#14;��m&��&amp#8;��4A�
�����&amp#3;����K�&amp#24;��wM&amp#19;���!&amp#5;�%�VЖfn|˵�/{,d$XT&amp#6;&amp#2;zBvg�2�\<�R�����&amp#4;8y&amp#16;�� ��;^�&amp#5;�u�����w&amp#27;�*]"0u�i�&amp#25;dp&amp#30;�&amp#25;�^&amp#11;�&amp#1;�:��߮&amp#29;����&amp#19;���b�&amp#0;���tAkIl����&amp#28;��!&amp#14;GW	�ٔ}��&amp#11;Ր��&amp#18;�Λ���dm$�z^&amp#27;�e/`�nՍϠ&amp#4;���ӧ�&amp#28;��XG�&amp#28;&amp#26; ��gl�.�ݭ	�vv&�)f��h.�&amp#17;���&amp#18;&amp#26;�"&amp#30;��&amp#17;�g[�0&amp#18;,&amp#17;w!�!o}~L���;=2����&amp#22;�&amp#18;o��&amp#18;t�b��KT�&amp#14;rԛ�3��ok�/��&amp#0;&amp#15;&amp#15;&amp#3;Ƽ^/X��y/&amp#22;\>���&amp#20;�g9&amp#8;^�e{'��{c.��z�&amp#17;&amp#28;&amp#5;�&amp#5;�@&amp#8;�o��g�@� ���G&amp#29;&amp#31;9�ߖ&amp#25;��.��&amp#4;B&amp#16;�ã��q�m.󵜿����Ao#j4�&amp#24;&amp#29;�H��Su�"R}f"����:���'�7�w��&amp#11;؞	�3�r
&amp#4;�?j��GU�_v�l&amp#8;F&amp#12;&amp#12;m�,M��mi��!EQ�oP�y�:T^��g�t&amp#12;B<"���)hi��!@&amp#19;�!{F,�&amp#18;Edj&amp#15;��m�̸ jG&amp#7;<���x�k�=�S/�f&amp#28;C�ǈz ���/���U���	�x.�`Y&amp#22;&amp#18;����d���G%&amp#25;Oು&amp#15;Vw{�VOd2�c���&amp#14;��r	�&amp#0;9蘍��6\�c��u_�32�����9�&amp#23;VB4�pH#��!�[3ed�����>�&amp#1;&amp#21;8I������� &amp#20;�۬$�&amp#18;C�&amp#29;§
�0��[&amp#0;��&amp#1;�n���'C$�j��&amp#26;�W�gNJL&amp#5;&amp#18;�%�I���&amp#0;'�c&amp#23;�&amp#12;�R��m�$&amp#4;I1�D��&amp#19;:-��j�Bc�&d�&amp#18;�y����&amp#14;��=�^(��a&amp#31;o&amp#14;'�����]k&amp#12;r��q�2<��
&amp#28;�;&amp#23;��3�$��>݉&amp#5;�A��D���&amp#28;3z�&&amp#24;��&amp#20;�&amp#16;��1g�]1�޵k
�u��&amp#5;���i���&amp#15;�?�&amp#31;#&amp#17;�tP�ov���u�����&amp#6;5�
*&amp#27;��NL&amp#22;=��!&amp#8;�A&amp#22;&amp#18;6���&amp#15;��Hv2&amp#29;��|w�M`蓾_�H�E=�"&amp#12;w&amp#12;=9�M�j&amp#12;��&amp#22;a��5
�&amp#4;&amp#26;;&amp#1;&amp#19;8�)��&amp#24;Μl&amp#6;��k/&amp#12;i�-�7�k�%&amp#7;&amp#3;&amp#17;б�&amp#30;#�O�.6�m��{x:z�/�Ǧ�x����.�&amp#3;�&amp#30;�e�]�S&amp#22;b��N{�&��&amp#31;��&amp#8;��&amp#11; �&amp#14;&amp#3;���#�&amp#24;�&amp#27;O&amp#25;{@����p����wS�.&amp#16;ƥ�&amp#22;Lɉk�'&0&amp#8;l�XH[�ټ&amp#31;q�&amp#4;M�R&amp#30;��d�&amp#11;&amp#11;lJ�V&amp#11;&:x��&amp#12;�8$'|P#�;�A؊��&amp#8;$�&amp#7;��`'p�&amp#17;�t&amp#1;8d7m�v����'>������^	 �.�8v;�&amp#8;ވ���9&amp#3;6�j�V8� i�8���"��iJUv�}��m<�s�/&amp#22;������Ǧ�&amp#15;���&amp#23;�&amp#19;��˜�8��K�l���A�XK�&amp#25;�&amp#22;z�gB̟��&amp#7;���p8&amp#8;p&amp#11;�v��]����gK&amp#24;xZ&amp#23;""�&amp#0;K������K^�a�&amp#14;�&amp#24;���,~p�&amp#0;��`&amp#16;,���=��ץ`�q&amp#25;�&amp#21;�m�Ȑ&amp#2;E���&amp#1;!�M�֯�&amp#5;���&amp#11;�tp��7�w��	h0���k �y.�����&amp#4;�p�2&amp#14;&amp#1;Q�&amp#1;,Ϲ�:!&amp#7;k,�B A&amp#7;4>�F&amp#8;���&amp#22;�>�&amp#30;hL�}�B]c�r�,[JR�M&amp#16;�5��.�]��e^?����v7Su�^!��&amp#8;�}�ʼ?�&amp#30;�&amp#4;]&amp#28;&amp#27;+c۷[��&amp#29;�����~�>�&amp#1;n��&amp#14;���"&amp#16;�&amp#28;&amp#18;���3��]�&amp#3;�|&amp#4;֑&amp#21;�����i����!o9-&amp#29;�C�&amp#7;������ӃN&amp#1;����x&amp#11;z����,i�,�eFP:@v&amp#4;=&amp#1;�c���O�߃�&amp#27;��E���&amp#28;&amp#28;��jTA���5�&amp#28;�@E�+:&amp#8;&amp#23;���&amp#25;����k>�&amp#0;�QM�ެ���.�&amp#1;&amp#3;&amp#14;;�&amp#11;B�wI!�&amp#12;&amp#7;�EFx^0H�K�^0(L2==�S�6&amp#24;�&amp#24;��F�|&amp#22;�V���=��yN���&amp#0;&amp#0;c{�yq��;��0���gd�&amp#30;&amp#1;p�&amp#16;�<�G^��u&amp#28;���#�DD&amp#16;�V�x<Ad&amp#14;
�&amp#11;&amp#31;<1��&amp#31;��߃?�d��2��&amp#16;S8y���ۑ�9����&amp#11;�G��؏V�<7��l0:�)�f&amp#4;A�SЊ��D{ݽ|�C�p`��5;0&amp#17;�&amp#5;�)`&amp#17;��:u&amp#3;�:F=2�9�^�ۏc"�����C�q�&amp#4;��9�Ð&amp#15;&amp#25;#��O���D�V^&amp#14;p&amp#1;�&amp#11;v�Ä��`T �r�&amp#16;�6&amp#4;�K�&amp#4;�p&amp#0;K��|n������� ��\�0�Լ#�ș%�z��k�m�͋�${6\&amp#6;��0v�&amp#27;&amp#14;�7��4�&amp#29;K�&amp#16;�(�8���&amp#25;��vQ��-&amp#5;Կ9��&amp#20;��&amp#7;�&amp#15;�dB���[K���&amp#6;]�ޤ�c��?�&amp#19;�#~��m�vͤw/NFa�[�u����t&amp#6;&amp#30;��s�?��g�ࠎA �D��Ä�<,�hA&amp#28;؝M�&amp#8;=X!=;,l�H,Y��&amp#7;s�d;&amp#11;�E;&amp#1;�&amp#16;�%��
e|�G3�#K&�/&amp#29;=��S�v&amp#6;T&amp#8;.)̛_Kk&amp#1;�&amp#12;�;&amp#25;�&amp#28;
��å��&amp#31;�m�|C��̞g��b�&amp#19;&amp#28;�W�FG&amp#25;w.��fRrBt�1zl��)�&amp#8;��"�'�?K�Y�u&amp#25;Շ�*A��)C���8�&amp#8;�&amp#14;�&amp#0;a�v��n׀��&amp#15;�&amp#20;&amp#2;�s&amp#23;ӎ���&amp#3;�D#7���&amp#12;N�3��&amp#18;ŝ����E���{�@�
�E����&amp#5;,l��A�	c�&amp#3;�i�R�6��wΰ�g&amp#19;�!Q����tr��_K`��&amp#21;��&amp#28;~&amp#2;�������"&amp#15;��&amp#7;&amp#4;`����`,&amp#8;�D��8���pe�	��t&�Lgэ��y�,#�&amp#23;BқF2:&amp#2;�Ξ�b�?�&amp#20;}�&amp#31;�&amp#2;&amp#4;��7���DE���&amp#3;Z&amp#29;ެ$�(:�x&amp#24;h)&amp#7;���e�e#��&amp#30;�&amp#8;?�8-8	 ��&amp#11;&amp#15;��@}�l��q��q>��C�&amp#7;��&amp#1;tqc��p�kaw&amp#8;F�T��&amp#25;�-&amp#6;i�{Ӿ`�:��c&amp#28;�VPx��܇|.&amp#15;�K"�x.&amp#22;���Y�;E0V&amp#1;� q��;�7vK+�P&amp#0;��B&amp#14;�;��y��+�"�|�*�e�<�zN��_&amp#14;&amp#1;��rcv:3�2j5۹'�oTVu\C�^֥�F��&amp#7;�n�de���xs}	���&amp#27;&amp#27;o&amp#26;�&amp#23;��x�&amp#2;�#ۃ�xp��&amp#0;b��{/&amp#5;��DM�&amp#24;Izy&amp#15;&amp#14;&amp#23;��7׀�&amp#24;�&amp#12;�f�Y�;�1z"���x��`D}�&amp#15;�?���~��a���&amp#6;�&amp#8;2&amp#4;���&amp#15;&amp#6;	&amp#15;�&amp#22;�oit�>&amp#20;�g&amp#23;����O&amp#30;_�w����]"߶��b;G&amp#31;&amp#3;œ&amp#17;��,10(��WHùt&amp#7;&amp#8;�&amp#2;1XL�֘&amp#25;]U�&amp#22;�&amp#8;?7� :�tl�];��P7��&amp#22;&amp#26;aIz��嫼&amp#12;���ύvƍ�z�a&amp#8;&amp#4;��Ku��@d���&amp#29;[C�؄٨ޛ�w���y&amp#25;�&amp#8;�B�<&amp#8;�(�D�`&amp#6;�&amp#0;!���M��<�S�ļ<&amp#31;��t��p&amp#24;�ݎ&amp#0;�&amp#16;9Ī��=����e��;��Gc.���K��l�a����_�������Jq��l���d�������&amp#29;O&amp#30;�,3[���:��Hy&amp#0;0�&amp#2;��m����=���>&amp#25;{�U��=&amp#29;���9%�&amp#2;&amp#7;�����C��O�v��뜺��$����<v&amp#30;"S���ؓі+m2�&amp#0;�P��&amp#27;�[4&amp#24;a��&amp#22;v�&amp#23;&amp#16;T����&amp#29;'x���1�]�|Sm&amp#16;G&amp#0;�&amp#8;u���
�HxIX1:&amp#24;��&amp#28;.c�|��=B��&amp#0;$\��^n�N���&A&����6}�R&amp#25;&amp#18;'&amp#8;�v��o&amp#25;mŢ�&amp#30;#��&amp#25;��9B�����~�ʕ�Cp&amp#17;=�^&amp#12;Vd�X��&amp#29;�1��[ǥ�Yf^Hܑ���=��g���kq&amp#16;$K�!�&amp#16;��&amp#29;�~�㬩n��u&amp#20;�~�&amp#2;u��&amp#16;&amp#7;&amp#24;9�2�u`0&amp#28;M�2������&amp#1;&amp#23;{&amp#26;���,,7ђ�/N&amp#0;k��)�v�$�+bǄ+YF�&amp#17;��k��n�2Y�N�&amp#3;&�o�*}v���D�X7%��`�&amp#2;wT_b�?Yul���}ʼb ��#�:��;R��z�o&amp#17;<&amp#25;g&amp#8;t���:��+�3�ps�7���&amp#25;˫�NH3J�&amp#17;��&amp#30;�+A�!��ۅ��[n&amp#2;�x�@L��&amp#25;nz��L&amp#31;�&amp#11;&amp#14;&amp#25;��&amp#2;�&amp#4;m�1��KM���o"&amp#8;Q���٠ن9>�_$R���ќP�&amp#25;�;�=Juc&amp#4;�p[���.�7T&amp#12;P��q&amp#19;�4#�H�a6&amp#29;&amp#5;�&amp#19;�`��`�`�$��J�Y�&amp#23;qdgQ�@Q=
&amp#8;��4�M���&amp#23;am�x$�&amp#27;s'��;��&amp#25;&amp#25;��#F��t,&amp#18;<0ˡ�'�%ݠ� ��t�/&amp#15;&amp#31;h<�l̵f&amp#24;:KT/%�&amp#0;�5��lXA,��&amp#7;wC�]"&amp#2;&amp#8;r�͏&amp#28;��<&amp#20;;&amp#14;Xݞ<�{/�1[�&amp#31;��&amp#7;V��Y���&amp#2;n�Ȓx^K&amp#2;2&amp#16;�^�N�[bm���o��&amp#27;�&amp#7;�&amp#27;��=��Gb�R�ͭå+���&amp#25;��&amp#4;��� #&amp#30;�%�#N{#G&amp#8;&amp#4;�&amp#24;.���m�
>b&amp#22;&amp#30;��ɶ&amp#7;�/�jM2�(��z2�p����M�&amp#8;[�]�C�c�&amp#23;&amp#26;���ޖ�&amp#0;��y��2�4�"�-p�&d������k���|&amp#22;_�8,��x���xp<&amp#29;9vH��nF�&amp#16;E�{��{�
&amp#16;��]��_�&amp#27;ώ<M[h&amp#7;��9gPØ���i=�&amp#23;���
���p���� �w��m���#������&amp#0;K���5Y�c�dvY�:a��\&amp#6;P&amp#19;�}��g$G&amp#4;��&amp#17;M&amp#12;&amp#27;&amp#27;��Nc�eӸ��&amp#19;;&amp#3;v؎���0&amp#22;;b���S<&amp#17;5�}&amp#24;�I&amp#1;&amp#27;}�&amp#4;�b,�l3&amp#3;w"/&amp#22;�/�8�	�&amp#0;߉�;wH��	���&amp#8;&amp#29;��p��'�<�&amp#6;&amp#4;&amp#11;�&amp#0;�#D���;�Y�7�ہ�#_�n�v62;��&amp#17;��뀧M�x�'�K�`g�&amp#22;&amp#23;����n��r!r&amp#24;��"&amp#3;?P��y&amp#22;��&amp#14;!�E&amp#0;<��r��8y��L&amp#22;�-�&amp#0;@��#&amp#17;+&amp#2;��_�Bw�P��q��#&amp#19;�8�B&amp#29;B&amp#16;��evX&amp#12;�X׳g�H&amp#20;�&amp#11;B(ܵ&amp#4;Mh-$4 P(u&amp#27;�����o&amp#0;ޙ�;N&amp#3;&amp#4;z�=&amp#31;DoU�&amp#2;c����&amp#14;�~7��]�pZ��z�&amp#5;�&amp#7;OJ�z,3Y�]���&amp#7;U��X�)&amp#6;T�5�N�C$&amp#4;X�S��&amp#12;��&amp#23;N;ǻ�d&amp#22;Yg&amp#3;�&amp#30;�E?��c��Y����G�&amp#31;l9��n퍬:�&amp#25;�&amp#28;8N�'.�W�&amp#8;d�y��D��Dw&amp#3;�w3&amp#19;7��-�&amp#22;&amp#18;�&amp#3;_�(&amp#18;�!(�/5�Yg+&amp#28;&amp#3;�!�&amp#20;�����6&amp#20;��#/&amp#15;p�&amp#3;�G-k&amp#24;�&amp#30;-�學yl;^���YH5x'y2&amp#4;&amp#1;R�&amp#29;�Km����O}^&amp#19;���&amp#1;C�&amp#2;��\-�c�;;%��t`�&amp#29;�d�M&amp#1;X
:�&amp#12;�mݐ�&amp#16;&amp#7;�@&amp#30;�0�}�ަ6�gѷ��&amp#15;F"e�b�2�̻&amp#29;���|֤��q}O&amp#18;[&amp#5;�pÇEغ�b�D&amp#14;!�HwzX2;�fwt&amp#27;���&amp#1;�h��~=M���I*i>��}<(��Lqv&amp#1;=F���;�I�eZ� S�&amp#5;��&amp#22;�&amp#30;�vG��;{&amp#4;g&amp#27;l2B&amp#18;&amp#2;�{�&amp#1;�6��&amp#26;�q��	��M���&amp#2;&amp#29;Np8�7�h�{��)d�!V��5&amp#22;&amp#12;^O&amp#16;?g��x�k�`�7f5�a�H�'�K{/�)��<&amp#6;�e���"(&amp#23;�^�&amp#26;{e�E`��[&amp#14;�w&amp#20;���d&amp#1;&amp#2;8͠���h�&2"!�����3e�&amp#2;�D:C����b���I'���}�il&amp#7;PAe�G���7�&amp#23;1N&amp#24;�x}�&amp#30;=ۏ=��?���&amp#27;nM�����&amp#3;&���oN^G�&amp#1;&amp#17;c?"3�^�&amp#22;&amp#14;]|�&amp#0;\&amp#22;g���&amp#0;�.q��w�i&amp#14;�d���&amp#0; Y����po�{��l���a�Wv60��&amp#24;��G���&amp#24;b�����&amp#11;�x���Cwg&amp#0;�&amp#12;&amp#20;&amp#12;��L�&amp#14;����<FO���s�6��&amp#0;,rl�e|@b����&amp#31;XiT�#P�M��p&amp#22;&amp#12;Ap�$��
�#�
4̻�%�&amp#19;
&amp#4;ڲ4�)��ڷ�u4��&amp#16;ݘ�Q�2&amp#12;� ��W�ˀ&r&amp#17;&amp#7;Wf�F&amp#11;#&amp#11;�)�&amp#27;�g"�Z9�pں��R�&amp#28;@&amp#3;&amp#12;ſ�h��m&amp#7;hv�n�P�K&amp#28;&amp#8;&amp#7;�&amp#8;�f�&amp#0;8�&amp#5;�6&amp#19;yr�9�`�7�I&amp#30;#ɏF��	��&amp#0;{?���3�JwǬ�޸�;q��+E�F��&amp#0;2#&amp#31;/�}pt#��Q�3hk�%�t��C��&amp#20;&amp#31;y&amp#4;ļL))�{&amp#24;�&amp#29;&amp#4;&amp#22;�R ��rΜ�ˮ��&amp#29;�-(�;E�bpX��١�놓r&amp#6;�g/&amp#20;�mx��k-�&amp#12;龉�݄�#�uэ&amp#11;�H�ՙq�R��I��w.����]&amp#21;�ô&amp#5;�A&amp#7;&amp#3;�w�k�}��{�R�ݖA�&amp#18;?��&amp#0;&amp#18;&amp#31; C8&amp#27;&amp#4;;C�&amp#6;]N�$do����&amp#15;����YL��Bw]�&amp#18;N��.���E�A�B�Y]ȷ��b���&amp#3;�;����Q=.�ˈ&amp#18;�]&amp#4;��쀲�&amp#7;�[��@��D�tF;����D!��w�Vu�`A�&amp#0;�j��fhL�&amp#15;&amp#15;r�����<�񀽁�&amp#29;�LX�byWda�A�&amp#20;qb�A I�X�K����&amp#27;&amp#8;�&amp#21;�_1l&amp#29;O�>�k&amp#22;�&amp#15;jo&amp#26;������j�0��&amp#20;��&amp#16;V�S�p$c��W8�&amp#22;p&amp#8;��.�:&amp#16;�e�MݲR�&amp#7;y�t&amp#28;L�&amp#0;;�ɦ6�&amp#30;�bⱌ��f t�"&amp#30;��G��_��&amp#30;�&amp#3;2&amp#6;�� ;X��Č��$,y�^�öY,��ۮ��=���S$��&amp#0;^@?��^��&amp#19;ժ]A��-'�&amp#1;$&amp#15;
f̄�6������&amp#18;��� ��31��Dw&amp#30;�̎&amp#26;��&amp#7;u�%�+3�蝞�`�z�`Z�ă��ճ^l(�<&amp#5;��.���K������*N�&amp#17;w]&amp#0;&amp#26;��tB�Ӣ&amp#3;&amp#27;A#L :�s#0Xj&&amp#7;�#&amp#11;��&amp#12;�d
�&amp#14;{D}�u&amp#24;z࿀���g&amp#4;&amp#26;8�atf3o&amp#23;i&amp#29;��J&amp#14;�~_�i�&amp#31;��C<&@&amp#15;&amp#2;�
�~筽��&amp#3;�&amp#2;&amp#24;[`�&amp#6;ɯn��c�&amp#22;�N���8�&amp#24;�%�CK(��,�	e&amp#23;&amp#16;���&amp#5;��k�d&amp#8;u'x&amp#29;��b&amp#7;b&amp#29;b&amp#11;#xL��t�&amp#17;<ؔ&amp#25;&amp#27;�&amp#1;z.�=a�Z��>C��C<��&amp#11;:o%Eau	�Y&amp#7;��Q�<B*�ua��s��u&amp#16;&amp#15;�&amp#6;v��G@��P�X&amp#1;�����>̃�u�ɹc�&amp#29;�� &amp#6;Pp[Snǹ4���F����h�	�����M��;%�t���&amp#27;&amp#21;��&amp#14;o&amp#14;+D�43f@&amp#23;|9�5ӆ+�y��&amp#7;�������8�&amp#0;�?�|��2����1�o�r��gS���S8'F��&amp#29;[\��/&amp#6;�{Ẩ�&amp#8;I&amp#1;tO&amp#22;)&amp#25;���"�"&amp#28;/Ak�4�w.:����1&amp#28;�;���át6&amp#26;����0:`�&amp#23;D�V���&amp#30;$tC�⑈&amp#8;&amp#11;&amp#2;,����1E&amp#5;(@��uׇ*��x�5f��u
�&amp#11;H�&amp#23;�"&amp#22;vG(Z ���&amp#21;�J��&amp#28;��&amp#2; !��&amp#19;F5�&amp#20;!��̄9ܴ��=��C4�L;I�i3&amp#2;ƺ�ae4�&amp#18;&amp#21;$u4*�#Gw�@&amp#18;�ǮH�&amp#29;q�$B����&amp#19;=7B�m���Ē<p��&amp#31;�?��]�O��b&amp#27;�^&amp#12;:�&amp#15;��&amp#0;0&amp#31;,~]ޭH�ٵ&amp#18;�i&amp#20;����&amp#0;-&amp#16;&amp#0;&amp#2;&amp#1;&amp#2;&amp#4;&amp#5;&amp#4;&amp#1;&amp#5;&amp#1;&amp#1;&amp#0;&amp#0;&amp#0;&amp#0;&amp#0;&amp#0;&amp#1;&amp#17;!1&amp#16;AQa 0q��@����P`p�����&amp#0;&amp#8;&amp#1;&amp#1;&amp#0;&amp#11;?!�&amp#0;�3��-?e���?d!�&amp#0;&amp#24;?��?�<~�ח&amp#31;�6\�?�QɨT�:���b����%�F��6�&amp#1;d&amp#23;�&amp#23;����&amp#5;���K�&amp#0;&amp#26;_�7��c���&amp#5;a��j���#��u��������7-���&amp#15;&amp#5;�^�?���Z�u+�&amp#5;�J�>øM��k�N&amp#5;�&amp#6;�n0��&amp#4;��Fy��I�&amp#19;&amp#8;CJ)�&amp#25;��5�S��X���\~?}�-N�(�7l�3�&amp#7;&amp#27;aآ�l�#vT7�"VA-&amp#24;�o���&amp#0;P�'�J��&amp#16;�'vYmw�m�,0�@����&amp#26;�x�&amp#28;�&amp#18;�
���-���&amp#22;T�)R}���d&amp#11;���	n�lF�����-&amp#17;S��Cx�%�a&amp#25;&amp#29;����tPL��md{��6&amp#27;�n�&amp#11;&amp#28;2x<Q&amp#15;�]9mІG�Lbj%��!&amp#6;�CJ�!�v��}��c�d=�E.�Cv>�%\��s��v%�y���:���&amp#16;��&amp#11;&amp#29;&amp#26;�&amp#18;����5:&amp#8;���Q��:`��&amp#6;�{d8�����Nc��8���eḅ���t5��&amp#28;__�
z�7��#�&amp#25;:&amp#18;��&amp#2;.d���ћ!��b�X/�&amp#23;���.*����t����B�(�&amp#8;u�?�!Y	��&amp#19;��o�)��C�ӡD;�A��&amp#18;�^��lh\��e&amp#14;�$!��&amp#4;�M���Ȗ?��>����!'�ve�إ
���G�&amp#20;��(ET�J�Z���&amp#22;���H&amp#18;B��U$,��&amp#4;��K&amp#19;��\RíՐ�&amp#0;&amp#17;e&amp#1;�%��A����L&amp#26;���W�&amp#20;"EL�(ȯ�&amp#23;t(��D&amp#22;��&amp#0;
P�&amp#19;U��$�ߩ&amp#11;5��Z!���&amp#27;��r=��&amp#26;� ��Y�&amp#22;�\&amp#20;&amp#20;_[)F)�D}`5�u4�i�&amp#2;&amp#26;�����՛D�l6����H���O�ˌ٫26G^�H��EYJ&amp#20;E(Q>&amp#12;�	�{&amp#21;�Iy�dt&amp#29;e&amp#23;�&amp#18;I&amp#23;�HJ�f̴&amp#29;&amp#11;=�Bvh4�Z��&amp#23;&amp#24;��,jS��&amp#25;sk�&˩Oq[�+���HL���!S�T����&amp#4;�&amp#31;R�c'_�*������;u��&amp#5;T	&amp#26;6K�S=�u_E_���"���@�C�A4��&amp#15;�ly	p=��v�QO����%�o�&amp#18;����n(&amp#18;��E&amp#15;�ZF��Y��s��&amp#31;l�&amp#0;)cը�-[&amp#18;PR?��&amp#18;J&amp#8;Oq�&amp#14;&amp#22;&amp#4;&amp#26;��&amp#16;q�&amp#20;C�j3}����J��u���N!�&amp#31;���)#SV&amp#28;&amp#17;�K&amp#28;�6%�2&amp#1;�+�A9�4��nH��>&amp#20;n܇��&amp#18;_erD��}&amp#17;]&amp#8;�dQ%�H�!K%�&amp#8;�«)C_&amp#2;^C9�iC�Q�&S�&amp#26;Bz'�&amp#18;Sٔ&amp#23;7EfQ	&amp#21;<��&amp#30;R&amp#23;]�&amp#21;gA�Cy��J%�xMʏ��02^�44�%&amp#21;&amp#17;&amp#5;&amp#4;�'N�
k��!�]�Y�&amp#19;�D�|�&amp#14;&amp#15;J�!�]��'�C;�#�UOeQZ���׵&amp#15;�|	�H�{�&amp#25;�&amp#21;lEW����5&amp#21;dQ)�&amp#17;�S���&amp#19;�)�k�&amp#25;&amp#18;R&amp#17;P�B&�8PZ&amp#16;��&���9��Œ���e�D���m�&amp#16;��!Z	L�M�&amp#16;;��&amp#5;.<�Eie��&amp#5;&amp#21;��џ�U+Hhp��}&amp#5;\Z&amp#8;&amp#18;u�&amp#5;�W/�&amp#21;���<&amp#31;�&amp#7;��,U�"&amp#21;dMd�ݍ��Д�&amp#0;7&amp#27;I܃�P��g.��g��&amp#0;I��&amp#28;9}��;dLB�	��N°���uY"~&amp#19;&amp#18;(
]�M�M&amp#17;H���O��)O��&amp#16;�E[�Z&amp#5;��<&amp#16;����+���&amp#30;G�!O�&amp#3;�k&amp#30;�e$��}HS���&amp#8;��q$�6ȦT��"P����EWa.Ȗ��&amp#14;�&amp#4;�CdR�e&amp#28;!R&amp#26;�!�F�&amp#21;�m���j�&amp#11;X#"��(�*��&amp#27;�&amp#2;l\��&amp#29;&amp#25;t�Ȅ�IPj(&amp#29;%�إ�2���OD%2f�"&amp#12;�z��)CWn)�S����&amp#0;>&amp#11;NQz�,� g6M���l�����)�&��Z���&amp#6;E9&amp#17;&amp#21;e�3F�P��X%>⋄ي&amp#14;쩦�r�;�{��&amp#5;����&amp#8;�y&amp#16;N�&amp#4;�o�Is*�D��&amp#17;Fɰت�r4&amp#16;<�Anʄ��PV�*��r�X�Nr!8M�"RMg>ß��
&��9�>��&amp#1;��*e���b����&amp#27;�&amp#12;��'�ï���uԮ�"�XP�ܿH�
+�&amp#29;�e� ���&amp#17;��&amp#14;��i��J�؊�o�X��XQ&amp#8;A,,�/E�e�QE�	M��&amp#20;�&amp#14;c���&amp#3;HW�o&BrD��)bе&amp#12;ιx&amp#27;V'6���$҈��S�H�s�j��h;J&]z&amp#18;ėcKG%�a��\��ߨ/j&amp#12;���Iw&amp#28;��)�&amp#24;�'DvW!�&amp#20;��&amp#5;>Y� K�
E�4I�fqu&amp#8;z*���#&amp#12;�&G&amp#21;�n2��k�)�&amp#12;��&amp#0;V<�&amp#18;�9lu}&amp#6;�U&amp#16;\l�e�&amp#16;�&amp#25;CD�H�DI�&amp#18;ާ/ԦJ&amp#26;�BU��&amp#5;&amp#27;�!.�1A��D�n�
\�C��T��3:�&amp#22;�X��&�"s�e|:&amp#24;�U&amp#26;�$*�)&amp#16;��F&amp#21;)��qe���&amp#27;����k"�q�Z&amp#22;Z)�Eʄ�Z(-���&amp#5;&amp#17;��ȧ���oؖ��_�Q2��C�%&amp#31;(I&amp#22;�
��D=�6��&amp#20;"^["��*��&amp#27;@�L��S�
r&amp#30;�qA&amp#18;&amp#29;)�m&amp#4;gL"`W���%�&��""D&amp#26;4{�Ȃ&U2i=�}�*!I�Z���QТ��$��u~�A��&amp#25;&amp#23;j����b�;M&amp#8;�,���&amp#12;�&amp#20;��IH�&amp#17;&amp#16;%7x�-�-�q�Z�rhhC,�+F_&amp#22;|�T�K�y)����3��K&amp#11;!v%-ДY{&amp#16;������Y�~&amp#4;�7)4i�Rl��&amp#7;��C��q&amp#18;P�n�*�&amp#22;&amp#11;�&amp#4;�&amp#5;\&amp#16;ұ0P���%Z	HQ�e�&amp#29;�&amp#4;�a�h&amp#26; "R�&amp#29;&amp#3;W���xB/%&amp#31;�EI��&amp#28;]1�!�����j"��Y&amp#2;�\j���Cܿ����>�Q&amp#18;���P���8&amp#28;�v�2��*?&amp#1;�G�&amp#24;�&amp#17;��&amp#20;)��&amp#7;�
�ƹ&amp#21;:ࠌt�i(M��~���pV&amp#8;L����d>M3Y&amp#18;��&amp#20;&amp#28;lK&amp#30;�&amp#18;geg�&amp#18;�Y�:�%��Z{`�ba�&amp#11;
�A�T�95EJ_&amp#25;ہ
u���&amp#24;V��&amp#6;��1IBoy%��&amp#19;9:�&amp#16;BȠ��S�u��R}&amp#16;�.�V+�&amp#16;�&amp#19;ԫ((Dv�&amp#24;�< �&amp#8;&amp#16;�j&amp#27;��jJ�����,(�&amp#27;�L%���@�X��,АN��y�&amp#17;&amp#14;&�&amp#24;�]i�f&���p�&amp#8;&amp#22;��-6&amp#3;�DH���#
��U+͕Z{&amp#22;}��2&amp#17;���_A1&amp#3;֪bZm��d�"_T&amp#20;7fÌ4N6?(��+�\&amp#21;�R%t��
�&amp#18;;�&amp#3;&amp#1;N&amp#26;�W^����G�2�Ղ��I?�텃�2�&amp#16;�F��2&amp#14;+oݟ�M	��4�8y�J'u&amp#4; �O�.D���lXT�&amp#26;��&amp#30;�N��&amp#6;�2o�h���kP��AAl&amp#21;'��x���&amp#11;&amp#19;�	@MV
�aC��D{&amp#4;*&amp#17;��A&amp#5;����(�J��+�]��iy&amp#12;�?k]~�U&amp#4;RB$P�^¡���&amp#4;-Zq&amp#16;���|&amp#18;�&amp#18;�*�Р�10D2���؜�=X�Eh�vE�#��?VB�$����D2�H�&amp#15;&amp#6;ޣ�Ÿ�x�5��T#�:�*�[��EK�����&amp#21;p�&amp#19;�&amp#30;��A�������dAo�O'[�&amp#22;=&amp#23;�}��I���]�H���;��&amp#0;&amp#2;&l�ݑ5&amp#20;�Y���g��	t&amp#16;ֲ-�6�Q�x&amp#28;��f��2�p�&amp#20;�Mk�*m&amp#21;H�=P��>G�Q�4�lB�u��w&amp#20;Qud���&amp#6;��-��0�f75�:&amp#2;�&amp#27;&amp#18;O'&amp#26;V�'��ړ"�R�&amp#21;�&amp#28;�&amp#12;I�ؐ��&amp#8;�T"W���f\�$5�R�ne�a*CDJ&amp#4;��B8��)cP�z��h8��G&amp#11;���a�o��9i��&amp#4;#G�%2�Ӡ�
�b�,���F�Tl�x&amp#31;�&amp#11;&amp#24;&amp#18;E�&amp#8;l&amp#25;���&amp#20;�&amp#26;&amp#17;��&amp#17;�8�1jݐ�&amp#16;-���4&amp#18;n�$B����+R8.n�C"�&amp#11;���XP�6W؇j&amp#18;�&amp#27;k�&amp#20;��5�4���
PpI_�
}��&amp#28;�&amp#18;��Ȫ���jN��>:&amp#11;��0�.�n�_��/��&amp#26;)&amp#26;�7I4r��5W�J��&amp#26;'q���6�&amp#23;3��e5�Z�8��%&amp#8;Q~�&amp#14;P�&amp#4;&amp#17;?�)��Qf�Q�B�!TH<�cɊ�R֦&amp#18;k�&amp#18;͔%�6I�cq��&�Io���2B/52��#�ZI�ZE.�T-Z�;���&amp#6;Y?�g&amp#25;&amp#16;�*l58�h&amp#19;EX���&�1˂Ց&amp#7;&amp#20;�8��&amp#28;�5�s���Q&amp#4;�G�B�.��xŷd����F&amp#3;�S��q&amp#6;�0h�&amp#8;��v�E�&amp#31;&amp#7;pv	q�&amp#16;�&amp#26;&amp#27;�&amp#17;&amp#11;�� V�=�&amp#12;U3��Wޕ�p��ٲS��>��� ʃR*��*&amp#20;�(�^���&amp#11;���Y"E�&amp#20;&amp#17;bWۍ%��\&amp#14;Q	I=2�xas*9�v&amp#11;!k�K�&amp#2;�z�=�&amp#8;'�)�&amp#15;���vG�����ME&amp#23;�!�&amp#7;�ǡ"m*&amp#14;�6���P�ַ�J�tC��Dm�\%�PP�&amp#20;��A&amp#8;P�L:q�=kcJ>���6&amp#19;��������&amp#20;�26y?�4	+�&amp#18;���"0�.&amp#25;&amp#22;�!&amp#29;1B���H�$���Au,2�|M�I&amp#21;��e�L�H}�&�up�&amp#29;e:���u�Z<&amp#8;{%�_�v%U�&amp#31;qGB&amp#30;&amp#19;�&amp#31;&amp#4;&amp#21;&amp#25;?�&amp#14;�|�΂�t&amp#20;.Z�p5Q��&amp#18;�N呈՘��,+�j���#&amp#5;�&amp#4;r&amp#17;\*�;&amp#25;{c��x��<�������~�k�&amp#19;���&amp#17;�MM&amp#4;F&amp#20;Ⴜ���IӠ�&amp#26;&amp#5;Z8Kz&amp#16;Ct���,��cj���&amp#17;�R8�&amp#17;�c�n'&amp#4;1T&amp#2;GQ��e�ݷ&amp#15;R�r>��#&amp#24;�4elJ�(O�!?�	����sar*��v#&amp#8;�|��&amp#12;�8�U&amp#20;�֮�d�'�&amp#15;&amp#25;����hD�V&amp#8;�	�rnٹ1�)D�M�E&amp#28;�S��.]8|&amp#6;AN1��4{a�N&amp#26;a/�2\���G�x���x\����9+&amp#23;%&amp#17;&amp#19;&amp#8;��x�ǯ&amp#21;8�Wn�B��Y3����&amp#7;�0S�;��B��&amp#31;�&amp#17;�N&amp#15;�&amp#20;�&amp#17;���%|)�9JhBh�
�)&amp#20;�&amp#20;�N>�_Ȣ��Y��]�X\&amp#27;a&amp#15;�8���"�7�
�ӆ��D&amp#18;���&amp#6;�S�Qa2�f�
a\`�&amp#12;aN8�y&amp#4;D	�l]J�PwZ'���O�&amp#3;&amp#31;�R$��Ja���l)�c&amp#24;eɮ;`��H�m�&amp#8;�Dp��&amp#22;�N�NE�h�KEй�&amp#11;&amp#11;&amp#21;?�irԢQ�&amp#24;M�2�Xm�$Lˑ$a&amp#24;�\s�&amp#24;G*�u�閍3ciԞ&amp#11;uG��&amp#20;�&amp#16;�*��J�	+%�$"p�D��P��&amp#5;�#,/ɕN&amp#29;�&amp#18;i&amp#30;�q�#f&amp#16;�����=�ӌ%	���&amp#14;��&amp#5;&amp#6;���&amp#5;&amp#4;��&amp#17;�@�$.&amp#8;!&amp#20;��M8v6C�bĊ&amp#28;��&amp#28;&amp#20;�y4�&amp#30;��B[&amp#19;'Ѣ"M1�h>>�1�&amp#8;�ܩ���&amp#2;��L܅�����z&amp#27;!�b�Q���[&amp#4;>^gB{�&amp#14;ؒ븰��&amp#11;��Ƅ�n&amp#20;�V���&amp#0;o^o�,e��92�c&amp#31;3F&amp#23;�rg�ӂ9T��ɴ%�T�b&amp#19;�x�&amp#26;є��xlT���#	�&amp#20;��$�$$�|��2�I&amp#18;�𡰴&amp#16;U��P�8$Y�#T��D&amp#30;��c&amp#12;+���R��cTS��AIw�#�N&amp#4;�!&amp#27;�S%�&amp#19;�Y�"���&amp#28;&amp#17;ͦ-k&amp#16;�叨���L�U�L�3��sn�a&amp#4;h�2�4¸B�0XE_��BHE��&amp#20;��&amp#31;�
Օ�&amp#25;,h"�&amp#5;0:�O�XW&amp#21;Ƹ�Z&amp#7;�\�&amp#15;ߍ\�4&���I�f3GX&amp#28;+�phF^3W��-F�ܕ1H�&amp#27;,B5ep�|	��~BHNKAZ�hN|��}(M���{r�k�&amp#8;^�OL$0�|&amp#20;ᅊaU&amp#5;&amp#31;�va%r�Ѣ�1�#ca�5&amp#30;&amp#21;�&amp#20;��&amp#18;u������G���&amp#29;�7�(��he-�+&amp#5;�an:����j?BO9p)��&amp#2;�ekد�&amp#11;/�&amp#23;�&amp#11;�&amp#17;-�Ș�Zr��&amp#11;��&amp#17;�q�'�&amp#31;F<@��:*w��	m�NDh1rX��&amp#6;��"��&amp#11;aBk�uw�ϧ���E&amp#18;Ya<5#.&amp#8;Da&amp#4;cR]&amp#29;u�%A\��&&amp#20;&amp#16;��OZ��O�&amp#23;�p, �z��a��+��&amp#2;�G&amp#2;GJ:�.��N��?Н�L:�/d�N&amp#8;#
У�_Ϭb&amp#18;HkW�Ԍ�&amp#11;�&amp#18;>
�[&amp#20;.k�����D#�&amp#17;��&amp#21;�� S&amp#26;�!qS&amp#21;��P�)�a�&amp#16;W
&amp#27;cӂ:&amp#15;qm�����;���:&amp#19;	�;��I@U{�X�0��^I�HA�&amp#0;&amp#18;&amp#16;�1�A��ܧ&amp#19;�&amp#27;�&amp#30;�&amp#17;`8�)�1s&amp#25;Ja&amp#28;�&amp#18;&amp#29;�5&amp#31;�&amp#27;i���I�p���G�&amp#18;�&amp#22;&amp#23;L����O(Ri��\TxͿ�y&amp#22;&amp#15;�&amp#25;5b[���-&amp#28;��[�&amp#6;�-z&amp#26;.�T�#��R]��5ʦ5)���C�&amp#15;j&amp#15;#&amp#31;wкS
b��_�حF�����
�긡�&amp#24;j&amp#25;G�&amp#23;)~���F�O.�&amp#15;
c&amp#5;p��Lnf�E/&amp#5;�����>u=&amp#26;&amp#16;�(.�c��&amp#4;����&amp#26;&amp#14;���P����)��+�&amp#30;�~��b�&amp#8;�f�&amp#12;r��8&amp#30;&amp#18;�&amp#25;R�+&amp#11;��ö-&amp#6;*^�4奄cLc&amp#22;F�&amp#4;�>٨K�&amp#28;��&amp#27;��Qρ(&amp#18;��F��b�&amp#30;%��Le�?�{L˂��|(#n&amp#25;!&amp#20;�,�g��AB���&amp#11;{�\,�&amp#20;�+�>"]^P�߂9�Dq7�F�&amp#6;�&amp#29;��G&amp#30;�Ӂ&amp#22;fWIF�i;4$�y�1�m�B��&amp#8;�&amp#5;8i���
&amp#23;鯶&amp#29;�2�=&amp#3;!�^&amp#14;�P�E���p��)lib�G��)�/r&amp#29;�!�&amp#4;�&amp#20;t#�;������Ɖ�8,)����D�Zu�Jȅy#�&amp#22;&amp#17;&amp#23;~B&amp#30;&amp#16;пM}&amp#7;�X�<&amp#30;0��$�fg�&�|'&amp#26;a&amp#4;p�bA}#��
�&amp#20;�*!R�0�&amp#23;&	�Ơ�ɮ&amp#15;&amp#5;�.�;����&amp#23;vyg��?�ΈGpv!&amp#15;
aN&amp#14;�ƅ8i��+���.�}q�/&amp#2;j����`���E�mI&amp#20;�>@�LZ脔�&amp#11;*]&amp#8;�&amp#29;1�!c
�J,��q�����&amp#7;��W&amp#7;��N	&amp#18;�ITɻ����q.&amp#30;�&amp#17;��'-&amp#18;�%L��B�|�)4ڒ>��&amp#20;���D�F��\3LI��3�&amp#15;+dO&amp#4;�GQ	j�i�#�
��&amp#8;[�[��K^&amp#8;V����
p��&amp#29;'���5&l�*�.u��b&amp#5;&amp#5;��+�&amp#29;�l3�I�<&amp#31;&amp#2;n�&amp#16;�K�DH��э�y�&amp#18;�N�!p)�nT��?�)�$�)��Dl��&amp#27;&amp#26;�oZ&amp#20;d鄼�&amp#16;d��n*�L*G&amp#7;�&amp#21;D��
n��&amp#31;:�aoE&amp#5;�\M�%V;?�}&amp#29;<&amp#17;��.&amp#22;�&amp#25;�&amp#18;�{֘&amp#18;I&amp#23;VKF�=J�C��[,�)��	&amp#26;&amp#16;�(~���&amp#24;g&amp#2;�&amp#20;Ѐ�E�<����&amp#8;�&amp#0;0&��&amp#21;!&amp#16;��K����)6d���&amp#5;��&amp#7;c��&amp#24;�9�r&amp#27;D�+Ώc�{&amp#29;*�r�o&amp#25;J�&amp#17;&amp#15;o�(fTN�H"��Bv�:&amp#6;õ�&amp#5;p����	&amp#2;i.��G�v8RC&amp#20;&amp#2;��7P}&amp#7;ҦF�&amp#7;@���mlg���;&amp#19;�&amp#5;HF��S&amp#24;V�%��&amp#0;"^uHr%�n�>M
s�;rR��nt&amp#11;���>�x&amp#19;jqS���&amp#30;�&amp#17;k��>��&amp#7;��&amp#27;Z1C��F�#
&amp#27;&amp#16;��W&amp#27;����&amp#8;&amp#27;fe�#$d��a�f�$�ش�&amp#23;{pS&amp#26;c[�&amp#17;�&amp#4;&����&amp#26;�����C&amp#20;Ѭ�OO܌)��S�"��&amp#7;BM���쯣G&amp#4;��h&amp#29;��`g�GP�z�Bj���&amp#12;�&amp#6;K�&amp#14;���!&amp#20;��
�&amp#24;��dZ�{�&amp#16;̽�Ȝ:,&amp#31;�7M&amp#29;:&amp#15;W�lg�!5#B7*��a��ٸ�)�o��	�H�&amp#29;Џ �(_��&amp#19;&amp#31;�<�RK>Љ�Q��p���&amp#2;����&amp#30;�&amp#7;&amp#23;*KpBWv<�2&amp#23;Z6X�O&amp#4;�ZڱΖHI`�[LSb�[,c�S&amp#12;�&amp#31;Tm`�:qS&amp#16;�&amp#31;h{�Cj���e�E�a_YG�U
��i&amp#7;B[&amp#17;Mr�n�3u�,#&amp#4;&amp#16;�&��&amp#15;����&amp#6;gAZ�t+ıM&amp#18;�	�&amp#29;&amp#7;�m���&amp#22;҅0��&amp#3;3�&amp#17;���&amp#22;kS�&amp#3;�@ց�xx<&amp#30;&amp#14;��|&amp#11;�w� �?�ױG�qtQ�|�zw�?�̙���t\M5]�3&amp#19;��k�N(eI�&amp#5;&amp#31;�&amp#7;�%���>�;&amp#2;Y-�=���<kIVKs�}�t5��7�):R�dF�+�qS�0|)wݟ�dx)�r)ɞ:z��J�&amp#22;e
&amp#27;�]���&amp#28;��&amp#15;&amp#8;#20�2��t+&amp#23;O�^&amp#11;&amp#22;>�/B��u.QG�&amp#15;b�&amp#16;���&amp#16;A&amp#4;��WA껅=U&amp#8;Y��&��dBƦ�7Ę��Q�(&amp#17;a�ds^/�&amp#28;0e�&amp#11;��Gq�]��&amp#7;QD�&amp#5;�B�)A�}
~��C��x�x��&amp#7;P�`���H�!R�+�����S��Е��:�&amp#14;�5.�p&չ����޸�&amp#27;��g�&amp#27;z��TCQ�^&amp#24;�P��q�0ƈdO�/&amp#5;���&amp#16;�H��!u:N�&amp#7;[;��"��D!4H��c&amp#29;�%�"�d)�i�:&amp#17;�>�S��M*��&amp#27;3�&amp#19;>�&amp#5;1�̞GSBD�\&amp#15;&amp#8;�ClF�_&amp#28;d�q*�3�M�ގVƯX�\�&amp#14;��.[���t&amp#15;�&amp#26;&amp#17;�&amp#19;q�&amp#25;.�?q�"/Ga$��P���B�>&amp#7;�1�&amp#3;���b/Gww&amp#17;�&amp#15;v&amp#4;Z��P���Z�&amp#24;T&amp#6;��~~&amp#26;�&amp#8;V䬉�O!Pc�wb�!�(��Ap1c&amp#3;oط�k.&amp#11;&amp#14;D�RB2�rhJ����,B�Qi��rmȝ��$�&amp#6;&amp#19;��&amp#8;}X��ί�y�/��Ū%ӱ&amp#24;&amp#18;�e�"�8Q&amp#15;-��&amp#21;�I&amp#16;�Y�K��b&amp#18;���s��Ϝ�o&amp#5;�9&amp#19;#�&amp#27;�-&amp#0;�}�"��&amp#29;�ӂ��,6���ev&amp#19;�S�B��,�&amp#26;Z��C�&amp#2;��K&amp#19;�ۂޅtGa�&amp#24;��&amp#0;�"Tw@��cj%&amp#20;Ƣ)�%�i,T��	f��vJ�o&amp#4;���I�&amp#11;�а�����H�_�&amp#28;9M�Z(�e#i�C�6���_u�&amp#24;S��h.��>û�5e�
&amp#4;�c�q�Eص&amp#5;�`�x��&amp#24;:&amp#20;\/��y-z5�	�Fl�b=9&amp#11;&amp#15;�-�K��&amp#27;����VF�����$�&amp#4;�����&amp#19;�#�3�:#�6-[t�ǣ�ȋ1{�PQaZwxDv��L���&amp#23;H�a��5�`���N(�Y~G_1�E~���oaՅ�gB��x�0S�>�,�&amp#17;�&amp#22;,S�8c�X�F�<�C6�c>��-&amp#24;�(|&amp#17;�&amp#16;�Ɨ��e�Ѫ�CZ�&amp#20;�;��I&amp#6;O&amp#28;5+��&amp#8;�z��@�T"�+�&�&amp#21;d&K��M{ۿ&amp#18;�.���jً�jƧ4�k�ਪ� �Tc&amp#28;k�}P�&amp#22;&amp#26;n=���\u<��Л%�&amp#11;Y&amp#8;�\2Y(/+�Z�R�K�&amp#21;�&amp#5;E�)&amp#18;�
������¤^8&amp#19;F,&amp#23;�>�m�&amp#29;�&amp#0;D�e�cGc�f�, &amp#15;d��qo�&amp#16;nF
<&amp#15;%&amp#3;IW܃L&amp#25;F��K��&amp#3;[�g�(tp5ȄuV$#C����Hb�&amp#27;ø��&amp#5;F4[&amp#8;~ n��&amp#27;꺹&amp#14;��&amp#8;�,e�v/>p˸t�|pO&amp#4;}ű���&amp#2;�;�7�Q�M&amp#23;&amp#3;i$4&amp#30;	z�@�`�1U�I�&amp#29;�/IN6�c&amp#18;���CK�x�}�	��k�&amp#16;V.�q��<tXGK_ت�%	� �RG"ZQ@�&amp#23;)7Mv*�&amp#30;e�)�ȋ��׹4���lf
2&amp#17;&amp#31;&amp#15;&amp#7;ϳ��&amp#22;�&amp#29;Y|&amp#22;&amp#29;8��&amp#16;{0�/L]&amp#3;ZY&amp#15;J/a��#&amp#12;�v��&amp#6;a�m�2ˊ�ߖ�Ĺ&amp#27;���qV%�Y,<�&amp#26;&amp#20;�A;&amp#17;�غ<�O��5�Dd2&amp#8;]녇J&amp#18;K�AcN�9����q{&R&amp#28;���DF&amp#23;&amp#23;��&amp#16;��r&amp#23;�n*'c�L�G^	�*&amp#22;|�)ȗ&amp#20;|����|�&amp#22;&amp#27;H�K&amp#20;�!�W"U�놥&amp#3;B���&amp#4;*�&amp#21;&amp#5;t&�BYro�-��%u�w`&amp#21;,��H�!�&amp#20;!x�"�W^&amp#4;E��DAAʞ��k?&amp#24;ж*"�=��&amp#25;Y&amp#14;�&amp#29;�Wj�I)+E�&amp#27;�G(�y�AQ���&amp#16;�Zf]����&amp#15;��S�	o&amp#17;N&amp#16;1&amp#17;ȡ8Y�X�,pח�0�9Yٟ ���&amp#17;�a�U�-&amp#22;�O�g�&amp#16;o|&amp#16;�]Y�B[�~C��^�r#�TE�&amp#0;(�)Oa�����Ƞ�=��)7�(V�A8$�H�@�y�v!�&amp#20;&amp#18;���&amp#25;B�ztԊs#u�7'74c�=�ԅo�Īx�1��2&amp#17;ԟ���&amp#31;���\_&amp#24;�/D&amp#15;�ذ���&amp#20;-/�&amp#21;�&amp#6;f��B�&amp#15;δ���A(i�S��&amp#21;�7�w�
QD_&amp#5;&amp#18;�-�7)�������&amp#23;�>
pB|��ty&amp#29;I2���&amp#22;Υ&amp#18;n!R��
]9�7&amp#31;Nd##�15&amp#30;5F�&amp#30;&amp#3;�Ž�=��EQ(>�&amp#20;԰]D,#�9&amp#17;��/�����j����aSXBB�Z#"t!_r&amp#27;��&amp#12;�_&amp#26;hO2��b~��&amp#11;q�&amp#11;�'!�I&amp#26;�\k��D&amp#30;�PBQ��
ᗱU8�BP�z	��6	k&amp#22;-c���F"�QE�O~U&amp#8;©����&amp#6;��9���įc�)&amp#23;L&amp#16;�����0�ܱH~0�&amp#15;�a��6;�&amp#27;Q�}�DTL&amp#12;"��&amp#2;����?!UÑ��mg�&amp#5;H�E�&amp#1;nM�&amp#17;��+�&amp#12;%�H�hA��&amp#25;~4�HN�&amp#22;|FeV:�AW&amp#21;���R&amp#28;�7z��&amp#18;��d�#&amp#8;��^�)�B�G�&amp#12;�&amp#16;zT�9&amp#20;�]�)�u�P_����&amp#20;(�y&Y$�2�"X�5ͼ�&amp#11;��&amp#31;�|:�v&amp#19;ͮ��&amp#3;OBo^��7�4��?&amp#5;�K$�W��&amp#4;�2	G���5ϊ&amp#16;�Z&amp#22;�)�L�4@��&�Ї\�U�P�O"&amp#31;	9��b��D4���&amp#30;Q�fW.�p�&amp#23;�FBE�jqt4�x~&amp#8;&amp#21;&amp#11;zq����t�&amp#25;�_�3��ԯ�&amp#7;?�ꆽ&amp#4;�Vl]��s-h�#B=�h���h&amp#23;L��#����-ɹn8T��5BK&amp#20;0�⿀x2�K,e�L"l@�ك_.��\�qD&amp#21;c�6~lR�]?&amp#6;Q&amp#19;��6%)
&amp#21;$�w&amp#12;q�&amp#8;e��&amp#21;1׆��˰�&amp#25;A���'�&amp#24;� �$Z��,�&4ҎIal?�b��&amp#22;&amp#17;��&amp#27;\5G�/ʹnM�q�p��,(����7�i|)�&amp#4;	��R9�h&amp#12;֪��&amp#26;$)YJ˚��r#&amp#8;�r�a&amp#11;�?!
_�Ò|<.���&amp#0;Ӆ�t�˸ K&amp#5;&amp#2;K��2��&amp#27;VH��v%ԇ��&amp#11;&amp#15;�-JԦ&amp#23;)au_�E�[2&amp#8;%pQ}%���r�Ʊ3"�tf�U�&amp#26;:�ht&amp#8;��:Csa��&amp#26;eQ�6��z�&amp#8;v&amp#22;C���S��J|Ҝ�&amp#24;e�&amp#5;P
pC�&amp#18;�1O;'�&amp#21;����&amp#22;�a&amp#6;K~�,aَIhF�"Q
�r+�&amp#23;��L���&amp#22;&amp#23;&amp#2;<��pOAjW&amp#21;��]i��=�&����/�ln[�n5<#�r&amp#23;A&amp#16;��&amp#1;5aXR<�&amp#31;!�ti&amp#19;�h��&amp#30;&amp#11;	S]W!`��c�N&amp#22;�:��/��!�&amp#5;b8(yTcEn̹��h��,��A�&amp#31;��S��l�.C&amp#26;�ŭ�B���!h �*s&amp#20;�v��l���G�ӂ�P$O#/�J�.����&S&amp#4;&amp#24;��hU����[�e��/R�&amp#12;SN�&amp#21;W��^x+(l�b�#�D�&amp#31;|j��&amp#28;�Di�&amp#18;�&amp#17;��S.&amp#18;�t�&amp#17;���컂1�&amp#23;�E� ��j��&amp#0;T�6&amp#18;�_��[
3Ԝ�f��&amp#25;L&��[�VY&amp#18;��k�*u!M)r&amp#21;*GM�ة�&amp#20;d�x*�&amp#16;޺�V�&amp#5;b�S&amp#17;�b�&amp#24;[&amp#26;&amp#11;��Su��k&amp#18;��z���&amp#26;:&amp#15;#��]7&amp#16;�YȰ�&amp#23;L�&amp#8;v��&amp#2;U&amp#25;e�rR���������HU� �g�&amp#15;����Qd8!�&amp#15;��ʳ�b34&amp#18;��B&amp#29;&amp#14;��4į;&amp#20;:�&amp#21; �mG��R�&amp#20;��&amp#18;E&amp#2;aaB&amp#22;e&amp#4;�v~�ܛ��pX���&amp#0;V2��S�cCァ&amp#19;�&amp#22;4���6����B���j]Rt��F�ԭ&amp#31;�?�!��}��&amp#25;/&amp#29;���n�q!
�F���*�T���`d|&amp#17;��bl�0%b&amp#22;V��'&amp#14;z	͑&amp#8;G"�&amp#19;I�&amp#31;K&amp#21;�B�&amp#15;a:I�&amp#18;��&amp#20;��&amp#4;,�v�KL$�|42W��^U�7-�X�<Ybަ1(D�Q��>�	tQ&amp#14;&amp#2;Jغ
&amp#5;�)�������OeZ[�R&amp#30;�n!cG�2CX�&amp#16;l�}� �&amp#4;/q[�����c;.�L'߂D��H��&amp#6;�
D�'�ؕ�Z&amp#20;��4Y&amp#15;1��r&amp#19;d�e�5&amp#27;?&amp#27;&amp#22;�%	�(�]0��Y��ס&amp#27;��4X)�&amp#21;BͶJ�,&amp#8;�o\�%	BU&amp#4;ס�.ܥ��&amp#0;��OGR:&amp#11;�	&amp#19;�_8%�E�:-J&~
&amp#5;��&amp#23;�.�������YUp;�&amp#4;mB^�x�&amp#23;&amp#29;rKv&amp#25;	U�&amp#6;j�tJ��4u[��&amp#7;�LNƊ߯2���|.��q�.��Z3&amp#18;'�']T�D&amp#3;rE
V����R�&amp#31;��_��Ү�-+�	T��&amp#17;�N��%&amp#18;&amp#30;�K"&amp#14;���t uD�&amp#20;ER��{u$RĲg�&amp#29;�(G-,�ӈ�&amp#23;��q�;�&amp#31;9��&amp#4;u��C�PXj�#�Q;Td"J���آ.&amp#6;��Ϻ+Q-��i̶&amp#20;C&amp#5;���B�4&amp#21;R\ݪ�&amp#6;}&amp#21;�^]2�s&amp#17;l^&amp#8;�bJ��&amp#21;!d�F�Oa��b&amp#21;���C&amp#18;~&amp#31;�Z
�Oa�D��J�o����-&amp#24;�,�bZh2o��G#x&amp#28;&amp#8;��:��E8tsv4�}	g^�&amp#31;D&��� �S���������p��<7|��`C�F[&amp#30;0�C��	?�&amp#24;Ϙ���m�����r�L'�[�S&amp#11;&amp#26;�̶
�Z�f�B�ȢU�&amp#20;��&amp#18;,���$��2&amp#26;��V�&amp#11;Z&amp#23;�q� �,c��=�&amp#19;c�R�[i�f!a��f�&amp#23;Z�#a�O�Ѫ΃�ֱ+?�&amp#20;g��F��&amp#17;%+W�9<�&amp#23;cQ%&amp#3;���|&amp#1;��Z�K��u���u��+��&amp#3;�9��&amp#28;��dR�&amp#25;g&amp#7;q^;ca'��N	{č�I9$a&amp#17;�e&amp#16;�&amp#24;*^p�ޝ0e'���kAI@x=#&amp#7;(�&amp#26;k18�vt&amp#31;L&amp#22;5�XG��ج6��&amp#11;�&amp#5;��=&amp#17;��(�&amp#20;�w&amp#18;�b��=.DܮY&amp#14;.�&amp#31;��^1&amp#11;C`��&amp#25;��B�&amp#18;&amp#27;&amp#23;�ѕ��k"_$��B��*s�Ay&amp#14;�a*pQ�΅���R���d��#l&amp#4;�@�0\��}��&amp#8;��"ZWa��&amp#24;_;	�f&amp#16;���&amp#27;��x���)yOC&amp#22;%&amp#17;a&amp#8;NK��2�t6��A�f��a.���$�^�<iŠ�&amp#6;&amp#11;���j��X!�phN�:Ij��h$�ܣ��Y�~&amp#3;U�KA6�&amp#28;�i�&amp#4;9&amp#20;�sN&amp#14;&amp#15;�'-(e�	2 U4��k&amp#18;.�b^�~Rˎ&amp#22;o
��&amp#16;ӝ����hwn�Ɂ�&amp#27;1���ܯc&amp#31;d5P�_98E[�&amp#17;%�&amp#11;&amp#11;����
,nL��30��,�M�{4;&amp#23;flQ�f"&amp#27;P��'�p�&amp#7;vZ�&amp#26;�����a7t�&P���-෸����&amp#0;�&amp#16;(��JDԆ�*&amp#15;>� V�z&amp#26;�(i�Ig�]ӓ�Z&amp#14;�$�&��=&amp#7;l&amp#31;�ߔ�㭭��p̆��&amp#6;��B&amp#19;�8{�oa�&amp#20;ɸJ&amp#18;��&amp#8;_&amp#25;&amp#19;
�&amp#28;;&&amp#23;Dª<�?&amp#23;��&amp#5;_�4#�|��&amp#8;JB*Kc��&amp#8;�\)��nf�W���D�3*R��2��o����&amp#25;�Y�&amp#29;	W&&amp#8;�t�P:̰�lv&amp#8;������I*2&amp#21;/"`��I�	<%��[&amp#16;r1H�Gr��n&amp#30;�ǃV�Qذ�rj~�~M��&amp#28;��&amp#20;�&amp#21;8���'&amp#23;�&amp#22;�`h-&amp#11;.�X��&amp#25;&amp#17;�&amp#20;�'�b��1�K�|.AE&amp#19;B&amp#17;�&amp#21;EMʤ*&amp#21;͠�)�a���&amp#24;�I:1�'����&amp#31;/�&amp#20;�$�bU�j&amp#11;&amp#21;��&amp#24;�bt$I9&amp#25;�E�&amp#26;ˠ�h����U�"�@�bK�4*Cˡa��I����V�b�i:	�&amp#17;&amp#5;>B��ت{&amp#4;^F�&amp#23;]
���O&amp#4;uC����[�����5�&amp#20;�U�r.�.5�AL#&amp#8;��u:&amp#4;Z���\��&1�-6�Q&amp#18;�&amp#17;��|�&amp#29;&amp#17;&�D˰A��k�<�ߡVh(T���&amp#12;��d.X�&amp#28;V4E�~F�P�&amp#24;.P��p�&amp#20;�2�/���B�j&���r&amp#26;��3&amp#24;U��/&amp#4;%�n��G�&amp#8;��3QR�!"�%�A�&amp#20;&amp#19;�7��&amp#2;�+�&amp#19;�"Ɛ^GQ�&amp#18;�nM0����2r�l���8|D�e}&amp#2;����\���oB���6�94��m�~xW廅�&amp#31;R1d#�&amp#8;;�&amp#8;y-�_	&amp#16;��_2�$���ܝ[ED��T�К(+A�&amp#17;L�s�k��!&amp#16;d&amp#19;���&�C��&amp#1;Bԅ$i�Fc�<�	^�M&amp#15;�)F`���
�q�v���L��R�l��@I�&amp#16;�&amp#20;��%^4(�{�~�}�[
�!�(�&amp#4;�pW�4����JcAQb��ݎ�]�>�j&+&amp#30;��7�S����1���7&amp#5;��[Y��'T��^uN�ESD&amp#19;I5!?@�]���Q���$g�r&amp#18;(�&amp#6;�j1P��Ӫ!���?C�>�&amp#21;�G&amp#18;FL�E�&amp#14;��(��4XfҤdJj&amp#5;&amp#11;�8�bw6OR��S	H%	�
�&amp#4;�d"&amp#8;j���u��&amp#27;&amp#15;�P���@���.�B&amp#19;�"&amp#7;�Nn3	f�T�1�EV�&amp#25;y&amp#16;�Z�B2i#L�c�_�䱔����a|o�O&amp#12;�&amp#5;e�1Рtg�R�z�&amp#6;�C��D!u�/5&amp#16;HS�	�V&amp#8;�2&amp#29;Q9�� �A�R��&amp#8;VI&amp#28;+`T��t�"&amp#29;u(&amp#2;S٠�t�(��2!�<��C"݈t4����)���M!J��&amp#11;&amp#26;�qTP���*Bԛ&amp#21;d��$J%�dP�&amp#30;}&amp#3;�=&amp#8;ս&amp#17;��qT��&amp#0;�I}��͸�x�- R�7R�kAT���D��SqW$�G?/�/��ѺM&amp#20;�7�,�ag�pq�n.��2,��^�բSFH*T&amp#28;7V{��켝Ma
�$��XGz����>��$;+��W��E� I�-г"�o&amp#4;��&amp#18;&amp#25;�6��&amp#22;(��c��YJ	���&amp#29;&amp#24;;���w%&amp#20;�kB[�/�N��1"R'�T&amp#18;dz��n��"SG9��m��&amp#28;D���&amp#25;�:��$O�]��I{��uo��Ȩ"zjY�&amp#6;�W�y&amp#11;&amp#22;�&amp#17;r?&amp#14;&amp#11;&amp#20;|찿��s�	����&amp#25;D��,��&amp#27;"���j"&amp#6;�t>�eqCPTrU&amp#19;X�S��@��&amp#25;�&amp#17;r.�td�;��AX����alC�D�%h~L%���p��'�#&amp#2;&amp#27;�TТ&amp#25;J!��Bx"�=&amp#4;�&amp#27;HG&amp#2;�o��*���T�Ԫ�נlZ�&amp#20;n�4�&amp#29;��&amp#31;&amp#4;�{&amp#26;d*j*Z&amp#24;j�M&amp#27;)�;���C'�&amp#8;����&amp#16;X\w-�U�1�W��:�oG��&amp#20;P�B�O��gz�&amp#2;�I�NF*Ш�C-B͇��)X�f&amp#25;&amp#17;S��Ԇ��_
2+&amp#24;%^̱��Y&amp#5;&amp#5;A(ʩ&amp#27;r��`SCOB��s�:�a���b)&amp#29;D=��dm&amp#4;Z��֢�bfWA��^�b$̅&amp#30;&amp#4;�&�&amp#27;:-di��&amp#0;�&amp#25;�0ew$�n�����&amp#8;fEcw&amp#16;fĩc`��&amp#2;K�?&amp#15;G~UyO��%q(QI~uW��^8Uy��&amp#21;䴑&amp#0;ē"&amp#7;g��̴&amp#18;.*�&amp#18;�&amp#20;��&amp#26;_$&amp#6;J#!z0�����/دĖ�&amp#20;&amp#21;6&amp#29;)��̊hP�Fd%&amp#19;��&amp#27;d,���塼��)$7r&amp#21;�%r���ɺd�t%P��2M�	}��۸�&amp#22;,������!����"ԆG&amp#4;/ѯ��&amp#11;���T&amp#23;�fT��&amp#23;(���/�Nu�j��-�&amp#18;�t�ݣCb�&amp#26;2j&amp#19;�/A�(�)ڂT/��#M��	�R&amp#19;�d:��{2怉��S"��(&amp#30;Ĥ�PB�Z�$�&amp#20;�*���B�AyKff�~�ܥ��b�cZo��aU�0�b���E&amp#5;���&amp#21;&amp#19;� "��	-V4%g?�_*ޖܛ�4��~xB^�����S�&amp#21;��xAXI	M����&amp#8;Q	���&amp#24;!E��	0�H�&amp#22;Wb&amp#18;���I�$���
��&amp#18;�KO�����&amp#26;&amp#14;nM��I�&amp#7;X���LBt�[�L�#3&amp#19;˰�&amp#11;V5`�R&@��B\��SqB&amp#30;&amp#15;��Ȣ_&amp#24;�&amp#19;7&amp#24;�&amp#30;��&amp#6;V�Yf��N�
��9~�~8B�Gj,�&amp#26;����C��X�Ys�&amp#4;�I&amp#27;�x�t�N&&amp#6;��&amp#6;��f�r!&amp#20;!Xf[&amp#18;��=&amp#4;�&amp#16;�;��Z6"!�#2Mr#1<�V�"�1j�&amp#18;��ƥ��M&amp#14;�ȴ&amp#14;�v*�Qԇa��
����&amp#17;SC&amp#19;&amp#26;�bbTj�&amp#20;=N�&amp#6;��&amp#22;&amp#5;R&amp#17;-@�>"���:[MCXĭ�+a5N��U�&amp#20;�&amp#22;��-��8u�P,�T���a&amp#28;�'�&amp#20;Y&amp#19;t&amp#14;T�&amp#20;&amp#18;�Н&amp#11;�&amp#5;&amp#20;]	#M�&amp#20;��F)�D�'&amp#6;b�elK����Ղ&amp#14;�T4��В3&amp#16;�)^���	
I�$VOA(<&amp#21;P%�h��	&amp#25;#7fBЕs!;hF�@�K��q5$��RI�*�y����ɏ'�&amp#29;O�$��PG&amp#6;|��+��_����O�v&amp#20;�&amp#20;��&amp#30;젊���J����R�&amp#12;-��*��T6
3&amp#18;pQC,j)PI;����+M�&amp#24;J��&amp#12;�J�smE�"&amp#30;Q���,PPC��<���J�bSa�S�6��
&amp#6;�FG��`(P�b�`�:o�&amp#16;S���b�6��%�	j�Ң��o�i��&amp#24;�'�F�����XV&amp#21;	3'�U&amp#29;��Z"ķ&amp#22;]���ԱTN}&amp#4;��hw	&amp#12;@qb�!�$�&amp#8;B[&amp#26;�&amp#19;pᐬV��u}&amp#6;�`�t&amp#20;&amp#18;FM�%&amp#18;�1&amp#5;)CT��dOѐ�&amp#12;Z N�G�Eň^Ņ�$�-&amp#24;��&amp#8;y`���������X&amp#28;pl&amp#7;X��D�� ����&amp#31;&amp#28;As��ALiι�%G��࠹�&amp#17;&amp#3;8���$]f!�*K��m;&amp#21;D�$�!|��	&amp#27;�QGR.V�QC��E-�yS$g�WB��=����Tz�f��ۦ	Q&amp#14;��:$����&amp#21;��&amp#17;�+
f���!��"$�11R�&amp#7;&amp#4;�lY�	u]0J�
�X3��&amp#27;3j�4Y�&amp#20;��i��XJ}"�KĒ*檨"U�?�
rȤ�Q�lf4	��y0H&^&amp#8;H��"��&amp#17;�@�&amp#18;�y%����YM
e���&amp#8;Y&amp#18;~&amp#8;Z&amp#20;��?�:���L�"0���k�d��&amp#15;AM:&amp#20;�����؊&amp#20;к�튰���W2s&amp#18;�=�߁#]!��Q&amp#12;U�!�( �FƸA���G�&amp#26; �/�i&amp#31;&amp#2;�&amp#16;�.uQFLi��Fq�YB��&amp#27;#!$�"�BYt+&amp#5;��>�AJ�C@�1%Y4�V6)R��&amp#11;&amp#26;&amp#24;�&amp#20;{�u&amp#11;2��ٛ&amp#7;��&amp#19;�?ȧ!�UdK]�-탒V�:&5p��&amp#2;��SB&amp#18;�Ԉv1�&amp#16;j�O&amp#6;�;&amp#17;�0��*$&amp#16;�&amp#19;&amp#12;�D��-��"�����}��Is�&amp#1;Aqܨ�&amp#21;�an]&amp#6;:�S��:�i:�l%/���	I�KUB$��&amp#15;�	�"����q��XP="vPm��(��Q&amp#16;%������/I��k�/#�=�:�B��&amp#20;	I�I4ǯFK��&amp#0;	���Mʲ��Hp`Eu$}��&amp#20;(���&amp#18;�GA�M�"Y

z�&amp#14;� )P�R��&amp#0;Uت�ἷ<�+s�R&amp#16;&amp#17;rZ[�A<ي|��T>�W;�)n�&amp#6;4�&amp#2;�b&amp#27;���	�"*�Q.�(�Ʀf�"[]���m�nM&amp#0;�&amp#2;Э�曎�Y�&amp#5;�(+&amp#12;�	
&amp#17;��$(Ty+���\����!��hD"[�D+n��&amp#12;�Ӳ�
b�&amp#26;OR&amp#18;�B�&amp#0;m&amp#5;&amp#26;�u&amp#11;��&amp#26;�i��~�s�&amp#5;���v&amp#22;�ы&amp#23;bT\�&amp#8;&amp#28;��&amp#29;�F�f2�&amp#21;O�
�	�I&amp#25;&amp#4;�&F���DL,��&amp#18;-[���&amp#18;��&amp#31;��A�A��9���\Я&amp#21;t&amp#29;	�V��߁�&amp#4;�E�Ⱥ&amp#20;E���r�a5�6
��tv(��L@���1AQ�&amp#29;O&amp#31;�vE
�6��MZ�b*	&amp#23;�ݚ�����&amp#15;����Z?@�	&amp#20;n
�&amp#11;����>�,R&amp#24;B|�V�i6�K�Bh&amp#28;�-dy�$l"�$��H�&amp#4;�P�CQ}&amp#8;\��Uv&amp#28;�K&amp#18;�D���J蒌��%hK�&amp#16;ƺ���\�&�)Ccb&amp#30;�&amp#19;��d�&S.@�&amp#12;R��
����&amp#26;�=~
_�6(?��EE�"(&amp#19;)&amp#1;�����گ
z
����w���&amp#23;���&amp#1;T1&��&amp#18;�	�"qM&amp#16;�t&amp#26;t<&amp#18;6u�M��A\�9!&amp#11;�QW�&amp#29;a&amp#21;�r2'��}��'Ю�V�~Ò7&amp#28;�
,Q]F�Z�6�a�%��>�$��L\y&amp#27;&amp#19;0D��b&amp#18;&amp#29;
2���mRw&amp#26;U&amp#19;�&amp#6;��8&amp#18;i@�RF���E&amp#5;�m#�j-ãb�J�,�5=��w�ig��&amp#1;W���&amp#17;qn#�&amp#27;Tf�� с]0��&amp#22;u&amp#29;�/��2ǐ��t(U�x�(�҆��
�AՑ&amp#20;F��8_&amp#2;�]��7&amp#17;&amp#14;�\1Ȭ�B��&amp#12;�&amp#5;I��b�&amp#11;[�SA��&amp#14;K؛��&amp#17;��F)!{�&amp#17;��XF5Ќ,$vא/˿*���j��ek�uϮ
�C_�&amp#20;Ƨ-�7ِ��&amp#4;dbD$z
�%Ӳ)�&amp#23;T�IBHu�V&amp#23;�&amp#14;B����'�d�'1dQQ�&amp#19;ત�r&amp#21;bJ�I&amp#15;�\I,�%�C������]4�&amp#18;d&amp#6;VȢ&amp#30;cj�+��#A�qI.V�EE&amp#5;A�K&amp#15;�q���R��&amp#8;I\t�6��[�%ȏˆ��z&amp#27;�/�&amp#5;&amp#25;&amp#17;&amp#15;Gg��pJi�ENe\��&amp#23;�S�ͭ���*�E�ȥ&amp#23;AR:�Ut�Hf!2�nF]�&amp#21;�h�&amp#0;����E&amp#20;!:�$�&amp#14;�9ȍ2&amp#28;&amp#2;&amp#27;������	���(U�#e*�%&amp#28;͘�����Z&amp#25;&amp#20;&amp#20;Q�Fħ�m�&amp#25;Q�.d!!J��Ɣ	�;s+�z&amp#27;z��(j���0��5���nl{�a'�BTʂ���=&amp#4;�&amp#18;�&amp#24;Ԋ��J��'Y7&��&amp#22;#1f?q{a�vB�%+��&amp#21;RU(&amp#21;�aBmv$��$�C-�$+$U]���&amp#18;�!�AF �&amp#3;�[
�+&amp#8;&&amp#22;,D&amp#24;�u�gsz�&amp#29;&amp#22;�&amp#29;?@�o[~5R�+����&amp#22;�π皊��c�J%��5j�&amp#21;��J�?&amp#2;H���M7aE̪1�9\H�&amp#5;�&amp#7;b&amp#27;�w%�&amp#30;�9y�e�&�%AP�&amp#7;���1���3�V�JNpĊ��t�*1.&amp#11;(��&amp#5;&amp#3;�&amp#29;G7&amp#17;"&amp#29;��aTm6�V�&amp#29;��I&amp#27;D"Q؆]�^&amp#26;r"�_Ar޶�t,��y�[�iaB����Mp��K<CtQ)M���&amp#26;&amp#25;)�._l�RU&amp#12;�&amp#29;p��S�H�$d�b/�P�%Q�F�d'0&amp#18;vX'$-6&amp#26;z��0�&amp#11;�?�&amp#19;u&amp#17;z2�7&amp#21;&amp#28;��p@w&amp#25;��X'bQ�Ə��&amp#19;H�&amp#14;�&amp#21;A)�]&amp#7;$ӒBq\&amp#18;Z�p"n܏��&amp#21;�m&amp#11;q�e&amp#27;�M��:�f&amp#23;�&amp#22;&amp#22;*��<�W��&amp#19;+&amp#21;t�*c���
�BW$D��`�&amp#16;?s�H*���&amp#18;�&amp#20;^��&amp#19;P�A�B�<��&amp#5;9=�)�R�
e�&amp#22;@�g�(�VƾI{�̄���J�u#B&amp#30;H>�1H&amp#16;�r�h���&amp#2;���2&amp#4;�!�ׂ:O�1:�&amp#6;����&amp#23;-��VE=&amp#26;�Y��&amp#5;&amp#2;�&amp#22;e�e&amp#7;�����Ћ�1&amp#20;&amp#27;j��[��
&amp#19;�e&amp#2;�b�*��$�Ji�U���I&amp#16;Qؖ�8��&amp#18;<�&amp#16;)�$��U�G�6{&amp#27;&amp#20;�&amp#28;�4d�=�ӈ���5�p���|�F�MR&�*�&amp#2;���&amp#26;��x�`��;��Q��L�&amp#17;W/q��ጭ#&amp#12;�&amp#23;�&amp#28;#e&amp#17;u�,^=&amp#5;�%a�o)��,(�z&amp#15;�,3/����qYx%t�"���K�A'E&amp#5;��mK:&amp#26;&amp#26;;&amp#18;�uT��C
��S)���-�U&amp#17;fQ�&amp#12;�ٟ�ҙ�����C�Ȱ�����EA�=O���&amp#17;SPL�J�&amp#25;S1��6�i&amp#8;��$D���a��&amp#0;m&amp#5;d*̋|&amp#11;?&amp#28;�AУ�	u���ܠP���ޖ�&amp#21;92�4Q�wϢ-�������/���&amp#16;�&amp#16;���d�dV�3!��KLU#>�;����9=&amp#17;&amp#11;1���F��FD�2��d`et�!�d&amp#18;Hq�&amp#25;u&amp#18;]�%D��L�D�3&amp#11;BJ���Tj�)�UDe&amp#2;Qa�&�Q�&amp#24;���K	h�%�6�-u>q|�FOs&amp#21;'w&amp#16;���#�B�Lb<�&amp#20;V��&amp#15;��.ޒ��&amp#22;|z&amp#11;2�&amp#26;&amp#20;�.\��\�%s���5}l�ܦ���D�y&amp#25;�&amp#12;��a����!!&�_��&amp#0;�q�!
�є_%&amp#5;VإD�C4[-Q/b�����&amp#22;�L&amp#8;US���JG�&amp#20;Q$���i&amp#8;^&amp#7;�n��&�\&amp#21;&amp#15;襆�&amp#14;�t&amp#26;xfm���&amp#18;��К��r��&amp#21;�?r(��P4�&amp#3;%R���r޲�����mİ���k�n\��`�jKm&amp#4;���%&amp#26;��$*Z[�i&amp#21;���<�|&amp#23;:5F�&amp#28;�&amp#21;F��&amp#18;&amp#12;�!ӡ&amp#15;&amp#5;����A2&amp#23;+b�Z#2hmTAG�j&amp#31;��`��Y���&amp#25;`�&amp#8;�M2�&amp#22;D@�&amp#17;�&amp#22;�=&amp#8;5ȑ ��&amp#20;4�P��U��Fl��G��{�!&amp#12;4ך`�&amp#21;�e�/��&amp#21;��&amp#31;>H.�k&amp#28;�`�&amp#23;-͹f&amp#25;&amp#18;S��3�2 A��MF��Ƣ�v��Y�\��C�:	k���&amp#0;r%�&amp#4;@��a�!�$�{���6�Z&amp#22;GQUS!"
&amp#22;;	��R�&amp#14;�A
F�j�'Bɲ&amp#8;��XsQ&6Đ�&amp#22;	E	����Ք����&amp#21;:��&amp#5;l��
�6r&�j$�fKEE��Y�o�U�&amp#25;ao?L+4ᯱϿ&amp#1;ae;+&amp#17;�PPV�H���C]H&amp#21;��S�Ւf���[rF�&amp#18;jE&amp#16;1�C�&amp#30;�&amp#15;���6AJ��A��Y
 �3i#�r&amp#30;y�҃�&amp#17;b�Ka �&amp#20;��&amp#5;&amp#23;fȠV2&amp#18;*&amp#28;�^&amp#25;�%U�:�r�&amp#2;y����vlM�J�a&amp#20;.�U�s�u-1�X�&amp#26;ؕ�1:&amp#6;��&amp#4;&amp#23;&amp#11;��g��&amp#29;��,-�¸��&amp#3;���V&amp#22;\۔��Us��d5�Ql���p�{&amp#14;&amp#17;R]�B+3�]�l&amp#21;&amp#18;{
8m���9�&amp#17;��&amp#14;�(���&amp#12;�-&�4�4E&amp#20;؏b&amp#29; f�V���&N��&amp#22;&	E&amp#28;�a�R�5&amp#19;&���&amp#4;M���&amp#8;e&amp#6;&�
�Ǆ���&amp#25;8&amp#18;��""�AAKt(}&amp#2;Q/$��𰷥�"�_�*�S��&amp#30;�&amp#27;�r�&amp#18;W�L/��J�JP��&amp#26;���e?�I�:�ZL���)&amp#30;]&amp#6;���Y�f&�4!�AdC��MYj���&amp#8;z&amp#20;�l(��.�R�5�A8OB�nP%�Q&amp#21;QR�&hNehR&amp#16;&6�^�&amp#5;&amp#3;�z��r����ƛ�8ٽ٢���Z��f�$�\�iE]&amp#6;�U�~a�a|,-�o��s�&amp#24;T]�e����:2��&amp#28;�`�5�%&amp#5;���^�o�I*�ID�\��&�β'L�S���DIn�Wz&amp#29;&amp#6;�IL�Z&amp#14;�"�V#-�CK@҅��NB�Z�����$���&amp#6;�&amp#11;|�E�(��6&amp#22;&amp#3;L���&amp#31;�"3�-&amp#22;dM&amp#7;̳"v�[�+�����Ee8K�SAB��2&amp#25;��"O(Һp]&amp#22;��-��G>0�>��2��6�&amp#8;&amp#30;,x!�����&amp#25;3���pD��C&amp#27;����1�6-&amp#16;�����Tz�&amp#17;&amp#21;�HW�&amp#26;8&amp#28;�E>D�n��&amp#11;A+��&amp#30;�&amp#15;M���&amp#19;��4�ʁ�&amp#8;�&amp#3;PT�!&amp#20;&amp#26;&amp#18;V�"&amp#11;d"E��J&amp#27;4�
?�N�E���4B{&amp#21;סHm�(�jJ�)�	�Q�.��8.�z���Q����5ƫ�b��&amp#23;���&amp#23;e&amp#25;)6�	�z	l8QZPSI��O��&amp#26;fĎ�)�F*�QLy%�'Y��&�&amp#19;�B��!.��Es�b[��S&amp#3;4�O"f��4�B����fNF�L�K���&amp#26;�	� �&amp#14;�>�R�B��&amp#7;5��&amp#20;D�	+���C�YlP^u���T�~����n&amp#27;r�a&amp#19;�Uᢃ��&amp#21;�عi��PYs,]�>[�&amp#16;�t ��&amp#17;�lvU�:?'��nHU���WTS&amp#17;��[���&amp#20;����+2&amp#30;�"ɑR�j%&amp#25;`V@�&amp#27;:��p=ƑW�&amp#14;&amp#11;
&amp#30;"z&amp#12;�F�k���&amp#3;��&amp#14;�aԫ�l�΍&amp#11;�	���h.�B',�&amp#22;&amp#28;$&amp#18;Px�&amp#23;���YK.&amp#11;��&amp#28;�aN}����ZYs-�&amp#24;�ޝ�Q�&amp#30;&amp#3;hĦ�*B!&amp#4;|E&amp#30;&amp#1;e&amp#18;�&amp#8;O��&amp#8;_&amp#5;�2X��!0]&amp#31;\�hz`�C&amp#18;vf�+�&amp#15;&amp#16;�h�1&amp#25;��A��"
ܴ)&amp#16;���^�&amp#20;&amp#20;y&amp#22;�&amp#24;ԭ�,&amp#17;b�U���EU�&D�$y�I�BT[&amp#18;&amp#16;���W�.���_�PU1ܱ�.u���\�&amp#23;*�,,��&amp#4;��&amp#25;��P�jЛ&amp#18;+&amp#8;��b�&amp#17;%Z3(:
*^�Al�cDY�f�T��d�V&amp#18;��f�>�e�&amp#3;&amp#18;w>(B���1,�&amp#20;嘕�&amp#26;.�Y��&amp#25;`�l,|&amp#29;4�&amp#19;�&amp#19;�&amp#6;�&amp#14;�Iۨ�l��e&amp#11;2&amp#31;�u�M&amp#18;�V&amp#31;Be���&amp#23;s����F���ͰF4�,\��-�є>�5&amp#21;�p��O�����&amp#16;cmtd4&-���k&amp#18;]!8&amp#20;�	,�$!J��S�%��h6��\cN��j���&amp#27;n�E �&amp#2;!T����&amp#3;d2�o!�&amp#11;&amp#21;:&amp#19;�؝&amp#5;�"�Bؙ����&amp#20;�^H�V�(i!ȶE^&amp#6;D�ؿ�i�}'ζ
c	�,\�&amp#22;�征�&���9
����}&amp#7;�^(�&amp#18;'r:"6&amp#28;�Y�	GDM݈��M7���
&amp#19;�&amp#29;�*K"m�M&amp#11;�9���K.ƃ!&amp#25;&amp#19;h4�gؗD�$C���P�B
|&amp#16;X�H&amp#19;V5%���i��U�+&amp#21;W&amp#27;nQ�1&amp#3;QmM&amp#17;�\�'�&�~
�IGs2�U�&amp#11;�S�b��&amp#26;Gߝb��4�X�Z&amp#18;[&amp#27;z&amp#6;�N�&amp#28;�Wenǌ"R�.(J
]"ȇh5jF�A�U&amp#14;�&amp#26;�R,��(�&amp#15;$&amp#20;&amp#21;E3B�R�&amp#18;HQJ&amp#21;��&amp#21;(HM�&amp#24;�8'�DP�&amp#5;&amp#6;�r�-�&amp#31;�&amp#15;!�6&H���Dʚ&amp#17;�&amp#25;�2��5Ђ��"���&amp#29;n9Ԑ�^ë�:+����i}���&amp#22;/�ȶ4�&amp#20;&amp#26;4�iz&amp#17;a)n�M�F���E&amp#23;�&M�!�&amp#26;u!���A(�M�_��?�&amp#11;&amp#18;�u�&amp#18;8�&amp#8;O�D&amp#21;G�H!&amp#18;D&amp#12;��Q&amp#1;No&amp#2;A��&amp#18;�C��F�&amp#29;&amp#5;&amp#24;%quo�&amp#6;��-&amp#12;�Fa�c1)(�&amp#19;&amp#17;���r,��"�%H]	7�m"�Q&amp#31;IW��6�N&amp#31;�9�&amp#12;F�ϩ1�R�Z�
�2�&amp#8;W!(�H�IY�擠��"�:f�#ZH���A&amp#11;�C(�*�Z&amp#16;�&amp#22;b1�r&amp#14;ă�J�P$�� �>E&amp#30;eH�����启"�6 ��b�&amp#8;�DG�^p&amp#30;dd�&amp#23;�:JY	lR�@�l�DᱤU�&amp#17;>�]B��K�&amp#26;�:z
�&amp#26;&amp#28;�z��6[&amp#22;&amp#26;Ȕu&Js
��%S�&amp#25;@]�&amp#20; *�`,7���#�z$z�d�$��;fV�F-L΂��P&D�d�+��b�J�&amp#3;w(YP�h^q&amp#18;te&amp#7;Q�&amp#8;EN��K��B���d&amp#18;8 &amp#20;�)��Y��R����?&amp#28;�&amp#23;������&amp#11;�a�&amp#4;/��,_
�m���%��J�D�]�&amp#16;��/C*��RJҳ&amp#19;J�0�LQ�&amp#0;&amp#5;��<�&amp#29;
&amp#26;&amp#18;�PM�/&amp#12;J�U&amp#2;IL�AU=&amp#14;�4��L��&amp#4;��&amp#21;X��(�Z�N��!*�&amp#21;&amp#16;ԟ��'��H��5�jC�)aK�L&amp#20;)NB�*��&amp#23;���!�B���n���D&amp#23;¼ۖ&amp#22;&amp#23;�&amp#19;�&amp#11;�'g*!d���ďq�%ܸ�X��EĮ4��O�d�&amp#22;�;&amp#14;�����&amp#19;T�7G�6�;&amp#31;I&amp#4;�&amp#29;�K!%Q�&amp#25;��&amp#2;��)s2!�8b���,*v�2�#a�0�&amp#16;B&amp#20;t&amp#21;��&amp#17;�;&amp#18;��I&amp#18;�2Ӱ��R�]~/�&amp#24;����߳�&amp#22;.���&amp#11;K�;�(97�e�bz5(]�R7&amp#18;��6��CL�
^D�+�('=���2Hz��&amp#3;�ƕ*@�H�2�h4&amp#18;�2�&amp#0;"ı%4$,AQTm�2_�R�Qr.:XM!Ш��&amp#14;�$(P�r2.P�?&amp#2;��a8/&amp#2;���A<�0UةE����p�#(�&amp#5;N&amp#31;�נ�&amp#1;ne�ZG��E���;��
�&amp#7;[�,����V�Rr�2��"&amp#16;�I*��̛�&amp#2;�V2(�&amp#22;B�&amp#23;&amp#26;�J�[���>Ī�	u��t���5F��1��&amp#12;��(L���$�&V����̉5E&amp#11;�E>� I	��!��D�&amp#20;b�؄*�E/A]~+'��&amp#28;/럠�|(����s�0L�C3�b�i�)�5&amp#21;&amp#29;
2&amp#22;0Sؖ+�X�\�yȅ�'�&amp#18;׺%�@�1���F��A*�a�I:�_#O&amp#6;BC�,(�&amp#17;9&amp#21;+��6�sq�%��S"�k�&amp#29;QZ`iSa!&amp#4;�J�!�
�&amp#5;&amp#16;�AF�&amp#17;.pPK�&amp#23;��|T�&amp#24;TӁAۯ@�|,,�ܷ&amp#5;�#�|/��)V&amp#5;��:J>&amp#5;�ƤKE&amp#30;bk�"�T�E��%T���JjD+�X:5*CL�d&amp#28;2��E}�Z�&amp#18;�Of	Hj%qXX�KE�&amp#14;2DЉ�%0zt$P�I&amp#26;��dE&amp#30;	dI*F��"��&5&amp#20;&amp#20;
&amp#31;?A�({�X�*��&amp#5;&amp#7;���&amp#22;s��&amp#17;T�)�Ql�&em%E�J�&amp#24;�w%-P����ԏ�&amp#2;��r�$^E2���F�&amp#14;&amp#8;T�&amp#14;��R!H��+&amp#15;&amp#3;LO&amp#2;E&amp#27;�ACTCT%Q�&amp#22;��SB�&amp#31;&amp#1;jC��<�&amp#28;����_"Tԫ:&amp#23;F�l����[Ȳ&amp#17;�E��/˿���!&amp#29;
%�&amp#2;�t��t|�&amp#17;lm�Q��m��˫&amp#18;�Q�a
K���&amp#18;�fA]�&amp#27;&amp#14;��CQ���&amp#19;&amp#19;<���&amp#26;�#D6���(2�,˼.���T%T�-��S�8*�AC'C�&amp#14;}���7�&amp#19;b��ڒ�C$�p��
�)�1k�&amp#5;��`P�ơJ�i�&amp#23;���ѷ�&amp#24;�%�(��%��,_��&amp#18;%�wq�&amp#8;L&amp#14;\lQ�u.��&amp#6;[ݑ@�ÝǼ�������x&amp#27;+��&�&amp#28;�A&amp#19;����[&amp#15;ORX�(��1<�:6&amp#16;�"���&amp#18;��&amp#8;�T&&amp#21;$%&amp#23;Y&amp#16;��&amp#20;�	�&amp#4;�$j&amp#20;�NQ
�L�i)���I�&amp#11;���nxh�&amp#20;ob��&amp#20;w�S�L(X�&amp#21;���&amp#3;�'GBv!;&amp#2;a&amp#25;&amp#2;��;��"�2o&amp#2;h�%B���&amp#11;ɬ9w"L�fJ&amp#27;TYT�C�B"��R�&amp#16;8Ƞ��E���&amp#21;h7&amp#8;lR,V��FQ����H�&amp#18;&amp#27;rJ�m�B��&amp#20;.�&amp#16;�&amp#4;��7-ʿ.�E�&amp#4;<&amp#16;˂����E��G�R�i+ ���&amp#29; Z	V4&amp#17;+��5��zN�����2�Oq5&amp#17;�&amp#20;\��&amp#20;H�^&amp#6;�}����Ob!�^�25�(&amp#27;>�)H&amp#27;U��XoD(�&amp#0;��&amp#17;&amp#2;,$�̅Qf&amp#14;�&amp#14;�Z&amp#22;H�o&amp#12;̮�G
#Q�� ���0X�&amp#23;-�h�S�W�ƈ*&amp#15;&amp#21;G�e��˪��\�����}��D]'Ca&amp#7;d+&amp#27;(�&amp#20;�b%Y��&amp#20;b�&$�&amp#16;5	jI�#ݙ5-&amp#4;��SGA5�-vT�&amp#17;*t+�QƵ��,Ȋ;&amp#17;F�b�rn�?�ñ�� SP�@��0Z&amp#16;3�h�$�&amp#26;[&amp#20;мP�I&amp#18;�*݄�D���&amp#11;&amp#23;�oH��&amp#22;�iυ��L�[��?&amp#4;1��˱|/��w�N&amp#29;�v� ����4	*���a�&amp#8;Z��&amp#21;�w&amp#8;(KRe@�,S#N�;&amp#16;5��T
,8�)���!�&amp#8;&amp#8;���$���Ò�7���&amp#4;F{&amp#25; �4!f,&amp#7;%W�&amp#24;U$�Xܖ���&amp#19;Y&amp#21;j&amp#11;ؙ|=ݼ,_&amp#11;&amp#11;z8!a	&amp#30;���4!4n��?�ػ��*�&amp#0;!��0�b�Y"��j�&amp#18;/�%%!�&amp#19;�b&amp#18;�Q;!�&amp#20;�/���e&amp#4;��-��&amp#8;v&amp#28;&amp#16;�ԅ�����hFN�&amp#18;&amp#28;օ�̊�q�[��&amp#11;&amp#4;�&amp#27;У��NES&amp#5;(����/DY�y�D�;�&amp#23;�P�gbZw%il w�#�&amp#20;�&amp#23;��ގ�&amp#11;z�ر&amp#6;D}8*�&amp#30;��&amp#6;�&amp#22;.��&amp#15;&amp#1;���o&amp#19;{&amp#22;&amp#7;Iu��&amp#18;�&amp#0;�d9&amp#20;;���9PM�M����kU&amp#20;&amp#19;�+&amp#27;�&amp#18;̵gR��2�CP'(67j2HqI&amp#29;}��BR�Ө�K
)�Nßb~�&amp#4;�!&amp#17;\&amp#20;�F��U-QN�'���F&amp#25;4��&amp#7;&amp#29;�5&amp#16;,�-��cj&amp#19;��x_&amp#11;���&amp#30;]�&amp#4; 2Ÿ7*_AOG/&amp#11;&amp#23;���L�&�i�k�GM�Ru"&amp#28;��&amp#14;&amp#21;�&amp#23;R&amp#11;�&T2&amp#21;&amp#11;R&amp#26;��TC�,�	}n$��W��CQv7�9��T9��V�
)�&amp#27;W*�C�^&amp#6;Ӏ�\no���$���aZ&amp#18;�$�U&amp#25;L�ؙ���-&amp#22;���mZ�M�LR��R�&amp#7;���SG>�'��� �A�Kc1��z[	E��$�D�ٔL-H^̭'b2f�&amp#11;Bj�Ɏ/�d:��&amp#21;%,:*
&amp#25;&amp#24;��&amp#28;��%آ��&amp#27;�&amp#14;&amp#24;��L�e�e�&amp#20;"��p�&amp#27;
	�K&amp#1;Ą���:($���&amp#15;"4�7T4��F'M&amp#4;�O�%3�[
q.[�.)¥OGnuKs#��N�.����M��7Ю�&amp#18;ԇC�fEcR&c:&amp#22;��&amp#19;&amp#19;Qͺ�]��=��.��&amp#7;j�T�h��&amp#21;"f�R��0쐥K�	�%TE0FD�T.H����pĦX��X
T.��&amp#12;J�F�RUЪHdRm����%��&amp#19;帲��<�s����&amp#26;e �݋&amp#14;HȀ�u��ο�J&amp#23;�"!șN�Ț�&amp#15;I!^Ql��6ȿr��(�'��p�U#7آ�K
+��&amp#11; n`S����j��/a/1!MŐ�����T�0�X�d�aY��&amp#11;q��&amp#8;�6"&amp#28;!���-�PKJ&amp#28;
EB�o&amp#23;&amp#21;�.�&amp#22;�}&amp#29;��8����A%�z&amp#11;&amp#23;�8c��&amp#11;�nT��L7д�ȽЖgqʓ��"PQ��U�؇&amp#1;�&amp#29;�EW&amp#18;z&amp#20;&amp#4;�dd�&amp#8;�R&amp#14;�&amp#16;�"&&amp#16;�dB&amp#21;*f�8Y�&amp#8;T&amp#27;&amp#28;�&amp#8;%�I
�&amp#24;�fV����F&amp#22;���!�&amp#21;&amp#8;.&amp#30;&amp#6;��-X.�&amp#26;��)ކ�&amp#22;��&amp#20;N&amp#17;����yꅋ�&amp#5;����&amp#17;�&amp#28;��5�y�-Iv@�L���A7^�S%X�B&amp#25;&amp#12;�sE&amp#2;j��B�O��HM2d҄LI)����&amp#19;C��&amp#12;p�:&amp#15;7&amp#4;&amp#8;���SQ���S$&amp#20;xB�&amp#8;\��ѳq&amp#16;���7VBy&amp#11;Q¬�@��e\��­t�<�4��&amp#26;���}&amp#26;-���&amp#14;O��&amp#0; &amp#16;&amp#1;&amp#1;&amp#1;&amp#1;&amp#1;&amp#1;&amp#1;&amp#1;&amp#1;&amp#1;&amp#1;&amp#1;&amp#1;&amp#0;&amp#0;&amp#0;&amp#1;&amp#0;&amp#17;!1&amp#16;AQaq ����&amp#0;&amp#8;&amp#1;&amp#1;&amp#0;&amp#1;
&amp#16;G�&amp#30;&amp#12;A&amp#21;a��0�K�9��\L��~&amp#7;[:X&amp#14;\|$�qky&amp#28;g�R5�}������/��Ù~b�!&amp#15;��巌&amp#14;�n�	Je�vR�"�&amp#15;@�j�4h&amp#4;��&amp#12;�l����&amp#0;a~@���܌&amp#0;�NG]��9!0̮&amp#12;��d�d�!�Ĝ��G��&amp#0;&amp#11;�&amp#1;�C�q�&amp#30;&amp#11;�F�&amp#22;&amp#17;��&amp#21;'H{'�&amp#27;���-��x�5����^H�_��k<���`&amp#4;W6&amp#19;�\$��&amp#0;9����-�yxN&amp#22;<o&amp#21;&amp#30;=;?��>���a�Òp�r�&amp#2;&amp#16;O���;�N��x�x/��&amp#14;vLR�&amp#22;&amp#5;�&amp#15;2��@�	�~�%���~�&amp#26;#�	6��A�&amp#29;O&amp#28;�����ZKc:s���&amp#6;�&amp#26;�l�	�&amp#30;�&amp#24;����&amp#30;�x��C�&amp#30;9&amp#20;�&amp#25;�O���&amp#25;�ߓ&amp#8;�"~ߧ&amp#4;{lLLA&�&amp#17;�g k[����M&amp#16;�&amp#7;x&amp#7;� C&amp#26;n&amp#14;����H���;��/O�	��&amp#24;����������"&amp#28;OL:��&amp#24;�(s�&amp#25;�a嗓�g^&amp#16;�a�m�&amp#25;��,�ۚZL����~$���2L�^ʦ&amp#16;ۏ��bpoV�fF�/&amp#17;&amp#2;�s&amp#18;:�`)x��&amp#17;�&amp#16;|I2���F�nY/�&amp#5;d&amp#15;�M&amp#22;&amp#14;&amp#7;�&amp#8;&amp#19;2&amp#24;N(�2�2�R(&amp#27;�/�_�b̿&amp#25;?�&amp#7;�&amp#15;��&amp#24;E�̎vG�Ve�&amp#22;w&amp#17;B�[�K�_�x�r^C�@�`���&amp#4;�Y�&amp#15;,%4W�&amp#27;�=E��3�&amp#14;/�ch�^&l�&amp#15;��y&amp#22;�2&amp#8;�i��&amp#7;�踼��!&amp#24;�&amp#31;�$�&amp#19;�v-���d&amp#3;s���5�G&amp#29;�� ��X�$,�ɀX&amp#15;�B&amp#28;�&amp#19;��NKQ.&amp#22;:���C�&amp#15;�Q��m�'<�s�2&amp#30;�;�Y�:'��۞K\��&amp#0;������&amp#6;Y��&amp#19;X���1�ñ��<�dO&amp#24;XX�"�;\�&amp#1;Ř�&amp#18;�&amp#23;��"(��ܲ&amp#16;�Qc���=CT�BJPQ&amp#21;�_�2ך�Fle�:��`&amp#11;&amp#17;Ȥ���׋&	��/nys��i���&amp#12;�?�O&amp#15;�����s'^_���l+�b�K�2<d�rM�&amp#24;FL��'/�q��&amp#17;�����&amp#8;/&amp#23;[ϗ!{$��&amp#17;ˍ]&amp#28;��1�K��a��~��^���@	c�+&amp#18;��/�_��)&amp#25;�6�&amp#27;�a~pY@��+��>Y&amp#0;OT�&amp#0;t�,&amp#0;+&�$X{&amp#2;&amp#19;��g�D��ٳ�#��&amp#11;�����o&amp#8;�ُ!�\<����c�����&amp#0;V�c�&amp#31;�&amp#1;�&amp#28;&amp#27;���ai
H�`�U������.N�`���n��l9o�݁1(`���&amp#22;���&amp#21;��&amp#7;�o���&amp#20;y]�K(�������<&amp#22;�)H^�#U�c&amp#30;&amp#3;	���8y=�b���=��&amp#15;�+����&amp#3;��zX�	!o��g�O&amp#11;��/\�	�#�>&amp#8;�\�7�_����p�K&amp#25;:y&amp#11;r"&amp#15;�&amp#7;�
$Yf\&amp#2;&amp#25;�ܜ��&amp#24;�cX�Ŵy���v!Ș�5�p���~i��V2�����G�_̇��t&d�/�&amp#4;x�`���&amp#0;&amp#30;@!�&amp#27;b&amp#18;&amp#18;o	�&amp#2;܀�U�n�oc�&amp#18;���9&amp#18;f@,	�&amp#8;o$�Z~E�ܴ�d�C�i�b:[�B&amp#22;;!�ENHe��9rNB�&amp#22;���\ڣh&amp#19;2�=˼�_˽�d�e�lNE����&&amp#17;&amp#23;1f&amp#29;�@�hY�&amp#20;7�&amp#4;�6��(T�&amp#16;�a�&amp#5;�~��b&�-!��&amp#28;&amp#3;��*'�S�X&amp#26;&amp#22;_�&amp#7;��Iϒ+&amp#8;�����|&amp#30;��	���_��&amp#1;�O��`,#&amp#31;��dI�Y&amp#30;Y�>cf�#?���\2���Co&amp#11;;&amp#22;&amp#29;�&amp#19;rbȜ��2�A�laG>I&amp#14;�!�#����u&amp#21;8`��3�&�n5D&amp#8;#���	�ߔ/&amp#4;&amp#5;���ώ&amp#25;��O�&amp#17;�[����&amp#20;.&amp#24;J���9afm���+���,{��&amp#31;!�o.&amp#30;A~@����X&amp#14;�gg��lE���[x&amp#8;�$C�&����&amp#23;;2�&amp#0;{ȃ����l&amp#2;A�b�)�.t��ِ<�9��p�8�2�/&amp#30;��ú���r0c��_>&amp#29;�=��&amp#22;�&amp#26;w,&amp#28;�`&amp#23;q�y�&amp#5;�? Ǚ���&amp#4;,�&amp#0;��&amp#17;s�.7.]�fM�_�P䯌���޶S.�*���_ȏ�i&amp#31;�&amp#1;&amp#24;&amp#20;�9�0���q,&amp#11;+&amp#14;�&amp#4;��y�#������&amp#15;H3 �A�.I�gIs2&amp#17;�$��_�u�ze�e&amp#24;����'�e��y�֞|Q&amp#20;��q*&amp#5;�ˮe�&amp#1;4�&amp#11;.�0;Pwa,��ϔ&amp#11;nWK&amp#3;&&amp#19;�����q�A�r1�f&amp#18;s"�&amp#21;x&amp#22;p���_��r#����f)�&amp#23;�نԒ� ���fX�L��\뗨�&amp#23;��>�p/&amp#2;&amp#26;��&amp#19;�&amp#8;��'�7�&amp#18;7�jx1�&amp#18;����\�&amp#27;�m>�&amp#0;�&amp#26;�&amp#7;.&amp#16;&amp#3;&amp#8;��&amp#3;�&amp#25;&amp#3;�&amp#29;�Qϑ��d��2�q�=��ß;�&amp#12;&amp#1;�����[ݮ&amp#7;�&amp#12;������X&amp#7;%߀�<�&amp#31;�#���L&amp#28;�K[��f�-<�&amp#15;g?��/6R�@�m�=�~a�&amp#16;��>�pa&amp#17; &amp#12;�=���&amp#20;��&amp#25;�-��n&amp#28;�a/́�&amp#24;�&amp#31;qx�frg�lƲ�6b�Y��&amp#25;!���&amp#2;M�R&amp#17;�E�$&amp#27;C$L ��3&amp#11;�nFA��&amp#23;�&amp#22;l0dc6&amp#30;�������,����cm܍�>1�-�q��1�&amp#7;��&amp#19;�a<<��"&amp#31;����8��!{yL�&amp#6;���&amp#18;QY�0��&amp#6;��&amp#14;2 ۅ�ّ��u�is�5턟�&amp#7;��$��O��b��]��p����ƖRl���&amp#5;�H�&amp#28;��%�C��&amp#15;�ĺ�&amp#28;#�b&amp#31;Ϗ�E��D��l����&amp#24;G�$L��>�@�b&amp#2;�łG�]懲	����&amp#31;�NB'l�b�b&amp#8;��p�le&amp#28;�g�c�ጼ��2����;���^�?&amp#17;�&amp#30;K,eG�7 !�7�&amp#28;�&amp#2;���<�s�j4}	�&amp#4;&amp#28;�&amp#30;Y���>$j&amp#7;�f0����2痃&amp#8;6Hv&amp#12;L&amp#28;_���G��Nn6ͩ�&amp#7;���c�&amp#0;݀�r�&amp#8;���~&amp#2;��&amp#1;�`0�C?T�&amp#24;�&amp#30;A_�B�HI��U���&amp#0;T��&amp#12;�`9&amp#28;zI�;&amp#28;Ϙ%���b|��v����&amp#25;�z�o��D8G�&amp#15;Yk2�Z�ğ>1�&i�&amp#20;BO���&amp#19;1�'����g�X3���&amp#23;>&amp#23;�"dŎ��tCDg�&amp#25;�m�lM�ϙ�&amp#14;\�e&amp#24;9�w�e��hd�;&amp#6;&amp#1;�8ٽ��N<���rm:N&amp#4;�!ѷ\��'LIWK�oR<&amp#4;<1=�q�.��B�&amp#25;�\2� �,vw	y&amp#21;�;�&amp#23;�&amp#27;�Ddr�NO�h4|ư9g��,"&amp#4;&amp#0;��X��&amp#26;,�Ӗ~�1���&amp#19;&amp#22;tyo�{�M*4&amp#21;�0	Dmr&amp#16;xF&amp#5;�@&amp#18;B�G��#�`ľ&amp#16;�bi����e8�y���&amp#22;<\�n˝�1c@&amp#3;f&amp#17;y�2�&amp#28;�-ò	�f�XN�����&amp#1;��Jr&amp#26;-g-#`sb@6�;�&amp#5;���&amp#0;�~}<�<�6N>C�OG�|���&amp#14;G&amp#22;3!���W6Q��#��c�����A9�.N&�&amp#3;dy �x&amp#17;�@��i3�'&amp#11;&amp#31;�&amp#30;��ς&amp#19;��߹&amp#16;�|�?&amp#30;k&amp#4;���B^E�%Y���I76�@'̕u�$R�Ͳ�|&amp#27;���&amp#4;�&amp#18;�7q��yhW�	�`.R�c&amp#22;m�w�;A�&amp#31;&amp#16;����#�&amp#2;&amp#15;az����`����yd�52舑���1YjE��&!�3"0���&amp#30;��q��h'�WL����&amp#28;&amp#3;�8&amp#16;�&amp#19;e�&&amp#12;&amp#4;�@�&amp#15;�&amp#17;&amp#3;�&amp#8;x�L��Hq	�&amp#3;ϗW���)��n��lX욠&amp#7;"&amp#22;&amp#25;B2��0dv+|��*�G�=r��&amp#16;.~	9,F�&amp#12;&amp#16;&amp#12;��&amp#19;�] ���g�Ն_�s��-�&amp#18;�e�>L~��Y��/P~&amp#23;e��'�S���"&amp#8;.��⼅��� ��D&&amp#7;%?/-�&amp#15;&amp#2;���d�8��АC.nO�^L��zIא��6&amp#14;\��&amp#31;���&amp#11;&amp#19;$e�.K�|ba[�G���K�&amp#17;�F�.-��9�����&amp#17;qp��mI �d����"�&amp#6;�b����� keɃ�;�3����8���@�C\ �&amp#12;X!�^�&amp#12;!p4����&amp#5;�&amp#17;0�q0�`&amp#15;�����&amp#15;.}�r&amp#17;`���r&amp#4;ʹ���&amp#3;~�>�~E��A v�2&amp#4;k�&amp#24;�w.�Y&amp#2;&amp#24;�����l&amp#23;�&amp#15;��&amp#27;�4dV&amp#25;x|��&amp#7;%��&amp#12;��Js:���,����$�d/=�ò=���X�8�<�1���&amp#18;&amp#12;�H3#�����K�L�,A�W,`Զ&amp#0;��.&amp#4;&amp#29;�&amp#14;r��&amp#22;X�&amp#22;�oAx��&amp#11;"3���<�9&amp#31;��&amp#0;8&amp#31;&amp#16;xI9rt���&amp#0;������hY� �&amp#29;&ELt�&amp#8;&amp#1;_��?���v�&amp#1;6p�S�Ԉu�Í��&amp#22;�|�&amp#16;˝&amp#28;&amp#25;&amp#0;�����&amp#5;<�a�ã���4��-&amp#30;����~q�q&amp#12;&amp#1;���.�6&amp#17;����>L�&amp#25;�?�&amp#19;�?�&amp#16;:&amp#18;K�,D&amp#16;W&amp#6;�[�@��,&amp#11;p3L��u�]!R����c	p&amp#22;��i�ObR�&amp#22;&amp#5;�d&amp#6;Nο'�M���H��-�,�Ǘ1�.<@�&amp#27;�2dN�x�8M��Q�fe�&amp#25;ޠ&amp#23;ŤᓄA����/�&amp#29;�q,tp�'��&amp#24;n�S�&amp#2;O2p���&amp#27;�f���&amp#2;%�?&amp#16;&amp#1;˭��.t�dx&amp#23;&amp#21;��[&amp#16;�L����D��#w��ȱ��9-NNND�B&\Į�&amp#27;�&g��M�D&amp#17;&amp#8;���a9k&&amp#23;Oo&amp#17;�s���B��6BPm��&amp#19;&amp#17;��&amp#1;f�9{�v��0i�&amp#4;�2�Q&amp#19;o�|H�&amp#21;��&amp#6;���&amp#0;{p �&amp#17;� �'&amp#16;&amp#16;3.&amp#18;����&amp#12;&amp#3;�&amp#15;2��_&amp#23;���G���2��ֲ��_f���CI&amp#5;�,&amp#24;d/V��HL�&amp#14;da���E[��M�qa	"x�&amp#22;V_`��&amp#18;r��9�9&amp#30;4�&amp#2;<r��&amp#25;��L&amp#27;��1� y&amp#17;ͅ.	��-_�&amp#1;r�}�����l&amp#27;0���#��.Z$&amp#14;�r&amp#18;L���ܞX�C�&amp#20;&amp#31;&amp#5;AC&amp#0;#&amp#0;&amp#23;&amp#23;>&amp#3;8v.������&amp#1;,I�&amp#22;�����?��.��g�o��G�y�:q?W|&amp#8;�&amp#7;ԅ60&amp#2;&amp#3;�7�&amp#31;&�/ʑ	��V�&amp#0;&amp#8;|O�'�H��&amp#12;�������oA1n�(޺ḫ���ߴ���!&amp#18;��&amp#14;i�ˇ�o�&amp#3;�&amp#20;�r9����Xf�1�9`Hl;z�Z���iD&amp#12;��>G&amp#6;���5�&amp#4;����I��R&amp#25;&amp#7;�&amp#3;!���>EI&amp#26;a:�7&amp#15;��I����`&amp#15;�,.Ag&amp#1;��e�@&amp#1;�&amp#24;���[&amp#11;�'�&amp#7;&amp#25;&amp#15;�ɧh��&amp#24;�2�/��V��N��I&amp#4;��&amp#25;g����&amp#18;3��Q��'�Bš��?��ٞ,�,&amp#25;��c�&��]�j�x����b���&amp#8;����&amp#28;�	��rͺm�&amp#23;���������3`v"p̫&amp#14;)f)@��~&amp#17;��O&amp#12;:'����&amp#31;�	���"凩�6�e�X�b��G�&amp#20;�&amp#31;���s�����&amp#0;&amp#14;�&amp#1;��S����X>e��.�&amp#24;^I��F�&amp#29;�{p��L&amp#29;�&amp#7;#Qgˏ �&amp#4;'��x^v<Hg�/+1&amp#15;d'�&amp#5;�!&amp#25;��&amp#17;���!��&amp#12;�L	�;�7&amp#7;a�'&amp#16;&amp#7;��~�&amp#6;t>rԠ&amp#19;&amp#2;��&amp#4;2ȿr#���&amp#29;�{���s&amp#15;�&amp#15;ԙN&amp#6;bJ�	I &amp#1; &amp#25;�jZi&amp#24;$!�&amp#5;�~<�[�s�#�r�Y?��?��q?�&amp#8;,E���Y&amp#15;��&amp#31;탐&amp#12;c�3݁;6�&amp#18;���%�:[�.�"�{,�z�9&amp#28;2�,�`?&amp#6;���-��&amp#8;`&amp#15;�@X;Ĝ�g����K&amp#15;�&amp#31;5��S�~�Fv������&amp#20;���F~&amp#1;��I����S#~&amp#30;!~���&amp#20;3��&amp#18;f&amp#22;d� �@�_����&amp#7;�8�&amp#22;&amp#1;'/�����e�=G��&amp#19;�o&amp#11;.!i&amp#12;��&amp#5;�&amp#19;!+p��&amp#0;(�x&amp#23;84@)�/ă��̹�,zL&amp#1;"{8����N�&amp#22;�&amp#21;��&amp#11;����o^�f��ԟ�&amp#15;m���ߝ2Z�+w�[�����$�+�OD?�/¿&amp#17;�&amp#16;f�=�b�8v`&amp#17;�:&amp#28;��&amp#16;�nZ���&amp#23;&amp#30;X%��&amp#0;���&amp#22;�dC��NXL��~&amp#11;[~�r�&amp#23;O,0l��&amp#31;&amp#0;&amp#16;&amp#4;Z&amp#4;&amp#0;�&amp#24;&amp#27;����S�C�dm�&amp#2;�$&amp#5;�&amp#15;޷�&amp#1;D�ӟ��s���&amp#21;��0�9;9gq��Xa`�Ja&amp#0;;&amp#3;�&amp#11;?��,�`���g�~�X�&amp#2;`8A�&amp#1;�&amp#6;B.O&amp#27;?���a��&amp#7;�&amp#24;����n�n&amp#11;�ٌ�y��� �&amp#7;�T]�=G�7"&amp#12;�>&amp#16;&amp#1;Y�?���&amp#23;����p�њ����&amp#22;&amp#6;[��&amp#14;6���&amp#19;&amp#7;d��ǲ�"kc��2&amp#0;d&amp#26;�	&amp#30;�za+&amp#18;�@�����7�H�#�i�G8)�&amp#4;�&	&amp#30;9&amp#16;�wr�~@&amp#6;�3�N����G�&amp#1;ĕӪ[ܭ�>P*&amp#12;;m����fA̎&amp#19;��&amp#11;&amp#23;&amp#15;�,-R�&amp#0;�������Or�&amp#17;&amp#14;]�G�By&amp#17;��`�`l8��@b�l�����Di&amp#0;(Ƀ�O�&amp#8;>R&amp#6;`&amp#23;&amp#22;�R��&amp#31;�R��P1τ��

�&amp#17;&amp#3;�&amp#17;ɇC�r���ߖ���[������&amp#31;6/ɀn&&amp#8;<[��&amp#0;�TCfxl/��.<�90�&amp#0;�kُ-�c�>^!ˣ��&amp#25;ao&amp#25;o���\��&amp#29;4�7&amp#15;�&amp#28;�&amp#0;�.P��+g�1��5n��/�|��&amp#12;�&amp#31;rp�uG����&amp#21;���U�f�'��&amp#18;�f5&amp#16;k���T�&amp#8;[��$�&amp#5;o1�&amp#31;�&amp#27;�?3���h�&amp#19;���&amp#3;�:A��po���&amp#22;&amp#28;HK��&amp#27;5�<)����0�.�&amp#7;	F&amp#8;Z-r��L1����~��a��&Br�䂓���g�&amp#29;�����,>
2r�df&amp#18;��&amp#8;d��!٭�W��&amp#22;.��2v-��N4�ɒ&amp#16;&amp#12;�&amp#14;[&amp#25;�f��A� Y��1�����_�B��&amp#30;�å]���l����҇���˙&amp#17;!k�~&amp#1;�rl��&amp#25;r�VK�XD�o�~KX�&amp#0;&amp#23;&amp#25;&amp#31;�&amp#29;\#͉�B���-��.Hrl;o�&amp#12;&amp#16;�v��=�<���mБ&amp#25; f�&amp#6;H���o�.�I�L�J0��Űn�r���_X&amp#20;pμhq�xh�&amp#20;&amp#4;&amp#14;v&amp#17;�`��?&amp#5;�A���B�@&amp#0;r�><9����I�N}�؟#'Zr�;e�&amp#6;�&amp#24;8I�,��&b٘�QȂ�&amp#31;���[k��6��c�Ϸ'e<|��&amp#3;�����&amp#6;��I&amp#23;Ɇ&amp#28;� �	�բ2&amp#16;͋&amp#18;&k+&amp#7;+D��&amp#6;�&amp#3;�q�&amp#14;�&amp#15;/�#O�&amp#17;&amp#1;�&amp#7;�&amp#7;��&amp#3;����n@�&amp#8;�$�&amp#11;�&amp#6;&amp#29;��&amp#30;I&amp#27;�&amp#8;���l�����m�s�l&amp#30;>1���rE�6�/�d�&amp#23;y1䂰/r�&amp#0;~�|�� E�YP�^&amp#19;>r�>�`�'� <�̗�����q�&amp#8;G&amp#14;����#��98e�/�!&amp#16;ȁ&amp#24;&amp#12;Y�-y���.|�&amp#6;`&amp#23;��J&amp#24;&amp#18;&amp#23;��<�&amp#26;��C�&amp#12;_Lu��V�[��W&amp#28;�5{	��ߡzMp  �&amp#22;�
&amp#27;�Q&amp#2;𱃔&amp#5;0����&amp#0;σH�σ"^&amp#5;�Z&amp#0;�~F9&amp#22;*K�&amp#0;r��&amp#20;y*	��90&amp#27;&amp#17;6;&amp#18;�b;&�&amp#24;�t�ܷ��_l'<L�&amp#23;&amp#20;5$9�&&&amp#28;(&FN&amp#0;3&_$�CEv�t�d�R�&amp#31;�vxXP�&amp#6;O�&amp#17;�&amp#27;&amp#14;A�6&amp#28;~q&amp#19;|&amp#23;���q����&amp#8;�>&amp#28;!�a�͍s�x�����X�Հ&amp#24;&amp#30;.!�pe��'��&amp#14;v&amp#15;��7&amp#21;��&amp#29;�&amp#31;�&amp#15;&amp#18;�/�&amp#12;-&amp#8;&amp#29;�H&amp#2;�l]��呀�H�&amp#1;��,f,��&amp#14;G�0�P�&amp#8;`7&amp#17;���&amp#20;[$��.����nw��6�&amp#0;o$�C&amp#11;sVVpK�&amp#18;n���&amp#6;��J�&amp#27;�������E�F�&%,'���+��Ï�>&amp#16;>&amp#2;? ���'쟶�g��04��R�~GFسc&amp#7;v�eq&amp#2;&amp#19;Ʉ�&amp#16;zY��tn~�&amp#15;�P�q	!y!��&amp#27;G<��G�Hs�&amp#12;�%x&amp#11;�&amp#28;p�!�	&amp#25;���&amp#14;Ds&amp#2;|&amp#15;e{�[��&amp#16;�&amp#30;���3t���Ⱥ&amp#5;��^&amp#4;��&amp#6;&amp#25;���uA9&amp#6;�9k<~O�x������w�f�ɑ6M�a6��&amp#7;���&amp#4;�|A�&amp#27;ϝ&amp#0;[~&amp#22;c�&amp#3;��Yu��<>&amp#23;l=�I��-&amp#28;-�w�&amp#4;EX	Ѻ,�&amp#5;�&amp#22;o&amp#12;<�&amp#15;��\�`Yl����7���Zac�p*5Ӳ��ճ}\�����&amp#12;� b�ԞȐ��&amp#12;4gpp��#�e`��&amp#2;2�&amp#19;�g�&amp#15;�&amp#12;�&amp#15;�&amp#23;&amp#31;`��l&amp#1;�<�;qg<��y�d,�牸Gg1b��&amp#27;��!+ُbFY�3&amp#3;?�%�&amp#3;��,Aسv-vӛ&amp#28;&amp#22;���;&amp#22;e���x&amp#8;�><&amp#28;&amp#20;T&amp#8;�I��&amp#0;e�e���S̑�H&amp#28;��¸O���&amp#25;d9-�GÅ�.�&amp#26;Z�B?.&amp#27;~U�,�Y"̰_&amp#8;�٥�,��vш�|$F������}m����b�&amp#12;"��Kn>&amp#0;�����&amp#24;�m�\��	�&amp#12;&amp#1;$�-h�E�_�i���&amp#17;&amp#0;?,��(#�Q&amp#3;���88�M&amp#0;j&amp#22;����k&amp#19;���艱$]�N&amp#11;�v��e��
&amp#7;v8�	&ę�9&amp#4;y&amp#4;��&amp#11;�ɏ&amp#5;ɕ�Ǉ�#�A������&amp#5;?9'�29�2&amp#19;�&amp#5;=�����&amp#23;8���&amp#24;0;�S��@&amp#11;&amp#7;�3�g q���6ka�n�� vl6Lo&amp#2;"k&amp#27;0�&amp#26;:�&amp#17;�&amp#27;L&amp#16;M�1ᐿ��&amp#22;r��zץ{m��[�?�E���;u��a���>A&amp#7;g��&amp#12;a�G&amp#4;��o�~����,g&amp#15;�ӄ>W<�dG��!�A0-�&amp#31;�L�`r���<&amp#4;_$�M�K�J�$O'Fý��&amp#23;򱁠���&amp#4;�&amp#22;E&amp#30;fh�&amp#2;X&amp#28;?&amp#26;?���&amp#15;&amp#8;�	&amp#4;���
>6_&amp#0;&amp#3;&amp#16;*L&amp#26;F�1%�G�z�.�&amp#26;L���G&amp#1;6��)ř�^q&amp#8;���&amp#7;O�&amp#27; �sx&amp#16;��b&amp#24;P�&amp#1;�&amp#3;��yp2&amp#20;&amp#11;�'�y�d�O&amp#28;��&amp#1;�&.��,��7�!t�E�h��%�-,l,&amp#28;���rv&amp#17;F7u�H˓9&amp#27;��-��2tv�f&amp#14;M��?r�DK��&��p��V����0&amp#20;&amp#27;&amp#0;�&amp#22;֏��ڗR~)��:���\��{�&amp#7;�?�%�u�K�NfF��0��&amp#0;��&amp#28;\$�ᄂ�����&amp#27;��٨�(&amp#20;�&amp#15;Pa�O�9a&amp#20;G�N'{ϩ�.�l�+�$&amp#12;�&amp#19;8��/p���$&amp#0;�8O�&amp#5;2X&amp#2;&amp#12;&amp#0;��&amp#30;F8�Ϙ^�&amp#27;�H&amp#29;6&amp#4;ֻ�&amp#14;�-�,.	&amp#5;�#&amp#14;&amp#19;�~�7p���r�i&amp#3;X�Ǹ�DN@��{�&amp#30;G�&amp#19;�&amp#7;��ψ�&amp#25;x�&amp#19;�&amp#1;�&amp#30;yc/w�ddr$�n�60�X}��t��c��&amp#27;&amp#15;�i&amp#3;g6L���&amp#0;&amp#27;��|d��&amp#29;���>Y��&amp#2;&amp#24;v&amp#30;�VM���&amp#5;�̛�d�&amp#30;&amp#12;&amp#0;��^�&amp#16;��r����2��;���!�H剳.6p����C�&amp#14;��7_&amp#31;๿��Y��<��'��A���e�/�<�E�&amp#5;��^��H�C��:ō�t����
�����{&amp#18;@�Ĺ����&7x?P�&amp#11;&amp#15;&amp#18;o�&amp#4;w�&amp#11;1�ȹ��&amp#22;3&amp#16;<�<x��	����&amp#14;&amp#19;!�9��`��>8M*��Z��&�睚�Q&amp#6;�,w�&amp#3;�l�+&amp#17;^J���A63�?�&amp#17;��&amp#2;'����s.~B&amp#28;�퇐e�&amp#0;&amp#16;�W�&amp#14;G&amp#14;���&amp#22;��d&amp#15;!�&&amp#11;&amp#19; E�[�~Z���or�_�7-[@rC/&amp#16;k�g g�&amp#28;,2&amp#0;�+ɂ�&amp#7;&amp#8;�1�&amp#12;��D`��&amp#11;,��&amp#22;s��|�_":[���d<�3.&amp#30;X�&amp#22;)��l1&amp#16;r͎kH&amp#2;m&amp#18;�巳��|ϐl��&amp#15;2|̼R�x~���h�K�^	w&amp#11;/�&amp#28;a���&amp#7;%�&amp#20;܎9'��Cd&amp#1;�&amp#25;�m>&amp#26;&amp#19;�"����v���&amp#6;��|dHWNJsn��7&amp#12;�&amp#4;r�?i�1�)a�@fO,=�����oڽ�ԭ�Xcf���i�Eϫ������ā/b��/�����m�'F1�YLa�&amp#15;�&amp#27;���&amp#28;C&amp#28;&amp#1;|����p�m�O�Ǒ���-���#f+���&amp#5;�,�O�ï���I��&amp#23;;������3��B�&&amp#16;�&amp#22;�H߷�AI	&amp#0;\��l�ge��a�2�������~,&amp#30;Cȴ�n�C&amp#15; |��������&amp#14;�����.Î���]�ai���E`,&amp#4;��ϋ�d��f&amp#28;�r&amp#30;y%�&amp#16;F��&amp#28;�̋$q������ ayȂ&amp#27;&amp#30;�&amp#23;&amp#27;� ?&amp#19;��&amp#6;&amp#31;�:9I09&amp#24;j&amp#18;PO&amp#5;���9�jT�~�=Ќl�H&amp#16;[��8&amp#23;�Ǆ&amp#25;�p�.&amp#25;{Gp3�;��Jx�&amp#12;7+�&amp#26;&amp#5; pӍ�r�ɛ�c�&amp#16;
l0г�_0�&amp#12;&amp#7;��&amp#1;����o����]_0�{'�$�+!���=�&amp#14;H���&amp#3;3m[�o&amp#18;%��.G,S�Ò�&amp#14;�v�Aaf��X@e{��D`�&amp#12;�&amp#27;6��+9�e�[�.X���J���t]&amp#15;�o2�adz���D{&amp#0;�&amp#28;a&amp#6;L�<�8]�&amp#15;/&amp#19;���Of��&amp#25;)�&amp#15;Ě���>�y���D$j=K�� x/�?-p�C�&amp#14;3�&amp#3;"�r6]��&amp#22;�-&amp#24;_�&amp#0;c��h�-_����&amp#16;r&amp#20;��E.ݻ���y�ϖ�&amp#16;�� Q5�y0mܴ}g(�G�Gi@&amp#19;������&amp#14;nS�o�&amp#0;�A�&amp#24;���$�+�1�����3V�1q�0&amp#25;�&amp#5;�O��&amp#5;��x	���&amp#0; ?,�&amp#0;$?'�$6"�>X�N?#�����7c��&amp#23;E���y�=�&amp#16;����&amp#22;&amp#30;�D���&amp#27;�G��.W&amp#14;Y��Ea;0Y&amp#30;H&amp#25;�s~'l�]&amp#8;�&amp#4;&amp#19;�~�:�kw/�ٲO��&amp#17;1�&amp#27;&amp#16;���&amp#5;���&amp#17;��f��&amp#15; &amp#30;&amp#17;d&amp#11;&amp#19;�<l�r&amp#5;����ov&amp#28;�4���۲�'��X��&amp#22;G.#l#w˓�8a���H��&amp#25;�0&amp#19;�p3�m���E���G'K=���o��o�>{dY������5�&amp#27;"��J���Cj�
p���#&amp#4;|�&amp#5;&amp#0;�&amp#6;�>?��&amp#29;0�,�0�g�q�w�,&amp#17;�w
0k&amp#15;V}&amp#8;�y&amp#7;&amp#27;&amp#12;4���n&amp#31;�X~|C�&amp#1;&amp#30;	c�&amp#23;�#&amp#31;���C���ե��w�&amp#17;�]ƛp����H�3�ɳ&amp#22;��le�r&amp#28;П&amp#6;Hy&amp#30;&amp#11;&amp#4;&amp#14;[�Il��#&amp#6;d�$�&amp#28;�	��&amp#31;H�&amp#25;�&amp#14;&�&amp#16;�vf�<�N�'W�&amp#0;&amp#31;�'9v�&amp#22;k�&amp#29;�6onF�&ܶ&amp#16;��0�&amp#28;:��>pE��B&amp#19;���&amp#15;�_C�n&amp#30;�ܔd&amp#4;s�m�#�+?�Fk����r,&amp#0;O��X��(�&amp#20;?���'���}L��M�g�&amp#22;&amp#6;l&amp#1;�&amp#25;&amp#18;Y�^�&amp#18;;rL&amp#30;���~Z��x�2
9�S�&amp#5;&amp#17;�݀�&amp#19;�:&amp#3;��&amp#4;&amp#6;%���&amp#0;B�A�&amp#16;&amp#28; l��z���&amp#26;�P����?&amp#20;�fiL��&amp#26;���<3�S�x&amp#24;x��@F_$��Ë́��I�92frE�&amp#24;&amp#19;v6�9���&��~�xX&amp#31;&amp#30;2���&amp#12;���~mE�Ba�B�&amp#24;=	e�&amp#4;p�\c�Y��|��,O&amp#8;o�&amp#15;��F^품�fK���(ylXyx���G>1��#9��N�~��&amp#4;����`��&amp#23;�&amp#6;|&amp#17;f?l��[���[��&amp#0;�'�&amp#24;�`����Fi�������Y�b]�ݎ1#n�l�e/&amp#14;�:�hE��&amp#14;ώ�d�`�&amp#21;�6=Ͳ��z&amp#17;q��%+�\m�?&amp#23;�\-��B!�����K[b����:4SjҘ�>&amp#22;�&amp#14;&amp#18;i&amp#14;������&amp#28;&amp#5;�)�&amp#19;YH*��y�T��&amp#0;g�<!&amp#24;A��9�/�&amp#0;��N�l��&amp#23;h?&amp#31;&amp#28;�W�m&amp#29;N&amp#7;f�n&amp#2;&amp#1;l&amp#8;Yɧa&amp#6;J�Y����B&amp#28;���m�s'8C�-�#͵�&amp#31;�������l���&amp#17;n^��Ȟ�y��E�&amp#26;}��|&amp#2;bq�&amp#11;R��9�<'NC��&amp#31;�&amp#4;�ћ;�����&amp#23;&amp#3;X{1(�0)=&amp#20;���&amp#20;c*�,�&amp#7;�n&u��2d&amp#1;��ǎ�&amp#4;���&amp#1;&amp#3;vY���H�"H�!�&H&amp#30;'�͚�&amp#6;v�J����3&amp#2;I&amp#8;�&amp#25;�ɹfL�@��=�&amp#25;��K�k�&amp#11;0 ��qV�l�d�&amp#28;�&amp#22;�8�M�0,&amp#14;��� ,�g��S�-�Ej���&amp#16;B�d[&amp#20;V&amp#7;���`&amp#11;�c&amp#22;&amp#31;7x��FX&amp#4;$�=_�Q�&amp#21;2&amp#8;U�?�\��&amp#23;&amp#0;��i<�d\�`?&amp#4;&amp#4;"�D���&amp#8;an;��'&amp#1;n�H=��?�_���&amp#24;��op��rL	u&amp#1;���Ki&amp#24;Č6&amp#20;�&amp#31;�Է��&amp#19;m&amp#27;����^K/9&amp#6;H��t7_��0l�O�g��?�&amp#14;
f�&amp#30;�&amp#30;�釄{&amp#7;���ȕ&amp#29;_�&amp#23;1�����|F3 &amp#11;xz&amp#7;<��7�հ�S&amp#7;v���&amp#0;���hVh�ܞ&amp#6;&amp#19;B����&amp#20;"0�N��&amp#24;��&amp#26;�2#3\o����&amp#17;�<hW&amp#1;�&L��e �b��&amp#14;A~@�$m����R���A�c��3 �,�a9�&amp#31;&amp#24;�&amp#14;�Ό&amp#8;&amp#27;c6ʞ�z��&amp#22;^'��&amp#12;�]&amp#22;.&amp#25;�X�	-K\-���h&amp#5;�mѰ��2&amp#0;y-嵠@+&��&amp#6;A͓�^B6�����;x���S�&amp#25;���&amp#18;,ߋ��XY�<��n�/l\������&amp#16;�+[&amp#4;����@y3{&amp#5;�V?#�s��&amp#0;0�&amp#17;���0<�$��E�>n{~|&amp#30;[���-|��[���թA<o��[���$&amp#15;��V&amp#16;�Z<j��*�k8&amp#1;&amp#8;��BĄT��&amp#4;�&amp#28;b8�k^�Z�&amp#0;�?�$3v�Z&amp#16;&amp#16;���T'H�d�&amp#16;1��f0o���&amp#0;&amp#3;&amp#0;#c�&amp#26;#&amp#1;u��]��m8��K��;�A>&amp#25;!Q�&amp#14;^&amp#3;&amp#12;�&amp#15;S7'w�&amp#6;6n�&amp#4;n����ѿ�(�9p� ����,<&8�p":!��SԌ	���%�.Y��䗭�&amp#8;�&amp#18;d&amp#5;��Ia�Z�o�4����^>O��o��frR^f��/�rƹ;y��^Ů��&amp#23;��@�؆878M�\$&amp#7;?
&amp#0;�&amp#18;�nKNXC�&amp#30;�Nr_���|_���/yo>&amp#14;K8�#�3�&amp#0;F�_&amp#1;&amp#25;Ոr9&amp#31;��&amp#14;Ay!��m��cg	&<`	���I�i*�&amp#15;��/&amp#12;��&amp#28;�&amp#24;��&amp#1;��&amp#0;tT��h��(&amp#11;d'�@M��`�oF&amp#19;�M�d$&amp#16;�6]"&amp#28;&amp#2;&amp#20;�`&amp#18;l`�@�&amp#18;K�ը�&amp#7;.Do���iۃ&amp#25;�ؙ&amp#25;�)�LI�c�&amp#12;vF&amp#30;���"ǎ�&amp#11;�s0FK���'j�����&amp#31;'ด�>&amp#24;>3�&amp#2;&amp#25;5�|=V�C#jF-�,��B�&amp#16;�/.W���y�\��S�C��g����叙&amp#12;�o>ųbOf�x��S�&��h�d'&amp#18;6O^&amp#24;�"_B,[&amp#24;��9ώ!́�a�'<�&amp#19;���&amp#0;-2&amp#29;��&amp#3;�>&amp#27;�����&amp#2;&amp#28;M&amp#7;&amp#28;�L�C���&amp#6;V��?��&amp#18;d�S��ӣ\o㷾Z�^z^8^p��&amp#30;!��C� �&&amp#26;�bI�u&amp#14;&amp#28;x��A&amp#22;%��ӱ4&amp#12;�s���&amp#0;�&amp#14;9n$&amp#21;Oq���9&amp#17;88��&amp#17;H!]��9(_�y�#f1��e�"p�R�e8e(%�ޓ��&amp#4;fdA���&amp#27;���@lHlN��&amp#2;&amp#7;m�a�`##"#&amp#28;�&�/�?����.-�y�&amp#8;u�a�A�.}�	��.&amp#27;g�6<���𷽗a<����=��&amp#18;&amp#12;v?E��&amp#6;&amp#27;Si��&amp#0;�&amp#30;�1��:�&amp#15;&amp#27;3��j�_��᳌�ɰ7	��o����O��&amp#5;�~&amp#11;���]&amp#25;x��� ���R���C�&amp#24;�o2��9qσ�7&amp#18;�nnF�/�X~\~G��v��]�A&amp#15;!&amp#30;[���tFLa��&amp#1;��,��&amp#14;U^�&amp#27;&amp#3;�cɍJ	��w��&amp#6;�켤Bc�js3���Ѝn�&amp#22;�u��[&amp#22;<yw�&�!&amp#25;%�&amp#23;�pr5�&amp#30;&amp#19;�$[S�#ca�a&amp#17;&amp#26;��8N@��?l�mH&amp#1;��&amp#11;!������W��Ì�����p[�"`G&amp#14;Y&amp#18;��&amp#12;,��&amp#30;��&amp#14;�&amp#14;߱�?�h����z�f�#�&amp#7;�&amp#7;%��ެOn&amp#15;f&amp#30;6�G&amp#7;�&amp#29;�&amp#23;�&amp#11;�����|���?0�O�q�ǈ1�L�m���A�m�Y}���O�&amp#7;#Fe�W�&amp#12;x&amp#14;��&amp#26;<�&amp#6;]�!���&amp#12;&amp#15;���Q� �?&amp#27;k&�/��&amp#12;�Y�&amp#16;~���~xX�Z�G�B�$�&amp#0;&amp#7;?�/�1&amp#28;�y$��6I��&amp#6;���bƾ&amp#24;a&amp#8;�eԌ�P�pі<�ԡ0~;�<YR�&amp#3;Ku@l&amp#19;&amp#21;q�}�L&amp#7;M2и&amp#22;�ۣp�؜&amp#18;&amp#27;� &amp#24;�q&amp#14;&amp#2;�&amp#11;�\��*�f&amp#18;\������&amp#20;��c2�P���m������&amp#0;�W�p�E�nό�m�ݲ?&amp#15;�z&amp#23;Lٺ� �c2&amp#2;&amp#16;
�n�٦&amp#2;0d1&amp#15;	��G��/�`98����/Y&amp#31;�&amp#30;�鍛&amp#6;_�ߍ�ɢ&amp#15;�x�ԡ����\&amp#6;|�D/��&amp#0;�ٌ&amp#15;�ϲQ�������&amp#3;�a�ǈ�s9&amp#15;�.^�a����^v72jr߰��~ݸK���3?&amp#11;0-ٺǶ@~Yĝϰ��<�p�|�&amp#22;o9&amp#8;��#�&amp#23;��6'��w4D<����\~JA���&amp#8;�&amp#4;��/e�J L&amp#4;\�j$�n�Qt�ѩ	�d&&amp#23;�L.&amp#3;�9�)���!�@r&amp#29;{&amp#16;����;�	�.I]�{&amp#11;`&amp#23;^Kĵ��f@s.B��G&amp#12;�$�a=���&amp#20;�u���&amp#6;�&amp#11;�GՂ�;�m�-��&amp#16;&amp#3;��&amp#0;e&amp#6;&amp#6;�H���t���j&�-�&amp#25;�6�C��a�&amp#7;����̓5l�3P�ʠ�0l�&amp#24;�{&amp#31;&amp#23;�-�'|A�&amp#4;7����&amp#3;?1�&amp#18;��&amp#25;�k8��a?m��2&amp#15;Y<7&amp#8;ɸ�&amp#2;'h1&amp#31;�x&amp#27;����-(d�c�k�w�&amp#31;����	�&amp#22;���r;6���&amp#14;(�&amp#0;��~q�&amp#30;S̏��	����D/�L���&amp#30;y4���m�U��&amp#15;�&amp#24;�o���&amp#7;ϡ��@�/�&amp#8;���&amp#30;1&amp#29;�6&amp#22;c&amp#8;��&amp#7;��&amp#4;�6��,&amp#14;n��;1�&amp#27;&amp#24;&amp#17;�߱m�oq�_Ջ���툽�&amp#4;]L�#�&amp#27;g�|䜵��&amp#19;��?�&������.$�&amp#27;��ǰ����Y���{"q�]�q��F���&amp#31;�u.�I]�2&amp#22;&amp#11;&amp#8;�	������&amp#19;�%VQ&amp#6;G߀=,	&amp#30;l&amp#17;��&amp#0;�w�w��L�G�����p�@�&amp#20;&amp#28;��&amp#0;F��\74ܰ�\�ר&amp#15;&amp#2;&amp#15;-&amp#31;��Z[F��!��&amp#31;����V�2B&amp#29;�&amp#22;���	_��&amp#17;Ȅ�;.D���A�3"&amp#22;�8�ώ=a���:�H�&amp#25;�S�7�&amp#17;0&amp#16;�Z��y�숺%&amp#18;��T&amp#22;#��&amp#22;`�4a\Q&amp#28;�I�Y�#AL#�_�2�&amp#6;X	&amp#26;�&amp#25;&amp#25;����^��(ͦ�&amp#12;�&amp#23;&amp#5;&amp#2;�&amp#29;
�eBC�.�~K4�@���C.���<H&amp#24;|��;���;zݼ�b&amp#22;|��.��b��#&amp#23;���]� �B_�fl��Q��3�~\����"��&amp#15;��2n�&amp#22;-ոv&�&amp#0;m�m��zC�ٰo�:��&amp#2;&amp#3;��<���;��&amp#2;�&amp#3;��x6g����&amp#29;ǂ؞`ca&amp#11;?�$�Ń&amp#3;�C"��<&amp#16;&amp#7;��/���&amp#0;&amp#8;�S.�Zg#ޓ��3 �ˢfv&amp#24;\��E�@���̲�L�_�9��Ō�&amp#19;sm�(&amp#11;�G&amp#16;&amp#17;f�,7O��B���y	�&amp#31;u����n;�.�`&amp#27;H�@v&amp#12;&amp#5;��&amp#4;�&amp#17;�&amp#24;�zC�G&amp#5;�&amp#14;�8��&amp#0;	&amp#6;�&amp#2;��&amp#23;�$&amp#22;�&<�W&m�M�Zba�͊��b������!6�2�-���Z�&amp#6;%&amp#11;�<&n�&amp#6;�cmн�g9&&amp#7;���e�&amp#30;��X��3�ea
�H,^�n7���'&amp#11;!{&amp#0;�{&amp#2;'�M��7)�m���&L`�&amp#24;�&amp#27;�&amp#16;��=7�'�]�E��&amp#23;�<|������8d?Bv���w���&amp#16;�&amp#18;����&amp#15;&amp#1;�&amp#17;P�!ז_�Ǘ�^<�����Ǒp��e&amp#28;��@&amp#15;.&amp#4;&amp#12;^Q�&amp#23;�[��vCf&amp#28;��n�?#����&amp#19;Y6X�&amp#11;B��}̙֞�t-�K�P���&amp#3;`ݻ%&amp#31;&amp#4;2&amp#11;����[&@��L4��&amp#24;7&amp#30;F����E�&amp#30;�&amp#3;Y&amp#1;�^.P��`%�&amp#0;�HG� B���-��&amp#8;&amp#8;\&amp#22;&amp#28;_����'��,�N���fEx9�&amp#5;:�'	.�����gaDX�� �a����~\&amp#19;��vRa&amp#1;�&amp#1;��&amp#7;�or`L,�&amp#0;�&�D���w���Or&amp#31;�)���K�l{�����&amp#18;�6��.&amp#11;�&amp#31;��IG�꽩���owf.<�&amp#16;'�C &amp#25;K�o
9���Z&amp#31;&amp#8;ƺ&E"&amp#22;T�&amp#25; !&amp#1;��.nA�_�yr�&amp#0;&amp#8;���r�&amp#2;� &amp#4;x.�_�d�he��a�Z&amp#11;.V9�8s߀��&amp#25;�_9���Y&amp#1;&amp#7;&amp#29;�@Tb)j���um�!`p&amp#15;�@3}m��E!�ͨ&amp#15;V��E&amp#25;0l��%��o&amp#24;�t�&amp#0;��&amp#4;Rh�Zm=���$������~d�Q�1�F6&amp#28;���&amp#20;&amp#23;�&amp#6;���i&amp#3;�	���&amp#3;���q&amp#8;��&amp#18;Q��&amp#3;�d&amp#1;�&amp#0;&amp#0;�&amp#1;B&amp#8;&amp#29;XO�(Ol&amp#16;q&amp#19;!&amp#12;&>S4���or&amp#31;�l~#ͺ��&amp#27;e���r�a~�a�0X&amp#30;��ێݳ`�a@7'tM&amp#31;�l���(hWۿ�_���^C&amp#7;&amp#28;O�%L��`C��&amp#0;a ]J�xa!�Z�m�O{&amp#6;��-9&amp#7;�<e�7�>8e���&amp#25;	��4Z&amp#2;0r2�B���9&amp#1;4��ym&amp#28;��z���	!X���,&amp#6;F9l &amp#31;��&amp#0;����&amp#12;>�D6C#�.G&amp#25;&amp#18;�`��&amp#22;&amp#0;��&amp#12;y�L�*.&amp#26;��&amp#2;�KL&amp#15;��&amp#21;E7�&amp#30;�+���&amp#17;0!�N&amp#21;��[6�&amp#0;&amp#5;�&amp#27;&_�&amp#18;&amp#31;�sd, �	��˟�&amp#3;�p!8&amp#7;&amp#8;��Ð�e&amp#19;��&amp#0;�&amp#5;��&amp#15;�&amp#22;&amp#17;&amp#22;=��(c;�P&��N:&amp#28;�(&amp#2;&amp#12;;���0�V�m&amp#1;-����&amp#26;�;&�&amp#17;q͊�!&amp#8;n��E�C|��2 Ǐo܏�d�$Oh��&amp#22;���&amp#0;&amp#8;�&amp#0;&amp#23;_ ���?�y�����'���2��&amp#3;&amp#3;�/$?"�`Z&amp#29;�m!{CƲ�"�&amp#18;�	��ɘ�&amp#27;yZ��2�&amp#0;+�/<��.#�i7�ci&amp#14;�"�&amp#18;<g���`<�G�%�ٌL[(��xW��&amp#4;E�seHBĿ���g�YQ���&amp#18;&amp#14;&amp#19;\a&amp#31;�&amp#21;���&�R`?& �m!�d-V�F>,���p��ՀO&amp#8;a�&amp#2;zdfD�&amp#12;�&amp#27;X'���!&amp#22;j˫&amp#18;0�,�CS�&amp#0;&amp#12;&amp#28;&amp#24;�H�w&amp#1;��|9�&amp#21;&amp#17;�{h�o�����Al���T&amp#15;6�Uy&amp#30;Εg&amp#29;o'܉�yێ	��&amp#22;7�d�Z�c�7?��|&amp#2;y&amp#2;�&amp#30;�&amp#28;d&amp#23;'c&amp#19;m��6��xLNLc&amp#16;~?�s��<�߅�˧>_�1q&amp#15;U&amp#0;XǬ�&amp#28;.u&amp#3;#&�D&amp#7;�j�&amp#15;B[;udS�u��&amp#16;����3�˩f�@��X&amp#12;��VN$��&amp#5;�3
6a�&amp#14;|&amp#7;%ͽ�&amp#21;�|&�')��\2�Z��̎'A&amp#24;&g6&amp#24;�	@��� �&amp#14;y�/�мE��K�z8�m+�^�Zڮ<��*å��a&amp#6;�-X�&amp#17;�Dd�֒9��٭\��qs��?��&amp#1;�D�&amp#5;�~)�&NG�8F�&amp#15;)q�z�?��L&amp#29;&amp#6;&amp#18;veٕ���&amp#17;غ'0�����W�[:��i�?���Jm�K��Fl���9Obɡp."?`�}����\{"�y��]u��н&amp#29;,{&amp#31;�י&amp#15;�.���ߏ�|<��$z6!o=�&��e&amp#28;�'Ǆ`D�&amp#12;�mZ̲�uI�ցu�&amp#14;Kl����&amp#0;&amp#11;�E��J��B���cI�p�&amp#11;���A&amp#14;K�&amp#11;9���&�&amp#22;�.霶&amp#11;�,�,���&amp#4;S��1|��&amp#5;�V��ϳ{<q �i0&amp#0;��&amp#15;c�cω&amp#19;}&amp#1;�.�&amp#4;�s>(=��&amp#0;&amp#23;i�{�o��R&amp#0;�S�\|�V�!�Z&amp#22;�&amp#0;��\�&amp#27;�&amp#6;u&amp#26;:Oo2&amp#4;&amp#14;���_�=��K&amp#26;�d&amp#26;�f&amp#14;&amp#8;l�r�&amp#19;�����8�&amp#0;odW&&amp#12;��Ϣ�ٿ�&amp#11;&amp#24;c &amp#30;F�Q�&amp#7;:S�&amp#22;�#$&amp#12;&^��&amp#4;1��d��&amp#3;>_/��ݶI��9���c�?�?�f�Y�&amp#0;??��&amp#31;;����n0d��L?0.&amp#16;&amp#8;�ٛ�>@�1�c�@V\&amp#2;�\�\/�u�����~�!�h&amp#15;����m&amp#17;8,&amp#27;�m��,��&amp#14;[��&amp#20;����&amp#3;f�_�&amp#0;&amp#11;^J��s��&amp#5;v{Ad&amp#31;�C�5�۴&amp#27;�&amp#27;2�*r&amp#17;�&amp#15;�&amp#19;T`�Ǣ&amp#0;��p��&amp#3;�&amp#29;U~�&amp#8;G�[&amp#4;�C&amp#23;ĤH;�&amp#21;&amp#14;�&amp#27;&amp#3;8\��&amp#0;��X�&amp#0;�&amp#19;�T��CH����	K�k=����	уl5�&amp#29;�r3&amp#7;Q���1?&amp#17;&amp#18;C&amp#25;�tD��f�`�Ӧ8zJ�I��Y"&amp#18;??V&amp#2;���5���4&amp#28;���ec �L<��&A &amp#31;<&amp#23;I۔������~J9�}�&amp#0;!�&���G�m5��5Ʃ&�H-�Xa&amp#14;&amp#27;&amp#14;�kw�&amp#2;Y�]J�	Z|0
;����G�&amp#11;��l�<���#�&amp#1;Ee��&amp#22;&amp#24;�#�i�$�&amp#11;�%�&�&amp#0;�l�:����&amp#14;Y������l[8����ͺ�ci�V|ns3&amp#7;���D��퀍ܮ�&amp#5;�6�&amp#7;�&amp#6;��&amp#19;&amp#8;�����&amp#0;�&amp#0;8&amp#7;&amp#18;�&amp#5;�QN���+"&amp#26;rУ&amp#18;&amp#29;��C��&amp#0;&amp#16;cqF�Ghb%��j0�~c���כ&amp#12;�Y:��&amp#11;�&amp#22;�ΰ�&amp#0;b�Jں�^�)��@6�?r�f&amp#19;	ÿ����<�&amp#12;�&amp#27;��%&amp#20;&amp#19;�0>�m�d#�&amp#14;���&amp#18;&amp#24;�K�&amp#22;瑪��a�'_�?���G�_�g%�&amp#31;�����a&amp#31;&amp#7;�Cz\�&amp#16;�e��&amp#21;���&amp#8;\�}Y&amp#21;&J��~�tX�J6&amp#17;&amp#28;vX^\��/���&amp#31;�<���釁a&amp#8;&amp#18;a����-&amp#30;^;3�/�E���Y��հ�dH�A}�&amp#19;�/�&amp#4;ᙲ�l�b,a�p&amp#28;Cc�&amp#7;&amp#15;�	V8qp��X�8�F&amp#24;k8��&amp#31;/"�&amp#20;�,۠O�s�&amp#17;�&amp#0;�v+2�ㄢ���P�W�_�n�&amp#31;�Ї�����}��ֻ9&amp#27;�_�y�~G&amp#29;���~&amp#16;7g����u]�ӗ%�O��&amp#2;&amp#28;,BE$�	~ D-��@1 �&amp#16;9��"�(�a~&amp#22;�l�&amp#12;�pq&amp#14;vm픿B&amp#8;�-�&amp#22;3I��0w�W&L�2'&amp#22;׿+/�&amp#19;��C&amp#6;_�&amp#3;�8�| �`�&amp#28;�&amp#3;��@�a:&amp#30;�`&amp#16;�&amp#30;]�&amp#1;�&amp#25;�w����&amp#21;�lȗ��G�����7��&amp#24;����&amp#22;�8�&amp#0;"#���\P�����&amp#7;�EA&amp#12;L&amp#2;&amp#0;X&amp#29;�&amp#24;؇a���&amp#5;��s��&amp#27;b���O��r B<h��$�&amp#26;7�$�]��&amp#20;��m��܎s&C�t�&amp#18;�s�&amp#0;AG �&amp#0;�&amp#14;���P#�&amp#22;b�̴�6F{&amp#22;$&amp#29;�Ǚ�ۿ%&amp#30;�&amp#12;6f�&amp#25;&amp#11;�&amp#0;&amp#14;q&amp#25;������p&amp#4;�!~ٹ�n-4\��K$���"1`?&amp#22;��R&amp#22;H ^�LV����MY��_��o�Ƚ�&amp#1;��&amp#25;���1��� &amp#11;1�� ���hEʸ	b�渟�q��2͝�2s&amp#14;��-'&amp#2;�G�FO𗔐Џ`|�&amp#17;hX՛�:��&amp#17;�`���&a;	8�O��]&amp#2;&amp#0;,�!&amp#3;l�mY��!	��D�=�i��<��2�&amp#25;39fc0&amp#3;&amp#4;�0�ٌۇ����7s�A&amp#12;Q[���Mi��&amp#0;S�7i���lCY��dl��&amp#16;���� &amp#0;uKZ׎:��&amp#23;�&amp#18;��)�j&amp#26;��&amp#25;t(��e�&amp#18;:\Ґ�%찏n�n��&amp#11;���xO��j�d��y>�&amp#4;c�Ė&amp#8;�1rG�A��v�䐅��&amp#2;��&amp#24;�m��&amp#28;m�&amp#25;?��1�[&amp#18;OA30�&amp#6;���&amp#25;9tF&amp#12;2=�gbj@�A��B�<�&amp#28;T'�&amp#24;��f�&amp#16;8M&amp#26;(��!"I&amp#6;�&amp#0;+5��&amp#31;ů�z\�&�h�&amp#7;���b&amp#23;&��#�#,#�=��5]�,.�&amp#17;�8�|&amp#30;���HǗ��v�,裶<�A��f��ud��&amp#1;�1�	�Θ����<��܋C�&amp#11;$��l�/ڶ�݆��۪��&amp#15;���8Ny�G&amp#18;D&amp#12;&amp#7;&amp#15;&amp#12;&amp#6;�V��A�&amp#14;�&amp#8;�Z&amp#4; %�Cc�ݢt}$f�&amp#8; �~�t�c�&amp#14;⎣&amp#17;�sp�!t�`$GI�Z�x&amp#17;�7Z2&amp#29;�N`0�Y�_�K�6&amp#19;Ųe�[&amp#30;')��?%�/LP�&amp#1;!�+&amp#16;&amp#16;1SH�+6G&amp#15;��-�o��5�eЌ�ne�.�懂&amp#6;62�N��&&amp#0;&amp#16;z��%�,�-�&amp#2;&amp#23;au�d�\�C�����e�c���D&amp#7;�臥M��:B��M&amp#6;�&amp#16;� ��2�pYD��&amp#7;�f&amp#17;S�&amp#7;[\�1����&amp#15;&amp#11;+���#�>9d�ޛ&amp#17;��ˡ�&amp#6;S&amp#6;������Y}{�~�u��&amp#15;ݿ	��Em�W�&amp#22;��&amp#14;^�hL�C1!C&amp#3;����&amp#7;�/�pE��[	�qw��&amp#3;:">PųO4ܱs�i&amp#14;�&amp#4;��Pc�*&amp#25;���]��&amp#31; &amp#23;$*0&amp#12;�)�'�&amp#15;&amp#20;&amp#25;�%B�$��)��q�'~�&amp#14;&amp#22;R�&amp#22;?&amp#17;�2DqiHd�rۧ�&amp#0;(�.<H&amp#4;���o��&amp#6;�&amp#24;9&amp#1;�2/ �>��&amp#7;�Fp��@	�J,��VI���3�&amp#2;d&amp#4;��<Z�v!(1�&amp#8;˵�Hs�&amp#7;��&amp#0;&amp#17;�<bպ�&amp#7;� �2hL�.� �<���پ�&amp#3;&amp#3;�z&amp#8;~&amp#11;V&amp#27;������C&.�M���[9�o&amp#24;!ˁ�����g�m!��t�qi�O��GXZ�d�'�5W�IĜK��c�A���z�&amp#7;��#��Z0 &amp#18;}�Q3&amp#28;�i&amp#28;�N9i��U&amp#20;q��ǟ,
&amp#17;�y�JG�P1���PJm&	�bm�S&amp#14;�|Q�:p��&amp#15;k#��@&amp#12;&amp#22;�&amp#25;�&amp#18;�&amp#30;��&amp#4;6�ݮ&amp#23;&amp#27;,'�&amp#15;�&amp#24;Z�&amp#14;̶#Q@?$�1��E&amp#29;n�߃RL� ȍ&amp#0;��9�f�oo�&amp#15;,>>l&amp#1;���|��&amp#19;b8_�/�Sy08J��9e�&amp#30;y��&amp#18;;��&amp#5;�'�'�2��sG&amp#3;�#8Z��G���͜.2&amp#20;7919%��&amp#8;&amp#16;�&amp#3;�ǌ�\&amp#11;G�K&amp#28;������^�t�.�J9e�%5���8a�������d&amp#26;7���4!&amp#18;&amp#0;^3,mͭ��䝉�Xx�;&amp#4;�E� �&amp#22;NY�΍&amp#5;���`�H�َ�&amp#5;�`�-�&amp#0;�(m=�%�7�"��&amp#18;l��0�5m ͍_�&amp#8;�D&amp#26;��v߄�'8D&amp#0;�"��{�&amp#12;��hb�]�= �Ƒ&amp#28;&amp#17;gvK&amp#20;�&amp#8;P�U��`l��M_�8'o,&amp#5;�-<ɮIr.urPY&amp#16;�ݼ+&amp#30;&amp#27;���&amp#22;V5�$�Ѳ���)��8�g&amp#22;&amp#7;&sl96y&amp#19;&amp#7;&amp#0;ٛ�/1&amp#5;˚g�Կ�a���?��!�|���[��p&amp#16;��]&amp#23;g.�'&amp#8;�\�h��v&amp#5;a~+d�&amp#28;��Ae�	@LIc��|&amp#3;|��&amp#6;�M��;��3Ÿ�0;la>l����3�g�p"_�v�!�<&amp#19;儡03{sZ%@���k��&amp#7;�Ç�O,&amp#4;d;6ʼ�g��?��&amp#25;?�A1Ѝ��>a�*�|�&amp#14;&amp#28;IL���&amp#29;ݭsp�����Ȟ�C�����LΧpc��И{l&amp#16;LH��&amp#14;(�	�#� �H�Z�&amp#30;C�G��[��!C1���&�X�N��Y�_�������&amp#0;/��&amp#28;��b�&amp#26;'�
°Y�&amp#22;.�c%��&amp#4;�&amp#18;�"6	y`���&amp#25;�j=,���&amp#23;��y�0�������%ɖ��|8�2��g&amp#12;c��&amp#29;ρ�[;������}�&amp#28;��$���_%&amp#20;�aD����;�q:�(.>XN&amp#11;����&amp#15;�F?&amp#15;ʉ[���&amp#22;Wq�n&amp#21;�?�&amp#28;[�\&amp#28;�|�|��m%���o��H9�b� �&amp#0;q�&amp#15;�.J0.�-<�X�j�&amp#21;�`��&amp#2;����&amp#17;��=���j@�"9&amp#21;�&amp#16;��r��O(|��X&amp#11;�pR&amp#17;��sr�F㡐&amp#0;&�yGֲ*�_�&amp#23;�`&amp#25;c�͓��%��&amp#23;�&amp#31;�$�yg�������2�؅�4<�y;9&amp#11;9&amp#20;�(2&amp#2;&amp#15;��y&amp#3;�&amp#12;s����ueՈ���&amp#8;�ɩ4�&amp#17;93�v@�g�q�9�s�g=�ϘhZ#,����&amp#7;�䥂���&amp#23;�wY��&amp#14;1;�O�B|��&amp#23;�&amp#16;'�GY7&amp#8;cq&amp#4;��+&amp#16;���}d0�&amp#28;^7�? |&amp#7;��4��@�Z&amp#22;&amp#21;��}�1(ʘ����&amp#14;]���P�]&amp#11;KS�S�&amp#14;��˰&amp#22;���搶�u_3�&amp#5;k&amp#1;&amp#24;D&amp#2;&amp#24;F&amp#19;/�&amp#12;:v&amp#1;+�\y&amp#14;���&amp#25;�&amp#30;��-�~&).%�05�&amp#4;��1*:&amp#25;K�OT7_��쒡&amp#30;�a�`��t��=��,Q����k�&amp#12;�k�b�&amp#14;��s[&amp#27;�8�&amp#22;&amp#8;�&amp#3;��&amp#14;�D�s�s�o狚�&amp#6;��uX<|�&amp#20;��Vбd%̛�W$�,1KS, tˈZKe#����2.�&amp#1;!�eɻ��&amp#17;|&amp#31;���Q��HCĿ�&amp#16;�~&amp#18;~&amp#0;�$�a�&amp#29;#\Y�1�SF�1|u�ļ&amp#22;y�� �/���ᚙ��c��i�D�++�D�,�,�!�k?��ء&amp#16;9&amp#23;�&amp#14;^R&amp#25;hm��%d�b(��.��'&amp#5;�PM�!;�Z&amp#18;&�旨��pB2M�&amp#28;'&amp#19;�4�,&amp#24;��@n_�3�˭Z&amp#4;�&amp#0;�4&amp#2;��&amp#17;n2d.bX��&amp#18;O	7�E&amp#29;!s���`�X9!�&amp#18;�>̶�&amp#6;7���j�(ǖ&amp#18;�%ͻ�Xꏐn/&amp#22;�1Ϟ&amp#7;��n�v&amp#3; ���r�.x�&amp#6;�菡&amp#7;y&amp#14;�a&amp#19;&amp#28;0l&amp#30;e�d���a�9pr&amp#27;}Ϝ�&amp#31;�#&>A�C67&amp#3;r�s$R\&amp#16;&amp#2;��,$Lh���&amp#16;L�t2ׂ�9uP�C'��&amp#3;�&amp#25;��&amp#19;9.r�C�?��$���&amp#22;H�C�`L6��=&amp#28;�&amp#19;"9� F�tÌ� �&amp#4;r�[6�&amp#5;������M�/-�&amp#17;�3DN!<&amp#3;�B��&amp#17;쵶n�g,&amp#12;C��1gA&amp#31;��k&amp#7;b�&amp#26;&amp#24;&amp#17;d�&amp#24;� �-B�r&amp#16;j�&amp#2;��� �3�\!��&amp#17;�w�ӭ��f,k,�|Z� #��l�cq�&amp#28;��t�ۄ8��D9c���C&amp#3;�З���g?�s��g��䙏a��n��vZ�Ml�&amp#17;�&amp#19;��0��.|�&amp#28;��0��p���&amp#28;O��&amp#24;��K��'�����&amp#17;'l&amp#12;��kP&amp#19;Q�>�&amp#16;<"�sf��!Naر�Xx&amp#8;&amp#4;�C&amp#2;�&amp#6;�0&amp#22;��/]�&amp#15;���&amp#12;��>Hِ&amp#4;C:�&amp#5;�&amp#23;��Ը вs&amp#6;	�������&amp#6;l&amp#15;$�$�^|�8Y&amp#28;�w�B��D�bM&amp#17;Ϙz��&amp#24;w.18��c0&amp#19;BX2U��$� �!�,%�S@,S��?-�S&amp#7;&amp#15;���ǡ~�P1d\�#	�x'����Q�g�n�cH&amp#30;��Ѷ���3&amp#12;m�&amp#23;��/&amp#31;&amp#11;��[�M�&amp#14;:N�^��&amp#28;�̂L������9�&amp#22;��&amp#0;��&amp#0;2�ϛ�&amp#12;�&amp#22;�Y���RÛ&amp#16;B&amp#8;3k'&amp#11;��&amp#19;�O��&amp#31;=&amp#4;`���z&amp#7;�&amp#3;���g�,���&amp#26;\w%�m�>,̳�3���/���4H�^�t&amp#18;���R&amp#28;��&amp#8;��8�Mх�8dz&amp#16;����&amp#26;�cz0$2&amp#26;�.H7pp����&amp#6;�H^~6&amp#0;&amp#16;�1b�,友&amp#15;l&amp#16;�&amp#11;G��M�n�pK7��'to&amp#22;�H��0^��ς&��*�0�1&amp#25;߯ѵ&&amp#25;C�&amp#0;{�S���'˓�P̨R><��@�&amp#25;����$J&amp#29;����&amp#2;&amp#28;[��Ǒ�hild&amp#8;��r&amp#4;.7},��W&amp#22;&amp#0;2&amp#14;��!&amp#28;�?&amp#7;Y���vrt��\x_�B�,�,`1�&amp#28;&amp#23;Eۗ�&amp#20;D��;f�	&amp#0;|>�? A�'�g��g,�G'��>�&amp#0;�ߺʹ&amp#31;;�/4y�&amp#16;m���&amp#20;&amp#4;&amp#2;��1&���&amp#0;�&amp#12;�L;�{X�&amp#15;&amp#16;�k��t�>���X&amp#6;&amp#23;�&amp#14;�0��`ka�2C���\&amp#8;oV�-�dϋ�خ�7�!9K��n���X]0�6;�?�8�Q�&amp#14;�F&amp#31;,$��&amp#6;��!$�&amp#22;�ĵr{p&amp#23;�;&amp#24;��&f�]B�P�s>&amp#5;)��&amp#16;:�#gRJO��	@&amp#0;�|�<��_&amp#0;w.�-�-�e��8 ��,>08CבNc��&amp#27;h&amp#22;E��h�r�F�����1d�.F�,<Y8�Y��q9a?�Ls��n�]��O&amp#14;�&amp#12;An.�d&amp#22;X&amp#20;)&amp#1;��&amp#19;�Is��Wo5����\���T&amp#25;	p\;i�&amp#22;.3yZ��%~(DoK�FF_�&amp#6;VC�&amp#24;�oS�C�&amp#12;D��~<fP&amp#28;�����Ű/�&amp#15;�1�e�F���.,l���1�l&amp#14;e�ņ��>^dG�&amp#3;q�D1�x��|��N18&amp#16;e�,�&amp#11;|f���@�&amp#0;OfC��b����A2f&amp#3;8σ0lUT�x��0"�Ӄ�&�!&amp#3;�ֿ*J�O��tK�&amp#27;&amp#15;&amp#11;��ve�E��C&amp#21;HhX)�\	.�&amp#23;��ߗ�s6�CU���(�p��a�,.&amp#16;�E9&amp#7;Q����4r5;�&amp#31;����彋�R�&amp#16;�/kJH	���&amp#0;�� �Z��t�3	��.�r&amp#14;]0���i�	�'�����&amp#28;S�?(7���u�^��v&amp#18;z��	&amp#8;����%&amp#30;�:&amp#18;|x�ϒS1&amp#20;�&amp#29;���?.W�&amp#0;��|�&amp#24;��41�&amp#11;ce&amp#30;[��&amp#2;�&amp#6;��&amp#11;w	�pK��&amp#15;�<&amp#19;&amp#15;-e�&amp#12;���e��7>[&amp#20;H&amp#18;&amp#17;���*J�&amp#3;&amp#24;����9�@&amp#2;	��qƃ�H&amp#1;�a$��&amp#30;8&amp#17;t���!5�mI�&amp#27;Ae��x�&amp#7;�&amp#26;_�&amp#5;��&amp#5;�&amp#30;�Oܰu.&amp#6;�܈㎾O3&amp#7;<�/7,�IyiG]ْ�x�v�ɺZ&amp#16;M�&amp#27;��x&amp#25;3���H&amp#3;!L�)h�&amp#28;�ˑ�&amp#5;�=B�y	&amp#17;�&amp#2;䁛b�2>��B���&amp#1;&amp#26;�~F]�v������l�s-�F&amp#30; &amp#12;��n9a܌�C#�&amp#12;6�&amp#21;&amp#30;�&amp#19;�jc�/�;u���q���]�������d斮�G ��˖H&amp#11;��7��#xC;76���u0&amp#17;
 -���&amp#11;i
y�&amp#8;X	x˙����q��L/7�&amp#8;[&amp#23;���o'�&amp#3;�D&amp#11;&amp#4;E�p!&amp#7; q	�&amp#22;�ZI�'���&amp#4;&amp#1;�&amp#3;1��;��W�#�E�&amp#22;lLg�x�����&amp#24;n��m��O&amp#27;'�xm\�!�l	苨&amp#2;�&amp#18;l���b���ܖ\s&amp#6;z�"&amp#18;�r~�6xΓ�| &amp#30;&amp#11;&amp#5;j͘�&amp#25; ;s�
&amp#6;���\&amp#6;�mG�ǑÐ�B�Ls&amp#12;`�&amp#29;b���c�Y�3��&amp#6;��y'ͱ�x%{�&amp#17;�d��ܩ&amp#25;���=ʍ�h��n���~�f&amp#15;������D-�&amp#1;&amp#15;E��oį� d����&amp#27;��t&amp#16;A�a�&amp#24;��0X&amp#31;�zmr�f>&amp#5;��C�ac�&amp#6;�1r&amp#25;&amp#16;�C��	Ĭ$&amp#20;nS�w��3d������;&amp#4;�:�K��&amp#16;��2�5-�?�e�F&amp#15;�'�̣�&amp#25;�O��o�ȝy&amp#16;&amp#30;&amp#27;�NT�$&^ن�&amp#11;��!��X�����r0�X�2<e�-�&amp#29;	���62r&amp#15;" ���"�&amp#23;8�H��x�l ^���lh�n6��&amp#3;�6c���.��#&amp#1;w&amp#5;�$b��{�)�&amp#28;��&amp#14;��˰j]�&amp#6;0�C/�,Y&amp#15;�ɗ&qȸ����ur�e����u,&amp#26;�Bb���&amp#7;&amp#24;8�
�$&amp#14;��&amp#6;&amp#29;����
{�&amp#30;@�I��~;&amp#8;�[	k<&amp#16;��XG&amp#24;��o6�C&amp#17;�����A%���&amp#1;����&amp#16;&amp#23;�G�&amp#0;5'&amp#19;&amp#1;��\M�&amp#23;�\Z&amp#19;&amp#0;�}ٲ���F8�[v�-X��&amp#4;@<&amp#19;
qh@<$�9��ђ&amp#16;|&amp#19;�̟��珑�r�hI��#�-�.�&amp#29;K&amp#31;�<�;&amp#28;r:\<�as"��7�~d!K&����~��q��&amp#23;&amp#7;�&amp#0;���`̋��&amp#30;�&amp#7;}�&amp#29;��'a��X8�]L�2�~�s�k�����>=�M�z/PymE���&amp#17;?��.�|q��&amp#0;�G2\_����� &amp#20;�iYn��ג�زч��/��m��`��W$w6�sr�&amp#16;�XZ�G�їzSe��Y�r�&amp#24;�g]��_�J�&:4�&amp#14;���_�b�&amp#29;���&amp#22;��d�֓�.�&amp#4;o�&amp#8;��q�Y��7�C&amp#17;���&竱&amp#27;�/�މb"����c�Xi(�K�[�&amp#14;&amp#5;�&amp#22;�&&amp#12;�&amp#18;�&amp#8;�&amp#0;B9�xC�&amp#15;�f$_�'9�l���m1���\65�Ɋ�{w&amp#26;.L��8&amp#23;��%i�&�r^d��ge7�&amp#3;>0��C�.��&�}��~���&amp#6;���i�nB&amp#16;����u��a�x&amp#18;&&amp#29;��&amp#14;7h?&amp#22;���#�&amp#7;l^|;/	��&amp#2;F2G��&amp#24;R&amp#12;2&amp#2;�!�&amp#30;E��R�¾&amp#6;'e5�K�&amp#23;&amp#2;�2@�3��#�8E�&amp#30;0�FOϟ����Q�&amp#24;b}��˖�~��ءź�&g>�y&amp#25;�͓=�3l&amp#28;m�;��Y�	�&amp#17;''&amp#4;�0������^�&amp#27;r&amp#22;(b�١S�c�U�ѕ�&amp#14;�q
C "/&&������ܵ&amp#27;w�ٳ'��ܛ &amp#23;���&amp#18;��C܁W��������0�&amp#25;x˂l+������|�a�p�?��&amp#0;��8a&amp#20;��՝,�lrG���̀�&amp#5;��������>&amp#27;��&amp#15;��xfS�=cz���ޟ�^�VxC�c�7��&amp#4;���;п�ǳ")&amp#2;�c&amp#18;bN؝F��^[�(�lsg�����t�6�/6�!&amp#8;�d@d9&amp#29;^�&amp#4;ϒ<�<�Ò����!"�V&amp#24;�&amp#23;��n�N&amp#17;�&amp#19;�&amp#17;���wD��FXZ&amp#2;�c~��j����n
ꇅ�&amp#28;!)��E�&amp#16;�O�`�&amp#28;&��&amp#29;�b�b�n�&amp#30;Z���`H` CZD��&amp#4;_�|r�(ιt@�cm��&�$�&amp#27;z&amp#8;ޤ�`G"�&amp#0;!.��h�&amp#8;&amp#5;�v�&amp#2;��~����b&amp#31;+ma�>x8��v��&amp#0;^�&amp#15;�y>&amp#25;��&amp#30;���&amp#24;�VL3&amp#30;��I���e�X4��2C��a&amp#18;w�&amp#22;Էco�t�&amp#18;�l&amp#2;�"�X�_���<�e�&amp#23;�L0�&amp#25;0�&amp#8;/ߢ&amp#30;1&amp#31;��,�&amp#21;�iY�&amp#28;2�-�'u��ۇ�`�̼&amp#11;LOG��d�<^e��l�ҾP&amp#3;W3�|����&amp#14;&amp#17;1,+�z�ჟ#jx�&amp#8;0Bb�#�%��Gj�e��K|�Ɯ&amp#0;�7��ò,V=��a���&amp#0;+&amp#0;�.��&amp#0;�n!&amp#24;��C&amp#31;RM��&amp#8;&amp#15;n~��_�&amp#19;?Q��&amp#7;;?&amp#22;&amp#31;;/;w;n����3��&T�&amp#15;���kd�mԎ_&amp#11;�&amp#30;,n�9<��>&amp#4;9�&amp#25;&amp#3;`��\N&amp#25;t@&amp#28;�['%;#�q��o��k�	sd�BH�&amp#0;�!8�N$̧�#��'��r��m��������N��o��I?&amp#19;�&amp#16;&amp#20;W���7&amp#28;:I�B&amp#25;�&amp#20;�+q�L6\)1�9n�I�|L����ƶm&amp#6;Y3��I�w�~~��&amp#31;��k�B��axY��&amp#23;&amp#5;�7HX�\x��d(I�3�L2Ќo:.�sF�#��:~��#)aZV&amp#24;&amp#27;�.���&amp#1;�^�����VD��&amp#16;3�~�2�&�&$&amp#11;��l�`��@��]�U� &amp#25;&amp#12;���o��{h=&amp#4;�~��w��Z>�&amp#31;gY�I�[��&amp#31;&amp#26;T�cC&b}�&amp#12;v�&amp#4;W&amp#16;t&amp#19;�ت�^���[��M6���&amp#22;�a�V��jY�&amp#22;�&amp#18;�e&amp#28;d&amp#24;�3�&amp#11;��!%b,��&amp#3;�jBg7V&amp#28;���dF�eϓ(�&amp#1;&amp#16; &amp#15;��(&amp#24;��H&amp#14;D�ΆY-3�B&amp#25;
;��R��}�! �&amp#19;��ʑ��K��6���oi&amp#6;YE�C˂�B���G&amp#28;7#�p�~F!��>��EP,1:&amp#17;��Ȁ���d��'2�&amp#19;�E"_�b��M&amp#4;<&amp#16;m��ȿ&amp#17;&amp#3;.��X�&�E&amp#20;/�&amp#14;�&amp#26;�{`ԕ�@$����&amp#14;�Bl����&amp#27;&amp#6;�iy&amp#3;�&amp#21;M&amp#0;�lB�	&amp#8;5 �L��W&amp#2;�Kʅ�&amp#11;;"��s�6C���&amp#15;d5���'4��F�~\P��)���#��&amp#0;�֕&amp#17;�,Zfɭŀ�&amp#18;��&amp#20;09����&amp#8;s ������B�l&amp#6;@u��?���&amp#20;|NſN&amp#29;�p���F�c[c�O&amp#22;�A&amp#3;H���p&amp#12;�&amp#2;򺋅��������&amp#7;��&amp#0;�A&amp#28;�?�?`Ƕ&amp#15;��&amp#0;F���?ȱ&amp#30;�&amp#22;&amp#27;e�-[c&amp#15;�_�8&amp#18;?,�3E&amp#27;&amp#16;?&amp#0;�с�&amp#14;Z<��~.�&amp#27;p�8��&amp#17;q&amp#6;�{�F��&amp#15; ��aNAЄ�&amp#12;/&amp#5;1&amp#12;>	IX�`��&8�G�&amp#22;�e�\�	V&amp#3;��&amp#1;�r9�n�����!x&amp#27;&amp#22;tb(2&amp#3;u���&amp#0;X�.��&amp#17;�A��&amp#2;&�1͙�\�&amp#8;[������f������tB&amp#18;�6ݓ h���&amp#0;����4NX&amp#24;J&amp#27;+ ~&amp#26;������7b&amp#27;b�	�	&amp#11;,&amp#7;�&amp#1;2&amp#22;,l�ˑ&amp#25;ۦ_�+�)�Ʋ��&amp#5;&amp#14;���8�q%�Y9p�4��&amp#15;c�`j&amp#19;f&amp#18;�a;{�4&amp#24;��I�
�Y&amp#18;&amp#1;�Z��n&amp#28;n&amp#26;�&amp#26;��X��&amp#14;�0G�&amp#15;����#��&amp#0;&amp#22;��&amp#20;?�?�v��&amp#17;	����tV&amp#6;��&amp#20;N yA��Y�"h%dK�n��!m��&amp#31;"������&amp#29;�&amp#6;�~q�<dq&amp#16;G&amp#6;Ms&amp#12;g������8�� b&amp#26;��~;p�RMl�&amp#25;�&amp#21;&amp#7;&amp#31;F&amp#30;�&amp#0;l8&amp#12;g6{B���6&amp#22;�&amp#18;&amp#15;�Ð�8�J� m2=&amp#5;�a�6��</X�&amp#14; c&amp#6;xۤ��޷&amp#31;&amp#8;�xo�d��	�!_s�������#>U��ǻ&amp#24;��3�!�&amp#4;7�8&amp#7;	����f��&amp#23;pP��6&amp#29;���yYVco�=�xܷaa����{.b��&\�n&amp#22;lE�Մ���&amp#16;���� &amp#27;�_�&amp#18;2=��\�q:M�R��:�S_�� �>�&amp#30;&amp#0;\��)��c��&amp#23;&amp#20;�&amp#27;&amp#11;[&amp#4;ن;&amp#3;hݕ����7�
�&amp#28;&amp#18;&amp#23;��,����Ս��v��&amp#23;��D��d9<m�p��`�&amp#5;C �l&amp#11;N,03ع�Y6&amp#26;&amp#2;��D\N&amp#25;\J�&amp#24;�B&amp#22;��3��Uݱ�&amp#31;�E&amp#14;76&amp#25;*&amp#30;M��#a�ӏ�&amp#14;��&amp#27;&amp#1;�B&amp#1;�Nd.&amp#8;��޹` �`&amp#25;�t�����nd&amp#29;�&amp#22;���s}U$�"d �&amp#24;�x	&amp#12;�ǀ��o2"�6�f�U��[&amp#18;@�2��&amp#29;���7��3�m��&amp#24;|&T&amp#14;8L�72�&amp#1;�r�&amp#12;��n^�&amp#28;��߫o&amp#27;5c��D@y�&amp#17;�&amp#30;���ۏ?��z&amp#27;�σ�-v�e�[��&amp#25;��2>��e��cɷ&amp#18;����Y֌`��9~����&amp#0;a�綽��/��o"~]9p���;&amp#24;��g�}S����g�˖KNl5�kj&amp#27;&amp#3;��n͆ߋ���b�	v�@�+�:v�1���f�0����[k`B�h�K&amp#6;8�+&amp#12;BL�}�}De,��[k�"�;��:%gS��mm�/B&amp#6;&amp#5;�O/p�n3wE߈s��&amp#15;PLm�B٫�&amp#0;����	���\�sw&��&amp#15;�&amp#19;�rx&amp#11;6a��(�&amp#1;�&amp#12;D&amp#29;���7�3a&amp#26;�Az��������`I�<�򏐲&amp#26;X<�'(Og���m&��ǲ�J9&amp#29;&amp#8;�6�_�xȜŖQ���cc&amp#27;W�ޕ�.k&amp#3;C�p�&amp#6;��&amp#27;�f6&amp#5;���� �eȼeP�3�g�&amp#7;�a����&amp#0;&amp#27;���&amp#0;&amp#31;�����&amp#0;G�Oo���=o�')ˀ�pl+��������&amp#23;F��t��̊&amp#5;����\v��4�&amp#7;��6є@�АN�v��G&amp#15;�f����it�ҷ�&amp#3;&amp#4;&amp#30;$&amp#30;��3X�b�&amp#5;&amp#27;�U&amp#20;,��� ~&amp#17;0ƌS&amp#0;&amp#24;z�R�&amp#7;��U&amp#3;��c��$jL&amp#2;�61\&amp#25;�t&amp#5;m��&amp#23;�&amp#12;&amp#8;�l�x&amp#25;��X�{�C\�&amp#24;�_�&amp#12;9nd&amp#15;�b�<<�Ȝ(��&amp#17;�eg�`rs'%"
&amp#23;�M�ό���M&amp#31;ż�2DB&amp#16;�1� &amp#31;�&amp#16;&amp#2;l�����&amp#25;s;(&amp#1;����!��&amp#26;�r�#E��&amp#2;��zY��sB��&amp#15;y&amp#0;(H��ˤH��LK�m啃m��������a ��2�&amp#0;�7���o���&amp#2;mN%�&o l�'�<%��u"O>&amp#0;�#��r�&amp#24;�巅�r4̺Hd(&amp#30;&amp#23;=������.��� &amp#28;B�&amp#16;<�h[1&amp#22;��|&amp#23;.B&amp#19;*߄&amp#15;��|G�&&amp#24;&amp#5;�!`�&amp#25;9VǄR����$�w&amp#23;�&amp#5;H��]��&amp#31;�s��#ދ���"�f��D��@�qj[7&amp#3;&amp#4;c1�	�&amp#3;p�&amp#20;&amp#3;&�1�&amp#8;�2&amp#3;�M!^&amp#14;HF�&amp#0;�ﻇ#&amp#31;�pg�JNF��޿.�:&amp#23;��)OhF��&amp#15;&amp#22;D�]I��&amp#14;H	�f��<�&amp#12;���'�e��#�H��Yy&amp#11;(݊�����&amp#18;�0�&amp#27;��0-�L.M&amp#2;�&amp#6;@&amp#17;%�&amp#31;&amp#0;��m�&amp#12;�&amp#3;	�ȸȣ�5����g��&amp#16;&amp#18;I7��	���_����y%�r7�j�&amp#23;'s�&amp#19;��Y&amp#18;��&amp#23;&amp#6;$D����&amp#8;,&amp#0;� b.YjZ�\��lY]��&amp#21;��T&amp#16;��g�&amp#27;N�8 �6NH�&amp#28;�&amp#22;�P~踓��2kG� &amp#3;/!�.�e�&amp#28;2�&amp#18;&amp#30;��&amp#4;&amp#28;E&amp#29;��@�)�7&0'�2}y�&amp#4;���E��w����&amp#20;�8 &amp#2;匐v]�t&amp#18;^����[����qc���L�fY2���&amp#0;3���V&amp#23;��E��9�wI�'l�ꎯ�&amp#21;9y(��&amp#29;���ϑ=D����&amp#0;Fl��&amp#6;�����ld��&amp#1;&amp#12;�v��&amp#28;��&amp#16;�#%�6Sѓs����v�ۙb�~;h�'�&amp#15;Q&amp#14;%�~a�/�O.X~@~@�G�5&amp#31;���&amp#7;�,99���]���7�?��<a&amp#3;�&amp#12;�1�[����`ɾ��a�fI3��&amp#30;,�$�\\rk��n�c��,ݲ&amp#4;�"i&amp#4;�&amp#17;d&amp#12;a���&amp#19;�鎆5cu�x�&amp#25;B&amp#29;d�Zj�&amp#26;�ㆅ�&amp#26;e���z.A&amp#3;��1X�7I��f�&amp#16;�i�X)�&amp#30;\�����ɹ8�&amp#16;�۞%��Z�v��20&amp#0;S&amp#1;&amp#17;�~i cn�������	&amp#26;��&amp#21;&amp#5;A[&amp#17;5G&amp#12;&amp#28;č�t&amp#11;rG�J��Y�&amp#2;�Ç &B�&amp#29;��&amp#0;� l�&vU���&amp#27;&amp#21;�Ve������&amp#24;&amp#30;ّ&amp#4;-&amp#22;D-&amp#29;�&amp#30;�>�'��-z�B<>&amp#1;L��4܉^,&amp#25; ��8�̷��&amp#15;����J�~@�[�;�<y*+�?���?y��:_ȝY�ۇ`��&amp#15;vg�4�rI�̖�&amp#21;��O£�[:m��ۿ,�L[}?<��y��&amp#0;0C�İ�\Y+��&amp#6;�4�&amp#0;�,��&amp#11;ك�#�&amp#31;�n(g�ǘ � �,n�76��6��-(c�&amp#28;&amp#26;�t@ȍ*ў`���Z�<�Ɲ�O�^���&amp#8;O&amp#24;<��&amp#20;&amp#3;0&amp#5;_�w6&amp#2;#����&amp#0;�ީ�&amp#15;&amp#31;�8&amp#16;�&amp#27;�َ&amp#24;&amp#19;&amp#16;�S�t�헺�&amp#2;��dZf��&amp#22;�zX�@��>�ܼ��s�<�%�&amp#24;�Xk�&amp#0;?��t�2�&amp#25;�H$�͋n0�&amp#0;/&amp#18;-&amp#27;d��(��M�y8�S&amp#27;&amp#27;�VD��b�&amp#30;Ճ%�&amp#1;,p��XF��rg&amp#23;D&amp#5;&amp#24;�.&amp#1;�"|������9�&amp#12;��&amp#8;G�G>I_/���n�Ɖ�D��&amp#19;a#i&amp#8;.&'&amp#20;�,���G�&amp#2;r�&amp#24;-�g:]�@e�e����&amp#29;����#&amp#3;g&amp#18;jN&amp#26;�u&amp#23;&amp#23;v��&amp#18;&amp#29;��C�1&amp#28;&amp#1;8��&amp#5;���cK+��@g�&amp#6;.��!*&amp#26;.�&amp#27;%�,�37&amp#27;&amp#23;�8�0z l&amp#29;��&amp#15;�b=�H��Ra&amp#3;c&amp#20;&amp#22;��������&amp#5;�!h@&amp#3;��]&amp#5;E&amp#7;j#�,�!��&amp#1;�&amp#7;o�&amp#14;�p�&amp#17;�S4c<�0&amp#7;&amp#29;&amp#20;�.]&amp#7;:&amp#0;� ��H����F@����j��b�&amp#21;u�&amp#18;a�v�L@�&amp#19; �<�?�&amp#2;�&amp#4;<�&amp#15;�g�&amp#6;/Td&amp#24;���{�&amp#0;��z,n��&amp#25;&amp#17;[&amp#23;&amp#22;&amp#30;l��e��&amp#29;&amp#5;��z����Zlڑm|�&amp#24;4��Dr1&amp#31;ď���&amp#19;���&amp#11;e��Ԑ��Ƚ��X&amp#2;q�F���Ȉ&amp#4;���_n&amp#19;L 9dy0d$�!&amp#12;��'&amp#11;�"g �$'�!���y"�+��&amp#20;�w��e'&amp#6;&amp#28;ا&amp#8;_)&amp#28;X�_��'�K:� J��V&amp#17;�I�#�&amp#18;?עƌ|��&amp#3;ʝ�<ro����x:G%a&amp#5;&amp#2;�0�#�"&amp#12;��Xa͇wJ;��n��׀�E��C&amp#4;&amp#29;u&amp#8;Ve��&amp#30;��"{�3�&amp#0;cw�&amp#15;ŬE��Ąy����&amp#14;v*�&amp#18;&amp#3;h>&amp#22;j�o�����í�r]�;���Y�&amp#0;|&amp#25;�e�ɞo����	&amp#5;�3�И$�q�x�p����|�H�.&Ql�&amp#2;�&amp#5;1�&amp#12;���̙�i
��d�ːM�_�.u(�gNt@�X~[�K�/�y>yc�&amp#17;��rB.�&amp#18;0��&amp#22;Eݗ��&amp#30;�p�cp&amp#24;uے�\��67��&amp#8;f&amp#30;h�6	���	�Y�6����bsdL��&amp#21;&amp#8;,u���&amp#26;&amp#24;�xj&amp#11;�z>&amp#0;&amp#18;\�%�<&amp#24;��M�U�&amp#16;Ql&amp#12;��p�~ĝ2��(�+�@��#3��>�F��.��[&amp#7;H�C�I�jX�����;&amp#11;�f6����A&amp#22;&amp#6;&amp#4;&amp#16;&amp#18;zf&amp#7;a���&amp#12;&amp#15;WH�:ї�/&amp#20;h"o�A!�^>K:&amp#22;! &amp#20;f&amp#26;,�&amp#0;Z��Smve�-(���f��ⱑ�t�&amp#6;��Q/&amp#21;V��U-ͅ�X��d&amp#24;�/&amp#1;����2&amp#29;'�&amp#15;�L�&amp#5;�.מ_���!�SW<o�D�.ƅ���&amp#22;5�&amp#21;�ݥ�Y� 0K�^*��_(?�<��H&��G�&amp#28;,�.'>Z�0(ǈ� &amp#12;m&amp#20;�@ᇝ�5�&0��0&amp#7;&amp#24;~�Wm&amp#23;~H���&amp#30;�ñ�#�xw����n',���l&amp#11;4�\�v&amp#16;�[&amp#20;�<oٍ�J���6�T;�9#&amp#24;�O��h,`���2P&amp#22;&amp#12;g�N[&amp#3;4y��&amp#4;�&amp#6;�"�6�3d��_�@z��&amp#7;b��&amp#30;�<͆�ƽZ\$$&amp#5;�p2!�&amp#25;O-�8h�h�i�&amp#27;&amp#31;!0���]�S��`U���|>&amp#16;d&amp#11;e&amp#5;��&amp#12;"j&amp#19;��&amp#12;&amp#19;L@&amp#4;�a&amp#20;&amp#15;&amp#26;3&amp#7;Ȳ��&amp#1;�&amp#31;���������s�-&amp#14;I<�&amp#12;�/q;V&amp#15;[��n\�,#'���|�&amp#5;�i�&amp#16;9r>D��&amp#5;&amp#30;W(�<c�n�L���wb��3�߄&amp#0;!��J&amp#11;/�K//�#&amp#27;9�BrC�S��<��0����WP�&amp#4;+&amp#18;��5�\�����Xwԑ&amp#22;Hၵ�v&amp#27;&amp#8;\d�N���~.�L�&amp#7;��&amp#11;&amp#7;S&amp#6;&amp#25;ֿ#"��D&amp#30;1&amp#2;Oxi��&amp#18;&amp#24;&amp#29;&amp#2;���'��p�@<r�����c��ð&�^�0�c{O`S\�:���Ճ�H���sb7��~���'c"&amp#1;.:Μa��o���&amp#23;�&amp#6;ar&amp#0;
�q����'\���&amp#18;?�N�C�W�g�>/���15&amp#18;`�zS&amp#5;e\�&amp#26;�X���&amp#7;?C&amp#31;o��y�q��E�L&amp#30;���75�@@�՗����%U����&amp#0;��&amp#30;�w`�+,D.B�����l0Oj&amp#0;_�&amp#29;�/.HFw�(0�&amp#0;ȧ��he�&amp#31;&amp#25;�l��0g&amp#8;~���>&amp#7;Xy�������l�Y�&amp#28;���IN&amp#12;����[Ax0[�n@���[�@��&amp#7;�×���˨\Y$0&amp#25;�6�G,(&amp#19;H�,&amp#24;&amp#22;6q1&amp#24;j�f�/2�A^0&amp#2;�&amp#24;ؓ&amp#16;���ʯ],}&amp#16;)��&amp#22;�'n
^&amp#14;<��qdø9�f>&amp#12;m+�&amp#30;üdt�kn�l�&amp#31;����&amp#19;���ؐ&amp#20;v&amp#5;��'&amp#25;��I�G��'	�b�:&%�F�6��y��&amp#18;������&amp#18;&amp#29;�&amp#24;&amp#30;e��6+��؝j����҆��A�&amp#31;��_(&amp#31;�f�M]���&amp#27;r�&amp#27;\�I�${b\L`�C�z&amp#18;l^Hs�r�,F�{*&amp#6;㬴n�ܘ�oc&amp#0;�ؿVHpFom&amp#12;mɻ�	>!�e&amp#25;#�����߁#e�ޮ��k�&amp#24;���8&amp#25;��&amp#23;+2&amp#24;�&amp#24;ŉH&amp#15;��6�E����df��&amp#3;�0&C�J��2&amp#0;tA�'��R=��*l��&amp#15;&amp#16;�$�&amp#26;E�mp1�4����T&amp#11;&�;&amp#0;��&amp#7;[H&amp#12;��G&amp#11;=&amp#16;x�n0A��&amp#18;1�B��a,N&amp#11;�&&amp#3;���%&amp#28;	<&��&amp#22;�7���&amp#14;�.�́&amp#1;
&amp#29;��\�_��&amp#5;�&amp#19;��g�^���~��K�� ݁&amp#19;q&amp#7;� ���+"�h5�ě�I̓&amp#25;����&amp#17;���&amp#6;sX=��,?v_�C�0͋ս&amp#22;UZ�&�[�/,�/&amp#16;N�&amp#6;�%^&amp#16;O.&KM&amp#2;!��l���B͕���J^&amp#29;I�C����&amp#29;�������_��&amp#11;&amp#3;�DV��2;�Y�&amp#18;0yc�$9�[�&amp#3;�V�l�&amp#31;&amp#1;�O=���8��S���vሞ������&amp#1;d��&amp#19;�&amp#27;K�#%&amp#20;s��&amp#20;��v��HΔ	�`M�7G&amp#18;�lf<ަLa�Z�ܷ���lK�����s&amp#5;�IԱ�������C���H�&amp#4;ю��J�&amp#17;���d&amp#30;�&amp#29;3�K&amp#3;1��~�/�&amp#6;��+�&amp#2;&amp#0;[��&amp#3;�Qy�&amp#29;���wa&amp#25;&amp#7;��&amp#27;&amp#24;w&amp#19;�6{
j&amp#15;��&amp#8;&amp#20;&&amp#26;��&amp#25;�j&amp#28;�	&amp#30;-�&amp#28;�g&amp#25;��&amp#23;��	9j&amp#0;x���C�\��l&amp#12;��sl�3&amp#5;��&amp#7;��Ys#ז����-��"&amp#15;����\ש&amp#26;D��&amp#0;B&amp#6;�w0&amp#29;�O�@ˏ�'HFG䃅���"�Z�`�Ě&amp#17;t�~������\�!�����W$x'�{En�z� k"{&amp#4;�n��&amp#16;a�&amp#19;�Y��ɧ������yb&amp#11;>F>&amp#1;�<<&amp#2;���j��v�"�|���h&amp#20;&amp#29;����:̜��&amp#14;�Wn;�0&amp#6;s&amp#11;`#&amp#7;&amp#11;�A�/�:���D3`�g��D&amp#0;�&amp#19;V�s&amp#11;�<.�'�>^&amp#27;�a�&amp#2;4�m��ˤeaS�w�&amp#7;&amp#14;&amp#4;赊 �"&amp#6;cTv&amp#1;Q`&amp#22;�I�8.l�Ӊ͝��؅&Ƭ�9Hr��,`Y�O̿jsc�6&amp#27;3�&amp#24;&amp#1;&amp#21;&amp#8;&amp#6;&amp#23;��y&amp#16;�̿� ����&amp#14;�|��xBͷi>&amp#22;`Y&amp#7;!�,��_-&amp#20;	�哳HO��y&amp#23;�p�8O�&amp#16;r`A�n'/6&amp#14;�P�&amp#2;&amp#4;N,����>&amp#22;�'���/&amp#28;!BhP�I&amp#1;Ϯ<���&amp#27;��HA7>hNu�պ����է&amp#20;��G�!&amp#19;&amp#15;�tI�&amp#2;&amp#1;�aɿ�&amp#20;�@�~|��>(�A�&amp#29;�p]-�&amp#0;AXN將���d�w98:�K����Q����@
&amp#31;��#�f&amp#0;qf�&amp#27;�/���R
(O�&amp#3;�=�h&amp#25;t��`�p��&amp#1;�0�=�p&amp#19;��7�g&amp#12;�B=9��]�&amp#14;YZ�����q��aG&amp#17;$qԝ&amp#12;g�.#e&amp#6;�MR��@�&amp#8;���$&amp#5;�����,x�&amp#6;�&amp#0;	ns⇐'���`�&amp#18;�����(��&amp#31;�w���^_�x��&amp#12;lV�����d'���r&amp#25;(&amp#6;�&amp#5;�4&amp#11;!�On�2>'b�>&amp#22;%� ��#L�&amp#11;&amp#8;p��&amp#14;<#��d&amp#30;�",x�Bp�gmn�&amp#20;`a?�+���&amp#12; IO�V5"&amp#11;7#�^л1�&amp#16;PL�C�fO�z��>0�&amp#17;&amp#0;2&amp#28;���&amp#28;�ݔ�.W�&amp#6;[|��	����s!$N���&amp#28;�D9(ښ
YWt�Մ�,A$a���&amp#8;1�68A&amp#15;S&amp#18;�&amp#5;��L�	&amp#15;�J&amp#31;��1�6A�I3&amp#16;lN���&amp#3;��֝^@�C&amp#8;�&amp#14;2x0�Z�G�G�&amp#0;#"&amp#20;@��\T�	+�q�BN^&amp#3;,6&amp#1;�pPq���&amp#29;V�^�z�٘&amp#30;�(pNLuv����>&amp#5;_�%����cbc�]��&amp#15;2��G��,�h^NB>A�^�A��H�uٵQ&amp#14;�&amp#15;,��`y(O�|�&amp#22;ye�:K|�4�&amp#14;B&amp#14;X&amp#31;&amp#3;&amp#15;f&amp#30;��rEP&amp#27;�/!&amp#0;�kah$�.!/�9��&amp#7;�<�u�|&amp#28;j�ϒ&amp#20;&amp#4;I�F�&amp#14;&amp#24;2�p&�@�&amp#26;8&amp#31;�p�M�&amp#17;�6�;
8�&amp#16;a$k&amp#1;5�Đ�
����)�&amp#0;RK�بe&amp#14;�&amp#30;&amp#25;p����&amp#7;[�Z.��O����&amp#14;�z�.�HN[�:6@�&amp#31;��P&amp#24;�&amp#28;ݴ��X���[�#`��`3P�6	Ȼ�f�&amp#0;mwRɊBx�}����	��� ��Ր%��:��� �װ��&amp#30;m����󏨳4~A7X�&amp#27;}aƕ&amp#24;�&amp#17;��T4.�	ىG˿�}�a�&amp#2;��8�y.�7���&amp#3;�&amp#30;a�]�xY�p_�&amp#14;�F߆��c�6?�&amp#11;��&amp#19;�l&amp#11;��,^��e�\�@[��~ �KU�'�
�&amp#5;ܡ&amp#29;�8Y�!&amp#28;$]i��&amp#27;&amp#28;���g&amp#3;328�P�^2I�J6>b;x�_���nm�����T`<�} 30Ia��2i&&amp#27;`C&amp#12;�c�Ј�]YBȬ&amp#26;?&amp#1;�8���&amp#21;-�럹�5_1%E���%�=8]�$	&amp#28;�ى�. &amp#24;]M�&amp#24;&amp#27;�n�o{7�����_L&amp#12;�&amp#28;W@�>���a�t0��:Q.�o���&amp#7;b&amp#20;��&amp#25;)�N�ب-B�&amp#26;�w�;%Ќ�&amp#28;�l�&amp#28;��MN�|D&amp#1;��j�/�$Q�XZ�[i��&amp#0;��&amp#14;d���� c��A8s-_"?.�#&amp#16;���w��&amp#22;&amp#5;����0�쬧��&amp#0;�B@�f��Q�T&amp#8;�s-s��&amp#29;Hg.�dy&amp#0;	9��&amp#29;D"QA�I�B�3�?&amp#7;`�@�f�\ �,��&amp#18;��V���e�A�&amp#28;%�QR���R'�߼c&amp#19;�&amp#24;&amp#15;�fDO>���!:V�l�&amp#22;N4&amp#23;PN&amp#1;k�C��Di;�{&amp#28;(dA#&amp#27;��htp8L6���,�0�%�2�WP}�@��ܳ�&amp#19;���h���9��%�)�c4�BV�bN�0r4�s&amp#25;��C&amp#12; ����"&amp#16;0rt���&amp#20;ٴ���4��5��&amp#31;�&amp#23;$&amp#3;ǳ&amp#19;�&amp#0;&amp#16;&amp#24;n&amp#1;�g6�q&amp#25;��?3<&amp#17;��t��&amp#17;�4 ��&amp#2;&amp#7;8&amp#11;^&amp#14;�k�O�?��'�\��h�w�0&amp#23;�&amp#28;��E�m[���g&amp#5;薦[;y3Ϙ�������&amp#30;q&amp#7;�a��ˉ��&amp#0;��&amp#6;]�&amp#4;AE��H��E"�:عI��_P�5ƀo՝W�G�i���&amp#12;&amp#2;q��-��	^��'է���>�:��&amp#16;nX����Nyg�&amp#17;�&amp#20;�&amp#8;���&amp#17;n�p9�A����ߛ&amp#28;X�����YX�G��&amp#17;�E�h��Q&amp#2;&amp#5;
&amp#18;ܡ�fۊd&&amp#24;&amp#15;@�y�{m�'zJ�&amp#8;?��e:�V%&amp#19;�l�za&amp#29;&amp#8;G&amp#19;S�C��5���M�&amp#21;h��z�H&amp#27;;N{~��&amp#25;&amp#16;LK-���&amp#5;0�8�1�vӅ��<L�P0�Ju�Ln&amp#8;|&amp#14;���M��z�&amp#5;�5g��&amp#29;��n��c_���y��6]_�i� ���&amp#7;�̉~c&amp#2;��&amp#12;t��&amp#26; 胬���3#/%&amp#28;O1 &amp#25;&amp#8;�yb!&amp#6;Kd�A�5�&amp#17;���yKx!���&amp#3;�������&amp#29;�N6'S$6[!o��&amp#23;TGW��N��i*���n��t�&amp#17;�x��e���0<�俄�4�H�,Eʃ�M���&amp#19;��k�`&amp#29;�切>3&amp#26;��	�%�gvd�4��&amp#16;S��S0���z�&amp#26;��&amp#11;�-ڵ6&amp#27;��8&amp#27;&amp#14;i�&amp#12;�M˫�+&amp#30;��F�M��jY1k��pˍ�&amp#20;��&amp#6;aۛ�&amp#8;\Ce��R&amp#26;���&amp#7;&amp#29;u9���&amp#22;��d��9�[Q2����&amp#6;�&amp#28;�&amp#0;]%0&amp#20;lժ#�4L0&amp#16;&amp#2;&amp#1;�&amp#27;�#nf���&amp#27; &amp#12;���%&amp#1;���>Y��b������ dh�-�9	&amp#7;�����N|��d����,Rl&amp#22;9��&amp#30;HD�&amp#11;)&amp#14;��ف.�&amp#4;d$���G&amp#0;�]&amp#28;&amp#5;�&amp#19;q�&amp#19;� �F�&amp#20;Y����R:�6��	O�-&amp#7;~�d2�؍�%���n�D�&amp#0;)&amp#29;ML�3���i���&amp#8;@�&amp#23;28��&amp#28;�&amp#5;�&amp#19;ONej�q=�N&amp#11;E�&amp#3;!�b�&amp#22;&amp#6;�uE&amp#24;�&amp#6;ã/�Xt��,� &A�Y��v��l�"P,�F&amp#22;��&amp#29;&amp#16;&amp#23;�?[ &amp#2;]��=Y�\រ&amp#23;��	&amp#14;��&amp#0;a��&amp#0;n�Ļ&amp#28;&amp#11;�с��&amp#8;
Xe�&amp#4;Q�&amp#1;�<�~_�&amp#7;{�z]�&amp#31;�����L&amp#3;A&amp#31;���L &&amp#4;&amp#3;ȃf���v��eIǨ��ۖ�7�&amp#19;t��ǂ�&amp#19;���&amp#18;�0�)��������v��D���<�&amp#22;���&amp#19;�F,�x���&amp#11;��Z�\I0Sz&amp#6;&amp#26;&amp#5;&amp#0;ts����&amp#30;�z05jY�k��&amp#23;@�2:���s ��׶�?!��&amp#29;_�	���߀���2�:��ɽ�.�H&amp#28;�yc<�%��Hn�&amp#8;>_�KQ��&�:��^�&amp#5;�x;�&amp#4;��_�h[�m�,��'&amp#12;��g6é�&amp#5;��!a�l2�)�^(�1����:�&amp#26;&amp#14;IB|ڜ�0&amp#11;��0�p�Hc0&amp#16;O&amp#21;&amp#7;�#�&amp#14;&amp#6;&amp#14;���	K�?Ȑ2Fd�g�e��&amp#24;fO%Kg�$&amp#3;&amp#29;&amp#1;̬C��&amp#1;��Z&amp#18;T�I��u&amp#22;S*�&amp#28;9c�G&�|~DL?&amp#22;�&amp#0;h�abR�j'E�.�hF~&amp#5;�=����?�˗&amp#7;��&amp#0;g�>?�o���ɟ��&amp#0;%y8��I>:�d��&amp#24;��9�&amp#3;�&amp#5;�&amp#17;x��&amp#5;|�&amp#4;�&amp#24;��G�uJ"�4��ã&amp#23;�#&@�|&amp#24;�oV��?����&amp#22;��c&amp#6;R~2{�1�#�0��'�i/	&amp#28;�&amp#1;1���%r�&amp#21;�?&amp#23;BR�mx�e&amp#31;,�g.��;��XFi=�&amp#15;�&amp#29;[3e�KB��	�&amp#18;)��&amp#6;ǲ[�&amp#22; &amp#24;&amp#21;�ܪ�ߘB&amp#31;yp�&amp#20;�&amp#20;���h&amp#25;q��(&amp#4;q�O&amp#18;̓�6d�Ο1#Ö�&amp#2;��&amp#22;	��(&amp#2;&amp#29;�X�!�i�&amp#7;�$�&amp#1;W&amp#0;Aq&amp#7;�#ڂ�9�`0�7&amp#3;B���&amp#27;�Z-B&amp#23;��`$�8��c���&amp#8;?&amp#30;�ЈS�
^�I�L���xA&amp#8;�Ȥ&amp#28;�w\�����&amp#0;��&amp#23;�!����yϞJ���xg�,&amp#4;&amp#31;�(�g&amp#31;&amp#30;&amp#15;�>7�}
�X��ֹ[&amp#3;蕨Y7a�m�tC0���&amp#25;�	?d�>	���������7	D&amp#6;@�p��jv�ۯ�9&amp#26;���&amp#17;�l�l':^v�7�z)�����*pA�h���! h���1<.�d&amp#6;D&amp#12;E�XF&amp#18;knA�&amp#14;�DT;�S݋�B&amp#11;ȹܞ:B�&amp#29;{�P���?@�&amp#5;	�q���lK�y�h�O&amp#8;O"o7�3��8�&amp#12;��7&amp#23;&amp#5;�&amp#11;���Ol�2&amp#27;�ckL�1�HH�^�g�娘�246~&amp#2;Ӆ����&amp#25;�&amp#5;?��������&amp#22;&amp#26;<#��̄�c��b&amp#15;/�X�);'����z�o&amp#12;`�BR�h�̼|1�&amp#23;Y&amp#5;�{��ǚ|�&amp#30;&amp#7;�M=O&amp#2;ބ���d���(�.&amp#1;t4ӓ+�}�G'd&amp#15;'|��ȿ�Naf��&amp#11;�1��=�=���&amp#2;�/���PKm@,g�9&amp#11;&amp#2;N4/&amp#25;&amp#29;K��n�A�ZY#&amp#18;�@�&amp#29;��&d�as�k�Xf��Di&amp#5;b&amp#1;�&amp#16;&amp#17;�&amp#12;����.�q*�a�b�m�`��c���2�5{���öe�"��Z��&amp#20;^"�K��7c&amp#7;.�'&amp#27;&amp#12;i.kf�&amp#0;`7E!��1�&amp#0;&amp#29;��*:�*&amp#7;&amp#6;p�-W䢜.&amp#28;c[�&amp#17;s�&amp#4;��}�9 �&amp#6;�&C&amp#25;C�עt&amp#4;K���~�&amp#1;&amp#31;��՗&amp#27;�L�L路�&amp#31;.`Jk��&amp#11;�@��&amp#21;&amp#2;�I���\3h*;�m&amp#6;�<c��tDH&amp#1;�Ϣn�ҽ��-%ʍ&amp#17;5�8ej}z�+���}.�;x�rlΞ}?����&amp#2;��&amp#2;�ۃ���;���/)c��ٳ�����h��H"g̘o`��!&amp#28;>y�@��&amp#28;lfY{o�&amp#15;�&amp#21;��1=�����d~�^J@�^�.�&amp#3;&amp#27;&amp#20;�\#�&amp#0;�s&amp#24;TB&amp#18;�&amp#11;�6�&amp#17;Ƙ�&amp#20;Wca̞��En
���&amp#3;��㹘 �12&amp#1;�,&amp#14;o�����3�d��Tٹ]&amp#25;zlq�:
&amp#14;h?�&amp#17;�&amp#5;�IZ���[0@����&amp#14;�=&amp#1;�V�&amp#24;&amp#22;&amp#8;���n�/�&amp#28;ч�=�i@��.&amp#16;� �d�H!&amp#17;��&amp#8;/���y�&amp#1;�bv1�]�?4�FD��G�0�<&amp#5;Ӄ���jܕ�h�&amp#30;��&amp#3;L��$6&amp#3;�]�k�o�&�Kb?>�@�&amp#7;�&amp#4;�&amp#11;�̓oW��B�썓�~Oy;ɍ�B�
���&amp#0;l=�|�&amp#30;Y�_�b��Eɳ$910,u�|&amp#31;�v&amp#31;&amp#4;&amp#7;��&amp#11;�C�kp�Û:����D:أ#&amp#20;&amp#20;���$a���;s��S�討��&amp#8;���&amp#25;2�˟m�\s:���&amp#28;����r&amp#28;��� L&amp#5;0&amp#17;#&amp#3;�\@�j<&amp#2;� a�fM.}�)&amp#22;�f����v&amp#16;�q]	
9�[ ����46�"�l!�^mn�C�(&amp#11;v~@�:B'�&amp#27;&amp#6;u2�۶��&amp#1;&�7`&amp#30; T-�˸?�kٶ&amp#5;�is0.&amp#23;��`&amp#22;;|���D�)�N&amp#3;F,�y&amp#8;o&amp#17;/#�㘈,&amp#12;&amp#6;��&amp#29;���&amp#1;�_��O���]�!Ϗ��|&amp#31;����&amp#29;�&amp#19;�rA��O�_���FK��&amp#12;&amp#23;&amp#2;�C�`�o&amp#17;&amp#1;4&amp#19;̛�27&amp#21;L�)'�eH,>&amp#25;f&amp#4;�&amp#6;�yh9eH�a'�o��,�$q!��N!!��e����l&amp#8; ׶5^N6��&amp#15;&amp#4;��a�̀У� @A��&amp#6;��&amp#19;�&amp#3;&amp#2;V曎&amp#23;J�+�&amp#18;�&amp#27;&amp#12;�Z� mӌ��Ð����C��܎&amp#26;&amp#4;1&amp#4;#N
s3�&amp#17;4l�0�&amp#12;&amp#23;�")&amp#6;%���~�[Y��&amp#23;��x-z�c���&amp#30;~Hd&�23!K'�Pj�*�&amp#2;z�I>EG<J�'"��&amp#22;�G"9�wl�&amp#29;K�G�{��&amp#11;�SI/Y� Xt�|NS��&amp#0;���&amp#30;�&amp#15;���&amp#14;A��!`{~&amp#18;&amp#22;l�c�G�(��&amp#5;�<y�?śg>0���N)&amp#30;�&amp#21;&amp#29;g͐HN�eϞ7�?�����{&amp#1;�&amp#25;p&amp#27;������&amp#27;p	&amp#18;<�~$̱$�i凰�6"��H%$�j&amp#3;����@Ճ&amp#1;�F��j�Q��/5t()&amp#24;��&amp#0;�!� @
pu���&amp#28;;�u��&amp#15;6&amp#0;0�ϊd��=�`���&amp#22;qw��%{�&amp#4;9�y�{�1&amp#1;�h�͹\�8&amp#5;!�3i��Q}r&amp#2;fi�{~���&�t.��~&amp#7;-�(OB�/�,&amp#7;&amp#8;��p�&amp#6;��&amp#3;&amp#5;�(k&amp#12;<��r�&amp#18;-Ǯ&amp#12;����&amp#4;��]��7G�&amp#30;�Pf&amp#26;P������[&amp#8;|�;��>&�� �Ϲ�����!�&amp#1;�c2�&amp#4;'���&amp#29;�&amp#4;&amp#14;m�n&amp#28;�o&amp#15;��&amp#30;��H��X&amp#4;<am�\�s(l&amp#6;�/&amp#29;�n&amp#25;ͅq��]�U��&amp#5;�.!i%`j)~N�m�[�/�&amp#7;� &amp#14;@FA����|����r&amp#31;&&amp#30;�&amp#4;O�&amp#5;�G�ѫ&amp#21;] �����Flf^olKxah:�&amp#5;�fq�&amp#5;�2~�j;�r4�&amp#14;&amp#1;Vj��ͣs&amp#11;���Z ��k�&amp#19;g|_���7K&amp#25;��'�v�G�����&amp#12;Y&amp#3;�[�try5�&amp#8;���A�&amp#12;��"o8&amp#24;!&amp#19;<�RS�S�&amp#7;�X&amp#1; 7[3�wC�@���Ǩ�ko&amp#2;	��I���5�	Â�/�e�&amp#15;��&amp#29;(�&amp#1;2&amp#30;!�&amp#23;���bXAvx),�E�?���&amp#11;�&amp#15;�&amp#31;�/��l&amp#31;'\&amp#23;������&amp#24;�&amp#30;&amp#2;�C�X��N�1g?!%|+��%��&amp#0;�\�&amp#5;��~j&amp#0;����&amp#17;c����&amp#19;&amp#24;߿o6�'�Ú��%,�&amp#12;x Ք�)s��&amp#5;�&amp#11;�&amp#23;�I�����rH`FlLA���/�e�&amp#15;�sx~Aض�?=���\!�&amp#11;�&amp#0;h&amp#8;*N	'H&amp#2;�K(E�&amp#3;3�&amp#23;��f{,6@r�&amp#28;O���)��L�>!��&amp#5;3O�i�xn!�c9��&amp#17;:_�=T�����<A�:�p5���ȃ���!�&amp#25;��s�&amp#1;�&amp#1;���
				&amp#4;:|�2�A���{&amp#6;&amp#6;ӱ���&amp#6;)B�f&amp#26;ǅE����@�:s�&amp#26;��!�&amp#7;�#�m&amp#3;.&amp#2;�&amp#7;"|��ϛ)n&amp#0;DdGޢ����4��6��?ķ���K;&amp#7;�������?��"<��~�\Jk��/&amp#24;�O
iF�~24�&amp#8;LF�F1&amp#11;9d��V&amp#16;��&amp#18;�rlKf������e�!&amp#25;ę&amp#25;�˴�ob|$�+�!`Q&amp#27;��&amp#14;<\�O���&&amp#7;�&amp#11;�Ic�&amp#16;&amp#25;x&amp#22;��.�C�	�4��k&amp#4;d~&amp#21;E5�_��T�f&amp#12;�\�=�7.��b�]�[�&amp#2;�&amp#4;&amp#23;�@e�OAf࢞Y!��8�	�r@&amp#8;�cFc�&amp#25;9�&amp#15;&amp#5;�rg����&amp#27;��&amp#7;!�y#�K�_�&amp#15;so�����&amp#28;@f(&amp#17;Pf6&amp#20;��%�L�=�9����&amp#12;M���B89�i��&amp#27;&amp#12;�&amp#0;���I���^�&amp#2;�Z���	��1�/����M&amp#2;&&amp#25;�D"�~9�$KCB��{��@��&amp#2;�&amp#0;<����}�#�������Y:�J��@@  �JB&amp#17;r�&amp#0;&amp#17;͟��Zӗ&amp#11;�~��b��_�_�&amp#15;�k�t�h2�7���9���h��G�W�h&amp#31;&amp#3;&amp#20;�&amp#15;�0�r� u���
)�&amp#24;��	��z&amp#24;φ&amp#19;��G|g%��$A&amp#0;3!��&amp#21;�Ff#V&amp#6;A�=��A&amp#11;\0�ip�&amp#12;hR��N����)�8��&amp#1;�[�&amp#12;ui�)t�N�&amp#0;m�,��!L[�wme�&amp#24;�&amp#22;�&amp#25;v�e:.&amp#30;&amp#7;'C�&amp#27;�&amp#25;���L�r�𛊜4J&amp#24;���&amp#15;R�$؜�8A��/�&amp#28;&amp#16;�7&amp#16;��2:���P�ԏ&amp#11;S�&amp#30;y&amp#30;&amp#0;�<�Q�ܚρAh*HO�&amp#0;K���Y:2ƨH��A�`e�|��vD&amp#28;����F}��V�_�&amp#4;�	l�����V�j2v�\�:�/$�&amp#0;6&amp#18;f�x&amp#24;�����r&amp#8;�&amp#4;�s�!m&amp#11;&amp#7;��Yc�'��x�P7�&amp#31;�2`�`�ʢ�Fy#��/&amp#5;�&����S���?S��4y�3`aS��g�{���;
���"\!�F��s�&amp#5;&amp#28;6@�X&amp#24;�&amp#25;,�g&amp#4;�0��&amp#20;#&amp#7;G��[&amp#27;a�����?�y&amp#31;ڻ&amp#8;]&amp#29;|����&amp#16;Z�&amp#27;ā��8e���Z]�]�<P &amp#27;g��&amp#22;��R~;f�����"��.(f)��&amp#8;&amp#8;!i��*�&amp#25;�����f��a�<$p&amp#17;z s2��$�I&amp#5;���'�fߎ&amp#0;&amp#12;&amp#4;Va/&amp#0;��"1&amp#20;�&amp#19;&amp#15;����,��䋄2a$�/�G�@~B��7�&amp#16;�&amp#2;�&amp#0;;�Xqh&amp#25;f&amp#6;l}&amp#23;u��8�&amp#27;[&amp#6;��&amp#6;Z�&amp#25;c�(&amp#12;�gݲH�� l��4�0$��&amp#3;�&amp#6;&amp#11;&amp#16;��{f���&amp#0;��~[&amp#15;l.K�g6��pr�%�&amp#6;H&amp#15;<&amp#28;@��^��p2��&amp#19;X�0�:�&amp#16;#j�3@�&amp#26;��
��&amp#30;K���Ģf�H6�&amp#0;:��&amp#8;F&amp#14;k+�?�&amp#16;��p��&amp#20;_��&amp#18;����e���v��&amp#11;Vn�!xf;~���+�����c�=��OjN&amp#4;���&amp#14;ݹX���Hr>���׍=&amp#2;,<&amp#1;��&amp#8;�؄���g&amp#18;s&amp#12;�:&amp#23;��k�ŘA�;��p���0a&amp#1;�@�X��e��`C&amp#16;'c���&amp#18;X�ȓ�" <�'&amp#1;����e�I9u�&amp#8;��&amp#2;&amp#16;��({&amp#12;7���sytZ��&amp#1;'�sBx�&amp#25;Ǘ9��ZF p�Y�8���&amp#24;�nv��_����q��&amp#0;&amp#4;&amp#12;&amp#22;��&amp#15;#i���1L���&amp#30;�Hy�l���\W�/ᜧ����&Xa�����a|H,�ɇV^�&amp#8;���T�&amp#1;|M�ƀ\^&amp#17;`&amp#2;P	,���Z�e6
4�Z{��&amp#17;�&amp#0;\�&amp#21;�&amp#28;~Ix$`d��.�E�Wm&amp#27;&amp#3;�&amp#29;�0]���`���&amp#29;�j|����Ԇ S'�&amp#30;fm>&amp#27;A�bhe&amp#30;-��&amp#0;�ǔ�&amp#24;�&amp#23;A��&amp#28;�ɉ���<�g&amp#8;&amp#18;�&�fC`^�`,��q��&amp#26;�ː�+j#�&amp#25;&amp#8;jP�]&amp#1;���&amp#2;&amp#21;�&amp#12;0�!�.-��=̳y&amp#0;��,�&amp#30;!��g3V&amp#15;%�d��-�m�܎&amp#5;��e���&amp#7;�&amp#8;p�D�ksᔲy�x��&amp#1;q<&amp#18;o�h,&amp#17;�&amp#29;��&amp#23;�d1�6Oh]�07�|aA�r�&amp#14;&amp#27;�&amp#6;;d�x�p���<�D���Z�>4�@�"2�ѱ$�&amp#28;�$3NÑ0&amp#5;���~Au��m�K&amp#0;&amp#16;��'�	)
��B	�%��2||�� �;N(&amp#18;&amp#14;;��&amp#7;&amp#12;�Ѣ&amp#8;Β�&amp#8;��C��&amp#24;U|&amp#7;�&amp#17;�u��&�L��]�&amp#29;���'&amp#25;� �&amp#8;=�����%E��r��&amp#31;sp�N|`8�&amp#15;�&amp#8;�&amp#22;���L'&amp#4;���&amp#23;����&amp#19;��&amp#8;&amp#16;�f
�M�w)����>��"&amp#24;&amp#30;BݎqY�/:O��O;K��Ty��5���rn�.&amp#27;�&amp#11;�/ɇ�d^A�uv%���&amp#6;�Jn'&amp#27;&amp#16;o.ܺ�t�&amp#7;�C��˂�&amp#23;�>Co�(��OK�aL��:;2T�X�&amp#3;�&amp#26;A%�˿�[�(���GV2Sr&amp#19;a�ͻm�9&amp#14;�&amp#27;&amp#5;�J��3&amp#26;&amp#24;X�&amp#28;CL[#�Wu��OW�&amp#30;�F*|��q"��&amp#18;�&amp#27;�
I�&amp#3;��ў&amp#0;mq��_ί�&amp#4;p�;�"G&amp#1;�&amp#11;�&amp#2;u";&amp#24;����8:G��ʋ�4O�&amp#6;iq�"D&amp#26;&amp#24;&amp#5;���\P��V���!�^��r�V�����t��&amp#5;�&��4f�wg���8[&amp#2;�ſ�x��&amp#16;N�a�&amp#18;m�ً`dX&amp#16;�Prl�@�՘�&amp#7;�r�Ԙ&amp#8;�>�F&amp#15;S�l��&amp#15;]Y��&amp#7;����&!�.;w�&amp#5;Ĺ�kĥq��&amp#0;K��0t6���&amp#6;&amp#29;[A�&amp#1;�/l&amp#31;��^&amp#8;&amp#1;�y���`&amp#31;��>�s�~&amp#30;&amp#26;U�`C&amp#5;&amp#20;uE�&amp#5;&amp#23;�E�,�$L}t���&amp#6;0&amp#0;"�F�&amp#6;'&amp#11;"�R2�	&amp#15;o ��5�&amp#6;fa<L�&amp#26;�$�v�"a&amp#20;�<���C�5�&amp#30;x�&amp#30;f�I����LU�&amp#11;&amp#8;&amp#23;�W&amp#17;�&amp#2;��Խ+v&amp#0;ke{'&amp#31;&amp#17;�`�#��&amp#5;Z�0&amp#25;��&amp#6;P&amp#14;�&amp#28;�Si&amp#28;&amp#6;�&amp#15;#+�/WoPȳ&amp#24;�S-�G7����C�,&amp#14;�z�0�tp&amp#3;��L�`�џ�� )Y�)��4{ �&amp#23;�9v�66�&amp#3;�~�>&amp#27;��Y�fL�q&amp#3;K&amp#7;�&amp#28;s�&amp#0;��>i&amp#11;&amp#30;��Lx&amp#27;���&amp#7;&amp#16;�C=��y&amp#27;0G{�������d�/	a!9&amp#1;';{e%�^}�]�&&amp#22;�م��s&amp#6;&amp#19;�.�&amp#18;&amp#31;-:
���X�Y(<&amp#29;�hy��,I&amp#18;h-�va���컶�t�`b�&amp#2;�L���s0�:�]���F�;�>d��mA�>�s�~!�A���p� s0�&amp#6;g�&amp#18;�6�&amp#26;%>	&��D�&amp#0;�&amp#7;"X&amp#27;	O&amp#29;M&amp#1;v&amp#4;#Z�w�r�LK_!s&�&amp#0;��p[�wO�*��7'R�&amp#12;�^�&amp#28;^�t9&amp#29;R&amp#17;&amp#22;͒rҌg&x&amp#1;�&amp#18;��L�&amp#1;����1�@!��!�pN&amp#22;�&amp#23;:Π�&amp#2;���4&amp#21;��N&amp#17;}&amp#6;�ިq܁�&amp#0;�7���^&amp#22;�&amp#27;Ȟ� �z(M�3�I���-���<�&amp#14;&amp#11;*�42&amp#24;�&amp#25;9�&amp#26;a)&amp#22;&amp#5;�+�'Ϡ�r�&amp#5;���a&amp#28;�&amp#4;��0��&amp#31;
�H^g�o�4�����ȁ&amp#20;��G��0�Q�5!�m&amp#5;�&amp#8;�&amp#2;�DbJ&amp#25;wM_I&amp#22;j�f&amp#17;?&amp#20;!��>b̵ �&amp#14;�&amp#0;�~&amp#29;R�~�&amp#1;&amp#28;&amp#28;��&amp#15;�&amp#31;�&amp#16;/]ͷ&amp#31;&amp#21;��y���M��&amp#25;c�&amp#8;5�'Ng3�p�H�����zC>&amp#25;h�7�4r1H˅崇&amp#24;����&amp#12;&amp#15;�k�&amp#11;�u��r=�&amp#0;�����/��o&amp#4;Σ��,�����#&amp#19;&amp#4;�&amp#15;2c��B�1\������&amp#26;����&amp#17;���n4��2&amp#4;0΄K�H��&amp#15;o"T6V򈂚��&amp#29;9��'����&amp#22;/&amp#15;���&amp#7;�9 ]�`A$���&amp#24;�&amp#1;&amp#8;�^&amp#11;h&amp#0;ڙd���&amp#15;Qf&amp#24;&amp#17;&amp#7;�&amp#25;�gc�U�&amp#17;�(���K1�66&amp#18;&amp#28;�B&amp#12;&amp#31;�r�&amp#30;[��$��&amp#11;�d|K�-~"F�5@�:C�� b&amp#31;R�>��adn�&amp#0;�����}���&amp#0;6&amp#21;��	38Y�AH�\y~e(6�N�G��O&amp#2;�&amp#12;{�v��*
&amp#12;T�U!��c�w&amp#11;'J�p�^X=&amp#14;p�&amp#14;�&amp#3;&amp#30;cq�� �&amp#30;&amp#11;h{��z�&amp#4;VѸL���&amp#18;$� U�fb*�F�8��0&amp#16;5kK&amp#3;�&amp#7;���&amp#11;|��e0&amp#5;�&amp#11;m�O�5���%�^��Ꮁ{�_e9rOP�xH�H&amp#12;呇(&amp#15;&amp#25;_�{�4�&amp#15;&amp#16;���&amp#27;&amp#30;	&amp#29;&amp#27;&amp#27;	�/!&amp#15;H&amp#14;��m�L�4j��6t��}�\Y	�r0<��\���&amp#18;C�:�<&?m9�	���&amp#27;׀�˰��vR�&amp#6;�w�/��&amp#0;HE�&amp#8;�F�|�&amp#5;���nSF�dME�b�&amp#23;�&amp#29;��D̢&amp#31;V���&amp#18;[�=���b����$&amp#18;I`�&amp#11;&amp#7;��&amp#7;�&amp#28;&amp#31;�&amp#2;C���٤���&amp#29;����&amp#31;�/�^�&amp#0;��&amp#4;&amp#20;�&amp#19;.n�L�&amp#28;��>���&amp#21;X�>&amp#0;&amp#29;VD�L�O� j�x&amp#0;{&amp#3;l8�ta��i&amp#31;1ާ�&amp#8;^�tgꄚ�N�@p���_�&amp#30;��ԣ&amp#29;�&amp#25;0�'�����Tp�&amp#0;&amp#15;�d&amp#12;&amp#27;E~U �����Ol&amp#4;u9������x.��@6� ��y����&amp#22;؍�&amp#23;$�@<U�5�2*�6��A��3�&amp#8;�&amp#1;�,����v?�7��G&amp#18;a"�����ŀ��Z�&amp#18;�L&amp#30;?&amp#7;&amp#8;�&amp#1;`8�0���B�v&amp#12;���|	�&amp#0;��?��\��&amp#1;dq��&amp#19;bG�&amp#16;k�_ą'x�*L��S��&amp#27;�/6��lh�H`�&amp#7; X�6&amp#31;&amp#23;&amp#11;Q�Y���&amp#17;*��&amp#26;�W���d&amp#8;��#&amp#0;��&amp#7;�&amp#25;cO�x��56�'�>`B���6'�)�:��c&amp#2;r���&amp#22;���/&amp#15;�&amp#8;&amp#28;���T�N&amp#11;���X�W����%T&amp#31; &amp#23;�@�df�&amp#3;���4�Y��厂=��dK&amp#8;�!8&amp#22;�y3�1)��4��$?.�,�'lI�&amp#26;:��&amp#30;1(+?�3Q��R�	~��E�@U��Yvxp��
Hx�TA�&amp#26;	�&amp#26;�&amp#25;��j�޷��!�F�K�&amp#12;a&amp#23;��^�&amp#24;~&amp#5;��1��.cR?�&amp#14;��f�|�To��=@�&amp#24;�c��͚ihY&amp#18;Z&amp#22;�s��"Ő`�
3_����y,�ۋ~�&amp#28;�%(	II�i)n��	��;؎�f@�ʂ;�g��7J�&amp#14;G���,���&amp#7;�<���a��&�&amp#24;&amp#12;&amp#8;W�30b&amp#17;&d&amp#20;��s�ϛ &amp#16;&amp#28;�{�V&amp#18;&amp#24;�[��&amp#11;&amp#0;(�#�>E2�Fv��&amp#25;��&amp#1;&amp#4;�@_b&amp#18;&amp#29;�&amp#19;!�X���U�&amp#11;Bj&amp#27;T&amp#5;�k��&amp#15;&amp#25;X��I���e���&amp#22;R���##Kx&amp#2;`Y��&amp#5;�=<&amp#4;/��?I�&amp#29;pra�&amp#15;��x�	&amp#12;0&amp#18;B�&amp#3;�zb��g�-u.��p�&amp#19;t!�Elvd&amp#31;����pq]�&amp#28;�lCc� 0H�7AN!@&amp#19;�&amp#15;&amp#22;�&amp#31;'��aˎd�F:&amp#22;k"�&amp#1;nH�$Kd>����#&amp#31;İ�	&amp#12;��&amp#12;�]�o�L#|�Cs�B&&amp#26;8�Ϙ'ˇ,f�R�&amp#14;�&amp#27;!����&amp#8;Ȓ&amp#21;.yc�&amp#4;<�&amp#0;�/��f��X���� &amp#22;�B�&amp#22;�S�񭅷��ɰ��k�I6&amp#3;��O=�r&amp#22;���&amp#26;��1�r4g�X�&amp#29;"k&amp#20;f�{�p&amp#5;����:܃�|��L�g�ٟ�I���&amp#0;�<^�,aI����&amp#7;~�f�]&amp#24;}\��6r`;�g�&amp#14;n>&amp#18;or��m�R}f��ƶ&amp#16;�N,�O�?&amp#11;� �:&amp#3;�ʹ�f&amp#15;�`��&amp#17;&amp#4;�`��%�̻&amp#5; &amp#28;N&amp#22;,p�,�rT�&K�����0�B�P���L���r&amp#31;]S&amp#25;pI�
����&amp#14;��-��3I���P�������vYk&amp#24;<&amp#14;3|���X�v�h����&amp#26;7v�&amp#16;�&amp#22;�&amp#5;�&amp#8;Qd9)t�NI�s!�̼m&amp#0;d�s݀�Vc�r�bd��d�sYc�&amp#12;R�y&amp#11;��r��&amp#15;;��|&amp#8;�g�%�H���1��aņ�&amp#14;Yܵ�8r䙼�A�� �����m&amp#30;&amp#22;0�2�&&amp#27;��)��ܰ�&amp#0;�
`ڪ�N�&amp#29;r�R�ʔ�4@0a��&amp#23;S� ���&amp#17;�&amp#2;�&amp#0;�C�'���BR&amp#17;&amp#14;�>;�R��$6zB.<���0�a�ܞۢ��~P&amp#28;�488vz/1��xLR�&amp#16;&amp#30;(�]&amp#22;�d�m�d}��6&amp#7;M���B�\�%�x&amp#22;���MS�s&amp#16;�&amp#8;o!�����1- &amp#16;&:�ȳe�|�B�!$�$Ʃ�|&amp#6;�8�&amp#7;�K�&amp#30;�0e�~&amp#3;��G�w�~6�&amp#1;y��3��@`&amp#8;Ք&amp#28;�9��&amp#7;H�-�5�>P�c��6�a�Ch��O�x#vV�y啒�.V%��v7&amp#17;��{^��'� t��$-��0-&amp#23;&amp#24;>��3x&amp#3;�w.���u&amp#8;�&amp#18;�&amp#22;»�3`&amp#14;��`�&amp#6;���A�H&amp#20;|�`�
�F&amp#7;-3&amp#22;x7+&amp#5;��0��f��)&amp#6;V�٤Y�&amp#4;�&amp#12;�&amp#4;$˪���`=|C&amp#28;�&amp#24;�.&amp#30;fߓ&amp#26;�m ���~��T�&amp#16;�X&amp#24;��&amp#4;=%�f&amp#29;c3@��dgH�D}&amp#18;j&amp#4;���Ȼ�01&amp#23;&amp#25;�nx���h��^؅&amp#26;@�laG�&amp#14;�6��3GP&amp#1;��e�&amp#5;��u&amp#29;&amp#17;�&amp#1;�����&amp#2;&amp#18;�L���&amp#12;r�-�'0a�u)&amp#31;a��g,���`&amp#2;��&amp#28;��v�횺&amp#15;�u�0�C��+��7ؓ&amp#22;~1�����nM��:�&amp#25;d9�N'�&amp#15; &amp#19;�;��e���&amp#23;&amp#31;oa&amp#18;l&amp#0;9&amp#28;p'���\5$]f臌-��&amp#3;&amp#21;.�L&;�>�hqjGh��&amp#0;�&amp#19;����x�81��a�x�&amp#20;�Ϭ&amp#3;���&amp#24;vk������!a��&amp#5;�<|g�c�I�2|��<�8>y�ck>*�D3&amp#0;pξ]nA�uD�R&amp#8;��&amp#14;`'3&amp#14;�&amp#16;&amp#28;=&amp#16; 1�ܐ�۪&amp#22;�\��&amp#6;&amp#22;��0&amp#19;�&amp#1;����g��F�|d 	 0�du�0̔o&amp#2;�&amp#27;L�&amp#1;幱ꄣ��'����{7\�ב&amp#15;�&amp#25;�0C&amp#12;���.K2�Z&amp#28;	�B8 PG�B�"&amp#21;�w�ccl&amp#0;�&amp#11;S~/&amp#22;�*�)B��h&amp#22;�Y?ߒM,6L&amp#2;���&amp#1;��ۈ^E��i&amp#24;&amp#16;�B|&amp#22;7�_&amp#25;�C&amp#14;�w��#��Ā�69�f+�x�R�_���c�C�BM���;~&amp#27;:������[&amp#14;&amp#16;��&amp#16;
gv&amp#2;4�k&amp#23;&amp#12;}p<������&amp#1;�EQq&amp#6;�X��o&amp#11;�$���&amp#28;��&amp#15;�Ol�&amp#5;�&amp#4;�Ŀ&amp#15;�&amp#20;�I�~ME!� ĉ�$&amp#30;�b6�B^&amp#19;�&amp#11;�����&amp#16;5'����׈&amp#4;tZ&amp#4;�զר{&amp#3;�"����`Z�&amp#31;�? �K&amp#30;&amp#4;�i�#�Һ7�'&amp#17;oܧ&amp#4;&��d&amp#1;�&amp#28;&amp#7;z?�&amp#2;��&amp#8;Ѳ|�i��o��&amp#21;T"L�;��I<&amp#11;u��X��&amp#4;�c�^Y�j��źd�{&amp#11;z&amp#11;�\�&amp#8;�]����rt&amp#24;퉱&amp#6;&amp#19;&amp#3;ᆈdn�,��/pi�@����M&amp#11;F�&amp#0;��&amp#3;(&amp#3;�&amp#17;�&amp#16;c;�5f��&amp#0;�U��C�&amp#3;�4̑3����-��qރ�uA&amp#4;�@�04�t�&&amp#2;�"&amp#28;8d!^&amp#23;ʤZ�&amp#4;&amp#30;[�3���c(z2��0%��&amp#5;��%I@��[,S�,^Z��ɲҒg$N�i
				<�x&amp#16;�ġ=h��ه'�t&amp#24;��6&amp#29;&amp#6;H07>#�&amp#6;�ݿJ�J�&amp#19;�&amp#23;���&amp#0;Ŝ��&amp#14;L��h�P�&amp#12;&amp#14;�&amp#24;��dD&amp#16;cLl�"᠝&amp#15;&amp#11;0/2#��ކ&amp#6;�JN&amp#0;�f�(b@_>&amp#25;~��&amp#3;�̗�.!�.&amp#27;�w��&amp#2;���&amp#20;Ke��\�D>0`r&amp#12;Ě>B&amp#25;�&amp#12;�l��)��&amp#16;$*(�,��3���1&�GB&amp#25;�z<�1&amp#14;[&amp#27;Ϝ&amp#11;t�&�8C�_���%����	��͡Y��p}	����C��J��NN��vĈ!��&amp#6;�1�i���;�&amp#30;R&amp#29;��p��9t� ����4a��ȳ�x��&amp#26;�&amp#18;^�aI&amp#0;�N&amp#30;B� s��/ż&amp#4;3�Ŋ����&amp#15;''AA�CB�y(I�ܰP|a�m1�8M�#Ę�t��&amp#18;�&amp#6;��&amp#12;^b��<p����=kG&amp#22;�b&amp#1;�ܖ�l�bi�P�&amp#1;��7��~NǄ&amp#5;Ă&amp#28;�&amp#29;$�&amp#4;0q�,&amp#1;���i���D&amp#31;6&amp#2;|�&amp#29;4���	��'&amp#15;�Fr�ss3"&amp#30;,�$0&amp#2;6�Ck��F��&amp#8; 1&amp#4;��R�Tr��`�>��B�ƂCqFr�&amp#17;tnˣ,&amp#23;��v����{�����&amp#11;��p�������0��p@��ae>&amp#16;A&amp#29;���q6�9@z&amp#4;�V�r02&amp#23;&amp#22;8&amp#21;M���`&amp#31;mY0��&amp#3;�	G'��W��~Zq��&amp#31;+���&amp#17;�&amp#2;�M^Ձ!��&amp#22;�&amp#27;���&amp#20;%2��&amp#4;�Ҙm&amp#24;/�M��9&amp#16;�7�:b����	�7y0c��)�&amp#25;z&amp#11;�=9p0��9��E�&amp#27;���#̐� A�&amp#8;�&amp#11;�&amp#19;�&amp#24;!&amp#20;B&amp#14;3&amp#15;�o���³L`g.ݞI=pN��7�Z`#�&amp#17;�`�i�?�3ɔ�b&amp#29;����&amp#14;L8�0@�Yl0�k�&amp#14;$�|�W��.�&amp#3;�a��0ZAO&amp#28;��x(ؐ��C�VIe���&amp#17;&amp#11;&amp#21; �&amp#6;\��Y�j!�&amp#21;�&amp#28;��&amp#27;"x��f-���r�&amp#15;V��&amp#28;�(`�W&amp#19;�;��s��D�����*=�4'O�&amp#28;��&amp#11;&amp#19;PD�&amp#26;&amp#14;&amp#8;8��&amp#18;�%�G����&amp#19;-�V�c&amp#0;&amp#27;�����Z&amp#7;�)� G��	<��&amp#16;��|(�&amp#0;q2�6n�&amp#1;����&amp#2;�&amp#20;&amp#6;W �&amp#2;&amp#30;6��;9�&amp#1;��x�L�w&amp#30;&amp#5;�&amp#0;�H&amp#22;&amp#20;&amp#5;�ݰ0&amp#31;&amp#8;����+�v����-�=H��²��b+(&amp#1;c�q�N���q &amp#3;&amp#17;&amp#12;&amp#4;&amp#6;܌��&amp#4;�O�3�9��"&amp#5;�&amp#2;��&amp#29;�Wo&amp#17;`p&amp#1;�(HL�cſ&amp#18;��&amp#8;	���L&�ym:>|����" �t&amp#3;&amp#14;&amp#23;��~#�|\rk&amp#30;�\I���j�&amp#22;$�Xf�|>&Y�&amp#28;&amp#4;�!��`�oP'Ƙ����>&amp#8;<m�~X�[��'M.�3&amp#6;Y�&amp#27;�&amp#14;��d,��u�8&amp#2; �l�+&amp#14;�1B�J&amp#21;�&amp#17;&amp#0;���&amp#12;S�d8d��!u#�!�v7&amp#7;,��&amp#27;��)9���X�&amp#30;-�rFX��A&amp#0;�`�P&amp#2;��&amp#19;�� �F!0٩��|�9d�4�&amp#12;��A�&amp#0;���_�&amp#2;�<&amp#1;&amp#4;&amp#23;Ν��Λ��$�b�����rٳ&amp#0;�lL&amp#8;�|�܀&amp#1;��&���z&amp#0;_��&amp#16;,@&amp#25;9&amp#12;6�n�L�<�b�&amp#24;$1.	B�#?&amp#12;�Rv}Y��&amp#0;�(&amp#5;gǖ&amp#11;梩&amp#0;�_I&amp#17;qD���_���/�Ƀ�#&amp#23;#h&amp#4;L��&amp#12;&amp#16;ۄI�&amp#7;�&amp#27;�D&amp#2;aO H&amp#6;I�YzK�30�|	�&amp#19;�&amp#23;SdQ|f��&amp#19;K1H&amp#22;����&amp#22;��&amp#5;�7/�������&amp#18;�>��0!����&amp#0;&amp#22;�&amp#0;a�l�&amp#24;� &amp#27;�Q�B�aCc�&amp#27;baؓ[@6I&amp#4;&amp#20;&amp#17;�"��)�?S�
���� &amp#14;G�\'V��&amp#6;���f
K:&amp#24;y8��\u�&amp#14;�.v&amp#6;&amp#11;d&amp#19;<i�e��&amp#3;l�&amp#31;�n>���/o&amp#24;��Ze�\�&amp#25;���F��с�LOWx�=&amp#18;�&amp#12;��h&amp#23;�E&amp#19;�&amp#15;�&amp#20;�&amp#22;�՛@&amp#1;�:&amp#6;m��A�SX:�&amp#2;#M0�&amp#4;�5�&amp#18;&amp#0;b�e&amp#1;�&amp#15;��#��~&amp#3;&amp#22;�`&amp#30;�5h�&amp#3;��Ig�&amp#24;&amp#19;�n&amp#16;�A ���0�L��ȱ��{&amp#27;�	lo��&amp#17;�&amp#8;1�a?&amp#0;�lxK'�#��&amp#23;M3Ș@g�&&amp#27;ap�rA�&amp#17;&amp#15;&amp#22;άRm.L��O>K��'HC�p�9\~D\	7�W���#��&amp#3;EPE˱�9��w&amp#21;���Ї��_���&amp#0;��ͧ&amp#24;B��0m'e��2�2;^�&amp#0;�@x���$�&amp#24;&amp#5;����&I&amp#29;&amp#27;�&amp#18;&amp#31;ե�&amp#8;J$f&amp#8;&amp#1;`L��N^��f&amp#7;�D&amp#14;&amp#17;I狓c�&amp#12;j>���&amp#6;�cF&amp#18;c���K���@5�)&amp#8;p��#��Cv&amp#19;&amp#12;�&b�&t�{x�;�>y$?&amp#26;s��v&amp#0;�q&amp#30;u�sV?,wjlx&amp#28;"�\�<���&amp#3;�@3�&amp#11;KC���³�&amp#23;���{�k&amp#5;YȘ�1��m�&amp#5;c&amp#2;&amp#2;rd&amp#24;���'R&amp#7;&amp#16;3�&amp#7;S�q&amp#15;��A�f��m�z�!��&amp#8;'�l�]�&amp#30;���&amp#26;�n��l��q-&amp#28;&amp#16;\��&amp#7;��K�n��T�;&amp#1;<���>y)l���L&amp#11;��&amp#8;�?�v�l��8KM�pCH|@v8-�3�����wgI�"�&amp#28;��&amp#25;�X�&amp#20; �#&amp#3;��=X!�&amp#8;Y�S)?&amp#15;&amp#14;+�&amp#27;�&amp#3;�؄p�n��EжSaH?~&amp#1;rbb�2&amp#0;�~F(�.9n.X&amp#19;&amp#11;&amp#27;|���*�i�ߓ�T��DY`e���#S&amp#7;x�t���8&amp#28;�fF���&amp#24;K�t���&amp#1;����>���L.&amp#16;�P)�oX&amp#24;�q<��h�&amp#11;�x��	�qN��&amp#7;��,&amp#6;��&amp#16;����ն��6ϰH〷�&amp#2;k/�|	�9I�����*�8��u���3w�QAͣ2&amp#14;S&amp#12;�'�zr�e�vZ.���ͶJ7�G��&��&amp#15;����D
|C&amp#4;��&amp#7;&amp#11;���&amp#0;&amp#22;��疋�g �&amp#20;4C���n����bZ&amp#25;I�2[�#�u:�&amp#4;0�&amp#4;�&amp#2;<&amp#19;�X֗Y��ΙH�6&amp#8;���&amp#28;���ܓw�*$�#"�&amp#22;Y0H&amp#2;Qu&amp#7;&amp#15;,j&amp#11;�H�s&amp#1;&amp#25;�Uζ&amp#20;�&amp#19;���/�.f&amp#11; 	�3vY���P�5$@ZX�&amp#28;&amp#27;��Q`&�k�饻�s�[�j�&amp#5;5�g�,&amp#6;�&amp#12;&amp#24;�"tN�<�BY�/Po���<2&amp#28;&amp#28;S�&amp#8;6&amp#8;ז���.xY�[0�ݲG�ܼ&amp#12;&amp#30;ȿ&y�����'B&amp#30;;N&amp#7;0�L	Eߚ>&amp#8;�&amp#14;�1&amp#15;&amp#1;%�h�-��I�a�J����A`�j[�1�&amp#17;&amp#31;"�/&amp#30;F���&amp#0;,8Z�&amp#14;Y&amp#17;���&amp#7;�I&amp#29;�?���e�2;�&amp#25;�e���~.������]�&amp#6;H�&amp#11;9h29�m�H�F-m?�1�.Y,�͙&1I|&amp#18;��&amp#17; rA;�&amp#28;��&amp#24;�p�&amp#3;�FA&amp#2;�&amp#27;�6V���<;&amp#11;��-�^M��;&amp#28;I��y&amp#3;l&amp#20;ݸ�q&amp#14;�&amp#25;��.��4@j�&amp#2;P0'&amp#21;�L�|���u�Af&amp#25;� s�ʮ&amp#1;�&amp#3;Q�[�Ԭ�
n/4��+1��d�޲�'=�� �&amp#18;�՟��xG^1&amp#1;��c�&amp#18;#�
&amp#6;ް&amp#24;���b&amp#0;%K&amp#16;C�)���H :x'B�O�&amp#6;&amp#7;��L\�&amp#23;h� ��6��DOD&amp#27;&amp#15;U:'X7Z�*EJ�&amp#28;&amp#0;صJ&amp#0;�|,j&amp#20;r;&amp#6;=���O�ص��p뗙&amp#16;�� ]',D&amp#20;�rk=��&amp#5;�&amp#18;#����>F&amp#30;y|-�O���&amp#16;�ng.&amp#22;,̸?R&amp#3;tn&amp#12;����&amp#7;��ت�a��-&amp#3;��е��L�Ι&amp#30;���E�Y<��`�&amp#31;�&amp#2;����m���,��ܻ&amp#27;&amp#16;����p[b>ac����&amp#16;&amp#30;1P�.�ab���?���U5�~��&amp#24;B��]��(U�X&amp#31;&amp#27;�@��E�&amp#1;iZ�&amp#23;�%_����}�&amp#30;N�&amp#5;fF&amp#17;�G�&7c^X�,�&amp#4;��8<1=c��!�&amp#18;&amp#3;h�	8&amp#22;�,�Z�gN^�5`�~@Y&amp#18;�E&amp#11;&amp#3;�s&amp#11;�
���")�p&amp#21;�p��(Q&amp#31;.4&amp#20;&amp#1;C&amp#21;�v�&amp#15;�C&amp#21;h���EI1�A��&amp#3;v651ަ42�&~F�� &amp#24;| j�C�����r��d�&amp#12;&amp#22;"̃��&amp#2;G7 &amp#15;�P|�̋&amp#24;c&amp#30;�/9+3e�:]1d�!���&amp#24;{&amp#24;;h&amp#16;&amp#28;я`�Y�4������%�.�^�5"��M�&amp#11;&amp#31;,@���GX�=�
o�0m�1&amp#24;�&amp#2;&amp#28;��9��&amp#26;S�`]&amp#8;{��1�2��Go
��-�
&amp#31;&amp#20;�5!&amp#30;B6&amp#20;��/0$&amp#27;(��&amp#6;&amp#31;�J��&amp#11;w��F!�z&amp#7;Q��"�)&amp#6;�k&amp#15;�K&amp#26;&amp#14;&amp#12;�F&amp#3;񰛍&amp#2;�Ȏ.fX�D&amp#22;!&�C#+�_��3wD^��8&amp#23;*�����C&amp#14;&amp#26;&amp#19;n&amp#8;�&amp#3;��&amp#17;2h[q&�F&amp#0;����3'䅏�n6 ʉ&amp#31;��1a�f&amp#26;�̓&amp#12;a��[K0cXb�&amp#1;�F1� 2|�8�&amp#14;M&amp#6;<�&amp#8;�����&amp#0;&amp#11;.W!u$A��8&amp#14;^&amp#3;�~y�q��~lt��l[���z�q�&amp#29;��!��&amp#29;{&amp#7;˰�-��kwP�:!'�ik�p�,$54�����"w.�<�&amp#27;��d.]�nn\i&$&amp#6;Y��e�7�;&amp#8;ܮ"2&amp#21;=6��&amp#11;9���*��A�yn@(�&amp#17;��v�C� &amp#30;��&amp#8;��"�O��l��4�)�U�&amp#28; @��&amp#24;&amp#16;D}.&amp#11;��+9s1�t���&amp#2;�6�׀&amp#15;��{-��|DqW���e���: �&amp#8;`�>�+o0I��h30�X�,n&|�&amp#3;&amp#24;�&amp#5;�&amp#20;Vs&amp#11;&amp#24;�&amp#3;�eM��j�I6e}M�R&amp#18;���1�ʄsOqDiې����hL�9r�#�)&amp#16;?�N�uχ�&amp#16;ܸ�<&amp#8;�`�&amp#5;$�?����&amp#11;���� �~&amp#30;99-�P��&amp#18;)�&amp#22;�ܚ&amp#11;f���ƒ���7DQ��@T���I~,>b&amp#12;�P�eŰd&amp#1;�&amp#23;3&��A&amp#3;&amp#18;F^&amp#16;�jF<�E>C)z&amp#4;_�e��&amp#7;�t&amp#29;
f&amp#8;�u��ei!�t;',&amp#22;��J���?ʀc���I&amp#26;��&amp#27;`�b�e�܀&amp#1;�h�&amp#20;��[&amp#23;�Ę�Gd�j�#��	�=R��&amp#3;1ǝ����[&amp#18;&amp#25;�$9lr�c0#"1&amp#22;�r�&amp#21;��&amp#7;�q&amp#3;Ɗ*|)�'R�P�LL+ǡ&�&amp#14;�&amp#5;	�&amp#27;y�3�"Hd�&amp#16;dJ�&amp#14;x���4�
\&amp#0;�)j&amp#12;��z&amp#12;���,i&amp#1;&amp#20;���L&amp#15;چ�0�&amp#3;�Č�H"�%�~[��a�Y+�qd�d�N�j��r�&amp#0;�&amp#16;a�Ԡ��&amp#2;f�q"���dB�*><x�4&�r&amp#24;&amp#28;���h��&amp#20;�[���&amp#8;a�@1%ɥ��&amp#22;+&amp#1;�&amp#5;'A{C�&amp#25;&amp#11;�Ng>1¾n�&amp#31;M�&amp#0;t-�/�a&amp#18;,F�#�ͨ��g�����6ty&amp#2;=,�c&amp#22;4�#5&amp#18;<&amp#8;�	&amp#21;&amp#30;���&amp#8;�B��;�&amp#18;�\`&amp#12;y&amp#6;���&amp#7;{&amp#30;&amp#24;�S��j��n��&amp#12;1��L�/Ĕ��0#�*C6��|�-����>A��q�&amp#20;�`y菅����='N&amp#4;Y���ۛ^�9&amp#24;&amp#25;d�3��%z&amp#1;&amp#16;A�&amp#25;�&amp#6;�&amp#4;P�&amp#16;/��&amp#0;& &amp#12;l@LO&amp#5;��<Xi&amp#17;Uae.��~�1&amp#27;�!�4OE�@��u����y8��鶰p��e&amp#15;�&amp#18;�`x�%��&amp#16;�&amp#4;�nag8�*(�&amp#28;�z�&amp#30;&amp#22;��&amp#18;s��{+�H&amp#4;E�&amp#2;���&amp#22;�F&amp#16;&amp#17;���NlS���죱&amp#30;��,˿�4�1�C8�A@� �!&amp#22;&amp#5;���d�&amp#16;&amp#29;���b�3�[&amp#4;�&amp#24;2
��&amp#27;h~b�#S�b�&amp#11;VNA&&amp#28;'�B��h^}�+SJ�\�=�P&amp#19;9&amp#8;b��C�&amp#20;�� &amp#2;ه�nx��&amp#16;��&amp#7;���ζ����&amp#28;�V&amp#21;�&amp#0;4�&amp#20;Pfr&amp#18;��s$ώ.>?��I&amp#22;4�+q��	�&amp#18;W�S�Ll��&amp#22;&amp#6;p�hO�?6�~&amp#2;���e&amp#8;&amp#2;�&amp#15;�F&amp#17;'�^F��1�	�.�&amp#27;%X���M���&amp#4;Q�cW=��uKy�s#ϟ���&amp#8;�&amp#22;V$0,d�f&amp#23;+��Aw	p�&amp#14;���L�&amp#2;�&amp#28;b��� &amp#25;$`���v��Z|�&amp#28;&amp#2;@&amp#23;�q&amp#7;��&amp#2;D�z�X�:&amp#30;k����&amp#19;�&amp#1;�&amp#2;����&amp#29;���	Z�&amp#26;�&amp#20;x���A��ly��V�&amp#29;&amp#4;�!&amp#8;f�4&amp#23;&amp#0;a&amp#28;&amp#20;Z��m�dF��)���&amp#30;�ں�&amp#25;�f?8��&amp#4;��)�"&amp#12;���&amp#12;�&amp#24;Hp�x&amp#15;�8�b1&amp#30;�&amp#0;m6=�{���&amp#7;s��`��*A�&amp#11;(>�/C���&amp#24;�+ǌ&amp#11;��&amp#18;@34&amp#16;&amp#3;,(&amp#16;�����&amp#11;�a[�{ &amp#23;�4�6� ?�&amp#4;؇��s�!�,&amp#26;^{&amp#14;t�����R��aYcB���A>�%��&amp#0;6A&amp#14;&amp#23;DcN<[��̴<�=������O�&amp#22;s�J̳#Oi&amp#7;&amp#15;��L�������L&amp#0;�:fi�8S6w�'�#�[��7+&amp#16;�)(h�L/ď��/&amp#5;x�&amp#29;&amp#27;������&amp#24;4*|�HA��G����Fc`J�3DJ�Ȼ�M&P�c$K�@M�m4��)&amp#8;�ۆGm)w��z�B,Ve&amp#15;�����#k�?&amp#19;&amp#11;Q&amp#11;&amp#0;��D�&amp#8;��&amp#11;t�F�mOcP&amp#28;�h&Y�&amp#1;�
�&amp#28;R�jl�2�&amp#23;�&amp#11;�\EE&amp#1;&amp#18;��hI�/&amp#2;
زJ�&��&amp#16;�n3"JN%w&amp#21;&amp#3;�c�7Ă�e��Ϡ�j��IHl&amp#0;�&amp#28; �&amp#20;��cxN-�&amp#25;h�&x&amp#23;qd&amp#4;}�`�8}!cx0�	&amp#18;q�.��-[��
�@��:^|&amp#14;8H�R&amp#5;�&amp#21;�'[b9i��&amp#12;�:A&amp#31;�&amp#18;���&amp#30;$�3z]�J��&amp#19;O&amp#18;�&amp#17;�ԃ/&amp#4;�&amp#22;&amp#19;�.&amp#16;�&amp#22;�»Qq�&amp#6;R'G�Eq&amp#28;S&amp#15;&amp#18;&amp#3;,~B�&amp#19;&amp#16;ȥ&amp#16;��R&amp#23;��&amp#24;d�&amp#27;&amp#4;"my&amp#23;t&amp#4;\t�P�eџ�c�XM�!�&amp#0;�&amp#12;&amp#7;�&amp#28;d"<&amp#16;!�y�pX���RȈr�&amp#7;&amp#25;B�"&amp#20;Ƞ��X��&amp#20;�&amp#3;W[k&amp#19;�h�t��%&amp#2;+��.���F���)�2���1�i�&amp#12;�p'&amp#6;�`EF�uq&amp#4;5e��Y�n8&amp#17;����y&amp#20;L�؈pH�#z&amp#22;p��&amp#3;m�%�m>&amp#0;���&�"Vo�TA��6"�&amp#26;NF�0&amp#27;!�njW�&amp#23;&amp#4;a���ʶ��������6�4�"�-�o��g��\&amp#8;�\;c��yj�y&amp#3;��F&amp#23;-���uBm���b&amp#12;&amp#29;S&amp#14;�X/�=@&amp#15;���Lǲ5��`��&amp#4;&amp#29;����'&amp#5;̲e&amp#5;���*#�&amp#31;�&amp#2;���M8�:71�D8�\�%Ђ��1��&amp#7;B4�lB�&amp#26;#��&amp#7;)z��@B��F\�U��&amp#20;�&amp#0;�&amp#15;&amp#5;*�_&amp#31;�x��&amp#2;�Hv�&amp#29;~3�%���4��Gw&amp#27;&amp#7;͢؏	8�З��(&amp#15;�"��&amp#5;kX �6�*�&amp#0;dg&amp#7;�1LO&amp#22;y�
�:��k��4�m�"&amp#12;Bى&amp#6;WI�&amp#23;�zg&amp#28;GD&amp#12;�81�&amp#11;��Ё� ��|D&amp#4;1n&amp#31;�P&amp#0;28&&amp#29;�q�!O �`.$z>&amp#2;�ο��煈i1�1̍8�&amp#11;��e��GO�&amp#31;,&amp#12;��O�~%���>%�k9a��J�U60�E&amp#5;Uf�0��˕Ns��O����l8%(H�˴&amp#4;x��B��X��}u�K���&amp#31;	x9&amp#0;�j6P���#b<A�c�'�%3�MXЈ��<��}��6&amp#7;#�rL!&amp#30;��&amp#8;�\�&amp#30;Mt�!&amp#31;v���BR�>��ؔ�8�&amp#1;�(<�&amp#1;&amp#25;�	��&amp#24;��4�ꃇ�
��4}&amp#25;�>Є���%�G&amp#12;�6�x�6������O&amp#20;&amp#30;&amp#28;5�2~&amp#7;6j&amp#18;�9��F�uq�1">� !&amp#7;�`�_�a&amp#14;C�h�kh&amp#19;��X@�C�&amp#22;F@d���K���j&amp#8;&amp#5;�&amp#23;d0&amp#7;�Ag�~1A&amp#12;�&Ԍ �&amp#30;^ŶN��-&amp#19;&amp#22;ٽ?&amp#26;
{&amp#5;�3��F}K&amp#30;|�ŗ&amp#8;w&amp#5;	���R����L1g�Y�9k��Њf��&amp#30;�ͳA�2c&amp#11;�&amp#6;&amp#19;�<��h�gZ)�&amp#8;�cf�_�sI�+I�=�E&amp#2;mf�&amp#18;x���^&amp#17;��Nn_�&amp#3;����#&amp#25;:�n�Z�&amp#4;&amp#6;&amp#26;���`��&amp#20;c&amp#12;�[�"�Q�1��b'�g&amp#15;&amp#17;�[��Z����&amp#8;$&amp#4;4�S��&amp#18;�;7&amp#5;��&amp#4; d!@���L&amp#17;&amp#4;&amp#1;�����Hԅ���]0|I5+ټ�bT&amp#12;&amp#18;&amp#3;�r�&amp#18;�j��N���C��dqς�&amp#25;�D�b�&amp#6;��.�ƂD���z�h&amp#7;d!�(�q�k7M���n�x�&amp#16;&amp#24;!k�&amp#19;��&amp#24;̓���~cyF&amp#12;e��g�"9q&amp#21;&amp#28;��"�ߞQtP��&amp#11;bf�j&amp#25;&amp#26;�����ZN]&amp#27;�q&amp#18;s99�G��{t��2&amp#12; ˖$�s�##�o&�9�/a�ņ
�&amp#23;&amp#2;I�C&amp#17;�c�Ģ&amp#27;�R��&amp#0;�cy񂈶�&amp#24;
K���䏌�&amp#0;#�&amp#17;Gn&amp#12;�x5#&amp#24;&amp#5;+��[�m�!�&amp#5;T&amp#17;&amp#30;�L`�O�`&amp#6;��O�ˠ�R&amp#8;��&amp#24;��?&amp#8;>&amp#12;���߂=�(&amp#26;&amp#16;p��R_tߧ|&amp#1;���l�Pɿ&amp#31;��1&amp#0;�F���&amp#18;�����&amp#3;���&amp#20;
`�|)�R�}��&amp#22;B`H��&amp#3;��*��&amp#28;f�Q�:n&amp#27;rH�i�>E&amp#0;�&amp#20;٠�>�&amp#2;�c�>A�Nm�Ԏ�QrNs9�&amp#12;�r�`q{U�.��P�C&amp#30;&amp#12;����G�&amp#20;�h&amp#24;y&amp#1;&amp#17;l�&amp#16;&amp#31;�$�&amp#12;&amp#4;&amp#15;��r_������&amp#29;��a��`�U��a��>&amp#30;&amp#23;���o�&amp#5;&amp#18;&amp#1;��f��&amp#27;�I�`�1CC�&amp#4;O�&amp#7;q�!&amp#24;�&amp#4;OY���H����&amp#31;�	��M&amp#20;��|��&amp#27;��V.h�&amp#0;��+&amp#18;&amp#7;&x&amp#2;|�&amp#17;��<F&amp#6;&amp#11;�?6�U�&amp#6;&amp#27;�zn�vd��b#~ x&amp#21;&amp#0;]Q4&amp#28;&amp#26;\�&amp#27;-�b)"Z&amp#14;�&amp#1;gپ4���`&amp#30;&�	h�&amp#4;r&amp#16;`2�"|�y�Q�Fd&amp#20;��&amp#16;Õ�v�X��&amp#27;a��&amp#25;'-�����8&amp#3;��y%��T	-K��HQ>E&amp#12;&amp#29;��`&amp#17;ˑ��A&amp#0;F&amp#2;�S.[`c&amp#17;G&amp#26;&amp#12;C4V�:�F�&amp#3;&amp#27;&amp#2;C�
�@�f_d&amp#11;��&amp#3;�p�&amp#15;�&amp#29;X���&amp#19;S�/͏,�h��ǲ�&amp#30;al<�&amp#18;]�&amp#1;�Z�� ��O��&amp#18;�|��=��G�Bs/2���A�5��p
���"�X&amp#19;m�aܿ(&amp#29;'�Xͳuw�M��հ�3�|� �Fꣿ&amp#16;7	o,�tv�&amp#15;:�&amp#1;L&amp#0;*��&amp#3;R�*� �7lg&amp#17;�5&amp#12;w,�v�q���� 7
�8-&amp#2;Pm��#�֣�kJ�4&amp#14;���U�F&amp#19;4&amp#12;s�&amp#1;&]v�$_L!IHy��&amp#0;�I���紮q�,���3(��Z&amp#8;��1�1�o,�&amp#17;ߐD��F$P�l,���E�k���z&amp#3;��&amp#19;���3r�0`ݙ�%��Ca`2s�0f���&amp#4;q?�t�0C&amp#7;&amp#28;�hKp��^&amp#16;&amp#25;X&amp#11;Is�&amp#30;�8&amp#12;I��]�|�a�ɘIR`&amp#6;f�D2O�8��A��&amp#16;clq�� &amp#6;s&amp#28;�E�&amp#3;&amp#29;�'"�uV�_���~��&amp#22;���&amp#17;�J���&amp#4;\�&amp#8;�`c�К��T��;�G&amp#18;_u�&~`T&amp#5;
Tr�&amp#31;�&BV�M &�FH����t�p���E�˨��EG&amp#3;&amp#12;&amp#31;�Gt{�]L�;hD�&amp#3;�&amp#20; ��N�4���&amp#22;Dʔu2�o�tJɄӨ~'9	W��&amp#16;k�&amp#27;&amp#25;��&amp#26;&amp#27;�ʧ�B�&amp#30;�+�(��&amp#25;岡_*���,&amp#15;l�1!�&amp#23;��Uy&amp#2;&amp#23;0&amp#28;��&amp#18;e�%&amp#12;�&amp#15;D�\5i4�&amp#15;׵4G&amp#2;챏��2�&�nƏ�&amp#17;&amp#27;F�&amp#8;�&amp#4;mĸ�����&amp#19;�!b9�P���c�&amp#3;�m�:���E&amp#3;>vVN�?.�&amp#3;���w|&amp#16;���L�2!ͧ&amp#20;��l�nRk�鑑��&amp#17;�.� &amp#5;�&amp#23;�
'È&amp#16;�ư&amp#4;��&amp#3;�X�&amp#2;R&amp#14;>O&amp#6;V�h&�iE�]�0h`2��?�u��D+��oɖ[��^��,6���WK]&amp#19;&amp#5;�I�Z�!��&amp#3;�M&amp#1;fl��&amp#4;�&amp#12;�=/i@EV���L�?�q50��Ύ����&amp#0;&amp#12;�7��&amp#31;~N˃�x&amp#20;��3x��+&amp#3;�>�bg&amp#24;�M�d=X[[YM��;�x*%�)&amp#5;9?�i���y��&amp#4;�A��to��&amp#21;�ae&amp#25;_�&amp#3;&amp#6;��w8&amp#31;&amp#22;�w���ﶀ�J>&amp#7;&amp#12;�oY�s�Nág2�V�)3�&amp#4;��d��oN6���&amp#19;��.k�w�#w��mZ&�-��&amp#31;b�����"yn�vr3'Ԝ&amp#15;b&amp#6;�O��,�"x�&amp#19;��U����:$&amp#26;56&amp#21;�m�F9�&amp#27;s&amp#16;&amp#16;d���&amp#28;�b&amp#11;�P&amp#27;��jCT��	f�ȅ&�@�&amp#8;��fA&amp#20;B�9&amp#7;&amp#6;,-�!�&amp#0;Y�&amp#11;�4�d��f�{LD0c&amp#25;�8�&amp#5;%L]'�r|�&amp#3;5�&amp#8;�&amp#23;��B|�����u�&amp#1;c�d=�:N�����;�6p�&amp#17;�.�eC-+Ц�&amp#29;E��ϛ!2u��$)&amp#20;G�dm�&amp#14;{,:ܕBႯ!&amp#7;x^�&amp#30;E&amp#23;�&amp#29;��`�PѴ�c����I�&amp#27;(�l�"l{&amp#15;ŭ���y>9�M�2%��0r&amp#16;�I���&amp#3;9�%�w&amp#12;X����&amp#19;�1��d;�T�ؚ|2�&amp#18;*蔣�9Z�K�a \�j{au6� r{�.��&amp#12;��&amp#12;�.�X;��Ab&amp#17;y�����Ȁ&amp#1;�����aQ�A31D�&amp#25;�>��T|&amp#12;&amp#27;&amp#8;��2qu�K&amp#24;س&amp#27;a�!W��&amp#0;&amp#16;�5N\h�&amp#5;&amp#17;&amp#6;&amp#11;i�^�&amp#16;������P4&amp#21;�("���$A&amp#14;�,&amp#16;&amp#2;����&/� �H&amp#22;"�4&amp#28;��&amp#31;�r���L�'<�y&amp#4;!�[&amp#23;����D�b�i�������#��Cl&amp#0;�L���&amp#23;��:N���n&amp#25;W>����&amp#28;v=&amp#6;�&amp#3;&amp#30;�̲��&amp#21;Uٟ�u!�G#L�ߑ�yx �(&amp#1;����/��J&amp#30;�=	�4ˬ�~.0�&amp#27;&amp#8;�ˍ��ʞ�&amp#8;HN�g`�&amp#24;&amp#3;�8@&amp#22;4�B�~��-3��	%}����Z��&amp#14;d�P�&amp#25;dc�4��&amp#15;&amp#2;8&amp#29;�H�C:�4�6{�ȏ�JH3;ђq��#0��Ք= �S
����&amp#22;��2�Q:�I&amp#24;�,��&amp#12;�Z0�&&amp#22;�ʓ״��q��A�$la�&amp#26;��&amp#21;�p�c�]F�G�b�(#V�	:&amp#12;#:��&amp#22;�,s6й6�~9ye��&amp#19;vW��z�b����q���&amp#7;Ƕ�/:�/&amp#11;|>E&amp#11;�&amp#29;�&amp#2;hS&amp#20;�/�B&amp#19;�&�R�K/��&�e&amp#29;@�;&amp#14;J׮8 ��a&amp#12;�2;�0f�|�H�&amp#31;&amp#0;ɼ�\˾H|i�I�&amp#16;Wh���xO��&amp#8;�aȕ��&amp#4;[&amp#14;Gk�&amp#19;z&amp#12;&amp#4;�&amp#22;ϙ"�@�\&amp#19;Zӝ����_��e^&amp#28;y�&amp#0;~Q��4ҷ&amp#5;T�$%�C&amp#14;�j/�&amp#17;A&amp#6;&amp#19;	��;���Z:&amp#18;�S�afr�0Y&amp#1;&amp#19;�/j
�� &amp#27;�Z��&amp#0;&amp#14;�1,OC��`&amp#31;�̶*��&amp#16;&amp#16;u�I2p;&amp#20;磰�v�a.0�u�q�&amp#11;gB&amp#15;&amp#6;���&amp#6;�9催������|6M�����~G���*�&amp#31;&amp#7;&amp#15;&amp#18;1��"[&amp#14;K�&amp#2;&amp#6;dj&amp#29;�&amp#27;&amp#16;����v/Շ�&amp#30;�"<I⌌�O�~�=�VZ'm^�/���9�}c.ڴ�=�&amp#2;&��8�&amp#29;�$�&amp#19;�/�&amp#8;&amp#15;,м��&amp#8;��&amp#11;|]�i&amp#19;Ƈ
f��&amp#4;����&amp#23;�G6ǖ����%b��&amp#15;1$c!.|<g�%�C���H6CpX&amp#0;���oΟ�&amp#29;��&amp#20;І'&amp#14;E&amp#0;��Q�k�
`�P���}R���&M&amp#17;A	��V�@����&amp#20;��*�
|3�(�&amp#5;l�"�&amp#8;�� &amp#8;�&amp#1;��9`�&amp#25;.&amp#4;�O"�����!։����	��`8r%7&amp#4;Qa���&amp#3;�3&amp#11;x�&amp#25;N�&amp#14;3�&amp#6;1&amp#29;�-&amp#12;�*L����&amp#15;�gV'��'fA�'&&amp#0;$<N�5��)�p\'�g��&amp#31;&amp#29;�F!V��x&amp#16;ܦ�&amp#3;f�ck�&amp#1;��&amp#11;&amp#23;&amp#27;mo�&amp#15;m��tʣ&amp#16;&amp#21;&amp#14;�-	h,&amp#0;��0�&amp#22;�,��Z=[cK
&amp#20;�&amp#27;&amp#1;�Z2&amp#8;zy&amp#17;hd�P&amp#22;�&amp#14;#��&amp#8;���>�&amp#3;U�&amp#15;/���	Fm\W��A&2���X,pG�0L�Y�>&��7,�\G&~V�Y@@&amp#19;�U�#�v1.�&amp#23;&amp#8;���y8��OܞI��S��혣<��� �D8r��&amp#6;cEW�&amp#1;&amp#18;�ɈTi�J,���Y&amp#26;&amp#25;R��X���AC�**Х��,���7j�Z�0��	�&amp#8;�r��4�&amp#1;��&amp#2;|&amp#1;�O�"�Kuih#&amp#30;G7��Պ��7�&amp#28;�&amp#21;&amp#26;�o�eIO-^B&amp#19;��o��M��E&amp#28;e�&amp#23;&amp#16;$�x)�&\C.�;'���d&amp#12;M�d'&amp#23;d,<�������X�#�0��&amp#27;G6&amp#1;~e&amp#24;�rO&amp#23;&amp#11;��Ǳe�c<�\�8CĎ�Ѯ��M1X�Fg.<B&amp#26;A����&amp#8;X�?�S<2�Jj���Y`�g�\]V*>O�	{Q�&amp#0;��^'@!6&amp#22;&amp#15;&amp#26;(�~%?&amp#24;Lr�s&amp#17;J�X���q@�ka��&amp#12;&amp#31;AȄL�t�ٹ&amp#25;�&amp#25;u@�H�1ܜ&amp#7;&amp#1;��&amp#17;P)&amp#1;�(�F;x�x&amp#1;���&amp#29;��&amp#20;GT��)�n��&amp#27;�&&amp#6;3��m�#��BD&amp#18;tq�&amp#0;��A�&amp#31;����&amp#11;��&amp#17;�X&amp#14;Z&amp#20;&amp#19;s���k6�$+G�d&amp#27;�2CH&amp#2;�����gu!��0�V&amp#23;&amp#4;󼃰m��G���&amp#5;L���&~F��p�G�C&amp#20;�&amp#6;˅�&amp#12;�p&amp#23;<�&amp#0;��&amp#11;�
;l&amp#5;��&amp#19;���&amp#8;�Ͻ�G��~Z�Ɏ̶��h�e����&amp#8;A��2#xB6�]����&amp#5;y8.	�RD��&amp#22;~D&amp#0;��}�Rơ&&amp#1;`.�R�&amp#2;��&amp#14;�udu�g��)D쓕.&amp#2;�&amp#14;ȭ��k&amp#17;U�rq�C�m&amp#23;�̤0��:g&amp#22;D>.�p&amp#6;a��p�&amp#23;I���&amp#7;f���&amp#17;�3K>FH&amp#17;ڈ&amp#23;Qs���&amp#11;�!�{)��ʏ����09&amp#24;g�&amp#15;��^9N�,0f&amp#24;�&amp#7;�ۉ&amp#29;���ש����_&amp#17;&amp#16;&amp#24;v#&amp#26;�&amp#31;'��J�|&amp#15;&amp#17;MȌ��&amp#29;-�&amp#26;Xd��&amp#4;y���A=��-K/&amp#25;bg!�o%c6&amp#30;�&amp#29;l=Nso�&amp#17;��>�I�&amp#0;��2:&amp#0;��hIt1�3G&amp#22;�r�c�&amp#18;�G&amp#27;�/&amp#23;���L>&amp#12;2X'Xx�&amp#29;z[&amp#28;A�^C$z,�lF&amp#18;9z��'��HP���)�&amp#2;&amp#15;�ʒ�&amp#16;��&amp#3;�&amp#30;&amp#4;��&amp#2;2m�j��P&amp#15;r&amp#30;2А&amp#29;&amp#8; �A���&amp#12;;.�A&amp#12;�뢂�&amp#27;&amp#12;s�0!$&amp#14;&amp#29;⡠&amp#25;�E�&amp#2;�T�hD�&amp#2;
uI�Y6�&amp#14;&amp#3;T���0J�����@�[��e&amp#23;�� �k�D&amp#15;���&amp#19;&amp#4;�&amp#5;��"&amp#0;&amp#3;�W�XL!��Li�Lq���`&amp#19;?���`&amp#4;`�dї&amp#25;��Ũ�\#�^�L��&amp#19;�of�_�#�&���b��7"DzoC.1�>^S&amp#5;#���;�'�뒜�,&�k�MlY4�9�G�'@�0I�&amp#6;�&amp#2;&amp#14;���#�&amp#3;&amp#2;�M�N]	`�'��?�&��4h�L�&amp#28;�&amp#22;�&amp#27;XLG�C&amp#8;�>V�����f�&amp#19;��`&Mm��0�ː&amp#14;�fݞF|_�&amp#7;|�f&amp#2;x"���3rh�&amp#27;*n��q��X&amp#25;�@�&amp#16;>1���&amp#6;��4G�^��l �:��KJ%��u~6&amp#7;@&amp#4;�h&amp#1;�.#�Mj��2	��#��	�RAEz4��&amp#18;�u"&amp#18;&amp#17;R�7/܂�0p�<�� O,\����&amp#26;&amp#5;�&amp#29;�-&amp#24;<[�.&amp#15;�5�&amp#15;b�{-�&amp#28;g��]9��F"9Ƕ���z\&�z��ϧl�~L���0�ٷq�{f&amp#25;&amp#1;���&amp#11;[&amp#8;���!#&amp#3;�ј�V���V7�1o�8G��	��'�t-&amp#18;&amp#28;,�!�K�_m��ٔ�����&amp#0;�(t`	��:{g�,,G��d�y�&amp#22;&amp#2;u(��(0�ܟ���&amp#28;@�r	��7~%�&amp#23;����&amp#2;�&amp#1;�&amp#5;��~�5&amp#7;�|qs&amp#24;��&amp#28;&amp#25;���E&amp#1;J�&amp#17;5!&amp#2;&amp#22;�&amp#28;F�V��,�^��`����3G�݋�&amp#16;��&amp#16;�J�&amp#0;nu&amp#23;&amp#21;��v�8j��Bc�s*��0p����24W&amp#30;�p{P&amp#17;���t�&amp#4;�k�&amp#17;&amp#28;l�&amp#3;a'��n�!&amp#8;h�� &amp#23;&amp#25;���,>$&amp#8;>�&amp#28;~O\Aā|&amp#6;��&amp#5;l!���0Z&amp#28;/����9&amp#25;�I,�&amp#2;�CxP�_$&amp#15;�D�IP�&amp#12;�~�~��k��{d��&amp#17;͔�&amp#22;�m��&amp#7; &amp#31;�&amp#7;�0 �&amp#11;�>|&amp#12;�~&amp#14;�oˇ�XY٩��&amp#24;��#ܹkҁ�&amp#23;�H&amp#17;�ѿ�s���дd&amp#12;#�Y&amp#1;&amp#4;�/t�����&amp#6;?f6��pHgBL(��c�H�I(&amp#18;��j5��������C���&amp#8;u&amp#19;
&amp#20;h��&amp#18;"&amp#4;
���`)Yn|&amp#8;&amp#8;X&amp#16;a�����E�̰�&amp#8;��&amp#6;&amp#31;� �&amp#17;)6ð>&amp#27;^&amp#2;bp���T�'&amp#25;�<;�$���/�1�#�I&amp#1;��?&amp#24;�$��>aj &amp#20;&amp#7;&amp#18;Z��&amp#0;�����u�<�&amp#25;1�%��/��&amp#6;���c�&amp#16;��v��&g�&amp#5;�:�Bn���:&amp#26;&amp#17;�H/&amp#21;�^@��_`�&amp#27;���&amp#1;�&amp#0;&amp#28;��&amp#1;�b�aZ,x��6�&amp#23;�ćs/9{n&amp#8;&amp#27;ߑ����1%��&amp#14;G�2&amp#20;�&amp#3;Ϙ˛ɧ�O�peȚ#�&amp#20;��/�&amp#5;��
&amp#22;�ڴ�&amp#19;p;bğ���|$|P�Lm+Ѓs*5d%��3X&amp#22;5�!*&amp#0;�[�<Y�S&amp#29;|�&amp#21;&amp#18;q�o�F�&amp#19;B���g�&amp#21;D�&amp#5;&amp#6;s�+	N&amp#1;6rj��	B�S@a�T��B���&amp#5;�h�&amp#16;�`�&amp#11;#(#�o!b�f*5B;���&amp#24;Z�A
7W0&amp#24;�]+�	�c&amp#2;��&amp#3;�&amp#21;ٻ&amp#31;��O� �ؚ6}&amp#18;&amp#8;kd�َm��X_7�7�W�&amp#31;��˜-�$Y�D*hq�u��.u��&amp#30;�C&amp#30;&amp#5;<�&amp#18;��4��&amp#25;Y�&amp#11;p0���$/c�'Ib���<��&amp#12;&amp#19;.w&amp#3;�&amp#5;"�i�CT��&amp#16;�P���&amp#27;a&amp#15;(��� �&amp#28;�`�L[:&amp#29;�3	�&amp#28;�W�i_$&amp#5;3�R����-ؗ�_%�	l:&amp#28;�&&amp#0;(&amp#16;�&amp#24;��ۗ���&amp#15;�	�kD&amp#6;�U&amp#2;�Lw&amp#6;@�C���e�4�&amp#0;G&amp#11;�������&amp#21;����&amp#15;<�&�G$Ȗ&amp#8;�Ӡ&amp#24;Tx�&amp#29;���&amp#0;��fka&amp#24;�H�&amp#22;�&amp#30;kp�؛Z��&amp#24;k&amp#24;H
dPy�s,U`�0�L&amp#17;��&amp#30;_��䛋Z&amp#24;&amp#17;�c�&amp#26;&amp#25;*E&amp#19;d/�����/#�_���O�@x���#&amp#26;�g�Dg'�&amp#16; &amp#29;&amp#11;,��<��~)����&amp#4;�vDO1��P�_��2�&amp#6;�g�[,&amp#28;l�&amp#28;�&amp#23;8?
�#��&amp#0;��&amp#3;a�J��$>J&amp#11;��1�?�?�_
&amp#24;a���U&amp#16;�e<�0&)������&amp#31;#�'�! �&amp#0;%.&amp#24;)&amp#6;�i��H�a,&amp#17;�?�&amp#12;&amp#30;&amp#18;&amp#21;��C�\RQA&amp#21;?4<��G&amp#27;78�`&amp#21;�"�Q�%5�&amp#26;��Pm0f�&amp#4;-\�F�L&amp#1;��\�k0���	` �&amp#0;>&amp#24;	��&amp#31;&amp#0;iF�f@&amp#16;&amp#0;&amp#23;c����f>&amp#20;]����9�-�J%U���R>g�&amp#14;O�!��a�èd|�&amp#8;2�&amp#22;�H�b= ��7&amp#16;#�c�[�e�&amp#16;�;"!�>&amp#19;���&amp#0;!�'�B�D>[�u��&amp#24;��O�f&amp#31;�&amp#15;əM�-&amp#6;=�:��'�nl ȹ$��#��lNK�f&amp#2;����r��g����i��������P&amp#20;��`.&amp#25;+Ł�&amp#26;�.�;F2���I�D3.[�¦8&amp#12;&&amp#8;;&amp#25;y+0���fϋ&amp#23;|P=��&amp#6;�&amp#8;����Y��¦`&amp#31;*$�rLŖ�D�ZA5��&amp#27;&amp#2;{&amp#24;,��&amp#29;�XF��O��>&amp#20;��&amp#24;&amp#0;��! a�&amp#0;TW�<��#F����`&amp#20;1��T!D�IC�1	s�yj%:�J&amp#16;T�7&amp#24;&amp#18;xg�Z91Y�N�GF��͐@L|�&amp#16;���,������vFp�"�.v\������&amp#22;'3��ܧ&amp#23;��]"&amp#12;d�~r�[��r� &amp#26;�V�~&amp#17;&amp#31;��&amp#0;(&amp#31;�+��Ȃp�_�J[�%�&amp#7;E�Bf�qa�WR��3v	&amp#1;���[&amp#5;��&amp#21;Hd�ţȟ��x�M�L�/�̊$�&amp#12;.Ao&amp#22;�+Ă&amp#25;&<&&amp#22;F��M
&amp#27;�0Y&amp#12;b?4&amp#31;�2�I&amp#11;D&amp#20;5�+Ωv&amp#15;��&&amp#15;Oz&amp#17;�A�ѵ9�-���1�&amp#8;b��&amp#26;&amp#11;iY&amp#6;��ErB&amp#11;RDwD���"!��W�q	&amp#3;����(�L��ضS(�%�~04&amp#28;�H�0I�\H���D&amp#8;E���&amp#23;q�&amp#16;�2��%���L&amp#18;fc8���+Cq��H�ݦ�&amp#0;�ɯ~ r��0�a���߆9t2�BaO'jc�����&���w\�Yפ+9�J쉹�x�_���&amp#0;�&amp#31;��QΊ�&amp#11;�&amp#28;�����k�,�^�#X�	�27��2&amp#15;&amp#5;�&amp#5;�r���j&amp#18;�@�TQ&amp#30;A&amp#19;&amp#25;�99t����Cw�&�&amp#25;f6��q&amp#20;�f�m���A����&amp#11;B�&amp#25;~�)˼��`&amp#3;&amp#24;[��3��sM�ng��b<��Fa��Q��&amp#30;�v�A$�&amp#22;6ЈC&amp#4;�l�&amp#1;&amp#3;e�K�r&amp#8;�&amp#31;��&7�ΰ#��YHc�	JXB0W�&amp#4;L���&amp#3;<6;;{ЍV��BG�&��N�&amp#7;%�c�����&amp#25;l�"l&amp#24;Au&amp#29;$ -&f�e�C�&amp#15;��&amp#0;%?&amp#19;��&amp#14;^I�ܡ?�p�؊�&amp#7;�'U�a�2��)�Z���ڒ�C�&amp#19;3��&amp#0;��#�]p&amp#14;��&amp#1;&amp#6;�şr�&amp#0;�0&amp#31;4����&amp#6;��	qa{&amp#17;y%K{�&&amp#18;�.&amp#14;C���~��&amp#8;fN�&amp#26;&amp#0;�&amp#7;����(ӈƅ��r&amp#14;�&amp#2;# w�g�&amp#14;�3��&amp#25;D��`~�&amp#30;��N�&amp#23;���4ut�xGQ&amp#0;&amp#4;+�%&amp#25;~ �TW��g&amp#5;J\4�	ɍ�"�O&amp#24;&amp#11;4ֆŔ�uZH����&amp#15;hD�$�S6	�,&amp#17;��2��3s&amp#14;�&amp#8;BQ
�B�-]�𙌔	|���&amp#2;����`b�0�F&amp#4;'�8ۀ,�Ctˢ@����'=�y�&b9&amp#3;���|�&amp#0;ݼ��&amp#0;��&amp#0;&amp#15;���߸��dq�J�Zy#τ&amp#14;O�ŝ���&amp#31;��&amp#0;���m�@&amp#29;�H�&amp#22;��&amp#11;��m�.+��,�k���S�g�����4���&amp#0;���ͥ��&amp#18;�܋��&amp#28;�!��h�&amp#22;��%XpKzb�{�xL�~&�#ͧ��#,��q�&amp#26;�^CcL����Y&amp#21;�[��;0�yy&amp#11;�,�Ŀ�R�&amp#16;	(� (9���\ź�$����e��`�0���0>t�D�n&amp#14;(�UC&amp#31;&amp#25;�p?7-��,��v�&amp#16;�e�&amp#0;l��&amp#6;��C&amp#20;&amp#25;&amp#19;L��&amp#15;&amp#21;�#LG&)� �++�&amp#20;P&amp#21;&amp#18;m&amp#7;.�&Ӡ��&amp#24;��~&amp#1;^�#.lГn��ۅ�&amp#0;1&amp#8;&amp#7;f�&amp#14;W�,&amp#31;���&amp#28;��&amp#1;8&amp#6;�[+Jƛ&amp#16;�L��&amp#26;�	9m�&amp#15;�&amp#25;&amp#16;�3V�r�&amp#19;Y`�n�#����|l�/\t�_&amp#21;����`[<`��y�=����&amp#20;*�g��&amp#23;�(�s��ؗ��z_��M::ڌ�\;&amp#0;��D&amp#14;^&amp#6;��&amp#16;��&amp#25;yr��?&amp#18;s�1~/��CE*�`�K�&amp#26;'&amp#0;��&amp#6;F&amp#2;9�����8��&amp#19;[�&amp#20;�r�R�$��&amp#20;Qc}&amp#12;#&amp#12;���'� \-�N��蚑&amp#6;t1�&amp#11;>A�D��*�2&amp#14;�3�����p�c��a&amp#26;&amp#8;�&amp#18;&amp#27;}C&amp#12;�Ѓ I�&amp#6;q
����0&amp#28;|�h�rbk��7N �&amp#29;Q��B&amp#3;��~s�`b��&amp#23;`�&amp#21;��9&amp#7;��&amp#15;,'f�w�'V�!�;g&amp#25;&amp#5;�q�&amp#24;�&amp#18;��|<��kn^�#�^,H�&amp#5;�&amp#30;˫�Q~U��q&amp#14;��G���"��,c&amp#8;α�/怞Y�&amp#29;�=��M�������B\&amp#4;�&amp#15;�&amp#1;�
yy!fqrr�Y�&amp#8;{�&amp#30;�&amp#4;����	����&amp#12;'��QB��ǌei5��[&amp#19;K!&amp#6;�&amp#29;�fӨ&amp#19;�&amp#17;B&amp#11;qH�&amp#4;����&amp#0;�M&amp#2;����a&amp#2;��aSY@�W~'&amp#7;�#&amp#1;`&&amp#17;;�p�&amp#17;��M	d�r9E&amp#14;F�ٺ&amp#30;�nCq�&amp#8;�����"]�Ta"�+��&amp#11;�)d'&amp#14;���&amp#17;<ydN|
��
p1��$�&amp#29;&amp#26;P�{4`�&amp#27;&amp#18;@�&amp#31;Ŭs�d���&amp#21;�e��m&amp#29;�&amp#19;��&amp#17;��C&amp#16;2�&amp#23;������&amp#6;ǚδ{�&amp#25;��&amp#11;7�&amp#6;=r&amp#25;&amp#22;���Lp��c>)&amp#14;7�o&amp#29;A&amp#25;�>&amp#0;���'mw%�p�9'<�3f&amp#5;��&amp#11;H�&amp#20;9v�[p7��b,�[�@�A|Y�̳���i<��Q�9f2�B�'6+�YD��c&amp#27;&amp#26;-a���2&amp#24;IIx�R{&amp#14;��&amp#19;9��.�&amp#22;%�*&amp#26;e��&amp#4;�S&amp#14;��B����[��߆&amp#4;&amp#6;�7��5�&amp#3;2N�&amp#8;��&amp#5;F*�J�B�&amp#23;�ZR6���C�1&amp#5;!lv�4D���0�e	6�&amp#1;GR�:>��L�E �e�\@p%!&amp#1;��C:�&amp#27;L�mA&amp#0;G��e��B^���&amp#11;A&amp#8;&amp#22;X.E�D!7,:��I��?l�>'/b³��;	�&amp#3;;a#���t5!�&amp#20;��&amp#15;d<�,(H��s&amp#3;8��0&amp#20;�&amp#16;�S|oc͸�O�YN;��q�لd�K}�`+&amp#16;a<"���&amp#0;#c/�|��G������`��>�o���d
&amp#22;E�d&amp#26;f�%&amp#28;�Vk����|I&amp#29;�N&amp#28;ͼ33$b:&amp#3;&amp#17;3
��&amp#29;�f5y�^vB(ƍ�&amp#27;C:&amp#1;i��P&amp#16;|`Z\�'����� �HX&amp#2;��g�9��
&amp#27;&amp#3;w&amp#27;��x�&amp#5;����L�X�!�&amp#19;&amp#24;HGlE&amp#20;`cQM�&amp#4;&amp#29;&amp#18;Y&amp#22;T̈��/+��͠�Z�I~&amp#11;=X��&amp#0;���3�&amp#16;�@�p��$�&amp#17;ͻ2�b�������i�g�s,���� 7'8u^&amp#20;�	&amp#30;���~"��"<��"�m~y���&amp#1;����˙!�_-�3˴�q/)9&amp#24;cAm���$�h�J'&amp#4;�L�!��&amp#6;&amp#22;&amp#28;�#σ��� �\��2&amp#14;0E�`�b2&amp#23;&amp#0;��Ʒ&amp#14;݌!���,��"����t�%�n�yڵZ�&amp#0;�f��Cg&amp#31;&amp#22;C��]#�	�#�H�%&amp#19;0u�@&amp#3;|T�$�f��Pe5Ǯ�`	�&amp#12;'��ˮl劋�N!�e&amp#20;�V����$BH@�r&amp#2;G&amp#30;&amp#6; VsдIa�	���&amp#0;��0�E���	��+&amp#18;��-4��>&amp#15;�lϟ���~&amp#31;ha]<�1�)&amp#30;FX�&amp#8;���1���>a	��3��p�3D��#�����&amp#7;s&amp#6;8&amp#12;2&amp#30;"���[�?�ՠ&amp#6;"E����x&amp#12;��	�
t&amp#3;#��{���/򓀜\�&amp#22;�I/a�&amp#28;��&amp#15;�&amp#16;B`rȥ�C�!����P&amp#15; ~A� fB����`]�u?�r!1�&amp#11;l[���d���'%?�~X�Q��U&amp#14;4�Y
��k\�6f߲Ⱦ&amp#25;����Ag��	�&amp#27;&amp#3;,��:q[ZP�4���ǐ&amp#30;����M&amp#19;3�@���p�؝E80&amp#29;�D&amp#29;WF;&amp#4;G�$��&amp#0;�e)J���e���T���#����W&amp#0;>`b&4֧|�{ػg�D�}9��J�GU�Z�k&amp#18;G�b�&amp#17;�-���..����ρ��I�3�M�k&amp#25;��&amp#12;A�>��f���i�/X1�i3��Y��&amp#21;&amp#4;��j�&amp#3;�&amp#16;&amp#31;$�!&amp#26;}(0� 2f��9&amp#27;� 9-9&amp#26;rθa&amp#0;�z&amp#3;��`!�,l#��\���A����&amp#21;]���d���#XUnE�w�𐈰&amp#23;���&amp#11;i�c��ؠq�Țpa�&amp#30;�*_ �6�&amp#0;�@!Z4�&amp#0;&amp#8;�O^C&amp#6;xQ
BM\&amp#11;��Kil�.'�&amp#28;-�̹-e��1L_&amp#30;��o˺M��H&amp#14;&amp#12;�&amp#19;U&amp#23;�&amp#0;�*f?��&amp#1;���&amp#19;uB&amp#15;�&amp#6;��&amp#0;�S�k��?��G�I�-$�"#�c���&amp#0;9?դ����z��p-���&amp#24;�y/��y&amp#0;&amp#8;y��s���-$+͞����^p�d&amp#19;��O�~^�͆qx�e�s���a�u!&amp#14;W����@&amp#19;�~T�ʞ 4�&amp#19;�&amp#28;�׵�~ �Ǿ�酠YE&amp#0;� ̔Z�'��$�&amp#23;&amp#17;�x�&amp#8;Q����&amp#20;�-9&amp#25;��)ލhy,&amp#26;���/��bK�_�bE&amp#28;�&amp#5;�fe&amp#17;�TMa6��p]&amp#24;�&amp#6;��0���pv`�	
&amp#16;�a&amp#2;
&amp#1;4'#3&amp#2;U�I�����]DC��6�dPm2Q&amp#1;&amp#5;
&amp#0;|��3�C�b;QkG&amp#28;&amp#4;(��v&amp#30;0CO����� &amp#21;0{� oe&amp#2;+Mbr�&amp#18;J�[��&amp#19;f����9kߧ�����<+�>&amp#12;!�KP&amp#6;� 3�|mc�7�@X,�7I&amp#21;�&amp#1;�$�O�&amp#31;�e�J�E(�Ö�~&amp#15;�%�>&amp#11;h����@oD�p�Xf_&amp#29;���P���_�q���`~�L#2�jf�J2���&amp#30;�̗,���_�&amp#25;&amp#7;>A&amp#8;����:~�sE��RU<���&amp#20;l�մ_�!��XlҜ��� pZ��&amp#17;-s��%�oE;�a)rb�fI&amp#30;��L%��⎊&amp#24;;�;��-��aP&amp#6;d�&amp#16;�&amp#12;�� &amp#1;��ʨNK��0x@ȇ�&amp#6;�Em��eh�&amp#27;{Z�&amp#30;&amp#18;�N�R��E&amp#30;&amp#25;&amp#20;O�ސ ��&amp#3;&amp#17;�г0�7C&amp#31;�b83e��`����8&amp#31;!��e!���e�&amp#19;�x�87k#&amp#4;bp%$~�k�#ň&amp#18;&amp#6;&amp#23;�L�&amp#8;'&amp#28;ZH�V&amp#16;�~&amp#8;�3@����u,a�8���&amp#19;&ə�&amp#7;ጰ���>sǊ9�&amp#15;���Z��Xe$Y�&amp#19;�&amp#22;d{b(�� �ƬH�8>(&amp#14;Z~&amp#25;(&;bH�4a.A&amp#4;�����(A�6H��hH���WX�B��r98�,=&amp#7;�&amp#1;11�&amp#16;&amp#0;�&amp#26;E�!��˭��ht1*�Мb4&amp#3;̛��+"�@�X&amp#25;	�%.�o<���S&amp#16; ���j��5D7P�%�ڟ&amp#1;&amp#15;&amp#31;&amp#1;x�|5Lae�!}&amp#0;{&amp#26;8벆{.��8��Kv$d�f~&amp#18;��&amp#7;#�ʏ 1�dL�ߕ��&amp#5;ˏ>&amp#3;�gY�&amp#25;�&amp#26;&amp#15;,��K<�f���?φ~^����HX&amp#20;�~ikk�ƖTTon4����&amp#31;�P�g&amp#3;`�0`�v4�O#�A�&amp#16;yb��&amp#18;.�����>&amp#26;�YϳcV�&amp#16;&amp#8;%�ɟ����P`��&amp#0;)�&amp#17;��$B&amp#1;~E�br&amp#4;@�&amp#15;�&G&amp#25;&amp#6;-㌞\�&amp#16;�&amp#1;G�H/N�0)˺&amp#29;&amp#14;"&amp#7;GI&amp#3;.������ʨ��-�p0�O&amp#30;�&amp#1;��V&amp#2;c�>A9�&amp#18;&amp#0;&amp#0;ͶI�4Q:��a�D	&amp#2;&amp#24;p&amp#1;� LS�y&amp#2;�iD6B�|���&amp#27;xF7*���@�&amp#22;rX�~7Y��S&amp#0;�&amp#14;Cm���|��6��/0��o�tR�t�8�S��M�s$���]��3#c&amp#28;@�6���g&amp#22;�c��j�
HpC&amp#25;�6&amp#3;�&amp#0;�&amp#3;���&amp#6;�ܙ�`&amp#24;)gS���K$=��&amp#8;I��&amp#14;@&amp#31;cRd���&amp#20;[��<}�8���ߥ0�x.�՘c�I���.4�V&�Ɵ"&amp#30;��X��&amp#28;<�Ȍp��&amp#22;r&amp#19;0��C�&amp#22;j"&amp#17;F��ś>0u��&amp#14;&amp#4;i?��/�z���[��pN0�d&amp#3;86&amp#11;&amp#18;	Q׆wX��&amp#17;��7�&amp#21;E�zJ�&amp#6;Oƭ�Z��M!C��&amp#24;&amp#25;=茁�.L&amp#21;����9*8�T<���$��-Xٞ��;P&amp#6;&amp#19;\=���&amp#20;�&amp#14;�&amp#12;���|�C�շK&amp#14;��	��Y&amp#3;&amp#5;�g�O��&amp#28;dz��l�=`&amp#30;�`�ȸ0O&amp#11;�8��#3!�Ũ`Q�ȭr��O��95&amp#11;c�}����aH��&amp#2;[̟9&amp#22;�+&amp#3;jC !�$�k/
&amp#20;.��&amp#3;&amp#24;����&amp#19;3�ò&amp#2;G�&amp#12;?&amp#23;�_�1ϕ�e���g�e�&amp#25;�v&amp#27;&amp#25;>�&amp#31;�0��j&amp#29;2���r��}ű7&amp#18;Z�J%�&amp#30;&amp#0;+��aT�cV&amp#0;Vh|Q�����<��caV�&amp#12;�f&amp#30;�&amp#28;_&amp#18;'�z�aݡ5���&amp#23;�D1D&amp#28;>Q&amp#15;v&amp#12;eFZa��ؓ�&amp#0;�81&amp#21;V62&amp#11;7�x}��&amp#26;&amp#11;&amp#14;:&amp#24;����&amp#5;���۩�:4��,/&R:M���&amp#12;�<���ui&amp#25;�F�q��ȱ��&amp#23;l�fو˲8~#��&amp#0;.��&amp#3;��y���\&amp#18;��F`&amp#23;7VG4Ĥ�c�f0ax`1Y�&amp#14;�$�,}�_��?�鑿	�V�&amp#31;�&amp#29;���y�O�@s(&amp#5;ͨ�Y&amp#14;Y<�&amp#19;����.�&amp#0; .�&amp#7;�&amp#17;&amp#24;��w&amp#31;��2�͵�e4�&amp#28;�3.^_��8&amp#23;3&amp#8;��/�T��,'�,�qo&amp#30;�GǨ&amp#8;Ar��'����4Iv�b��f&amp#0;���&N&amp#7;�+�&amp#19;���d�@�C.��w�T'i&amp#26;�DvȈ�I�&amp#16;&amp#16;U³-j����&amp#12;�Ē"&amp#6;�*f6�\{&amp#14;�#}��3n`1|&amp#18;&amp#8;X�M�C�9�&amp#11;��&amp#0;�����e����hZ��<�p�{'�d5�&amp#6;X~�9'-��F&amp#15;6��&amp#31;�s�wu�Ȕ&amp#26;6�&amp#12;��S�AB H}������ �@�<��y&amp#4;6�&amp#23;&amp#31;��&amp#8;�dNl&amp#1;&amp#0;s�&amp#12;[e&��&amp#5;°&amp#25;&amp#5;�?&amp#16;a�7�b?������K�ۆ蠵��/�&amp#6;l9&amp#31;�����&amp#3;,���%�&amp#23;ȤBN�2��)��ͣ;Ą.�&amp#23;&amp#2;r&amp#6;�ZT&amp#1;*&amp#11;�L�Lg&amp#29;�Qv[�0&amp#16;�FS�a�&amp#8;&amp#20;ǁ~;&amp#28;&amp#5;&amp#28;���J�&amp#26;r��M&amp#16;>E�&amp#15;@&amp#16;&amp#30;�X1@������&amp#1;&amp#27;�&amp#5;
�~�&amp#1;��К�a�&amp#15;�&amp#25;)��&amp#15;�ĩ�j�&amp#22;,��&amp#26;F?#��g/&amp#14;Bw&amp#15;&amp#0;�\�&amp#18;�&amp#22;��	���˩����&amp#30;��0$���s����]���|&amp#7;<��{|�ˀ�7�&amp#28;.;�чNl��Ա��&amp#15;NY�q>&amp#14;�AO!?-	���&amp#22;ǐ��`F&amp#22;G�8"Y�&amp#29;�4��!&amp#15;"�/���y�\&amp#8;?c�����&amp#11;�Ar&amp#4;siak�ˉ�c&amp#16;�&amp#28;�H�?�1�L��q[����bE&amp#4;F�ߍ͢�&amp#17;&amp#27;B�根�.�)�@&amp#0;I"&amp#16;-�,@`&amp#6;��&amp#3;`��&amp#0;�I_ �!1�&amp#3;tnv&amp#18;&amp#12;�&amp#29;H]aTkȞ�wp��&amp#4;"J(&amp#7;�&amp#16;�(��z7sGr�!��a�n���h&amp#23;&amp#11;PBS�&amp#14;�5��Z� �����5�&amp#1;̎.d�&amp#7;�������2&amp#5;yt�&amp#15;��x/I|r��������W�2�6<|��_��'˅p�?3�N-o6l"8�b�������/�&amp#31;��&amp#18;&amp#0;�r�0�[~@�S��&amp#18;5���8�M�*��&amp#1;�q&amp#2;��r쵓���A�K��~T������8c,&amp#11;�&amp#0;��?�|�z`�&amp#8;V&amp#1;=l�g���	�0�&/��R|o!��oB�&amp#25;�)�&amp#12;���E�/&amp#12;O�oxF&amp#24;�~r��&amp#0;<�	��&amp#26;��&amp#16;GD���&amp#4;�Q&amp#0;&amp#4;I(&amp#21;t[&amp#30;zH&amp#11;&amp#3;�&amp#0;&amp#18;:�&amp#2;:�x�&amp#0;YGš<&amp#24;�&amp#7;l&amp#3; �-:&amp#26;�&LL�&amp#0;&amp#2;Gj������<�!2&amp#8;��q	��,wr�&amp#11;G0�&amp#27;�o.O"�/nI��"�6��/&amp#25;j#C�Q �P�;1����󧑃�'s��:&amp#16;�&amp#24;Ȗ#qt�؏��o&amp#25;)�e��&amp#23;r�<�'cr8&amp#19;��2��C&amp#8;9&amp#14;dg��dC���&-��&amp#22;hs�f������&amp#1;��b���u���&amp#5;=�&amp#27;&amp#19;뇩&amp#7;��ʠ��&amp#12;t�ؑ�O&amp#29;=+S��d&amp#1;�r�eG&amp#24;e�	��'Y(C��&amp#4;�,@+��&amp#27;E(�<?�9y�,7���(R�&amp#16;&amp#28;��۔]�7&amp#25;P`~X&amp#4;2�R���&amp#0;�s,����[���<|42�Y��\&amp#0;��&amp#17;���\F�NK�l2��R�>&amp#31;&amp#7;q�9&amp#19;�2���,��&amp#29;&amp#19;j?&amp#21;��]yo$��d&amp#25;�0�&amp#25;?�3/Q 釋��W�&amp#7;�&amp#6;��Ѧ&amp#19;r�0&amp#23;�$0�&amp#18;��&amp#5;��&amp#28;��&amp#11;O$�l&amp#22;�6�d��yr�m0�&amp#17;&amp#1;��K�� ��6&amp#7;�&amp#6;G�������&amp#4;T�6&amp#18;&�$��'����znt&amp#25;�[�&amp#6;�&amp#19;�Ǜ&��&amp#17;�#��'&amp#6;&amp#19;��t&amp#30;؝�&amp#26;/9mΫ�/��P&amp#17;�&amp#24;w�*�5���'�B���&amp#18;� X Y��)��&amp#2;��&amp#4;0��Ɔ�&amp#16;���k�wB،�����&amp#14;�,q��e^&amp#19;w������ &amp#7;í�l9��&amp#19;��+*}&amp#2;=1)&amp#24;[<˨f&amp#23;2L������}�&amp#3;�y&amp#16;_�����&amp#16;��&amp#15;&amp#23;f�&amp#25;+����~�/�ֹ&amp#11;&amp#30;��~B�Û�D-˝o??&amp#22;1l�4B&amp#30;�Q&amp#3;�&amp#28;�&amp#29;%81�2ݫW��~�!O$��ˊ�l�X��z�q&amp#18;&amp#7;΃B?�&amp#1;����&amp#22;O�1�Kz&amp#12;���&amp#12;�:�D=�����q�͇X�(�C���@�3&amp#17;)g�u��8�&amp#0;���F�&amp#6;�&amp#25;��B�đ�GH+�%&amp#0;5&amp#4;&amp#24;&amp#14;�&amp#24;�;�&amp#5;�:w&amp#27;�ONɃ�=�l�cܛ���w
��&amp#1;&amp#1;&amp#31;riy�9�M&amp#12;�����&amp#6;&amp#8;>y����7H&amp#24;�k&amp#22;.(%� &amp#16;�1Z&amp#30;q��&amp#11;0�&amp#2;&amp#12;�C�d�&amp#22;��0�;&amp#4;&amp#31;�0&amp#16;^>fx|-2;w&amp#15;W&amp#27;�&amp#29;�?&amp#3;���&amp#4;~x�.�8&amp#22;b\�&amp#31;�C��&amp#7;����	� �/��U[�l����&amp#2;1�G��u&amp#19;�lF��4&amp#11;�y˨&amp#24;�0�����4h�

&amp#23;���&amp#30;|\�� �lG����&amp#14;ZXK&amp#27;r�T&amp#23;#`����b.�&amp#28;f)�.J���N�M��2D��UE&amp#0;P���%�&amp#31;��:�&amp#30;!&amp#11;]��&amp#22;��kTU&amp#4;OU��KMk4Lv&amp#23;Z�\&amp#27;&amp#16;�ʑ�1 �ԃ	F��&amp#22;D	)�c�D�=�����ED�s����g�P��`\&amp#22;H'#&amp#5;�&amp#19;���ۼ�>WjN+\%�*���9g���Gg�K&amp#31;��&amp#25;t��,e�~��G-g°����i�r	c&amp#14;
�&amp#31;� �9�#�� ��&amp#17;&amp#4;&amp#15;���J5�F&amp#11;&amp#26;��&amp#27;d&amp#2;�&amp#8; �&amp#17;ז��~_�a�`��	���$&amp#11;��&amp#21;&amp#30;&amp#17;�	�a�&amp#2;��x2.P|({&amp#23;?'pVh�K̝������=���8ܽ�y���2&amp#14;D&amp#29;&amp#6;&amp#3;��&amp#30;H�`c�C_�&amp#11;�F �h"�&amp#16;���䙉���&amp#22;&amp#1;&amp#17;M�@�A랔P��:6�&amp#0;5���"��2�QaX�>fH�"&amp#2;��_I
���\z�Nh�m�,&amp#27;N��&amp#25;�dm&t��&amp#18;&amp#0;Y���4&amp#16;��.dA$&amp#31;�r8���&amp#12;�nW@����?-L�l,߄R{&amp#28;	c���r+�sK�p�Z��k����&amp#3;�K����&amp#14;�Hu&amp#14;옺�Ѹ�&amp#26;Q�&amp#16;�~&amp#18;&amp#12;m�ݎO���&amp#4;� "&amp#27;���&amp#12;�����	���&amp#2;h&��N&amp#6;�{&amp#29;7�ߍ����&amp#6;&amp#22;&amp#6;_�@f��&amp#30;�Cn��L�R�,&amp#4;6��n	�d]�%�@w�&amp#15;�H�Ǘ�B;@�<)=�=}�9��J��5��J&amp#26;&amp#22;\7�&amp#28;j��&amp#22;"�m��&amp#5;Pb�By&amp#6;��\�xx��z&amp#25;��&����&amp#18;&amp#12;&amp#6;�p��&amp#0;?�����d&amp#11;kd����p�&amp#8;
!i�H&amp#1;b&amp#6;�r&amp#18;K&amp#7;&amp#8;7�᩸a�@�����&amp#2;�&amp#12;�Ӈ"����&amp#7;g���}&amp#22;_&amp#27;p/(Bf@��=�&amp#7;-i^vr���&amp#0;�<�&amp#14;�5rF����Z�>F5�=���] �?bMs"35d�&amp#27;[���P�y�<#����ˍ�!B��`'��&amp#23;2&amp#15;��&amp#3;�`�@ &amp#23;?� ��������&amp#7;&amp#8;&amp#26;��&amp#8;�����"�RCI/�!������&amp#30;H����D&amp#6;=�&amp#2;�B��&amp#0;��y&amp#14;⡛&amp#17;����'H�&amp#5;�ȃ�&amp#2;+�&amp#0;�&amp#5;cx���&amp#25;�
��g&amp#24;9��[&amp#12;��I2�vM�ê u&amp#27;��h��D�n �ğ�Gd�&amp#8;*&amp#25;��&amp#18;&amp#20;mnა+�a=�0F�,-1�&amp#18;&amp#3;�$�&amp#4;���"&amp#5;�R�>	��ZZw�.�c�&amp#30;{Z^G�%���&amp#3;��&amp#24;m��g6��۳�<NŠ��A�mSbbn:;&amp#22;1�l>&amp#8;x?�r��Wf;�)51�\`�&amp#17;�y��r��h�&amp#25;�a&amp#17;%��S�X�$I��~�&amp#30;�ͼ&amp#6;"&amp#17;�&amp#2;��&amp#27;;������m� �&amp#4;��Q&amp#29;##��&amp#7;؞�9�xc*��햑��+v"j�&amp#11;ή��,�&amp#24;��&amp#16;�0X&amp#6;��&amp#20;���$Npa�币!�&amp#7;&amp#30;&amp#19;�&amp#16;��&amp#17;���&amp#14;&amp#21;�fs6�&amp#26;r
&amp#22;��X&amp#19;/�&amp#25;��bT�O��n�bae���c#g&amp#0;
a2���XB���� &amp#14;&amp#3;���Ǜ&amp#16;A���&amp#16;&amp#3;&˟&amp#24;�&��+&amp#12;.��#&amp#31;&amp#1;&amp#22;���#H��/&amp#18;&amp#28; �&amp#25;&amp#6;�C��4=߃���&amp#4;S�� �n����jp��~�&amp#1;&amp#30;�C��&amp#31;�wB9��Y:6ȑ�����y��H�a�-!�&amp#15;�&amp#14;.&amp#25;m�)�9&amp#14;�]Qg��X��&�&amp#22;&amp#28;U�x�>?&amp#0;t�J� &amp#22;��S����O��9�ND&amp#12;=&amp#4;`ƌ&amp#27;<&amp#21;�D[�I�a,&amp#1;4�6�P�#��r�W&amp#6;�&amp#17;�`&amp#29;�O�&amp#5;��Xa@�6&amp#0;S@��t�&amp#23;&amp#15;��9�(�&amp#12;��&amp#4;�ł!!&amp#5;"!rCA��u&amp#28;6&amp#12;�'h6EA&amp#1;J&amp#31;&amp#7;Ք��&amp#16;F�u�B"�&&amp#25;�9;+&amp#11;{�����&amp#25;&amp#21;x�O~&amp#20;���6&amp#17;�dd�[���&amp#29;|�L>1�]&amp#11;s���&amp#23;�����&amp#24;t�V�9&amp#16;6&amp#15;������&amp#4;0&amp#15;����6�����ȗ&amp#0;�&amp#3;��8��J&amp#20;)&amp#1;@i&amp#22;�F��_�*�f&amp#6;|�~E?/�#�\�f�e�&amp#8;e�ɸH��,	�YN&amp#18;�pW/l�nL�l搏O=��2���
숻l��PGv��~��6�ջAO&amp#2;7&amp#27;w#f&amp#4;�9G�N�5�ПrM�-X&amp#8;�&amp#31;"gvYP&amp#22;�&amp#3;&amp#20;"!e&amp#26;&amp#12;�&amp#19;���%NC��&amp#27;&amp#0;���eY�:�&amp#2;�y;&amp#18;��&amp#1;��&amp#20;�d��F`h��[�TP�D��~�tl &amp#26;&amp#30;� &amp#16;KrI�G��A#���.&amp#8;h�M&amp#17;�a"����&amp#17;�&amp#5;�I˶��/	۹��^Tq|&amp#2;�qH&amp#6;�s� g�?��x�lI�&amp#8;�/�&amp#15;�qNq�ȯ�&amp#6;&amp#11;+���c�&amp#7;�k�5&amp#19;�G�x�Q&amp#24;i�G�&amp#1;�&amp#17;�[�#&amp#1;7�����n��&amp#0;����s�6�&amp#16;!:N��,&amp#22;&amp#2;C�%�.�́]�b�{uv�&amp#11;��j>&amp#12;&amp#0;`E/���H�&amp#6;h&amp#1;dh?&amp#19;&amp#12;�m�a	��&amp#29;$�7�>+�2&amp#19; ���)���L[�<�+�&amp#26;*b|�=���v�&��F������&amp#21;&amp#5;ҮZ&amp#7;����4&amp#11;&amp#3;hV��&amp#27;V��ZD�X�yhr3#Rt�B&amp#28;��&amp#4;P���&amp#24;F"ۀBxfĳ�&amp#8;��Q�L�� &amp#21;�&amp#4;�!��&amp#8;�g&amp#1;o{D���."��&amp#11;�`��/&amp#31;&amp#26;���&amp#6;r��2@�$�&amp#14;S�\{&amp#20;H�&amp#15;&'.�n&amp#18;_&amp#17;� �'&amp#5;�?��@��	&amp#6;6��>\4��]�&amp#17;I�y��(���Dy?&amp#19;�a���,H&amp#5;�/�|��?&amp#28;,8�<�3g&amp#17;&amp#28;�bD=��&amp#18;�"�2&amp#3;&amp#16;�W��}d��r�'�C���� ���(c�E�L�&amp#25;&amp#20;؁�L7�c&amp#2;,NN�(�&amp#8;�&amp#2;!U!&amp#25;�Qu�L���꪿��&amp#2;�_&��&amp#11;u5��&amp#23;H�h�f�k�&amp#5;&amp#26;p�|+�&amp#23;3�z�/�� j@&��]�(UN�&amp#24;�XP,�2Y��ns�&amp#21;d��\��W)����1&amp#19;��˳.O
PR��.%&amp#14;�\�A���&amp#12;����&amp#27;��{�s�p>��&amp#0;d:��R�t��ѹ~e�[&amp#31;m�2=�&amp#18;y��ne�D�&amp#27;&amp#15;&amp#28;�;�0�&amp#29;&amp#19;�Y!9�����_3�&amp#18;&amp#12;�^E��t*e�&amp#11;`��m�M�J�&amp#4;/&amp#29; &amp#3;,��Nn&amp#5;�2߶�&amp#0;�?B��r&amp#28;�&amp#1;��&amp#22;��&amp#6;K��7"��w�&amp#1;�_Ǚ&amp#0;�����|��,�&amp#24;&amp#23;"&amp#27;�&amp#31;0�7*��p%�&amp#19;�&amp#8;Q�&amp#0;����svР!�&amp#27;&amp#17;� ѩAG1&amp#30;&amp#18;C&amp#11;�茥&amp#22;I��θ1kˀ�&amp#6;��@&amp#12;�`5&amp#3;QRzgI)&amp#6;�ʂ&amp#15;BL��M�]:$�}
��^�q�#@&amp#24;&amp#27;�VuP����^���X8&amp#22;&amp#20;�n@&amp#20;�\�A&amp#21;��ȉ�&amp#27;&amp#11;t�V&amp#23;a1��fn)s>��g��&amp#0;&amp#17;ǒp�&amp#14;�&amp#25;ZR&amp#20;8�&nL�۱ύ�-�o��>C"X&amp#6;ze�"�����o�����h�	��0�&amp#26;c���r�&amp#3;=�'C�Y�Z\�"8\��@�&amp#1;��7q�GJ5c3,&amp#20;��v2X����!�ׂ?3&amp#26;&amp#1;~O�&amp#19;,v߅ė�0�ض�.�&amp#27;�&amp#11;&amp#15;��>d�C�"�]��jH��|&amp#18;#`�y���o/��&amp#0;�$��y�S�&amp#0;&amp#26;��=��&amp#1;3����&amp#26;�&amp#22;�@gÏ+H�	��&amp#6;&amp#0;���Α&amp#29;x���&amp#0;��^�|�P1/8&��x�X�h&amp#5;RA<�ŋRB��-^�� ��&amp#29;��>&amp#18;@&amp#3;C��*�eh4(&>E�ns�˒���+�6�����!&amp#6;YͶyt�e|�-&amp#8;���>-�/N[1���&amp#22;N�dy�9�&amp#30;d��D�Z&amp#22;�L/��G�!�&amp#24;&amp#17;��ئ��2�rz&amp#0;r�&amp#5;H�vٜ��e��B~�{&amp#31;&amp#3;g�q�m&amp#28;˃r��0K��&amp#20;�$�(&amp#0;-�"�$��N��_�ɿ�Qp�&amp#7;��&amp#6;X"��ה�&���|&amp#19;�-�M����B>��1���e&amp#19;��1b�r&amp#7;�p&amp#5;��&amp#23;j�'d"���	�2�&amp#7;�:&amp#6;+-&amp#18;5���0z\z��3�&amp#5;��H�7'�m&amp#25;�&amp#6;T&amp#18;��$�i�Y��&amp#16;�`\��&amp#4;&amp#22;&amp#18;Ϛ&amp#22;�?�&amp#5;��Ɠ&amp#28;!�Q�tjY�p&amp#11;���!br�&amp#11;&amp#1;��F���Mw�3s� ۶�[�&amp#14;	jG�͙=��r �k-�&amp#16;��,�X&amp#23;䟭�-&amp#26;4!&amp#2; �&amp#23;&amp#22;�.�&amp#4;��ֳ�&amp#28;L�&amp#14;_��&amp#16;��0�&cS�a&amp#22;���R�&amp#15;a&amp#15;�0��&amp#6;���w���%���7�$A-&amp#21;�&amp#11;:�NOo�	�&amp#8;_�.��U>,&amp#4;�H$���&amp#23;O�&amp#4;��[�&amp#12;>(&amp#3;���MOR�>P�~&amp#1;+%<��.��r{kpN��B&.0e&amp#4;J)k!�]&amp#2;&amp#15;�&amp#25;�w�T�+�&amp#12;&amp#4;����&amp#1;�&amp#4;-&�&amp#3;'&amp#26;��&amp#28;�.�pa)�
OR�X��&amp#24;K��&amp#8;�{l&amp#23;M�}�����Ԗ&amp#20;	$AXQ�CG&amp#12;��&amp#19;�݊&amp#24;�F~&amp#20;l?�ϛ:[�&amp#6;��&amp#20;w]��,�&amp#21;�����y�wlM�e���&amp#16;^\̗�&amp#15;&amp#5;�ϊ.�v&amp#8;q؞��&amp#19;m�^x|(&amp#23;f&amp#27;�&amp#0;�;&amp#28;"L��T���e)F+�d�&amp#24;ŉ�vH˃!��&amp#16;�&<'c���<�t1�xĈ�@8�x���T&amp#7;`�6�32<�m&amp#19;�6n&amp#31;!�bvs岳�'&amp#27;O&amp#1;ǡ]J��&�&amp#25;.��^M�e�dx&amp#23;&amp#24;|�� �j��XY����&amp#0;�.�Th5I5@%V@:�`�	�[2�&amp#0;&amp#8;�Q��HoF�+#����!X�h�j:JD���!,�(���,�f�H�:H�&amp#15;a�n�ޝѤ�&amp#11;�P%�8�q&amp#15;&amp#3;�k6�����h_���&amp#6;&amp#8;&amp#0;Z`�&amp#8;�M�,���&amp#0;>&amp#31;�'ȹF&amp#5;wg*���So�f&amp#15;�*&amp#23;�`Z��e�d��^�&amp#19;I&amp#19;��&amp#14;�I/Űo!�o�j�ن37&amp#0;�$&amp#17;��&amp#30;&amp#6;
�k�&amp#24;��h���c6/��ဌ�&amp#23;�v^rE9t9n6b�x������3�&amp#23;�Xt&amp#11;!'&amp#5;�����b�&amp#17;�r�lVwSw!|u�r
X�/��&amp#18;{9�e�&amp#24;Y&amp#7; &amp#7;,�/._�ʷ�&amp#28;&amp#22;B���F&amp#8;r�ƌ�~R�&amp#25;&amp#25;�u��&amp#31;��|!�&amp#12;&amp#0;$MaR�&amp#0;&amp#29;��H�j�&amp#18;�&amp#29;�XD,�[��|&amp#24;�G,�%Dr��]B&amp#1;��)�\���&amp#16;���q5�F�&amp#25;6ˤ�qS&amp#14;�(&amp#11;>�K��	&amp#2;&amp#17;0&amp#17;do���� &amp#16;sV����&amp#16;gc��g�`O���&amp#23;ǒ���,��պ&amp#16;��&amp#18;�^&amp#16;󧇂�&1��&amp#11;��&amp#20;��������&amp#27;<�{~G��Vn(1�p&amp#5;���E�ٓ�g˥�C�#؎�~q+Ȱ���&amp#27;����b�h	bbI����w��縓��&amp#1;3'&amp#12;؎BSP�&H&amp#12;^�����l�f��	��&amp#7;�Ĉ'#Ö���o&amp#5;�&amp#11;L�Lnڟ��Bm&amp#6;

�&amp#3;&amp#14;���Ac���c��j&amp#20;��j7ґ�&amp#20;�޳H	�S�����-�m�&amp#12;�&amp#17;qi&amp#1;���39�&amp#4;rd�Ca���ؐ󸰥&amp#0;ş&amp#21;`�Ȳ�T�&&amp#15;&amp#22;2VTu&amp#25;�T�&amp#15;�}�&amp#12;����l&amp#30;08���&amp#0;����ާ�>׽���&amp#0;�&amp#18;��NgH�&amp#17;�9���s��a�P~:���a�U%2��&amp#6;p����C��&amp#17;K6>nND~v�4&amp#14;g3&amp#25;����py�vK&amp#7;�&amp#1;=���+&amp#27;&amp#15;/���"�n&amp#18;xtE�<>o���&amp#25;�Ϙd�&amp#17;�Y3u�9&amp#17;�&��x�
h:^��&amp#4;�&amp#3;�&�e=g@�v.2&amp#31;ū�&amp#2;l�&amp#22;xǻ-^y&amp#18;v�c#�\&amp#12;�|&amp#7;�L+��.�&amp#30;�:��$Q�Nۛ�W��Ĉ�&amp#8;1$�^"&amp#2;$�F�ǥ&amp#2;�޶E�2C� &amp#24;�&amp#0;�E#&amp#4;�&amp#22;ٓ(�)���#(&amp#28;���R�l�����H&amp#21;���h	T/�&amp#8;$��I�&��&amp#4;�k��\&amp#31;��Z~|���䖔&amp#27;R�a�C&amp#11;XͿ!��M!k�3�.1�`�<&amp#17;6M`�&amp#8;M��($o��&amp#0;䓆9����$I�0��{`,�&amp#25;&���0OM����&�(�A&amp#8;����߃&amp#21;�%l�{2O���fD ��&amp#19;��'���|&amp#2;&amp#2;&amp#5;�7���hD&amp#22;8��s�되&amp#18;���&amp#5;�&amp#23;���/�&amp#15;��'�Z�$$Nc&amp#19;c9n7&amp#3;f�3���; &amp#2;C��%,R73�&amp#3;��Z*
&amp#20;�p�{&amp#28;wr���,�LzT;c΀��up�G�^>&amp#28;��M]w�,�
�[b�&amp#20;,�Q�hpdH�Dw�B�� �4�S莋&amp#1;C&amp#18;�5#B�K��I�&amp#21;��RH&amp#12;���>@�#��&amp#4;�|���&amp#26;S&amp#6;<H�$�&amp#19;��|&&amp#21;͕�0&amp#21;�D�@��&amp#1;�����&amp#2;�:��8��(&amp#19;&amp#15;o&Cp"&amp#4;�� �&amp#0;�1r&amp#23;�@]�	&amp#25;&amp#4;9�Y#�&amp#16;��ɇ/Ŀ&amp#6;�&amp#27;�K������[G�&amp#22;Q���D\�UZ&amp#19;���m�&amp#27;Y�|M��#�oҐ������G�Θĝ�� �A�f&amp#6;&amp#16;���[a��$'!D�&amp#6;�l�Y/&�MĹ%:K2�`��3�&amp#14;�;��&amp#16;;�<�^�&amp#31;�&amp#7;�&amp#26;��k޲&amp#17;E�DY�h�&amp#24;@�&amp#22;�w�&amp#3;2�`V&amp#5;R&amp#20;_�;&amp#17;�n��t�@�&amp#31;ǐ,�v B@О�hw&amp#5;�i|qa�hi�<k��	p&amp#31;*�k�K�.&amp#17;&amp#4;~G�f0AtE��&amp#17;�=���S��&amp#28;b�L�&amp#0;C���&amp#5;����	��x��&amp#30;��V&amp#7;#A���6�N&amp#23;u�GQe"7�&amp#25;���2dotgu�G�XPv&amp#16;���F����4-�&amp#0;��K��2Z�&amp#18;�&"0)�&amp#20;�K�&amp#7;�
[&amp#6;&amp#0;�-p&amp#3;D&amp#22;&amp#6;����&amp#21;�D��8��aMH<�&amp#12;��&amp#25;&amp#8;&amp#27;fyj!�Ǥ&amp#3;�s�����&amp#0;�g��o�&amp#0;��?&amp#12;T&amp#6;�*V1CN"���&amp#0;&amp#19;1�&amp#7;��B��~3�&amp#12;D�h�c&amp#4;&amp#4;w�^&amp#11;�nVLKFp&amp#15;��|�&amp#4;� @�&amp#7;�&amp#12;@&amp#2;�&amp#28;���&amp#19;B�]� ��Y�BlC�&amp#27;&amp#29;�C���Pa�3C]'F���k8,w*�pO&amp#22;Dp<�{&amp#7;���L�Hi��&amp#11;&amp#23;�����a�#��f�+[&amp#17;!�_�As�:��xu���"&amp#31;!&amp#24;�&amp#24;�y�Ԁs�&amp#30;�p˗!^{�3�&amp#17;�Ԭ�&bd�7pd&amp#16;!�>&amp#1;�Y�[�-/���9s��#���%��э�&amp#11;��:j�$e&amp#0;���s�+%&amp#4;&amp#27;Z&amp#24;p&amp#22;h&amp#22;�&amp#15;&amp#0;_�e�&amp#27;����G+��sH);��F�K؉�OK8�&amp#0;"�JL�&amp#6;�3��fN&amp#22;[@E#R��&amp#29;�8�"(!l>�<J���y�!&amp#16;�&amp#16;�{lB�ە�$�&amp#11;���.���&amp#12;�&amp#25;�&amp#0;D&amp#20;|��^&amp#6;��,s&amp#6;�B��+&amp#14;{4@�&amp#12;7&amp#4;Y�*&amp#27;\^�&amp#25;B�FX�e��K�r,yb&amp#8;�&amp#11;��H���&amp#8;ف&amp#25;��go�V�m���F&amp#7;�&amp#0;&amp#24;��/ɱv�&amp#14;���	X�,X!��-&amp#2;=�&amp#8;����g9&amp#6;N��m	 �9`� 0&amp#23;'� �&amp#24;���e9&amp#29;�\�rp�-]�����n�0��.	�Y�7܃�J��&amp#4;���q�����KtG��i�&amp#7;�&amp#3;>�!��&amp#24;�O�a:&amp#28;���rN&amp#4;�Cź��l&amp#26;0��d�&amp#17;�&��n&amp#12;>&amp#25;(RA&amp#26;MKjm�&amp#22;-I���&amp#17;�l&amp#16;a&amp#8;��X4�Ďd�&amp#4;�0��&amp#25;�&amp#6;)ǝ&amp#2;�+@�1�9���5D0z^E���j�&amp#18;'�1�\��E��m@��f��&amp#16;2VZ&amp#2;�&amp#26;�����~E��#�&amp#24;��_�+�8��t6��4#�����H��9kd�,�.9�&amp#31;���KA�&amp#4;5Q�&amp#6;X��$��&amp#16;�t��,3&�&amp#14;Ɗ&amp#25;/�a���|�<U��&amp#30;ˎZQ��н�ې&amp#11;#>&amp#14;�6�_�+�#FG�&amp#19;T&amp#15;�;�L�ݍ!&amp#5;X0���~0�x�&6O�H�bgY�r��b7&amp#11;�&amp#18;�Ϣm��|�^|�Av.&amp#28;^�&amp#0;&amp#8;�[��Hg &amp#14;A��Q&amp#30;n�&amp#6;&amp#17;e�2s&Z&amp#20;&amp#6;54&amp#24;0�
�_s#b�iF�,&amp#12;l&amp#8;`�&amp#0;&amp#24;&amp#0;!&amp#5;&amp#21; 9/�I_���((u�h��9�2�&amp#23;���U���.qY��2a�&amp#31;&amp#8;&amp#16;�2�:d����� ���&�l]m��&amp#4;��m�,��&amp#15;���"l4�<���B��&amp#18;��2�[.�7��&amp#16;�Q����0���{j&amp#29;U��,�P�&amp#21;�&amp#8;r�/�.&amp#21;�� g�&amp#21;ج�&amp#11;)�Ϙ��9[xq@&amp#8;&amp#30;������W��l3���g��'izM&amp#11;/"pe!ᓺ�*�u;Y��ȸ�ilI�^&amp#6;���Q&amp#0;`�{�K��9fr�&amp#25;-�p�v�$SP�P�wEg!�&amp#24;�&amp#12;>&amp#19;�&amp#11;�j�&amp#6;3���@�&amp#7;��x��ԃ[E!�&amp#6;&amp#1;&amp#29;�&amp#5;
-;�NA&amp#1;�sj��(�%�Pf
�a]R&amp#29;$@�!��X�s$�\�W&amp#7;�fD&amp#19;F#��&amp#5;&amp#15;Bm��&amp#20;�a�`&amp#15;�8&amp#2;"&amp#8;Ռ,hH`lz��w���#c�gr>9&amp#27;�&amp#1;ɜ��&amp#19;�|��&amp#4;�&amp#12;��Ė(&amp#2;CAf�&!�[�L�!�&amp#3;R&amp#3;I"�d�AۅPB~M&amp#4;ۨ���<�&amp#30;0A �St�	l�&amp#4;�0&d�a1�:&amp#31;m&amp#30;B&amp#22;�X>�-<-<��&amp#17;&amp#29;GtA&amp#29;&amp#0;&amp#12;(�VI�k&amp#28;��\3n&amp#29;�&amp#29;\`&amp#30;K&amp#19;&�&�&amp#12;ir�к&amp#20;%��Z&amp#4;�&amp#4;,�F�&amp#19;&amp#5;Vm&amp#0;6B0�&amp#0;y_g��Z���>@�|#_�����A�Q�}&amp#6;��5e��&amp#2;�ð\p &amp#2;�rv쁉ǩ*��`@d&amp#21;W}�(�&amp#6;ې6���u&amp#29;	{KJ�&amp#12;�͙&amp#22;�-�&amp#4;��!&amp#27;�4�oUλӄ�&amp#25;�[&amp#18;��"Ù�!6K�@��v4CD�.Y�'�I0#���&amp#6;~:.�m�&amp#15;�r\��&���|�;&amp#1;?Zʬ�E�E�;P&amp#14;SDq#�\O&amp#12;�3&amp#6;�?��&amp#15;�&amp#2;L���8&amp#17;���\g7��&amp#0;#&amp#16;&amp#1;&amp#0;&amp#2;&amp#2;&amp#2;&amp#3;&amp#1;&amp#1;&amp#1;&amp#1;&amp#1;&amp#1;&amp#0;&amp#0;&amp#0;&amp#0;&amp#1;&amp#0;&amp#17;!1&amp#16;A 0Qaq@�P`��
Body:			<none>
HTTP/1.1 201 Created
Date: Tue, 21 Jan 2025 02:44:59 GMT
Server: Apache/2.4.52 (Ubuntu)
Content-Security-Policy: default-src 'self';base-uri 'self';block-all-mixed-content;font-src 'self' https: data:;frame-ancestors 'self';img-src 'self' data:;object-src 'none';script-src 'self';script-src-attr 'none';style-src 'self' https: 'unsafe-inline';upgrade-insecure-requests
X-DNS-Prefetch-Control: off
Expect-CT: max-age=0
X-Frame-Options: SAMEORIGIN
Strict-Transport-Security: max-age=15552000; includeSubDomains
X-Download-Options: noopen
X-Content-Type-Options: nosniff
X-Permitted-Cross-Domain-Policies: none
Referrer-Policy: no-referrer
X-XSS-Protection: 0
Access-Control-Allow-Origin: *
Content-Type: application/json; charset=utf-8
Content-Length: 79
ETag: W/"4f-+336Xyb4GBeunPIioI2bXGZN214"
Vary: Accept-Encoding
Keep-Alive: timeout=5, max=100
Connection: Keep-Alive

{
    "productId": "678f0a2be2b5443b1f2daa37",
    "message": "Product Added Successfully"
}
]]></system-out>
  </testcase>
  <testcase name="createOrder" classname="restAssuresTest.ECommerceAPITest" time="0.895">
    <system-out><![CDATA[Request method:	POST
Request URI:	https://rahulshettyacademy.com/api/ecom/order/create-order
Proxy:			<none>
Request params:	<none>
Query params:	<none>
Form params:	<none>
Path params:	<none>
Headers:		Authorization=eyJhbGciOiJIUzI1NiIsInR5cCI6IkpXVCJ9.eyJfaWQiOiI2Nzg1OGM1MGUyYjU0NDNiMWYyMjA5ZDIiLCJ1c2VyRW1haWwiOiJhd2Fsa2VyQGhvdXNlcmVhbC5jb20iLCJ1c2VyTW9iaWxlIjoyNTg0MjU4NzQ1LCJ1c2VyUm9sZSI6ImN1c3RvbWVyIiwiaWF0IjoxNzM3NDI3NDk3LCJleHAiOjE3Njg5ODUwOTd9.lYB1BhbJUrU3-q2xzpBO0rjCAOe6HORAVyxZuyxKqoE
				Accept=*/*
				Content-Type=application/json
Cookies:		<none>
Multiparts:		<none>
Body:
{
    "orders": [
        {
            "country": "United Kingdom",
            "productOrderedId": "678f0a2be2b5443b1f2daa37"
        }
    ]
}
HTTP/1.1 201 Created
Date: Tue, 21 Jan 2025 02:45:01 GMT
Server: Apache/2.4.52 (Ubuntu)
Content-Security-Policy: default-src 'self';base-uri 'self';block-all-mixed-content;font-src 'self' https: data:;frame-ancestors 'self';img-src 'self' data:;object-src 'none';script-src 'self';script-src-attr 'none';style-src 'self' https: 'unsafe-inline';upgrade-insecure-requests
X-DNS-Prefetch-Control: off
Expect-CT: max-age=0
X-Frame-Options: SAMEORIGIN
Strict-Transport-Security: max-age=15552000; includeSubDomains
X-Download-Options: noopen
X-Content-Type-Options: nosniff
X-Permitted-Cross-Domain-Policies: none
Referrer-Policy: no-referrer
X-XSS-Protection: 0
Access-Control-Allow-Origin: *
Content-Type: application/json; charset=utf-8
Content-Length: 123
ETag: W/"7b-9hbwCepVrvD0uk50QP8b8IUEXXU"
Vary: Accept-Encoding
Keep-Alive: timeout=5, max=100
Connection: Keep-Alive

{
    "orders": [
        "678f0a2de2b5443b1f2daa3d"
    ],
    "productOrderId": [
        "678f0a2be2b5443b1f2daa37"
    ],
    "message": "Order Placed Successfully"
}
]]></system-out>
  </testcase>
  <testcase name="deleteProduct" classname="restAssuresTest.ECommerceAPITest" time="0.908">
    <system-out><![CDATA[Request method:	DELETE
Request URI:	https://rahulshettyacademy.com/api/ecom/product/delete-product/678f0a2be2b5443b1f2daa37
Proxy:			<none>
Request params:	<none>
Query params:	<none>
Form params:	<none>
Path params:	productId=678f0a2be2b5443b1f2daa37
Headers:		Authorization=eyJhbGciOiJIUzI1NiIsInR5cCI6IkpXVCJ9.eyJfaWQiOiI2Nzg1OGM1MGUyYjU0NDNiMWYyMjA5ZDIiLCJ1c2VyRW1haWwiOiJhd2Fsa2VyQGhvdXNlcmVhbC5jb20iLCJ1c2VyTW9iaWxlIjoyNTg0MjU4NzQ1LCJ1c2VyUm9sZSI6ImN1c3RvbWVyIiwiaWF0IjoxNzM3NDI3NDk3LCJleHAiOjE3Njg5ODUwOTd9.lYB1BhbJUrU3-q2xzpBO0rjCAOe6HORAVyxZuyxKqoE
				Accept=*/*
Cookies:		<none>
Multiparts:		<none>
Body:			<none>
HTTP/1.1 200 OK
Date: Tue, 21 Jan 2025 02:45:02 GMT
Server: Apache/2.4.52 (Ubuntu)
Content-Security-Policy: default-src 'self';base-uri 'self';block-all-mixed-content;font-src 'self' https: data:;frame-ancestors 'self';img-src 'self' data:;object-src 'none';script-src 'self';script-src-attr 'none';style-src 'self' https: 'unsafe-inline';upgrade-insecure-requests
X-DNS-Prefetch-Control: off
Expect-CT: max-age=0
X-Frame-Options: SAMEORIGIN
Strict-Transport-Security: max-age=15552000; includeSubDomains
X-Download-Options: noopen
X-Content-Type-Options: nosniff
X-Permitted-Cross-Domain-Policies: none
Referrer-Policy: no-referrer
X-XSS-Protection: 0
Access-Control-Allow-Origin: *
Content-Type: application/json; charset=utf-8
Content-Length: 42
ETag: W/"2a-2mOwR6FOFcYds+NaVy6wWIOyKCY"
Vary: Accept-Encoding
Keep-Alive: timeout=5, max=100
Connection: Keep-Alive

{
    "message": "Product Deleted Successfully"
}
]]></system-out>
  </testcase>
  <testcase name="serializeAddPlace" classname="restAssuresTest.SerializeTest" time="0.899">
    <system-out><![CDATA[Request method:	POST
Request URI:	https://rahulshettyacademy.com/maps/api/place/add/json?key=qaclick123
Proxy:			<none>
Request params:	<none>
Query params:	key=qaclick123
Form params:	<none>
Path params:	<none>
Headers:		Accept=*/*
				Content-Type=text/plain; charset=ISO-8859-1
Cookies:		<none>
Multiparts:		<none>
Body:
{"location":{"lat":-38.375494,"lng":33.42362},"accuracy":50,"name":"Allen Walker","phone_number":"(+92)983 893 3837)","address":"40, inner layout, cohe 10","types":["foot park","sword shop"],"website":"http://google.com","language":"English-EN"}
HTTP/1.1 200 OK
Date: Tue, 21 Jan 2025 02:45:02 GMT
Server: Apache/2.4.52 (Ubuntu)
Access-Control-Allow-Origin: *
Access-Control-Allow-Methods: POST
Access-Control-Max-Age: 3600
Access-Control-Allow-Headers: Content-Type, Access-Control-Allow-Headers, Authorization, X-Requested-With
Content-Length: 194
Keep-Alive: timeout=5, max=100
Connection: Keep-Alive
Content-Type: application/json;charset=UTF-8

{
    "status": "OK",
    "place_id": "685083630524ff236330648d94f06699",
    "scope": "APP",
    "reference": "634a2cfb6327a953c164b6b9ac7796c2634a2cfb6327a953c164b6b9ac7796c2",
    "id": "634a2cfb6327a953c164b6b9ac7796c2"
}
{"status":"OK","place_id":"685083630524ff236330648d94f06699","scope":"APP","reference":"634a2cfb6327a953c164b6b9ac7796c2634a2cfb6327a953c164b6b9ac7796c2","id":"634a2cfb6327a953c164b6b9ac7796c2"}
]]></system-out>
  </testcase>
  <testcase name="serializeAddPlace" classname="restAssuresTest.SpecBuilderTest" time="0.884">
    <system-out><![CDATA[Request method:	POST
Request URI:	https://rahulshettyacademy.com/maps/api/place/add/json?key=qaclick123
Proxy:			<none>
Request params:	<none>
Query params:	key=qaclick123
Form params:	<none>
Path params:	<none>
Headers:		Accept=*/*
				Content-Type=application/json
Cookies:		<none>
Multiparts:		<none>
Body:
{
    "location": {
        "lat": -38.375494,
        "lng": 33.42362
    },
    "accuracy": 50,
    "name": "Allen Walker",
    "phone_number": "(+92)983 893 3837)",
    "address": "40, inner layout, cohe 10",
    "types": [
        "foot park",
        "gun shop"
    ],
    "website": "http://google.com",
    "language": "English-EN"
}
HTTP/1.1 200 OK
Date: Tue, 21 Jan 2025 02:45:03 GMT
Server: Apache/2.4.52 (Ubuntu)
Access-Control-Allow-Origin: *
Access-Control-Allow-Methods: POST
Access-Control-Max-Age: 3600
Access-Control-Allow-Headers: Content-Type, Access-Control-Allow-Headers, Authorization, X-Requested-With
Content-Length: 194
Keep-Alive: timeout=5, max=100
Connection: Keep-Alive
Content-Type: application/json;charset=UTF-8

{
    "status": "OK",
    "place_id": "63d876b48e6eb4af57382fe340be1142",
    "scope": "APP",
    "reference": "df0dee250851036f306df4716b7a52a4df0dee250851036f306df4716b7a52a4",
    "id": "df0dee250851036f306df4716b7a52a4"
}
]]></system-out>
  </testcase>
</testsuite>